

================================================================
== Vitis HLS Report for 'maxPool_CIF_0_1_Pipeline_VITIS_LOOP_171_10'
================================================================
* Date:           Mon Oct 28 10:46:35 2024

* Version:        2023.2 (Build 4023990 on Oct 11 2023)
* Project:        maxPool_CIF_0_1
* Solution:       solution1 (Vivado IP Flow Target)
* Product family: zynq
* Target device:  xc7z020-clg484-1


================================================================
== Performance Estimates
================================================================
+ Timing: 
    * Summary: 
    +--------+----------+----------+------------+
    |  Clock |  Target  | Estimated| Uncertainty|
    +--------+----------+----------+------------+
    |ap_clk  |  10.00 ns|  5.735 ns|     2.70 ns|
    +--------+----------+----------+------------+

+ Latency: 
    * Summary: 
    +---------+---------+----------+----------+-----+-----+---------+
    |  Latency (cycles) |  Latency (absolute) |  Interval | Pipeline|
    |   min   |   max   |    min   |    max   | min | max |   Type  |
    +---------+---------+----------+----------+-----+-----+---------+
    |       35|       35|  0.350 us|  0.350 us|   35|   35|       no|
    +---------+---------+----------+----------+-----+-----+---------+

    + Detail: 
        * Instance: 
        N/A

        * Loop: 
        +---------------------+---------+---------+----------+-----------+-----------+------+----------+
        |                     |  Latency (cycles) | Iteration|  Initiation Interval  | Trip |          |
        |      Loop Name      |   min   |   max   |  Latency |  achieved |   target  | Count| Pipelined|
        +---------------------+---------+---------+----------+-----------+-----------+------+----------+
        |- VITIS_LOOP_171_10  |       33|       33|         3|          1|          1|    32|       yes|
        +---------------------+---------+---------+----------+-----------+-----------+------+----------+

============================================================
+ Verbose Summary: Synthesis Manager
============================================================
InlineROM: 1
ExposeGlobal: 0
============================================================
+ Verbose Summary: CDFG Model
============================================================
IsTopModel: 0
ResetActiveHigh: 1
IsCombinational: 0
IsDatapathOnly: 0
HasWiredReturn: 1
HasMFsm: 2
HasVarLatency: 1
IsPipeline: 0
IsRtlPipelined: 0
IsInstanceOverlapped: 0
IsDontTouch: 0
HasImplIP: 0
IsGatedGlobalClock: 0

+ Individual pipeline summary: 
  * Pipeline-0: initiation interval (II) = 1, depth = 3


============================================================
+ Verbose Summary: Schedule
============================================================
* Number of FSM states : 3
* Pipeline : 1
  Pipeline-0 : II = 1, D = 3, States = { 1 2 3 }
* Dataflow Pipeline: 0

* FSM state transitions: 
1 --> 2 
2 --> 3 
3 --> 

* FSM state operations: 

State 1 <SV = 0> <Delay = 5.73>
ST_1 : Operation 6 [1/1] (0.00ns)   --->   "%ch = alloca i32 1" [maxPool_1.cpp:171]   --->   Operation 6 'alloca' 'ch' <Predicate = true> <Delay = 0.00>
ST_1 : Operation 7 [1/1] (0.00ns)   --->   "%specmemcore_ln0 = specmemcore void @_ssdm_op_SpecMemCore, i32 %acc, i64 666, i64 23, i64 18446744073709551615"   --->   Operation 7 'specmemcore' 'specmemcore_ln0' <Predicate = true> <Delay = 0.00>
ST_1 : Operation 8 [1/1] (0.00ns)   --->   "%specmemcore_ln0 = specmemcore void @_ssdm_op_SpecMemCore, i32 %buf_r, i64 666, i64 23, i64 18446744073709551615"   --->   Operation 8 'specmemcore' 'specmemcore_ln0' <Predicate = true> <Delay = 0.00>
ST_1 : Operation 9 [1/1] (0.00ns)   --->   "%specmemcore_ln0 = specmemcore void @_ssdm_op_SpecMemCore, i32 %buf_1, i64 666, i64 23, i64 18446744073709551615"   --->   Operation 9 'specmemcore' 'specmemcore_ln0' <Predicate = true> <Delay = 0.00>
ST_1 : Operation 10 [1/1] (0.00ns)   --->   "%specmemcore_ln0 = specmemcore void @_ssdm_op_SpecMemCore, i32 %buf_2, i64 666, i64 23, i64 18446744073709551615"   --->   Operation 10 'specmemcore' 'specmemcore_ln0' <Predicate = true> <Delay = 0.00>
ST_1 : Operation 11 [1/1] (0.00ns)   --->   "%specmemcore_ln0 = specmemcore void @_ssdm_op_SpecMemCore, i32 %buf_3, i64 666, i64 23, i64 18446744073709551615"   --->   Operation 11 'specmemcore' 'specmemcore_ln0' <Predicate = true> <Delay = 0.00>
ST_1 : Operation 12 [1/1] (0.00ns)   --->   "%specmemcore_ln0 = specmemcore void @_ssdm_op_SpecMemCore, i32 %buf_4, i64 666, i64 23, i64 18446744073709551615"   --->   Operation 12 'specmemcore' 'specmemcore_ln0' <Predicate = true> <Delay = 0.00>
ST_1 : Operation 13 [1/1] (0.00ns)   --->   "%specmemcore_ln0 = specmemcore void @_ssdm_op_SpecMemCore, i32 %buf_5, i64 666, i64 23, i64 18446744073709551615"   --->   Operation 13 'specmemcore' 'specmemcore_ln0' <Predicate = true> <Delay = 0.00>
ST_1 : Operation 14 [1/1] (0.00ns)   --->   "%specmemcore_ln0 = specmemcore void @_ssdm_op_SpecMemCore, i32 %buf_6, i64 666, i64 23, i64 18446744073709551615"   --->   Operation 14 'specmemcore' 'specmemcore_ln0' <Predicate = true> <Delay = 0.00>
ST_1 : Operation 15 [1/1] (0.00ns)   --->   "%specmemcore_ln0 = specmemcore void @_ssdm_op_SpecMemCore, i32 %buf_7, i64 666, i64 23, i64 18446744073709551615"   --->   Operation 15 'specmemcore' 'specmemcore_ln0' <Predicate = true> <Delay = 0.00>
ST_1 : Operation 16 [1/1] (0.00ns)   --->   "%specmemcore_ln0 = specmemcore void @_ssdm_op_SpecMemCore, i32 %buf_8, i64 666, i64 23, i64 18446744073709551615"   --->   Operation 16 'specmemcore' 'specmemcore_ln0' <Predicate = true> <Delay = 0.00>
ST_1 : Operation 17 [1/1] (0.00ns)   --->   "%specmemcore_ln0 = specmemcore void @_ssdm_op_SpecMemCore, i32 %buf_9, i64 666, i64 23, i64 18446744073709551615"   --->   Operation 17 'specmemcore' 'specmemcore_ln0' <Predicate = true> <Delay = 0.00>
ST_1 : Operation 18 [1/1] (0.00ns)   --->   "%specmemcore_ln0 = specmemcore void @_ssdm_op_SpecMemCore, i32 %buf_10, i64 666, i64 23, i64 18446744073709551615"   --->   Operation 18 'specmemcore' 'specmemcore_ln0' <Predicate = true> <Delay = 0.00>
ST_1 : Operation 19 [1/1] (0.00ns)   --->   "%specmemcore_ln0 = specmemcore void @_ssdm_op_SpecMemCore, i32 %buf_11, i64 666, i64 23, i64 18446744073709551615"   --->   Operation 19 'specmemcore' 'specmemcore_ln0' <Predicate = true> <Delay = 0.00>
ST_1 : Operation 20 [1/1] (0.00ns)   --->   "%specmemcore_ln0 = specmemcore void @_ssdm_op_SpecMemCore, i32 %buf_12, i64 666, i64 23, i64 18446744073709551615"   --->   Operation 20 'specmemcore' 'specmemcore_ln0' <Predicate = true> <Delay = 0.00>
ST_1 : Operation 21 [1/1] (0.00ns)   --->   "%specmemcore_ln0 = specmemcore void @_ssdm_op_SpecMemCore, i32 %buf_13, i64 666, i64 23, i64 18446744073709551615"   --->   Operation 21 'specmemcore' 'specmemcore_ln0' <Predicate = true> <Delay = 0.00>
ST_1 : Operation 22 [1/1] (0.00ns)   --->   "%specmemcore_ln0 = specmemcore void @_ssdm_op_SpecMemCore, i32 %buf_14, i64 666, i64 23, i64 18446744073709551615"   --->   Operation 22 'specmemcore' 'specmemcore_ln0' <Predicate = true> <Delay = 0.00>
ST_1 : Operation 23 [1/1] (0.00ns)   --->   "%specmemcore_ln0 = specmemcore void @_ssdm_op_SpecMemCore, i32 %buf_15, i64 666, i64 23, i64 18446744073709551615"   --->   Operation 23 'specmemcore' 'specmemcore_ln0' <Predicate = true> <Delay = 0.00>
ST_1 : Operation 24 [1/1] (0.00ns)   --->   "%tmp = read i4 @_ssdm_op_Read.ap_auto.i4, i4 %empty"   --->   Operation 24 'read' 'tmp' <Predicate = true> <Delay = 0.00>
ST_1 : Operation 25 [1/1] (1.58ns)   --->   "%store_ln171 = store i6 0, i6 %ch" [maxPool_1.cpp:171]   --->   Operation 25 'store' 'store_ln171' <Predicate = true> <Delay = 1.58>
ST_1 : Operation 26 [1/1] (0.00ns)   --->   "%br_ln0 = br void %for.body99"   --->   Operation 26 'br' 'br_ln0' <Predicate = true> <Delay = 0.00>
ST_1 : Operation 27 [1/1] (0.00ns)   --->   "%ch_1 = load i6 %ch" [maxPool_1.cpp:171]   --->   Operation 27 'load' 'ch_1' <Predicate = true> <Delay = 0.00>
ST_1 : Operation 28 [1/1] (1.82ns)   --->   "%icmp_ln171 = icmp_eq  i6 %ch_1, i6 32" [maxPool_1.cpp:171]   --->   Operation 28 'icmp' 'icmp_ln171' <Predicate = true> <Delay = 1.82> <CoreInst = "Cmp">   --->   Core 9 'Cmp' <Latency = 0> <II = 1> <Delay = 1.82> <FuncUnit> <Opcode : 'icmp'> <InPorts = 2> <OutPorts = 1>
ST_1 : Operation 29 [1/1] (1.82ns)   --->   "%add_ln171 = add i6 %ch_1, i6 1" [maxPool_1.cpp:171]   --->   Operation 29 'add' 'add_ln171' <Predicate = true> <Delay = 1.82> <CoreInst = "Adder">   --->   Core 1 'Adder' <Latency = 0> <II = 1> <Delay = 1.82> <FuncUnit> <Opcode : 'add' 'sub'> <InPorts = 2> <OutPorts = 1>
ST_1 : Operation 30 [1/1] (0.00ns)   --->   "%br_ln171 = br i1 %icmp_ln171, void %for.body99.split, void %for.inc126.exitStub" [maxPool_1.cpp:171]   --->   Operation 30 'br' 'br_ln171' <Predicate = true> <Delay = 0.00>
ST_1 : Operation 31 [1/1] (0.00ns)   --->   "%zext_ln171 = zext i6 %ch_1" [maxPool_1.cpp:171]   --->   Operation 31 'zext' 'zext_ln171' <Predicate = (!icmp_ln171)> <Delay = 0.00>
ST_1 : Operation 32 [1/1] (0.00ns)   --->   "%buf_addr = getelementptr i32 %buf_r, i64 0, i64 %zext_ln171" [maxPool_1.cpp:174]   --->   Operation 32 'getelementptr' 'buf_addr' <Predicate = (!icmp_ln171)> <Delay = 0.00>
ST_1 : Operation 33 [1/1] (0.00ns)   --->   "%buf_1_addr = getelementptr i32 %buf_1, i64 0, i64 %zext_ln171" [maxPool_1.cpp:174]   --->   Operation 33 'getelementptr' 'buf_1_addr' <Predicate = (!icmp_ln171)> <Delay = 0.00>
ST_1 : Operation 34 [1/1] (0.00ns)   --->   "%buf_2_addr = getelementptr i32 %buf_2, i64 0, i64 %zext_ln171" [maxPool_1.cpp:174]   --->   Operation 34 'getelementptr' 'buf_2_addr' <Predicate = (!icmp_ln171)> <Delay = 0.00>
ST_1 : Operation 35 [1/1] (0.00ns)   --->   "%buf_3_addr = getelementptr i32 %buf_3, i64 0, i64 %zext_ln171" [maxPool_1.cpp:174]   --->   Operation 35 'getelementptr' 'buf_3_addr' <Predicate = (!icmp_ln171)> <Delay = 0.00>
ST_1 : Operation 36 [1/1] (0.00ns)   --->   "%buf_4_addr = getelementptr i32 %buf_4, i64 0, i64 %zext_ln171" [maxPool_1.cpp:174]   --->   Operation 36 'getelementptr' 'buf_4_addr' <Predicate = (!icmp_ln171)> <Delay = 0.00>
ST_1 : Operation 37 [1/1] (0.00ns)   --->   "%buf_5_addr = getelementptr i32 %buf_5, i64 0, i64 %zext_ln171" [maxPool_1.cpp:174]   --->   Operation 37 'getelementptr' 'buf_5_addr' <Predicate = (!icmp_ln171)> <Delay = 0.00>
ST_1 : Operation 38 [1/1] (0.00ns)   --->   "%buf_6_addr = getelementptr i32 %buf_6, i64 0, i64 %zext_ln171" [maxPool_1.cpp:174]   --->   Operation 38 'getelementptr' 'buf_6_addr' <Predicate = (!icmp_ln171)> <Delay = 0.00>
ST_1 : Operation 39 [1/1] (0.00ns)   --->   "%buf_7_addr = getelementptr i32 %buf_7, i64 0, i64 %zext_ln171" [maxPool_1.cpp:174]   --->   Operation 39 'getelementptr' 'buf_7_addr' <Predicate = (!icmp_ln171)> <Delay = 0.00>
ST_1 : Operation 40 [1/1] (0.00ns)   --->   "%buf_8_addr = getelementptr i32 %buf_8, i64 0, i64 %zext_ln171" [maxPool_1.cpp:174]   --->   Operation 40 'getelementptr' 'buf_8_addr' <Predicate = (!icmp_ln171)> <Delay = 0.00>
ST_1 : Operation 41 [1/1] (0.00ns)   --->   "%buf_9_addr = getelementptr i32 %buf_9, i64 0, i64 %zext_ln171" [maxPool_1.cpp:174]   --->   Operation 41 'getelementptr' 'buf_9_addr' <Predicate = (!icmp_ln171)> <Delay = 0.00>
ST_1 : Operation 42 [1/1] (0.00ns)   --->   "%buf_10_addr = getelementptr i32 %buf_10, i64 0, i64 %zext_ln171" [maxPool_1.cpp:174]   --->   Operation 42 'getelementptr' 'buf_10_addr' <Predicate = (!icmp_ln171)> <Delay = 0.00>
ST_1 : Operation 43 [1/1] (0.00ns)   --->   "%buf_11_addr = getelementptr i32 %buf_11, i64 0, i64 %zext_ln171" [maxPool_1.cpp:174]   --->   Operation 43 'getelementptr' 'buf_11_addr' <Predicate = (!icmp_ln171)> <Delay = 0.00>
ST_1 : Operation 44 [1/1] (0.00ns)   --->   "%buf_12_addr = getelementptr i32 %buf_12, i64 0, i64 %zext_ln171" [maxPool_1.cpp:174]   --->   Operation 44 'getelementptr' 'buf_12_addr' <Predicate = (!icmp_ln171)> <Delay = 0.00>
ST_1 : Operation 45 [1/1] (0.00ns)   --->   "%buf_13_addr = getelementptr i32 %buf_13, i64 0, i64 %zext_ln171" [maxPool_1.cpp:174]   --->   Operation 45 'getelementptr' 'buf_13_addr' <Predicate = (!icmp_ln171)> <Delay = 0.00>
ST_1 : Operation 46 [1/1] (0.00ns)   --->   "%buf_14_addr = getelementptr i32 %buf_14, i64 0, i64 %zext_ln171" [maxPool_1.cpp:174]   --->   Operation 46 'getelementptr' 'buf_14_addr' <Predicate = (!icmp_ln171)> <Delay = 0.00>
ST_1 : Operation 47 [1/1] (0.00ns)   --->   "%buf_15_addr = getelementptr i32 %buf_15, i64 0, i64 %zext_ln171" [maxPool_1.cpp:174]   --->   Operation 47 'getelementptr' 'buf_15_addr' <Predicate = (!icmp_ln171)> <Delay = 0.00>
ST_1 : Operation 48 [2/2] (2.32ns)   --->   "%buf_load = load i5 %buf_addr" [maxPool_1.cpp:174]   --->   Operation 48 'load' 'buf_load' <Predicate = (!icmp_ln171 & tmp == 0)> <Delay = 2.32> <CoreInst = "RAM_2P_LUTRAM">   --->   Core 90 'RAM_2P_LUTRAM' <Latency = 1> <II = 1> <Delay = 2.32> <Storage> <Opcode : 'load' 'store'> <Ports = 2> <Width = 32> <Depth = 32> <RAM>
ST_1 : Operation 49 [2/2] (2.32ns)   --->   "%buf_1_load = load i5 %buf_1_addr" [maxPool_1.cpp:174]   --->   Operation 49 'load' 'buf_1_load' <Predicate = (!icmp_ln171 & tmp == 1)> <Delay = 2.32> <CoreInst = "RAM_2P_LUTRAM">   --->   Core 90 'RAM_2P_LUTRAM' <Latency = 1> <II = 1> <Delay = 2.32> <Storage> <Opcode : 'load' 'store'> <Ports = 2> <Width = 32> <Depth = 32> <RAM>
ST_1 : Operation 50 [2/2] (2.32ns)   --->   "%buf_2_load = load i5 %buf_2_addr" [maxPool_1.cpp:174]   --->   Operation 50 'load' 'buf_2_load' <Predicate = (!icmp_ln171 & tmp == 2)> <Delay = 2.32> <CoreInst = "RAM_2P_LUTRAM">   --->   Core 90 'RAM_2P_LUTRAM' <Latency = 1> <II = 1> <Delay = 2.32> <Storage> <Opcode : 'load' 'store'> <Ports = 2> <Width = 32> <Depth = 32> <RAM>
ST_1 : Operation 51 [2/2] (2.32ns)   --->   "%buf_3_load = load i5 %buf_3_addr" [maxPool_1.cpp:174]   --->   Operation 51 'load' 'buf_3_load' <Predicate = (!icmp_ln171 & tmp == 3)> <Delay = 2.32> <CoreInst = "RAM_2P_LUTRAM">   --->   Core 90 'RAM_2P_LUTRAM' <Latency = 1> <II = 1> <Delay = 2.32> <Storage> <Opcode : 'load' 'store'> <Ports = 2> <Width = 32> <Depth = 32> <RAM>
ST_1 : Operation 52 [2/2] (2.32ns)   --->   "%buf_4_load = load i5 %buf_4_addr" [maxPool_1.cpp:174]   --->   Operation 52 'load' 'buf_4_load' <Predicate = (!icmp_ln171 & tmp == 4)> <Delay = 2.32> <CoreInst = "RAM_2P_LUTRAM">   --->   Core 90 'RAM_2P_LUTRAM' <Latency = 1> <II = 1> <Delay = 2.32> <Storage> <Opcode : 'load' 'store'> <Ports = 2> <Width = 32> <Depth = 32> <RAM>
ST_1 : Operation 53 [2/2] (2.32ns)   --->   "%buf_5_load = load i5 %buf_5_addr" [maxPool_1.cpp:174]   --->   Operation 53 'load' 'buf_5_load' <Predicate = (!icmp_ln171 & tmp == 5)> <Delay = 2.32> <CoreInst = "RAM_2P_LUTRAM">   --->   Core 90 'RAM_2P_LUTRAM' <Latency = 1> <II = 1> <Delay = 2.32> <Storage> <Opcode : 'load' 'store'> <Ports = 2> <Width = 32> <Depth = 32> <RAM>
ST_1 : Operation 54 [2/2] (2.32ns)   --->   "%buf_6_load = load i5 %buf_6_addr" [maxPool_1.cpp:174]   --->   Operation 54 'load' 'buf_6_load' <Predicate = (!icmp_ln171 & tmp == 6)> <Delay = 2.32> <CoreInst = "RAM_2P_LUTRAM">   --->   Core 90 'RAM_2P_LUTRAM' <Latency = 1> <II = 1> <Delay = 2.32> <Storage> <Opcode : 'load' 'store'> <Ports = 2> <Width = 32> <Depth = 32> <RAM>
ST_1 : Operation 55 [2/2] (2.32ns)   --->   "%buf_7_load = load i5 %buf_7_addr" [maxPool_1.cpp:174]   --->   Operation 55 'load' 'buf_7_load' <Predicate = (!icmp_ln171 & tmp == 7)> <Delay = 2.32> <CoreInst = "RAM_2P_LUTRAM">   --->   Core 90 'RAM_2P_LUTRAM' <Latency = 1> <II = 1> <Delay = 2.32> <Storage> <Opcode : 'load' 'store'> <Ports = 2> <Width = 32> <Depth = 32> <RAM>
ST_1 : Operation 56 [2/2] (2.32ns)   --->   "%buf_8_load = load i5 %buf_8_addr" [maxPool_1.cpp:174]   --->   Operation 56 'load' 'buf_8_load' <Predicate = (!icmp_ln171 & tmp == 8)> <Delay = 2.32> <CoreInst = "RAM_2P_LUTRAM">   --->   Core 90 'RAM_2P_LUTRAM' <Latency = 1> <II = 1> <Delay = 2.32> <Storage> <Opcode : 'load' 'store'> <Ports = 2> <Width = 32> <Depth = 32> <RAM>
ST_1 : Operation 57 [2/2] (2.32ns)   --->   "%buf_9_load = load i5 %buf_9_addr" [maxPool_1.cpp:174]   --->   Operation 57 'load' 'buf_9_load' <Predicate = (!icmp_ln171 & tmp == 9)> <Delay = 2.32> <CoreInst = "RAM_2P_LUTRAM">   --->   Core 90 'RAM_2P_LUTRAM' <Latency = 1> <II = 1> <Delay = 2.32> <Storage> <Opcode : 'load' 'store'> <Ports = 2> <Width = 32> <Depth = 32> <RAM>
ST_1 : Operation 58 [2/2] (2.32ns)   --->   "%buf_10_load = load i5 %buf_10_addr" [maxPool_1.cpp:174]   --->   Operation 58 'load' 'buf_10_load' <Predicate = (!icmp_ln171 & tmp == 10)> <Delay = 2.32> <CoreInst = "RAM_2P_LUTRAM">   --->   Core 90 'RAM_2P_LUTRAM' <Latency = 1> <II = 1> <Delay = 2.32> <Storage> <Opcode : 'load' 'store'> <Ports = 2> <Width = 32> <Depth = 32> <RAM>
ST_1 : Operation 59 [2/2] (2.32ns)   --->   "%buf_11_load = load i5 %buf_11_addr" [maxPool_1.cpp:174]   --->   Operation 59 'load' 'buf_11_load' <Predicate = (!icmp_ln171 & tmp == 11)> <Delay = 2.32> <CoreInst = "RAM_2P_LUTRAM">   --->   Core 90 'RAM_2P_LUTRAM' <Latency = 1> <II = 1> <Delay = 2.32> <Storage> <Opcode : 'load' 'store'> <Ports = 2> <Width = 32> <Depth = 32> <RAM>
ST_1 : Operation 60 [2/2] (2.32ns)   --->   "%buf_12_load = load i5 %buf_12_addr" [maxPool_1.cpp:174]   --->   Operation 60 'load' 'buf_12_load' <Predicate = (!icmp_ln171 & tmp == 12)> <Delay = 2.32> <CoreInst = "RAM_2P_LUTRAM">   --->   Core 90 'RAM_2P_LUTRAM' <Latency = 1> <II = 1> <Delay = 2.32> <Storage> <Opcode : 'load' 'store'> <Ports = 2> <Width = 32> <Depth = 32> <RAM>
ST_1 : Operation 61 [2/2] (2.32ns)   --->   "%buf_13_load = load i5 %buf_13_addr" [maxPool_1.cpp:174]   --->   Operation 61 'load' 'buf_13_load' <Predicate = (!icmp_ln171 & tmp == 13)> <Delay = 2.32> <CoreInst = "RAM_2P_LUTRAM">   --->   Core 90 'RAM_2P_LUTRAM' <Latency = 1> <II = 1> <Delay = 2.32> <Storage> <Opcode : 'load' 'store'> <Ports = 2> <Width = 32> <Depth = 32> <RAM>
ST_1 : Operation 62 [2/2] (2.32ns)   --->   "%buf_14_load = load i5 %buf_14_addr" [maxPool_1.cpp:174]   --->   Operation 62 'load' 'buf_14_load' <Predicate = (!icmp_ln171 & tmp == 14)> <Delay = 2.32> <CoreInst = "RAM_2P_LUTRAM">   --->   Core 90 'RAM_2P_LUTRAM' <Latency = 1> <II = 1> <Delay = 2.32> <Storage> <Opcode : 'load' 'store'> <Ports = 2> <Width = 32> <Depth = 32> <RAM>
ST_1 : Operation 63 [2/2] (2.32ns)   --->   "%buf_15_load = load i5 %buf_15_addr" [maxPool_1.cpp:174]   --->   Operation 63 'load' 'buf_15_load' <Predicate = (!icmp_ln171 & tmp == 15)> <Delay = 2.32> <CoreInst = "RAM_2P_LUTRAM">   --->   Core 90 'RAM_2P_LUTRAM' <Latency = 1> <II = 1> <Delay = 2.32> <Storage> <Opcode : 'load' 'store'> <Ports = 2> <Width = 32> <Depth = 32> <RAM>
ST_1 : Operation 64 [1/1] (0.00ns)   --->   "%acc_addr = getelementptr i32 %acc, i64 0, i64 %zext_ln171" [maxPool_1.cpp:174]   --->   Operation 64 'getelementptr' 'acc_addr' <Predicate = (!icmp_ln171)> <Delay = 0.00>
ST_1 : Operation 65 [2/2] (2.32ns)   --->   "%acc_load = load i5 %acc_addr" [maxPool_1.cpp:174]   --->   Operation 65 'load' 'acc_load' <Predicate = (!icmp_ln171)> <Delay = 2.32> <CoreInst = "RAM_2P_LUTRAM">   --->   Core 90 'RAM_2P_LUTRAM' <Latency = 1> <II = 1> <Delay = 2.32> <Storage> <Opcode : 'load' 'store'> <Ports = 2> <Width = 32> <Depth = 32> <RAM>
ST_1 : Operation 66 [1/1] (1.88ns)   --->   "%switch_ln174 = switch i4 %tmp, void %arrayidx1034.case.15, i4 0, void %arrayidx1034.case.0, i4 1, void %arrayidx1034.case.1, i4 2, void %arrayidx1034.case.2, i4 3, void %arrayidx1034.case.3, i4 4, void %arrayidx1034.case.4, i4 5, void %arrayidx1034.case.5, i4 6, void %arrayidx1034.case.6, i4 7, void %arrayidx1034.case.7, i4 8, void %arrayidx1034.case.8, i4 9, void %arrayidx1034.case.9, i4 10, void %arrayidx1034.case.10, i4 11, void %arrayidx1034.case.11, i4 12, void %arrayidx1034.case.12, i4 13, void %arrayidx1034.case.13, i4 14, void %arrayidx1034.case.14" [maxPool_1.cpp:174]   --->   Operation 66 'switch' 'switch_ln174' <Predicate = (!icmp_ln171)> <Delay = 1.88>
ST_1 : Operation 67 [1/1] (2.32ns)   --->   "%store_ln175 = store i32 4293967297, i5 %acc_addr" [maxPool_1.cpp:175]   --->   Operation 67 'store' 'store_ln175' <Predicate = (!icmp_ln171)> <Delay = 2.32> <CoreInst = "RAM_2P_LUTRAM">   --->   Core 90 'RAM_2P_LUTRAM' <Latency = 1> <II = 1> <Delay = 2.32> <Storage> <Opcode : 'load' 'store'> <Ports = 2> <Width = 32> <Depth = 32> <RAM>
ST_1 : Operation 68 [1/1] (1.58ns)   --->   "%store_ln171 = store i6 %add_ln171, i6 %ch" [maxPool_1.cpp:171]   --->   Operation 68 'store' 'store_ln171' <Predicate = (!icmp_ln171)> <Delay = 1.58>
ST_1 : Operation 69 [1/1] (0.00ns)   --->   "%br_ln171 = br void %for.body99" [maxPool_1.cpp:171]   --->   Operation 69 'br' 'br_ln171' <Predicate = (!icmp_ln171)> <Delay = 0.00>

State 2 <SV = 1> <Delay = 4.38>
ST_2 : Operation 70 [1/2] (2.32ns)   --->   "%buf_load = load i5 %buf_addr" [maxPool_1.cpp:174]   --->   Operation 70 'load' 'buf_load' <Predicate = (tmp == 0)> <Delay = 2.32> <CoreInst = "RAM_2P_LUTRAM">   --->   Core 90 'RAM_2P_LUTRAM' <Latency = 1> <II = 1> <Delay = 2.32> <Storage> <Opcode : 'load' 'store'> <Ports = 2> <Width = 32> <Depth = 32> <RAM>
ST_2 : Operation 71 [1/2] (2.32ns)   --->   "%buf_1_load = load i5 %buf_1_addr" [maxPool_1.cpp:174]   --->   Operation 71 'load' 'buf_1_load' <Predicate = (tmp == 1)> <Delay = 2.32> <CoreInst = "RAM_2P_LUTRAM">   --->   Core 90 'RAM_2P_LUTRAM' <Latency = 1> <II = 1> <Delay = 2.32> <Storage> <Opcode : 'load' 'store'> <Ports = 2> <Width = 32> <Depth = 32> <RAM>
ST_2 : Operation 72 [1/2] (2.32ns)   --->   "%buf_2_load = load i5 %buf_2_addr" [maxPool_1.cpp:174]   --->   Operation 72 'load' 'buf_2_load' <Predicate = (tmp == 2)> <Delay = 2.32> <CoreInst = "RAM_2P_LUTRAM">   --->   Core 90 'RAM_2P_LUTRAM' <Latency = 1> <II = 1> <Delay = 2.32> <Storage> <Opcode : 'load' 'store'> <Ports = 2> <Width = 32> <Depth = 32> <RAM>
ST_2 : Operation 73 [1/2] (2.32ns)   --->   "%buf_3_load = load i5 %buf_3_addr" [maxPool_1.cpp:174]   --->   Operation 73 'load' 'buf_3_load' <Predicate = (tmp == 3)> <Delay = 2.32> <CoreInst = "RAM_2P_LUTRAM">   --->   Core 90 'RAM_2P_LUTRAM' <Latency = 1> <II = 1> <Delay = 2.32> <Storage> <Opcode : 'load' 'store'> <Ports = 2> <Width = 32> <Depth = 32> <RAM>
ST_2 : Operation 74 [1/2] (2.32ns)   --->   "%buf_4_load = load i5 %buf_4_addr" [maxPool_1.cpp:174]   --->   Operation 74 'load' 'buf_4_load' <Predicate = (tmp == 4)> <Delay = 2.32> <CoreInst = "RAM_2P_LUTRAM">   --->   Core 90 'RAM_2P_LUTRAM' <Latency = 1> <II = 1> <Delay = 2.32> <Storage> <Opcode : 'load' 'store'> <Ports = 2> <Width = 32> <Depth = 32> <RAM>
ST_2 : Operation 75 [1/2] (2.32ns)   --->   "%buf_5_load = load i5 %buf_5_addr" [maxPool_1.cpp:174]   --->   Operation 75 'load' 'buf_5_load' <Predicate = (tmp == 5)> <Delay = 2.32> <CoreInst = "RAM_2P_LUTRAM">   --->   Core 90 'RAM_2P_LUTRAM' <Latency = 1> <II = 1> <Delay = 2.32> <Storage> <Opcode : 'load' 'store'> <Ports = 2> <Width = 32> <Depth = 32> <RAM>
ST_2 : Operation 76 [1/2] (2.32ns)   --->   "%buf_6_load = load i5 %buf_6_addr" [maxPool_1.cpp:174]   --->   Operation 76 'load' 'buf_6_load' <Predicate = (tmp == 6)> <Delay = 2.32> <CoreInst = "RAM_2P_LUTRAM">   --->   Core 90 'RAM_2P_LUTRAM' <Latency = 1> <II = 1> <Delay = 2.32> <Storage> <Opcode : 'load' 'store'> <Ports = 2> <Width = 32> <Depth = 32> <RAM>
ST_2 : Operation 77 [1/2] (2.32ns)   --->   "%buf_7_load = load i5 %buf_7_addr" [maxPool_1.cpp:174]   --->   Operation 77 'load' 'buf_7_load' <Predicate = (tmp == 7)> <Delay = 2.32> <CoreInst = "RAM_2P_LUTRAM">   --->   Core 90 'RAM_2P_LUTRAM' <Latency = 1> <II = 1> <Delay = 2.32> <Storage> <Opcode : 'load' 'store'> <Ports = 2> <Width = 32> <Depth = 32> <RAM>
ST_2 : Operation 78 [1/2] (2.32ns)   --->   "%buf_8_load = load i5 %buf_8_addr" [maxPool_1.cpp:174]   --->   Operation 78 'load' 'buf_8_load' <Predicate = (tmp == 8)> <Delay = 2.32> <CoreInst = "RAM_2P_LUTRAM">   --->   Core 90 'RAM_2P_LUTRAM' <Latency = 1> <II = 1> <Delay = 2.32> <Storage> <Opcode : 'load' 'store'> <Ports = 2> <Width = 32> <Depth = 32> <RAM>
ST_2 : Operation 79 [1/2] (2.32ns)   --->   "%buf_9_load = load i5 %buf_9_addr" [maxPool_1.cpp:174]   --->   Operation 79 'load' 'buf_9_load' <Predicate = (tmp == 9)> <Delay = 2.32> <CoreInst = "RAM_2P_LUTRAM">   --->   Core 90 'RAM_2P_LUTRAM' <Latency = 1> <II = 1> <Delay = 2.32> <Storage> <Opcode : 'load' 'store'> <Ports = 2> <Width = 32> <Depth = 32> <RAM>
ST_2 : Operation 80 [1/2] (2.32ns)   --->   "%buf_10_load = load i5 %buf_10_addr" [maxPool_1.cpp:174]   --->   Operation 80 'load' 'buf_10_load' <Predicate = (tmp == 10)> <Delay = 2.32> <CoreInst = "RAM_2P_LUTRAM">   --->   Core 90 'RAM_2P_LUTRAM' <Latency = 1> <II = 1> <Delay = 2.32> <Storage> <Opcode : 'load' 'store'> <Ports = 2> <Width = 32> <Depth = 32> <RAM>
ST_2 : Operation 81 [1/2] (2.32ns)   --->   "%buf_11_load = load i5 %buf_11_addr" [maxPool_1.cpp:174]   --->   Operation 81 'load' 'buf_11_load' <Predicate = (tmp == 11)> <Delay = 2.32> <CoreInst = "RAM_2P_LUTRAM">   --->   Core 90 'RAM_2P_LUTRAM' <Latency = 1> <II = 1> <Delay = 2.32> <Storage> <Opcode : 'load' 'store'> <Ports = 2> <Width = 32> <Depth = 32> <RAM>
ST_2 : Operation 82 [1/2] (2.32ns)   --->   "%buf_12_load = load i5 %buf_12_addr" [maxPool_1.cpp:174]   --->   Operation 82 'load' 'buf_12_load' <Predicate = (tmp == 12)> <Delay = 2.32> <CoreInst = "RAM_2P_LUTRAM">   --->   Core 90 'RAM_2P_LUTRAM' <Latency = 1> <II = 1> <Delay = 2.32> <Storage> <Opcode : 'load' 'store'> <Ports = 2> <Width = 32> <Depth = 32> <RAM>
ST_2 : Operation 83 [1/2] (2.32ns)   --->   "%buf_13_load = load i5 %buf_13_addr" [maxPool_1.cpp:174]   --->   Operation 83 'load' 'buf_13_load' <Predicate = (tmp == 13)> <Delay = 2.32> <CoreInst = "RAM_2P_LUTRAM">   --->   Core 90 'RAM_2P_LUTRAM' <Latency = 1> <II = 1> <Delay = 2.32> <Storage> <Opcode : 'load' 'store'> <Ports = 2> <Width = 32> <Depth = 32> <RAM>
ST_2 : Operation 84 [1/2] (2.32ns)   --->   "%buf_14_load = load i5 %buf_14_addr" [maxPool_1.cpp:174]   --->   Operation 84 'load' 'buf_14_load' <Predicate = (tmp == 14)> <Delay = 2.32> <CoreInst = "RAM_2P_LUTRAM">   --->   Core 90 'RAM_2P_LUTRAM' <Latency = 1> <II = 1> <Delay = 2.32> <Storage> <Opcode : 'load' 'store'> <Ports = 2> <Width = 32> <Depth = 32> <RAM>
ST_2 : Operation 85 [1/2] (2.32ns)   --->   "%buf_15_load = load i5 %buf_15_addr" [maxPool_1.cpp:174]   --->   Operation 85 'load' 'buf_15_load' <Predicate = (tmp == 15)> <Delay = 2.32> <CoreInst = "RAM_2P_LUTRAM">   --->   Core 90 'RAM_2P_LUTRAM' <Latency = 1> <II = 1> <Delay = 2.32> <Storage> <Opcode : 'load' 'store'> <Ports = 2> <Width = 32> <Depth = 32> <RAM>
ST_2 : Operation 86 [1/1] (2.06ns)   --->   "%tmp_1 = sparsemux i32 @_ssdm_op_SparseMux.ap_auto.16i32.i32.i4, i4 0, i32 %buf_load, i4 1, i32 %buf_1_load, i4 2, i32 %buf_2_load, i4 3, i32 %buf_3_load, i4 4, i32 %buf_4_load, i4 5, i32 %buf_5_load, i4 6, i32 %buf_6_load, i4 7, i32 %buf_7_load, i4 8, i32 %buf_8_load, i4 9, i32 %buf_9_load, i4 10, i32 %buf_10_load, i4 11, i32 %buf_11_load, i4 12, i32 %buf_12_load, i4 13, i32 %buf_13_load, i4 14, i32 %buf_14_load, i4 15, i32 %buf_15_load, i32 0, i4 %tmp" [maxPool_1.cpp:174]   --->   Operation 86 'sparsemux' 'tmp_1' <Predicate = true> <Delay = 2.06> <CoreInst = "SparseMux">   --->   Core 135 'SparseMux' <Latency = 0> <II = 1> <Delay = 2.06> <FuncUnit> <Opcode : 'sparsemux'> <InPorts = 2> <OutPorts = 1>
ST_2 : Operation 87 [1/2] (2.32ns)   --->   "%acc_load = load i5 %acc_addr" [maxPool_1.cpp:174]   --->   Operation 87 'load' 'acc_load' <Predicate = true> <Delay = 2.32> <CoreInst = "RAM_2P_LUTRAM">   --->   Core 90 'RAM_2P_LUTRAM' <Latency = 1> <II = 1> <Delay = 2.32> <Storage> <Opcode : 'load' 'store'> <Ports = 2> <Width = 32> <Depth = 32> <RAM>
ST_2 : Operation 125 [1/1] (0.00ns)   --->   "%ret_ln0 = ret"   --->   Operation 125 'ret' 'ret_ln0' <Predicate = (icmp_ln171)> <Delay = 0.00>

State 3 <SV = 2> <Delay = 5.57>
ST_3 : Operation 88 [1/1] (0.00ns)   --->   "%specpipeline_ln172 = specpipeline void @_ssdm_op_SpecPipeline, i32 1, i32 0, i32 0, i32 0, void @empty_4" [maxPool_1.cpp:172]   --->   Operation 88 'specpipeline' 'specpipeline_ln172' <Predicate = true> <Delay = 0.00>
ST_3 : Operation 89 [1/1] (0.00ns)   --->   "%speclooptripcount_ln171 = speclooptripcount void @_ssdm_op_SpecLoopTripCount, i64 32, i64 32, i64 32" [maxPool_1.cpp:171]   --->   Operation 89 'speclooptripcount' 'speclooptripcount_ln171' <Predicate = true> <Delay = 0.00>
ST_3 : Operation 90 [1/1] (0.00ns)   --->   "%specloopname_ln171 = specloopname void @_ssdm_op_SpecLoopName, void @empty_7" [maxPool_1.cpp:171]   --->   Operation 90 'specloopname' 'specloopname_ln171' <Predicate = true> <Delay = 0.00>
ST_3 : Operation 91 [1/1] (2.55ns)   --->   "%icmp_ln174 = icmp_sgt  i32 %tmp_1, i32 %acc_load" [maxPool_1.cpp:174]   --->   Operation 91 'icmp' 'icmp_ln174' <Predicate = true> <Delay = 2.55> <CoreInst = "Cmp">   --->   Core 9 'Cmp' <Latency = 0> <II = 1> <Delay = 2.55> <FuncUnit> <Opcode : 'icmp'> <InPorts = 2> <OutPorts = 1>
ST_3 : Operation 92 [1/1] (0.69ns)   --->   "%select_ln174 = select i1 %icmp_ln174, i32 %tmp_1, i32 %acc_load" [maxPool_1.cpp:174]   --->   Operation 92 'select' 'select_ln174' <Predicate = true> <Delay = 0.69> <CoreInst = "Sel">   --->   Core 73 'Sel' <Latency = 0> <II = 1> <Delay = 0.69> <FuncUnit> <Opcode : 'select'> <InPorts = 3> <OutPorts = 1>
ST_3 : Operation 93 [1/1] (2.32ns)   --->   "%store_ln174 = store i32 %select_ln174, i5 %buf_14_addr" [maxPool_1.cpp:174]   --->   Operation 93 'store' 'store_ln174' <Predicate = (tmp == 14)> <Delay = 2.32> <CoreInst = "RAM_2P_LUTRAM">   --->   Core 90 'RAM_2P_LUTRAM' <Latency = 1> <II = 1> <Delay = 2.32> <Storage> <Opcode : 'load' 'store'> <Ports = 2> <Width = 32> <Depth = 32> <RAM>
ST_3 : Operation 94 [1/1] (0.00ns)   --->   "%br_ln174 = br void %arrayidx1034.exit" [maxPool_1.cpp:174]   --->   Operation 94 'br' 'br_ln174' <Predicate = (tmp == 14)> <Delay = 0.00>
ST_3 : Operation 95 [1/1] (2.32ns)   --->   "%store_ln174 = store i32 %select_ln174, i5 %buf_13_addr" [maxPool_1.cpp:174]   --->   Operation 95 'store' 'store_ln174' <Predicate = (tmp == 13)> <Delay = 2.32> <CoreInst = "RAM_2P_LUTRAM">   --->   Core 90 'RAM_2P_LUTRAM' <Latency = 1> <II = 1> <Delay = 2.32> <Storage> <Opcode : 'load' 'store'> <Ports = 2> <Width = 32> <Depth = 32> <RAM>
ST_3 : Operation 96 [1/1] (0.00ns)   --->   "%br_ln174 = br void %arrayidx1034.exit" [maxPool_1.cpp:174]   --->   Operation 96 'br' 'br_ln174' <Predicate = (tmp == 13)> <Delay = 0.00>
ST_3 : Operation 97 [1/1] (2.32ns)   --->   "%store_ln174 = store i32 %select_ln174, i5 %buf_12_addr" [maxPool_1.cpp:174]   --->   Operation 97 'store' 'store_ln174' <Predicate = (tmp == 12)> <Delay = 2.32> <CoreInst = "RAM_2P_LUTRAM">   --->   Core 90 'RAM_2P_LUTRAM' <Latency = 1> <II = 1> <Delay = 2.32> <Storage> <Opcode : 'load' 'store'> <Ports = 2> <Width = 32> <Depth = 32> <RAM>
ST_3 : Operation 98 [1/1] (0.00ns)   --->   "%br_ln174 = br void %arrayidx1034.exit" [maxPool_1.cpp:174]   --->   Operation 98 'br' 'br_ln174' <Predicate = (tmp == 12)> <Delay = 0.00>
ST_3 : Operation 99 [1/1] (2.32ns)   --->   "%store_ln174 = store i32 %select_ln174, i5 %buf_11_addr" [maxPool_1.cpp:174]   --->   Operation 99 'store' 'store_ln174' <Predicate = (tmp == 11)> <Delay = 2.32> <CoreInst = "RAM_2P_LUTRAM">   --->   Core 90 'RAM_2P_LUTRAM' <Latency = 1> <II = 1> <Delay = 2.32> <Storage> <Opcode : 'load' 'store'> <Ports = 2> <Width = 32> <Depth = 32> <RAM>
ST_3 : Operation 100 [1/1] (0.00ns)   --->   "%br_ln174 = br void %arrayidx1034.exit" [maxPool_1.cpp:174]   --->   Operation 100 'br' 'br_ln174' <Predicate = (tmp == 11)> <Delay = 0.00>
ST_3 : Operation 101 [1/1] (2.32ns)   --->   "%store_ln174 = store i32 %select_ln174, i5 %buf_10_addr" [maxPool_1.cpp:174]   --->   Operation 101 'store' 'store_ln174' <Predicate = (tmp == 10)> <Delay = 2.32> <CoreInst = "RAM_2P_LUTRAM">   --->   Core 90 'RAM_2P_LUTRAM' <Latency = 1> <II = 1> <Delay = 2.32> <Storage> <Opcode : 'load' 'store'> <Ports = 2> <Width = 32> <Depth = 32> <RAM>
ST_3 : Operation 102 [1/1] (0.00ns)   --->   "%br_ln174 = br void %arrayidx1034.exit" [maxPool_1.cpp:174]   --->   Operation 102 'br' 'br_ln174' <Predicate = (tmp == 10)> <Delay = 0.00>
ST_3 : Operation 103 [1/1] (2.32ns)   --->   "%store_ln174 = store i32 %select_ln174, i5 %buf_9_addr" [maxPool_1.cpp:174]   --->   Operation 103 'store' 'store_ln174' <Predicate = (tmp == 9)> <Delay = 2.32> <CoreInst = "RAM_2P_LUTRAM">   --->   Core 90 'RAM_2P_LUTRAM' <Latency = 1> <II = 1> <Delay = 2.32> <Storage> <Opcode : 'load' 'store'> <Ports = 2> <Width = 32> <Depth = 32> <RAM>
ST_3 : Operation 104 [1/1] (0.00ns)   --->   "%br_ln174 = br void %arrayidx1034.exit" [maxPool_1.cpp:174]   --->   Operation 104 'br' 'br_ln174' <Predicate = (tmp == 9)> <Delay = 0.00>
ST_3 : Operation 105 [1/1] (2.32ns)   --->   "%store_ln174 = store i32 %select_ln174, i5 %buf_8_addr" [maxPool_1.cpp:174]   --->   Operation 105 'store' 'store_ln174' <Predicate = (tmp == 8)> <Delay = 2.32> <CoreInst = "RAM_2P_LUTRAM">   --->   Core 90 'RAM_2P_LUTRAM' <Latency = 1> <II = 1> <Delay = 2.32> <Storage> <Opcode : 'load' 'store'> <Ports = 2> <Width = 32> <Depth = 32> <RAM>
ST_3 : Operation 106 [1/1] (0.00ns)   --->   "%br_ln174 = br void %arrayidx1034.exit" [maxPool_1.cpp:174]   --->   Operation 106 'br' 'br_ln174' <Predicate = (tmp == 8)> <Delay = 0.00>
ST_3 : Operation 107 [1/1] (2.32ns)   --->   "%store_ln174 = store i32 %select_ln174, i5 %buf_7_addr" [maxPool_1.cpp:174]   --->   Operation 107 'store' 'store_ln174' <Predicate = (tmp == 7)> <Delay = 2.32> <CoreInst = "RAM_2P_LUTRAM">   --->   Core 90 'RAM_2P_LUTRAM' <Latency = 1> <II = 1> <Delay = 2.32> <Storage> <Opcode : 'load' 'store'> <Ports = 2> <Width = 32> <Depth = 32> <RAM>
ST_3 : Operation 108 [1/1] (0.00ns)   --->   "%br_ln174 = br void %arrayidx1034.exit" [maxPool_1.cpp:174]   --->   Operation 108 'br' 'br_ln174' <Predicate = (tmp == 7)> <Delay = 0.00>
ST_3 : Operation 109 [1/1] (2.32ns)   --->   "%store_ln174 = store i32 %select_ln174, i5 %buf_6_addr" [maxPool_1.cpp:174]   --->   Operation 109 'store' 'store_ln174' <Predicate = (tmp == 6)> <Delay = 2.32> <CoreInst = "RAM_2P_LUTRAM">   --->   Core 90 'RAM_2P_LUTRAM' <Latency = 1> <II = 1> <Delay = 2.32> <Storage> <Opcode : 'load' 'store'> <Ports = 2> <Width = 32> <Depth = 32> <RAM>
ST_3 : Operation 110 [1/1] (0.00ns)   --->   "%br_ln174 = br void %arrayidx1034.exit" [maxPool_1.cpp:174]   --->   Operation 110 'br' 'br_ln174' <Predicate = (tmp == 6)> <Delay = 0.00>
ST_3 : Operation 111 [1/1] (2.32ns)   --->   "%store_ln174 = store i32 %select_ln174, i5 %buf_5_addr" [maxPool_1.cpp:174]   --->   Operation 111 'store' 'store_ln174' <Predicate = (tmp == 5)> <Delay = 2.32> <CoreInst = "RAM_2P_LUTRAM">   --->   Core 90 'RAM_2P_LUTRAM' <Latency = 1> <II = 1> <Delay = 2.32> <Storage> <Opcode : 'load' 'store'> <Ports = 2> <Width = 32> <Depth = 32> <RAM>
ST_3 : Operation 112 [1/1] (0.00ns)   --->   "%br_ln174 = br void %arrayidx1034.exit" [maxPool_1.cpp:174]   --->   Operation 112 'br' 'br_ln174' <Predicate = (tmp == 5)> <Delay = 0.00>
ST_3 : Operation 113 [1/1] (2.32ns)   --->   "%store_ln174 = store i32 %select_ln174, i5 %buf_4_addr" [maxPool_1.cpp:174]   --->   Operation 113 'store' 'store_ln174' <Predicate = (tmp == 4)> <Delay = 2.32> <CoreInst = "RAM_2P_LUTRAM">   --->   Core 90 'RAM_2P_LUTRAM' <Latency = 1> <II = 1> <Delay = 2.32> <Storage> <Opcode : 'load' 'store'> <Ports = 2> <Width = 32> <Depth = 32> <RAM>
ST_3 : Operation 114 [1/1] (0.00ns)   --->   "%br_ln174 = br void %arrayidx1034.exit" [maxPool_1.cpp:174]   --->   Operation 114 'br' 'br_ln174' <Predicate = (tmp == 4)> <Delay = 0.00>
ST_3 : Operation 115 [1/1] (2.32ns)   --->   "%store_ln174 = store i32 %select_ln174, i5 %buf_3_addr" [maxPool_1.cpp:174]   --->   Operation 115 'store' 'store_ln174' <Predicate = (tmp == 3)> <Delay = 2.32> <CoreInst = "RAM_2P_LUTRAM">   --->   Core 90 'RAM_2P_LUTRAM' <Latency = 1> <II = 1> <Delay = 2.32> <Storage> <Opcode : 'load' 'store'> <Ports = 2> <Width = 32> <Depth = 32> <RAM>
ST_3 : Operation 116 [1/1] (0.00ns)   --->   "%br_ln174 = br void %arrayidx1034.exit" [maxPool_1.cpp:174]   --->   Operation 116 'br' 'br_ln174' <Predicate = (tmp == 3)> <Delay = 0.00>
ST_3 : Operation 117 [1/1] (2.32ns)   --->   "%store_ln174 = store i32 %select_ln174, i5 %buf_2_addr" [maxPool_1.cpp:174]   --->   Operation 117 'store' 'store_ln174' <Predicate = (tmp == 2)> <Delay = 2.32> <CoreInst = "RAM_2P_LUTRAM">   --->   Core 90 'RAM_2P_LUTRAM' <Latency = 1> <II = 1> <Delay = 2.32> <Storage> <Opcode : 'load' 'store'> <Ports = 2> <Width = 32> <Depth = 32> <RAM>
ST_3 : Operation 118 [1/1] (0.00ns)   --->   "%br_ln174 = br void %arrayidx1034.exit" [maxPool_1.cpp:174]   --->   Operation 118 'br' 'br_ln174' <Predicate = (tmp == 2)> <Delay = 0.00>
ST_3 : Operation 119 [1/1] (2.32ns)   --->   "%store_ln174 = store i32 %select_ln174, i5 %buf_1_addr" [maxPool_1.cpp:174]   --->   Operation 119 'store' 'store_ln174' <Predicate = (tmp == 1)> <Delay = 2.32> <CoreInst = "RAM_2P_LUTRAM">   --->   Core 90 'RAM_2P_LUTRAM' <Latency = 1> <II = 1> <Delay = 2.32> <Storage> <Opcode : 'load' 'store'> <Ports = 2> <Width = 32> <Depth = 32> <RAM>
ST_3 : Operation 120 [1/1] (0.00ns)   --->   "%br_ln174 = br void %arrayidx1034.exit" [maxPool_1.cpp:174]   --->   Operation 120 'br' 'br_ln174' <Predicate = (tmp == 1)> <Delay = 0.00>
ST_3 : Operation 121 [1/1] (2.32ns)   --->   "%store_ln174 = store i32 %select_ln174, i5 %buf_addr" [maxPool_1.cpp:174]   --->   Operation 121 'store' 'store_ln174' <Predicate = (tmp == 0)> <Delay = 2.32> <CoreInst = "RAM_2P_LUTRAM">   --->   Core 90 'RAM_2P_LUTRAM' <Latency = 1> <II = 1> <Delay = 2.32> <Storage> <Opcode : 'load' 'store'> <Ports = 2> <Width = 32> <Depth = 32> <RAM>
ST_3 : Operation 122 [1/1] (0.00ns)   --->   "%br_ln174 = br void %arrayidx1034.exit" [maxPool_1.cpp:174]   --->   Operation 122 'br' 'br_ln174' <Predicate = (tmp == 0)> <Delay = 0.00>
ST_3 : Operation 123 [1/1] (2.32ns)   --->   "%store_ln174 = store i32 %select_ln174, i5 %buf_15_addr" [maxPool_1.cpp:174]   --->   Operation 123 'store' 'store_ln174' <Predicate = (tmp == 15)> <Delay = 2.32> <CoreInst = "RAM_2P_LUTRAM">   --->   Core 90 'RAM_2P_LUTRAM' <Latency = 1> <II = 1> <Delay = 2.32> <Storage> <Opcode : 'load' 'store'> <Ports = 2> <Width = 32> <Depth = 32> <RAM>
ST_3 : Operation 124 [1/1] (0.00ns)   --->   "%br_ln174 = br void %arrayidx1034.exit" [maxPool_1.cpp:174]   --->   Operation 124 'br' 'br_ln174' <Predicate = (tmp == 15)> <Delay = 0.00>


============================================================
+ Verbose Summary: Timing violations
============================================================
Target clock period: 10.000ns, clock uncertainty: 2.700ns.

 <State 1>: 5.735ns
The critical path consists of the following:
	'store' operation 0 bit ('store_ln171', maxPool_1.cpp:171) of constant 0 on local variable 'ch', maxPool_1.cpp:171 [38]  (1.588 ns)
	'load' operation 6 bit ('ch', maxPool_1.cpp:171) on local variable 'ch', maxPool_1.cpp:171 [41]  (0.000 ns)
	'icmp' operation 1 bit ('icmp_ln171', maxPool_1.cpp:171) [42]  (1.825 ns)
	'store' operation 0 bit ('store_ln175', maxPool_1.cpp:175) of constant 4293967297 on array 'acc' [137]  (2.322 ns)

 <State 2>: 4.386ns
The critical path consists of the following:
	'load' operation 32 bit ('buf_load', maxPool_1.cpp:174) on array 'buf_r' [66]  (2.322 ns)
	'sparsemux' operation 32 bit ('tmp_1', maxPool_1.cpp:174) [82]  (2.064 ns)

 <State 3>: 5.572ns
The critical path consists of the following:
	'icmp' operation 1 bit ('icmp_ln174', maxPool_1.cpp:174) [85]  (2.552 ns)
	'select' operation 32 bit ('select_ln174', maxPool_1.cpp:174) [86]  (0.698 ns)
	'store' operation 0 bit ('store_ln174', maxPool_1.cpp:174) of variable 'select_ln174', maxPool_1.cpp:174 on array 'buf_3' [122]  (2.322 ns)


============================================================
+ Verbose Summary: Binding
============================================================
N/A
* FSMD analyzer results:
  - Output states:
 - Input state : 
  - Chain level:
	State 1
	State 2
	State 3


============================================================
+ Verbose Summary: Datapath Resource usage 
============================================================
N/A
