Copyright 1986-2022 Xilinx, Inc. All Rights Reserved. Copyright 2022-2023 Advanced Micro Devices, Inc. All Rights Reserved.
---------------------------------------------------------------------------------------------------------------------------------------------
| Tool Version : Vivado v.2023.2 (win64) Build 4029153 Fri Oct 13 20:14:34 MDT 2023
| Date         : Sun Nov  3 14:02:37 2024
| Host         : XoiXoi running 64-bit major release  (build 9200)
| Command      : upgrade_ip
| Device       : xc7z020clg484-1
---------------------------------------------------------------------------------------------------------------------------------------------

Upgrade Log for IP 'acc_designed_CNN_LeNet_wrapper_0_0'

1. Summary
----------

SUCCESS in the upgrade of acc_designed_CNN_LeNet_wrapper_0_0 (xilinx.com:hls:LeNet_wrapper:1.0) from (Rev. 2113806378) to (Rev. 2113806466)






Copyright 1986-2022 Xilinx, Inc. All Rights Reserved. Copyright 2022-2023 Advanced Micro Devices, Inc. All Rights Reserved.
---------------------------------------------------------------------------------------------------------------------------------------------
| Tool Version : Vivado v.2023.2 (win64) Build 4029153 Fri Oct 13 20:14:34 MDT 2023
| Date         : Sun Nov  3 12:32:06 2024
| Host         : XoiXoi running 64-bit major release  (build 9200)
| Command      : upgrade_ip
| Device       : xc7z020clg484-1
---------------------------------------------------------------------------------------------------------------------------------------------

Upgrade Log for IP 'acc_designed_CNN_LeNet_wrapper_0_0'

1. Summary
----------

SUCCESS in the upgrade of acc_designed_CNN_LeNet_wrapper_0_0 (xilinx.com:hls:LeNet_wrapper:1.0) from (Rev. 2113806341) to (Rev. 2113806378)






Copyright 1986-2022 Xilinx, Inc. All Rights Reserved. Copyright 2022-2023 Advanced Micro Devices, Inc. All Rights Reserved.
---------------------------------------------------------------------------------------------------------------------------------------------
| Tool Version : Vivado v.2023.2 (win64) Build 4029153 Fri Oct 13 20:14:34 MDT 2023
| Date         : Sun Nov  3 11:58:03 2024
| Host         : XoiXoi running 64-bit major release  (build 9200)
| Command      : upgrade_ip
| Device       : xc7z020clg484-1
---------------------------------------------------------------------------------------------------------------------------------------------

Upgrade Log for IP 'acc_designed_CNN_LeNet_wrapper_0_0'

1. Summary
----------

SUCCESS in the upgrade of acc_designed_CNN_LeNet_wrapper_0_0 (xilinx.com:hls:LeNet_wrapper:1.0) from (Rev. 2113806262) to (Rev. 2113806341)






Copyright 1986-2022 Xilinx, Inc. All Rights Reserved. Copyright 2022-2023 Advanced Micro Devices, Inc. All Rights Reserved.
---------------------------------------------------------------------------------------------------------------------------------------------
| Tool Version : Vivado v.2023.2 (win64) Build 4029153 Fri Oct 13 20:14:34 MDT 2023
| Date         : Sun Nov  3 10:46:41 2024
| Host         : XoiXoi running 64-bit major release  (build 9200)
| Command      : upgrade_ip
| Device       : xc7z020clg484-1
---------------------------------------------------------------------------------------------------------------------------------------------

Upgrade Log for IP 'acc_designed_CNN_LeNet_wrapper_0_0'

1. Summary
----------

SUCCESS in the upgrade of acc_designed_CNN_LeNet_wrapper_0_0 (xilinx.com:hls:LeNet_wrapper:1.0) from (Rev. 2113806219) to (Rev. 2113806262)






Copyright 1986-2022 Xilinx, Inc. All Rights Reserved. Copyright 2022-2023 Advanced Micro Devices, Inc. All Rights Reserved.
---------------------------------------------------------------------------------------------------------------------------------------------
| Tool Version : Vivado v.2023.2 (win64) Build 4029153 Fri Oct 13 20:14:34 MDT 2023
| Date         : Sun Nov  3 09:51:32 2024
| Host         : XoiXoi running 64-bit major release  (build 9200)
| Command      : upgrade_ip
| Device       : xc7z020clg484-1
---------------------------------------------------------------------------------------------------------------------------------------------

Upgrade Log for IP 'acc_designed_CNN_LeNet_wrapper_0_0'

1. Summary
----------

SUCCESS in the upgrade of acc_designed_CNN_LeNet_wrapper_0_0 (xilinx.com:hls:LeNet_wrapper:1.0) from (Rev. 2113801812) to (Rev. 2113806219)

