

================================================================
== Vitis HLS Report for 'AXI_DMA_MASTER_Pipeline_VITIS_LOOP_58_1'
================================================================
* Date:           Sun Nov  3 13:43:00 2024

* Version:        2023.2 (Build 4023990 on Oct 11 2023)
* Project:        LeNet_wrapper
* Solution:       solution1 (Vivado IP Flow Target)
* Product family: zynq
* Target device:  xc7z020-clg484-1


================================================================
== Performance Estimates
================================================================
+ Timing: 
    * Summary: 
    +--------+----------+----------+------------+
    |  Clock |  Target  | Estimated| Uncertainty|
    +--------+----------+----------+------------+
    |ap_clk  |  10.00 ns|  5.728 ns|     2.70 ns|
    +--------+----------+----------+------------+

+ Latency: 
    * Summary: 
    +---------+---------+----------+----------+-----+-----+---------+
    |  Latency (cycles) |  Latency (absolute) |  Interval | Pipeline|
    |   min   |   max   |    min   |    max   | min | max |   Type  |
    +---------+---------+----------+----------+-----+-----+---------+
    |        ?|        ?|         ?|         ?|    ?|    ?|       no|
    +---------+---------+----------+----------+-----+-----+---------+

    + Detail: 
        * Instance: 
        N/A

        * Loop: 
        +-------------------+---------+---------+----------+-----------+-----------+------+----------+
        |                   |  Latency (cycles) | Iteration|  Initiation Interval  | Trip |          |
        |     Loop Name     |   min   |   max   |  Latency |  achieved |   target  | Count| Pipelined|
        +-------------------+---------+---------+----------+-----------+-----------+------+----------+
        |- VITIS_LOOP_58_1  |        ?|        ?|         2|          1|          1|     ?|       yes|
        +-------------------+---------+---------+----------+-----------+-----------+------+----------+



================================================================
== Utilization Estimates
================================================================
* Summary: 
+-----------------+---------+-----+--------+-------+-----+
|       Name      | BRAM_18K| DSP |   FF   |  LUT  | URAM|
+-----------------+---------+-----+--------+-------+-----+
|DSP              |        -|    -|       -|      -|    -|
|Expression       |        -|    -|       0|    125|    -|
|FIFO             |        -|    -|       -|      -|    -|
|Instance         |        -|    -|       -|      -|    -|
|Memory           |        -|    -|       -|      -|    -|
|Multiplexer      |        -|    -|       -|     54|    -|
|Register         |        -|    -|      36|      -|    -|
+-----------------+---------+-----+--------+-------+-----+
|Total            |        0|    0|      36|    179|    0|
+-----------------+---------+-----+--------+-------+-----+
|Available        |      280|  220|  106400|  53200|    0|
+-----------------+---------+-----+--------+-------+-----+
|Utilization (%)  |        0|    0|      ~0|     ~0|    0|
+-----------------+---------+-----+--------+-------+-----+

+ Detail: 
    * Instance: 
    N/A

    * DSP: 
    N/A

    * Memory: 
    N/A

    * FIFO: 
    N/A

    * Expression: 
    +----------------------------------+----------+----+---+----+------------+------------+
    |           Variable Name          | Operation| DSP| FF| LUT| Bitwidth P0| Bitwidth P1|
    +----------------------------------+----------+----+---+----+------------+------------+
    |i_22_fu_81_p2                     |         +|   0|  0|  39|          32|           1|
    |ap_block_pp0_stage0_01001         |       and|   0|  0|   2|           1|           1|
    |ap_block_pp0_stage0_11001         |       and|   0|  0|   2|           1|           1|
    |icmp_ln58_fu_75_p2                |      icmp|   0|  0|  39|          32|          32|
    |valOut_last_fu_87_p2              |      icmp|   0|  0|  39|          32|          32|
    |ap_block_state2_pp0_stage0_iter1  |        or|   0|  0|   2|           1|           1|
    |ap_enable_pp0                     |       xor|   0|  0|   2|           1|           2|
    +----------------------------------+----------+----+---+----+------------+------------+
    |Total                             |          |   0|  0| 125|         100|          70|
    +----------------------------------+----------+----+---+----+------------+------------+

    * Multiplexer: 
    +-------------------------+----+-----------+-----+-----------+
    |           Name          | LUT| Input Size| Bits| Total Bits|
    +-------------------------+----+-----------+-----+-----------+
    |ap_done_int              |   9|          2|    1|          2|
    |ap_enable_reg_pp0_iter1  |   9|          2|    1|          2|
    |ap_sig_allocacmp_i       |   9|          2|   32|         64|
    |connect_8_blk_n          |   9|          2|    1|          2|
    |i_011_fu_38              |   9|          2|   32|         64|
    |out_stream_TDATA_blk_n   |   9|          2|    1|          2|
    +-------------------------+----+-----------+-----+-----------+
    |Total                    |  54|         12|   68|        136|
    +-------------------------+----+-----------+-----+-----------+

    * Register: 
    +-------------------------+----+----+-----+-----------+
    |           Name          | FF | LUT| Bits| Const Bits|
    +-------------------------+----+----+-----+-----------+
    |ap_CS_fsm                |   1|   0|    1|          0|
    |ap_done_reg              |   1|   0|    1|          0|
    |ap_enable_reg_pp0_iter1  |   1|   0|    1|          0|
    |i_011_fu_38              |  32|   0|   32|          0|
    |valOut_last_reg_120      |   1|   0|    1|          0|
    +-------------------------+----+----+-----+-----------+
    |Total                    |  36|   0|   36|          0|
    +-------------------------+----+----+-----+-----------+



================================================================
== Interface
================================================================
* Summary: 
+--------------------------+-----+-----+------------+-----------------------------------------+--------------+
|         RTL Ports        | Dir | Bits|  Protocol  |              Source Object              |    C Type    |
+--------------------------+-----+-----+------------+-----------------------------------------+--------------+
|ap_clk                    |   in|    1|  ap_ctrl_hs|  AXI_DMA_MASTER_Pipeline_VITIS_LOOP_58_1|  return value|
|ap_rst                    |   in|    1|  ap_ctrl_hs|  AXI_DMA_MASTER_Pipeline_VITIS_LOOP_58_1|  return value|
|ap_start                  |   in|    1|  ap_ctrl_hs|  AXI_DMA_MASTER_Pipeline_VITIS_LOOP_58_1|  return value|
|ap_done                   |  out|    1|  ap_ctrl_hs|  AXI_DMA_MASTER_Pipeline_VITIS_LOOP_58_1|  return value|
|ap_idle                   |  out|    1|  ap_ctrl_hs|  AXI_DMA_MASTER_Pipeline_VITIS_LOOP_58_1|  return value|
|ap_ready                  |  out|    1|  ap_ctrl_hs|  AXI_DMA_MASTER_Pipeline_VITIS_LOOP_58_1|  return value|
|connect_8_dout            |   in|   32|     ap_fifo|                                connect_8|       pointer|
|connect_8_num_data_valid  |   in|    7|     ap_fifo|                                connect_8|       pointer|
|connect_8_fifo_cap        |   in|    7|     ap_fifo|                                connect_8|       pointer|
|connect_8_empty_n         |   in|    1|     ap_fifo|                                connect_8|       pointer|
|connect_8_read            |  out|    1|     ap_fifo|                                connect_8|       pointer|
|out_stream_TREADY         |   in|    1|        axis|                               out_stream|       pointer|
|out_stream_TDATA          |  out|   64|        axis|                               out_stream|       pointer|
|out_stream_TVALID         |  out|    1|        axis|                               out_stream|       pointer|
|OFM_bound                 |   in|   32|     ap_none|                                OFM_bound|        scalar|
|sub                       |   in|   32|     ap_none|                                      sub|        scalar|
+--------------------------+-----+-----+------------+-----------------------------------------+--------------+

