

================================================================
== Vitis HLS Report for 'FC_1u_500u_10u_Pipeline_L2'
================================================================
* Date:           Sun Nov  3 13:42:55 2024

* Version:        2023.2 (Build 4023990 on Oct 11 2023)
* Project:        LeNet_wrapper
* Solution:       solution1 (Vivado IP Flow Target)
* Product family: zynq
* Target device:  xc7z020-clg484-1


================================================================
== Performance Estimates
================================================================
+ Timing: 
    * Summary: 
    +--------+----------+----------+------------+
    |  Clock |  Target  | Estimated| Uncertainty|
    +--------+----------+----------+------------+
    |ap_clk  |  10.00 ns|  5.728 ns|     2.70 ns|
    +--------+----------+----------+------------+

+ Latency: 
    * Summary: 
    +---------+---------+----------+----------+-----+-----+---------+
    |  Latency (cycles) |  Latency (absolute) |  Interval | Pipeline|
    |   min   |   max   |    min   |    max   | min | max |   Type  |
    +---------+---------+----------+----------+-----+-----+---------+
    |        ?|        ?|         ?|         ?|    ?|    ?|       no|
    +---------+---------+----------+----------+-----+-----+---------+

    + Detail: 
        * Instance: 
        N/A

        * Loop: 
        +----------+---------+---------+----------+-----------+-----------+------+----------+
        |          |  Latency (cycles) | Iteration|  Initiation Interval  | Trip |          |
        | Loop Name|   min   |   max   |  Latency |  achieved |   target  | Count| Pipelined|
        +----------+---------+---------+----------+-----------+-----------+------+----------+
        |- L2      |        ?|        ?|         2|          1|          1|     ?|       yes|
        +----------+---------+---------+----------+-----------+-----------+------+----------+



================================================================
== Utilization Estimates
================================================================
* Summary: 
+-----------------+---------+-----+--------+-------+-----+
|       Name      | BRAM_18K| DSP |   FF   |  LUT  | URAM|
+-----------------+---------+-----+--------+-------+-----+
|DSP              |        -|    -|       -|      -|    -|
|Expression       |        -|    -|       0|     82|    -|
|FIFO             |        -|    -|       -|      -|    -|
|Instance         |        -|    -|       -|      -|    -|
|Memory           |        -|    -|       -|      -|    -|
|Multiplexer      |        -|    -|       -|     45|    -|
|Register         |        -|    -|      35|      -|    -|
+-----------------+---------+-----+--------+-------+-----+
|Total            |        0|    0|      35|    127|    0|
+-----------------+---------+-----+--------+-------+-----+
|Available        |      280|  220|  106400|  53200|    0|
+-----------------+---------+-----+--------+-------+-----+
|Utilization (%)  |        0|    0|      ~0|     ~0|    0|
+-----------------+---------+-----+--------+-------+-----+

+ Detail: 
    * Instance: 
    N/A

    * DSP: 
    N/A

    * Memory: 
    N/A

    * FIFO: 
    N/A

    * Expression: 
    +---------------------------+----------+----+---+----+------------+------------+
    |       Variable Name       | Operation| DSP| FF| LUT| Bitwidth P0| Bitwidth P1|
    +---------------------------+----------+----+---+----+------------+------------+
    |ib_2_fu_58_p2              |         +|   0|  0|  39|          32|           1|
    |ap_block_pp0_stage0_01001  |       and|   0|  0|   2|           1|           1|
    |icmp_ln112_fu_52_p2        |      icmp|   0|  0|  39|          32|          32|
    |ap_enable_pp0              |       xor|   0|  0|   2|           1|           2|
    +---------------------------+----------+----+---+----+------------+------------+
    |Total                      |          |   0|  0|  82|          66|          36|
    +---------------------------+----------+----+---+----+------------+------------+

    * Multiplexer: 
    +-------------------------+----+-----------+-----+-----------+
    |           Name          | LUT| Input Size| Bits| Total Bits|
    +-------------------------+----+-----------+-----+-----------+
    |ap_done_int              |   9|          2|    1|          2|
    |ap_enable_reg_pp0_iter1  |   9|          2|    1|          2|
    |ap_sig_allocacmp_ib_1    |   9|          2|   32|         64|
    |connect_8_blk_n          |   9|          2|    1|          2|
    |ib_fu_26                 |   9|          2|   32|         64|
    +-------------------------+----+-----------+-----+-----------+
    |Total                    |  45|         10|   67|        134|
    +-------------------------+----+-----------+-----+-----------+

    * Register: 
    +-------------------------+----+----+-----+-----------+
    |           Name          | FF | LUT| Bits| Const Bits|
    +-------------------------+----+----+-----+-----------+
    |ap_CS_fsm                |   1|   0|    1|          0|
    |ap_done_reg              |   1|   0|    1|          0|
    |ap_enable_reg_pp0_iter1  |   1|   0|    1|          0|
    |ib_fu_26                 |  32|   0|   32|          0|
    +-------------------------+----+----+-----+-----------+
    |Total                    |  35|   0|   35|          0|
    +-------------------------+----+----+-----+-----------+



================================================================
== Interface
================================================================
* Summary: 
+--------------------------+-----+-----+------------+-------------------------------+--------------+
|         RTL Ports        | Dir | Bits|  Protocol  |         Source Object         |    C Type    |
+--------------------------+-----+-----+------------+-------------------------------+--------------+
|ap_clk                    |   in|    1|  ap_ctrl_hs|  FC<1u, 500u, 10u>_Pipeline_L2|  return value|
|ap_rst                    |   in|    1|  ap_ctrl_hs|  FC<1u, 500u, 10u>_Pipeline_L2|  return value|
|ap_start                  |   in|    1|  ap_ctrl_hs|  FC<1u, 500u, 10u>_Pipeline_L2|  return value|
|ap_done                   |  out|    1|  ap_ctrl_hs|  FC<1u, 500u, 10u>_Pipeline_L2|  return value|
|ap_idle                   |  out|    1|  ap_ctrl_hs|  FC<1u, 500u, 10u>_Pipeline_L2|  return value|
|ap_ready                  |  out|    1|  ap_ctrl_hs|  FC<1u, 500u, 10u>_Pipeline_L2|  return value|
|connect_8_din             |  out|   32|     ap_fifo|                      connect_8|       pointer|
|connect_8_num_data_valid  |   in|    7|     ap_fifo|                      connect_8|       pointer|
|connect_8_fifo_cap        |   in|    7|     ap_fifo|                      connect_8|       pointer|
|connect_8_full_n          |   in|    1|     ap_fifo|                      connect_8|       pointer|
|connect_8_write           |  out|    1|     ap_fifo|                      connect_8|       pointer|
|B_COL_3_load              |   in|   32|     ap_none|                   B_COL_3_load|        scalar|
+--------------------------+-----+-----+------------+-------------------------------+--------------+

