

================================================================
== Vitis HLS Report for 'SCIG_5u_20u_12u_50u_8u_0u_s'
================================================================
* Date:           Sun Nov  3 13:42:32 2024

* Version:        2023.2 (Build 4023990 on Oct 11 2023)
* Project:        LeNet_wrapper
* Solution:       solution1 (Vivado IP Flow Target)
* Product family: zynq
* Target device:  xc7z020-clg484-1


================================================================
== Performance Estimates
================================================================
+ Timing: 
    * Summary: 
    +--------+----------+-----------+------------+
    |  Clock |  Target  | Estimated | Uncertainty|
    +--------+----------+-----------+------------+
    |ap_clk  |  10.00 ns|  12.592 ns|     2.70 ns|
    +--------+----------+-----------+------------+

+ Latency: 
    * Summary: 
    +---------+---------+----------+----------+-----+-----+---------+
    |  Latency (cycles) |  Latency (absolute) |  Interval | Pipeline|
    |   min   |   max   |    min   |    max   | min | max |   Type  |
    +---------+---------+----------+----------+-----+-----+---------+
    |        ?|        ?|         ?|         ?|    ?|    ?|       no|
    +---------+---------+----------+----------+-----+-----+---------+

    + Detail: 
        * Instance: 
        +---------------------------------------------------------------+-----------------------------------------------------+---------+---------+----------+----------+-----+-----+---------+
        |                                                               |                                                     |  Latency (cycles) |  Latency (absolute) |  Interval | Pipeline|
        |                            Instance                           |                        Module                       |   min   |   max   |    min   |    max   | min | max |   Type  |
        +---------------------------------------------------------------+-----------------------------------------------------+---------+---------+----------+----------+-----+-----+---------+
        |grp_SCIG_5u_20u_12u_50u_8u_0u_Pipeline_VITIS_LOOP_189_6_fu_70  |SCIG_5u_20u_12u_50u_8u_0u_Pipeline_VITIS_LOOP_189_6  |        ?|        ?|         ?|         ?|    ?|    ?|       no|
        |grp_SCIG_5u_20u_12u_50u_8u_0u_Pipeline_VITIS_LOOP_123_1_fu_79  |SCIG_5u_20u_12u_50u_8u_0u_Pipeline_VITIS_LOOP_123_1  |        ?|        ?|         ?|         ?|    ?|    ?|       no|
        +---------------------------------------------------------------+-----------------------------------------------------+---------+---------+----------+----------+-----+-----+---------+

        * Loop: 
        N/A



================================================================
== Utilization Estimates
================================================================
* Summary: 
+-----------------+---------+-----+--------+-------+-----+
|       Name      | BRAM_18K| DSP |   FF   |  LUT  | URAM|
+-----------------+---------+-----+--------+-------+-----+
|DSP              |        -|    -|       -|      -|    -|
|Expression       |        -|    -|       0|     45|    -|
|FIFO             |        -|    -|       -|      -|    -|
|Instance         |        8|    2|     961|   5969|    0|
|Memory           |        -|    -|      16|     32|    -|
|Multiplexer      |        -|    -|       -|    155|    -|
|Register         |        -|    -|     275|      -|    -|
+-----------------+---------+-----+--------+-------+-----+
|Total            |        8|    2|    1252|   6201|    0|
+-----------------+---------+-----+--------+-------+-----+
|Available        |      280|  220|  106400|  53200|    0|
+-----------------+---------+-----+--------+-------+-----+
|Utilization (%)  |        2|   ~0|       1|     11|    0|
+-----------------+---------+-----+--------+-------+-----+

+ Detail: 
    * Instance: 
    +---------------------------------------------------------------+-----------------------------------------------------+---------+----+-----+------+-----+
    |                            Instance                           |                        Module                       | BRAM_18K| DSP|  FF |  LUT | URAM|
    +---------------------------------------------------------------+-----------------------------------------------------+---------+----+-----+------+-----+
    |grp_SCIG_5u_20u_12u_50u_8u_0u_Pipeline_VITIS_LOOP_123_1_fu_79  |SCIG_5u_20u_12u_50u_8u_0u_Pipeline_VITIS_LOOP_123_1  |        8|   0|  761|  2655|    0|
    |grp_SCIG_5u_20u_12u_50u_8u_0u_Pipeline_VITIS_LOOP_189_6_fu_70  |SCIG_5u_20u_12u_50u_8u_0u_Pipeline_VITIS_LOOP_189_6  |        0|   0|   35|   138|    0|
    |mul_32s_12ns_32_2_1_U187                                       |mul_32s_12ns_32_2_1                                  |        0|   2|  165|    50|    0|
    |mul_32s_32s_32_1_1_U188                                        |mul_32s_32s_32_1_1                                   |        0|   0|    0|  1042|    0|
    |mul_32s_32s_32_1_1_U189                                        |mul_32s_32s_32_1_1                                   |        0|   0|    0|  1042|    0|
    |mul_32s_32s_32_1_1_U190                                        |mul_32s_32s_32_1_1                                   |        0|   0|    0|  1042|    0|
    +---------------------------------------------------------------+-----------------------------------------------------+---------+----+-----+------+-----+
    |Total                                                          |                                                     |        8|   2|  961|  5969|    0|
    +---------------------------------------------------------------+-----------------------------------------------------+---------+----+-----+------+-----+

    * DSP: 
    N/A

    * Memory: 
    +----------+--------------------------------------------------------+---------+----+----+-----+------+-----+------+-------------+
    |  Memory  |                         Module                         | BRAM_18K| FF | LUT| URAM| Words| Bits| Banks| W*Bits*Banks|
    +----------+--------------------------------------------------------+---------+----+----+-----+------+-----+------+-------------+
    |inElem_U  |SCIG_5u_20u_12u_50u_8u_0u_s_inElem_RAM_S2P_LUTRAM_1R1W  |        0|  16|  32|    0|   256|    8|     1|         2048|
    +----------+--------------------------------------------------------+---------+----+----+-----+------+-----+------+-------------+
    |Total     |                                                        |        0|  16|  32|    0|   256|    8|     1|         2048|
    +----------+--------------------------------------------------------+---------+----+----+-----+------+-----+------+-------------+

    * FIFO: 
    N/A

    * Expression: 
    +----------------------------------+----------+----+---+----+------------+------------+
    |           Variable Name          | Operation| DSP| FF| LUT| Bitwidth P0| Bitwidth P1|
    +----------------------------------+----------+----+---+----+------------+------------+
    |ap_block_state12_on_subcall_done  |       and|   0|  0|   2|           1|           1|
    |icmp_ln100_fu_95_p2               |      icmp|   0|  0|  39|          32|           1|
    |ap_block_state1                   |        or|   0|  0|   2|           1|           1|
    |ap_block_state2                   |        or|   0|  0|   2|           1|           1|
    +----------------------------------+----------+----+---+----+------------+------------+
    |Total                             |          |   0|  0|  45|          35|           4|
    +----------------------------------+----------+----+---+----+------------+------------+

    * Multiplexer: 
    +-----------------+----+-----------+-----+-----------+
    |       Name      | LUT| Input Size| Bits| Total Bits|
    +-----------------+----+-----------+-----+-----------+
    |ap_NS_fsm        |  65|         15|    1|         15|
    |ap_done          |   9|          2|    1|          2|
    |connect_3_blk_n  |   9|          2|    1|          2|
    |connect_3_read   |  20|          4|    1|          4|
    |connect_4_blk_n  |   9|          2|    1|          2|
    |connect_4_din    |  14|          3|   32|         96|
    |connect_4_write  |  20|          4|    1|          4|
    |real_start       |   9|          2|    1|          2|
    +-----------------+----+-----------+-----+-----------+
    |Total            | 155|         34|   39|        127|
    +-----------------+----+-----------+-----+-----------+

    * Register: 
    +----------------------------------------------------------------------------+----+----+-----+-----------+
    |                                    Name                                    | FF | LUT| Bits| Const Bits|
    +----------------------------------------------------------------------------+----+----+-----+-----------+
    |KER_bound_reg_148                                                           |  32|   0|   32|          0|
    |KER_size_0_reg_138                                                          |  32|   0|   32|          0|
    |KER_size_1_reg_143                                                          |  32|   0|   32|          0|
    |ap_CS_fsm                                                                   |  14|   0|   14|          0|
    |ap_done_reg                                                                 |   1|   0|    1|          0|
    |grp_SCIG_5u_20u_12u_50u_8u_0u_Pipeline_VITIS_LOOP_123_1_fu_79_ap_start_reg  |   1|   0|    1|          0|
    |grp_SCIG_5u_20u_12u_50u_8u_0u_Pipeline_VITIS_LOOP_189_6_fu_70_ap_start_reg  |   1|   0|    1|          0|
    |icmp_ln100_reg_113                                                          |   1|   0|    1|          0|
    |mul36_reg_153                                                               |  32|   0|   32|          0|
    |start_once_reg                                                              |   1|   0|    1|          0|
    |valIn_23_reg_117                                                            |  32|   0|   32|          0|
    |valIn_24_reg_122                                                            |  32|   0|   32|          0|
    |valIn_25_reg_128                                                            |  32|   0|   32|          0|
    |valIn_26_reg_133                                                            |  32|   0|   32|          0|
    +----------------------------------------------------------------------------+----+----+-----+-----------+
    |Total                                                                       | 275|   0|  275|          0|
    +----------------------------------------------------------------------------+----+----+-----+-----------+



================================================================
== Interface
================================================================
* Summary: 
+--------------------------+-----+-----+------------+---------------------------------+--------------+
|         RTL Ports        | Dir | Bits|  Protocol  |          Source Object          |    C Type    |
+--------------------------+-----+-----+------------+---------------------------------+--------------+
|ap_clk                    |   in|    1|  ap_ctrl_hs|  SCIG<5u, 20u, 12u, 50u, 8u, 0u>|  return value|
|ap_rst                    |   in|    1|  ap_ctrl_hs|  SCIG<5u, 20u, 12u, 50u, 8u, 0u>|  return value|
|ap_start                  |   in|    1|  ap_ctrl_hs|  SCIG<5u, 20u, 12u, 50u, 8u, 0u>|  return value|
|start_full_n              |   in|    1|  ap_ctrl_hs|  SCIG<5u, 20u, 12u, 50u, 8u, 0u>|  return value|
|ap_done                   |  out|    1|  ap_ctrl_hs|  SCIG<5u, 20u, 12u, 50u, 8u, 0u>|  return value|
|ap_continue               |   in|    1|  ap_ctrl_hs|  SCIG<5u, 20u, 12u, 50u, 8u, 0u>|  return value|
|ap_idle                   |  out|    1|  ap_ctrl_hs|  SCIG<5u, 20u, 12u, 50u, 8u, 0u>|  return value|
|ap_ready                  |  out|    1|  ap_ctrl_hs|  SCIG<5u, 20u, 12u, 50u, 8u, 0u>|  return value|
|start_out                 |  out|    1|  ap_ctrl_hs|  SCIG<5u, 20u, 12u, 50u, 8u, 0u>|  return value|
|start_write               |  out|    1|  ap_ctrl_hs|  SCIG<5u, 20u, 12u, 50u, 8u, 0u>|  return value|
|connect_3_dout            |   in|   32|     ap_fifo|                        connect_3|       pointer|
|connect_3_num_data_valid  |   in|    7|     ap_fifo|                        connect_3|       pointer|
|connect_3_fifo_cap        |   in|    7|     ap_fifo|                        connect_3|       pointer|
|connect_3_empty_n         |   in|    1|     ap_fifo|                        connect_3|       pointer|
|connect_3_read            |  out|    1|     ap_fifo|                        connect_3|       pointer|
|connect_4_din             |  out|   32|     ap_fifo|                        connect_4|       pointer|
|connect_4_num_data_valid  |   in|    7|     ap_fifo|                        connect_4|       pointer|
|connect_4_fifo_cap        |   in|    7|     ap_fifo|                        connect_4|       pointer|
|connect_4_full_n          |   in|    1|     ap_fifo|                        connect_4|       pointer|
|connect_4_write           |  out|    1|     ap_fifo|                        connect_4|       pointer|
+--------------------------+-----+-----+------------+---------------------------------+--------------+

