

================================================================
== Vitis HLS Report for 'FC_CIF_0_2_Pipeline_VITIS_LOOP_140_6'
================================================================
* Date:           Mon Oct 28 10:35:05 2024

* Version:        2023.2 (Build 4023990 on Oct 11 2023)
* Project:        FC_CIF_0_2
* Solution:       solution1 (Vivado IP Flow Target)
* Product family: zynq
* Target device:  xc7z020-clg484-1


================================================================
== Performance Estimates
================================================================
+ Timing: 
    * Summary: 
    +--------+----------+----------+------------+
    |  Clock |  Target  | Estimated| Uncertainty|
    +--------+----------+----------+------------+
    |ap_clk  |  10.00 ns|  6.728 ns|     2.70 ns|
    +--------+----------+----------+------------+

+ Latency: 
    * Summary: 
    +---------+---------+----------+----------+-----+-----+---------+
    |  Latency (cycles) |  Latency (absolute) |  Interval | Pipeline|
    |   min   |   max   |    min   |    max   | min | max |   Type  |
    +---------+---------+----------+----------+-----+-----+---------+
    |       66|       66|  0.660 us|  0.660 us|   66|   66|       no|
    +---------+---------+----------+----------+-----+-----+---------+

    + Detail: 
        * Instance: 
        N/A

        * Loop: 
        +--------------------+---------+---------+----------+-----------+-----------+------+----------+
        |                    |  Latency (cycles) | Iteration|  Initiation Interval  | Trip |          |
        |      Loop Name     |   min   |   max   |  Latency |  achieved |   target  | Count| Pipelined|
        +--------------------+---------+---------+----------+-----------+-----------+------+----------+
        |- VITIS_LOOP_140_6  |       64|       64|         1|          1|          1|    64|       yes|
        +--------------------+---------+---------+----------+-----------+-----------+------+----------+



================================================================
== Utilization Estimates
================================================================
* Summary: 
+-----------------+---------+-----+--------+-------+-----+
|       Name      | BRAM_18K| DSP |   FF   |  LUT  | URAM|
+-----------------+---------+-----+--------+-------+-----+
|DSP              |        -|    -|       -|      -|    -|
|Expression       |        -|    -|       0|    104|    -|
|FIFO             |        -|    -|       -|      -|    -|
|Instance         |        -|    -|       -|      -|    -|
|Memory           |        -|    -|       -|      -|    -|
|Multiplexer      |        -|    -|       -|    932|    -|
|Register         |        -|    -|       9|      -|    -|
+-----------------+---------+-----+--------+-------+-----+
|Total            |        0|    0|       9|   1036|    0|
+-----------------+---------+-----+--------+-------+-----+
|Available        |      280|  220|  106400|  53200|    0|
+-----------------+---------+-----+--------+-------+-----+
|Utilization (%)  |        0|    0|      ~0|      1|    0|
+-----------------+---------+-----+--------+-------+-----+

+ Detail: 
    * Instance: 
    N/A

    * DSP: 
    N/A

    * Memory: 
    N/A

    * FIFO: 
    N/A

    * Expression: 
    +----------------------------------+----------+----+---+----+------------+------------+
    |           Variable Name          | Operation| DSP| FF| LUT| Bitwidth P0| Bitwidth P1|
    +----------------------------------+----------+----+---+----+------------+------------+
    |add_ln140_fu_240_p2               |         +|   0|  0|  14|           7|           1|
    |ap_condition_779                  |       and|   0|  0|   2|           1|           1|
    |ap_condition_786                  |       and|   0|  0|   2|           1|           1|
    |ap_condition_793                  |       and|   0|  0|   2|           1|           1|
    |ap_condition_796                  |       and|   0|  0|   2|           1|           1|
    |ap_condition_799                  |       and|   0|  0|   2|           1|           1|
    |ap_condition_802                  |       and|   0|  0|   2|           1|           1|
    |ap_condition_805                  |       and|   0|  0|   2|           1|           1|
    |ap_condition_808                  |       and|   0|  0|   2|           1|           1|
    |ap_condition_811                  |       and|   0|  0|   2|           1|           1|
    |ap_condition_814                  |       and|   0|  0|   2|           1|           1|
    |ap_condition_817                  |       and|   0|  0|   2|           1|           1|
    |ap_condition_820                  |       and|   0|  0|   2|           1|           1|
    |ap_condition_823                  |       and|   0|  0|   2|           1|           1|
    |ap_condition_826                  |       and|   0|  0|   2|           1|           1|
    |ap_condition_829                  |       and|   0|  0|   2|           1|           1|
    |ap_condition_832                  |       and|   0|  0|   2|           1|           1|
    |ap_predicate_op183_read_state1    |       and|   0|  0|   2|           1|           1|
    |icmp_ln140_fu_234_p2              |      icmp|   0|  0|  15|           7|           8|
    |icmp_ln143_fu_260_p2              |      icmp|   0|  0|  39|          32|          32|
    |ap_block_state1_pp0_stage0_iter0  |        or|   0|  0|   2|           1|           1|
    +----------------------------------+----------+----+---+----+------------+------------+
    |Total                             |          |   0|  0| 104|          64|          59|
    +----------------------------------+----------+----+---+----+------------+------------+

    * Multiplexer: 
    +--------------------------------------------------------------+----+-----------+-----+-----------+
    |                             Name                             | LUT| Input Size| Bits| Total Bits|
    +--------------------------------------------------------------+----+-----------+-----+-----------+
    |FC_CIF_0_2_hls_stream_AXI_VAL_0_hls_stream_AXI_VAL_0_A        |  14|          3|   16|         48|
    |FC_CIF_0_2_hls_stream_AXI_VAL_0_hls_stream_AXI_VAL_0_A_0      |  14|          3|   16|         48|
    |FC_CIF_0_2_hls_stream_AXI_VAL_0_hls_stream_AXI_VAL_0_A_0_0_s  |  14|          3|   16|         48|
    |FC_CIF_0_2_hls_stream_AXI_VAL_0_hls_stream_AXI_VAL_0_A_0_1_s  |  14|          3|   16|         48|
    |FC_CIF_0_2_hls_stream_AXI_VAL_0_hls_stream_AXI_VAL_0_A_0_2_s  |  14|          3|   16|         48|
    |FC_CIF_0_2_hls_stream_AXI_VAL_0_hls_stream_AXI_VAL_0_A_0_3_s  |  14|          3|   16|         48|
    |FC_CIF_0_2_hls_stream_AXI_VAL_0_hls_stream_AXI_VAL_0_A_1      |  14|          3|   16|         48|
    |FC_CIF_0_2_hls_stream_AXI_VAL_0_hls_stream_AXI_VAL_0_A_2      |  14|          3|   16|         48|
    |FC_CIF_0_2_stream_AXI_VAL_0_stream_AXI_VAL_0_A_0_0            |  14|          3|   16|         48|
    |FC_CIF_0_2_stream_AXI_VAL_0_stream_AXI_VAL_0_A_0_1            |  14|          3|   16|         48|
    |FC_CIF_0_2_stream_AXI_VAL_0_stream_AXI_VAL_0_A_0_2            |  14|          3|   16|         48|
    |FC_CIF_0_2_stream_AXI_VAL_0_stream_AXI_VAL_0_A_0_3            |  14|          3|   16|         48|
    |FC_CIF_0_2_stream_AXI_VAL_0_stream_AXI_VAL_0_A_1_0_0          |  14|          3|   16|         48|
    |FC_CIF_0_2_stream_AXI_VAL_0_stream_AXI_VAL_0_A_1_0_1          |  14|          3|   16|         48|
    |FC_CIF_0_2_stream_AXI_VAL_0_stream_AXI_VAL_0_A_1_0_2          |  14|          3|   16|         48|
    |FC_CIF_0_2_stream_AXI_VAL_0_stream_AXI_VAL_0_A_1_0_3          |  14|          3|   16|         48|
    |FC_CIF_0_2_stream_AXI_VAL_0_stream_AXI_VAL_0_A_2_0_0          |  14|          3|   16|         48|
    |FC_CIF_0_2_stream_AXI_VAL_0_stream_AXI_VAL_0_A_2_0_1          |  14|          3|   16|         48|
    |FC_CIF_0_2_stream_AXI_VAL_0_stream_AXI_VAL_0_A_2_0_2          |  14|          3|   16|         48|
    |FC_CIF_0_2_stream_AXI_VAL_0_stream_AXI_VAL_0_A_2_0_3          |  14|          3|   16|         48|
    |FC_CIF_0_2_stream_AXI_VAL_0_stream_AXI_VAL_0_A_3_0_0          |  14|          3|   16|         48|
    |FC_CIF_0_2_stream_AXI_VAL_0_stream_AXI_VAL_0_A_3_0_1          |  14|          3|   16|         48|
    |FC_CIF_0_2_stream_AXI_VAL_0_stream_AXI_VAL_0_A_3_0_2          |  14|          3|   16|         48|
    |FC_CIF_0_2_stream_AXI_VAL_0_stream_AXI_VAL_0_A_3_0_3          |  14|          3|   16|         48|
    |FC_CIF_0_2_stream_AXI_VAL_0_stream_AXI_VAL_0_A_4_0_0          |  14|          3|   16|         48|
    |FC_CIF_0_2_stream_AXI_VAL_0_stream_AXI_VAL_0_A_4_0_1          |  14|          3|   16|         48|
    |FC_CIF_0_2_stream_AXI_VAL_0_stream_AXI_VAL_0_A_4_0_2          |  14|          3|   16|         48|
    |FC_CIF_0_2_stream_AXI_VAL_0_stream_AXI_VAL_0_A_4_0_3          |  14|          3|   16|         48|
    |FC_CIF_0_2_stream_AXI_VAL_0_stream_AXI_VAL_0_A_5_0_0          |  14|          3|   16|         48|
    |FC_CIF_0_2_stream_AXI_VAL_0_stream_AXI_VAL_0_A_5_0_1          |  14|          3|   16|         48|
    |FC_CIF_0_2_stream_AXI_VAL_0_stream_AXI_VAL_0_A_5_0_2          |  14|          3|   16|         48|
    |FC_CIF_0_2_stream_AXI_VAL_0_stream_AXI_VAL_0_A_5_0_3          |  14|          3|   16|         48|
    |FC_CIF_0_2_stream_AXI_VAL_0_stream_AXI_VAL_0_A_6_0_0          |  14|          3|   16|         48|
    |FC_CIF_0_2_stream_AXI_VAL_0_stream_AXI_VAL_0_A_6_0_1          |  14|          3|   16|         48|
    |FC_CIF_0_2_stream_AXI_VAL_0_stream_AXI_VAL_0_A_6_0_2          |  14|          3|   16|         48|
    |FC_CIF_0_2_stream_AXI_VAL_0_stream_AXI_VAL_0_A_6_0_3          |  14|          3|   16|         48|
    |FC_CIF_0_2_stream_AXI_VAL_0_stream_AXI_VAL_0_A_7_0_0          |  14|          3|   16|         48|
    |FC_CIF_0_2_stream_AXI_VAL_0_stream_AXI_VAL_0_A_7_0_1          |  14|          3|   16|         48|
    |FC_CIF_0_2_stream_AXI_VAL_0_stream_AXI_VAL_0_A_7_0_2          |  14|          3|   16|         48|
    |FC_CIF_0_2_stream_AXI_VAL_0_stream_AXI_VAL_0_A_7_0_3          |  14|          3|   16|         48|
    |FC_CIF_0_2_stream_AXI_VAL_0_stream_AXI_VAL_0_A_8_0_0          |  14|          3|   16|         48|
    |FC_CIF_0_2_stream_AXI_VAL_0_stream_AXI_VAL_0_A_8_0_1          |  14|          3|   16|         48|
    |FC_CIF_0_2_stream_AXI_VAL_0_stream_AXI_VAL_0_A_8_0_2          |  14|          3|   16|         48|
    |FC_CIF_0_2_stream_AXI_VAL_0_stream_AXI_VAL_0_A_8_0_3          |  14|          3|   16|         48|
    |FC_CIF_0_2_stream_AXI_VAL_0_stream_AXI_VAL_0_A_9_0_0          |  14|          3|   16|         48|
    |FC_CIF_0_2_stream_AXI_VAL_0_stream_AXI_VAL_0_A_9_0_1          |  14|          3|   16|         48|
    |FC_CIF_0_2_stream_AXI_VAL_0_stream_AXI_VAL_0_A_9_0_2          |  14|          3|   16|         48|
    |FC_CIF_0_2_stream_AXI_VAL_0_stream_AXI_VAL_0_A_9_0_3          |  14|          3|   16|         48|
    |ap_done_int                                                   |   9|          2|    1|          2|
    |ap_sig_allocacmp_j_1                                          |   9|          2|    7|         14|
    |in_stream_a_TDATA_blk_n                                       |   9|          2|    1|          2|
    |j_fu_210                                                      |   9|          2|    7|         14|
    |p_ZZ10FC_CIF_0_2RN3hls6streamI7AXI_VALLi0EEES3_E1A_10_0_0     |  14|          3|   16|         48|
    |p_ZZ10FC_CIF_0_2RN3hls6streamI7AXI_VALLi0EEES3_E1A_10_0_1     |  14|          3|   16|         48|
    |p_ZZ10FC_CIF_0_2RN3hls6streamI7AXI_VALLi0EEES3_E1A_10_0_2     |  14|          3|   16|         48|
    |p_ZZ10FC_CIF_0_2RN3hls6streamI7AXI_VALLi0EEES3_E1A_10_0_3     |  14|          3|   16|         48|
    |p_ZZ10FC_CIF_0_2RN3hls6streamI7AXI_VALLi0EEES3_E1A_11_0_0     |  14|          3|   16|         48|
    |p_ZZ10FC_CIF_0_2RN3hls6streamI7AXI_VALLi0EEES3_E1A_11_0_1     |  14|          3|   16|         48|
    |p_ZZ10FC_CIF_0_2RN3hls6streamI7AXI_VALLi0EEES3_E1A_11_0_2     |  14|          3|   16|         48|
    |p_ZZ10FC_CIF_0_2RN3hls6streamI7AXI_VALLi0EEES3_E1A_11_0_3     |  14|          3|   16|         48|
    |p_ZZ10FC_CIF_0_2RN3hls6streamI7AXI_VALLi0EEES3_E1A_13_0_0     |  14|          3|   16|         48|
    |p_ZZ10FC_CIF_0_2RN3hls6streamI7AXI_VALLi0EEES3_E1A_13_0_1     |  14|          3|   16|         48|
    |p_ZZ10FC_CIF_0_2RN3hls6streamI7AXI_VALLi0EEES3_E1A_13_0_2     |  14|          3|   16|         48|
    |p_ZZ10FC_CIF_0_2RN3hls6streamI7AXI_VALLi0EEES3_E1A_13_0_3     |  14|          3|   16|         48|
    |p_ZZ10FC_CIF_0_2RN3hls6streamI7AXI_VALLi0EEES3_E1A_15_0_0     |  14|          3|   16|         48|
    |p_ZZ10FC_CIF_0_2RN3hls6streamI7AXI_VALLi0EEES3_E1A_15_0_1     |  14|          3|   16|         48|
    |p_ZZ10FC_CIF_0_2RN3hls6streamI7AXI_VALLi0EEES3_E1A_15_0_2     |  14|          3|   16|         48|
    |p_ZZ10FC_CIF_0_2RN3hls6streamI7AXI_VALLi0EEES3_E1A_15_0_3     |  14|          3|   16|         48|
    +--------------------------------------------------------------+----+-----------+-----+-----------+
    |Total                                                         | 932|        200| 1040|       3104|
    +--------------------------------------------------------------+----+-----------+-----+-----------+

    * Register: 
    +-------------+---+----+-----+-----------+
    |     Name    | FF| LUT| Bits| Const Bits|
    +-------------+---+----+-----+-----------+
    |ap_CS_fsm    |  1|   0|    1|          0|
    |ap_done_reg  |  1|   0|    1|          0|
    |j_fu_210     |  7|   0|    7|          0|
    +-------------+---+----+-----+-----------+
    |Total        |  9|   0|    9|          0|
    +-------------+---+----+-----+-----------+



================================================================
== Interface
================================================================
* Summary: 
+---------------------------------------------------------------------+-----+-----+------------+--------------------------------------------------------------+--------------+
|                              RTL Ports                              | Dir | Bits|  Protocol  |                         Source Object                        |    C Type    |
+---------------------------------------------------------------------+-----+-----+------------+--------------------------------------------------------------+--------------+
|ap_clk                                                               |   in|    1|  ap_ctrl_hs|                          FC_CIF_0_2_Pipeline_VITIS_LOOP_140_6|  return value|
|ap_rst                                                               |   in|    1|  ap_ctrl_hs|                          FC_CIF_0_2_Pipeline_VITIS_LOOP_140_6|  return value|
|ap_start                                                             |   in|    1|  ap_ctrl_hs|                          FC_CIF_0_2_Pipeline_VITIS_LOOP_140_6|  return value|
|ap_done                                                              |  out|    1|  ap_ctrl_hs|                          FC_CIF_0_2_Pipeline_VITIS_LOOP_140_6|  return value|
|ap_idle                                                              |  out|    1|  ap_ctrl_hs|                          FC_CIF_0_2_Pipeline_VITIS_LOOP_140_6|  return value|
|ap_ready                                                             |  out|    1|  ap_ctrl_hs|                          FC_CIF_0_2_Pipeline_VITIS_LOOP_140_6|  return value|
|in_stream_a_TVALID                                                   |   in|    1|        axis|                                                   in_stream_a|       pointer|
|in_stream_a_TDATA                                                    |   in|   64|        axis|                                                   in_stream_a|       pointer|
|in_stream_a_TREADY                                                   |  out|    1|        axis|                                                   in_stream_a|       pointer|
|B_ROW_load                                                           |   in|   32|     ap_none|                                                    B_ROW_load|        scalar|
|FC_CIF_0_2_stream_AXI_VAL_0_stream_AXI_VAL_0_A_0_0                   |  out|   16|      ap_vld|            FC_CIF_0_2_stream_AXI_VAL_0_stream_AXI_VAL_0_A_0_0|       pointer|
|FC_CIF_0_2_stream_AXI_VAL_0_stream_AXI_VAL_0_A_0_0_ap_vld            |  out|    1|      ap_vld|            FC_CIF_0_2_stream_AXI_VAL_0_stream_AXI_VAL_0_A_0_0|       pointer|
|FC_CIF_0_2_stream_AXI_VAL_0_stream_AXI_VAL_0_A_0_1                   |  out|   16|      ap_vld|            FC_CIF_0_2_stream_AXI_VAL_0_stream_AXI_VAL_0_A_0_1|       pointer|
|FC_CIF_0_2_stream_AXI_VAL_0_stream_AXI_VAL_0_A_0_1_ap_vld            |  out|    1|      ap_vld|            FC_CIF_0_2_stream_AXI_VAL_0_stream_AXI_VAL_0_A_0_1|       pointer|
|FC_CIF_0_2_stream_AXI_VAL_0_stream_AXI_VAL_0_A_0_2                   |  out|   16|      ap_vld|            FC_CIF_0_2_stream_AXI_VAL_0_stream_AXI_VAL_0_A_0_2|       pointer|
|FC_CIF_0_2_stream_AXI_VAL_0_stream_AXI_VAL_0_A_0_2_ap_vld            |  out|    1|      ap_vld|            FC_CIF_0_2_stream_AXI_VAL_0_stream_AXI_VAL_0_A_0_2|       pointer|
|FC_CIF_0_2_stream_AXI_VAL_0_stream_AXI_VAL_0_A_0_3                   |  out|   16|      ap_vld|            FC_CIF_0_2_stream_AXI_VAL_0_stream_AXI_VAL_0_A_0_3|       pointer|
|FC_CIF_0_2_stream_AXI_VAL_0_stream_AXI_VAL_0_A_0_3_ap_vld            |  out|    1|      ap_vld|            FC_CIF_0_2_stream_AXI_VAL_0_stream_AXI_VAL_0_A_0_3|       pointer|
|FC_CIF_0_2_stream_AXI_VAL_0_stream_AXI_VAL_0_A_1_0_0                 |  out|   16|      ap_vld|          FC_CIF_0_2_stream_AXI_VAL_0_stream_AXI_VAL_0_A_1_0_0|       pointer|
|FC_CIF_0_2_stream_AXI_VAL_0_stream_AXI_VAL_0_A_1_0_0_ap_vld          |  out|    1|      ap_vld|          FC_CIF_0_2_stream_AXI_VAL_0_stream_AXI_VAL_0_A_1_0_0|       pointer|
|FC_CIF_0_2_stream_AXI_VAL_0_stream_AXI_VAL_0_A_1_0_1                 |  out|   16|      ap_vld|          FC_CIF_0_2_stream_AXI_VAL_0_stream_AXI_VAL_0_A_1_0_1|       pointer|
|FC_CIF_0_2_stream_AXI_VAL_0_stream_AXI_VAL_0_A_1_0_1_ap_vld          |  out|    1|      ap_vld|          FC_CIF_0_2_stream_AXI_VAL_0_stream_AXI_VAL_0_A_1_0_1|       pointer|
|FC_CIF_0_2_stream_AXI_VAL_0_stream_AXI_VAL_0_A_1_0_2                 |  out|   16|      ap_vld|          FC_CIF_0_2_stream_AXI_VAL_0_stream_AXI_VAL_0_A_1_0_2|       pointer|
|FC_CIF_0_2_stream_AXI_VAL_0_stream_AXI_VAL_0_A_1_0_2_ap_vld          |  out|    1|      ap_vld|          FC_CIF_0_2_stream_AXI_VAL_0_stream_AXI_VAL_0_A_1_0_2|       pointer|
|FC_CIF_0_2_stream_AXI_VAL_0_stream_AXI_VAL_0_A_1_0_3                 |  out|   16|      ap_vld|          FC_CIF_0_2_stream_AXI_VAL_0_stream_AXI_VAL_0_A_1_0_3|       pointer|
|FC_CIF_0_2_stream_AXI_VAL_0_stream_AXI_VAL_0_A_1_0_3_ap_vld          |  out|    1|      ap_vld|          FC_CIF_0_2_stream_AXI_VAL_0_stream_AXI_VAL_0_A_1_0_3|       pointer|
|FC_CIF_0_2_stream_AXI_VAL_0_stream_AXI_VAL_0_A_2_0_0                 |  out|   16|      ap_vld|          FC_CIF_0_2_stream_AXI_VAL_0_stream_AXI_VAL_0_A_2_0_0|       pointer|
|FC_CIF_0_2_stream_AXI_VAL_0_stream_AXI_VAL_0_A_2_0_0_ap_vld          |  out|    1|      ap_vld|          FC_CIF_0_2_stream_AXI_VAL_0_stream_AXI_VAL_0_A_2_0_0|       pointer|
|FC_CIF_0_2_stream_AXI_VAL_0_stream_AXI_VAL_0_A_2_0_1                 |  out|   16|      ap_vld|          FC_CIF_0_2_stream_AXI_VAL_0_stream_AXI_VAL_0_A_2_0_1|       pointer|
|FC_CIF_0_2_stream_AXI_VAL_0_stream_AXI_VAL_0_A_2_0_1_ap_vld          |  out|    1|      ap_vld|          FC_CIF_0_2_stream_AXI_VAL_0_stream_AXI_VAL_0_A_2_0_1|       pointer|
|FC_CIF_0_2_stream_AXI_VAL_0_stream_AXI_VAL_0_A_2_0_2                 |  out|   16|      ap_vld|          FC_CIF_0_2_stream_AXI_VAL_0_stream_AXI_VAL_0_A_2_0_2|       pointer|
|FC_CIF_0_2_stream_AXI_VAL_0_stream_AXI_VAL_0_A_2_0_2_ap_vld          |  out|    1|      ap_vld|          FC_CIF_0_2_stream_AXI_VAL_0_stream_AXI_VAL_0_A_2_0_2|       pointer|
|FC_CIF_0_2_stream_AXI_VAL_0_stream_AXI_VAL_0_A_2_0_3                 |  out|   16|      ap_vld|          FC_CIF_0_2_stream_AXI_VAL_0_stream_AXI_VAL_0_A_2_0_3|       pointer|
|FC_CIF_0_2_stream_AXI_VAL_0_stream_AXI_VAL_0_A_2_0_3_ap_vld          |  out|    1|      ap_vld|          FC_CIF_0_2_stream_AXI_VAL_0_stream_AXI_VAL_0_A_2_0_3|       pointer|
|FC_CIF_0_2_stream_AXI_VAL_0_stream_AXI_VAL_0_A_3_0_0                 |  out|   16|      ap_vld|          FC_CIF_0_2_stream_AXI_VAL_0_stream_AXI_VAL_0_A_3_0_0|       pointer|
|FC_CIF_0_2_stream_AXI_VAL_0_stream_AXI_VAL_0_A_3_0_0_ap_vld          |  out|    1|      ap_vld|          FC_CIF_0_2_stream_AXI_VAL_0_stream_AXI_VAL_0_A_3_0_0|       pointer|
|FC_CIF_0_2_stream_AXI_VAL_0_stream_AXI_VAL_0_A_3_0_1                 |  out|   16|      ap_vld|          FC_CIF_0_2_stream_AXI_VAL_0_stream_AXI_VAL_0_A_3_0_1|       pointer|
|FC_CIF_0_2_stream_AXI_VAL_0_stream_AXI_VAL_0_A_3_0_1_ap_vld          |  out|    1|      ap_vld|          FC_CIF_0_2_stream_AXI_VAL_0_stream_AXI_VAL_0_A_3_0_1|       pointer|
|FC_CIF_0_2_stream_AXI_VAL_0_stream_AXI_VAL_0_A_3_0_2                 |  out|   16|      ap_vld|          FC_CIF_0_2_stream_AXI_VAL_0_stream_AXI_VAL_0_A_3_0_2|       pointer|
|FC_CIF_0_2_stream_AXI_VAL_0_stream_AXI_VAL_0_A_3_0_2_ap_vld          |  out|    1|      ap_vld|          FC_CIF_0_2_stream_AXI_VAL_0_stream_AXI_VAL_0_A_3_0_2|       pointer|
|FC_CIF_0_2_stream_AXI_VAL_0_stream_AXI_VAL_0_A_3_0_3                 |  out|   16|      ap_vld|          FC_CIF_0_2_stream_AXI_VAL_0_stream_AXI_VAL_0_A_3_0_3|       pointer|
|FC_CIF_0_2_stream_AXI_VAL_0_stream_AXI_VAL_0_A_3_0_3_ap_vld          |  out|    1|      ap_vld|          FC_CIF_0_2_stream_AXI_VAL_0_stream_AXI_VAL_0_A_3_0_3|       pointer|
|FC_CIF_0_2_stream_AXI_VAL_0_stream_AXI_VAL_0_A_4_0_0                 |  out|   16|      ap_vld|          FC_CIF_0_2_stream_AXI_VAL_0_stream_AXI_VAL_0_A_4_0_0|       pointer|
|FC_CIF_0_2_stream_AXI_VAL_0_stream_AXI_VAL_0_A_4_0_0_ap_vld          |  out|    1|      ap_vld|          FC_CIF_0_2_stream_AXI_VAL_0_stream_AXI_VAL_0_A_4_0_0|       pointer|
|FC_CIF_0_2_stream_AXI_VAL_0_stream_AXI_VAL_0_A_4_0_1                 |  out|   16|      ap_vld|          FC_CIF_0_2_stream_AXI_VAL_0_stream_AXI_VAL_0_A_4_0_1|       pointer|
|FC_CIF_0_2_stream_AXI_VAL_0_stream_AXI_VAL_0_A_4_0_1_ap_vld          |  out|    1|      ap_vld|          FC_CIF_0_2_stream_AXI_VAL_0_stream_AXI_VAL_0_A_4_0_1|       pointer|
|FC_CIF_0_2_stream_AXI_VAL_0_stream_AXI_VAL_0_A_4_0_2                 |  out|   16|      ap_vld|          FC_CIF_0_2_stream_AXI_VAL_0_stream_AXI_VAL_0_A_4_0_2|       pointer|
|FC_CIF_0_2_stream_AXI_VAL_0_stream_AXI_VAL_0_A_4_0_2_ap_vld          |  out|    1|      ap_vld|          FC_CIF_0_2_stream_AXI_VAL_0_stream_AXI_VAL_0_A_4_0_2|       pointer|
|FC_CIF_0_2_stream_AXI_VAL_0_stream_AXI_VAL_0_A_4_0_3                 |  out|   16|      ap_vld|          FC_CIF_0_2_stream_AXI_VAL_0_stream_AXI_VAL_0_A_4_0_3|       pointer|
|FC_CIF_0_2_stream_AXI_VAL_0_stream_AXI_VAL_0_A_4_0_3_ap_vld          |  out|    1|      ap_vld|          FC_CIF_0_2_stream_AXI_VAL_0_stream_AXI_VAL_0_A_4_0_3|       pointer|
|FC_CIF_0_2_stream_AXI_VAL_0_stream_AXI_VAL_0_A_5_0_0                 |  out|   16|      ap_vld|          FC_CIF_0_2_stream_AXI_VAL_0_stream_AXI_VAL_0_A_5_0_0|       pointer|
|FC_CIF_0_2_stream_AXI_VAL_0_stream_AXI_VAL_0_A_5_0_0_ap_vld          |  out|    1|      ap_vld|          FC_CIF_0_2_stream_AXI_VAL_0_stream_AXI_VAL_0_A_5_0_0|       pointer|
|FC_CIF_0_2_stream_AXI_VAL_0_stream_AXI_VAL_0_A_5_0_1                 |  out|   16|      ap_vld|          FC_CIF_0_2_stream_AXI_VAL_0_stream_AXI_VAL_0_A_5_0_1|       pointer|
|FC_CIF_0_2_stream_AXI_VAL_0_stream_AXI_VAL_0_A_5_0_1_ap_vld          |  out|    1|      ap_vld|          FC_CIF_0_2_stream_AXI_VAL_0_stream_AXI_VAL_0_A_5_0_1|       pointer|
|FC_CIF_0_2_stream_AXI_VAL_0_stream_AXI_VAL_0_A_5_0_2                 |  out|   16|      ap_vld|          FC_CIF_0_2_stream_AXI_VAL_0_stream_AXI_VAL_0_A_5_0_2|       pointer|
|FC_CIF_0_2_stream_AXI_VAL_0_stream_AXI_VAL_0_A_5_0_2_ap_vld          |  out|    1|      ap_vld|          FC_CIF_0_2_stream_AXI_VAL_0_stream_AXI_VAL_0_A_5_0_2|       pointer|
|FC_CIF_0_2_stream_AXI_VAL_0_stream_AXI_VAL_0_A_5_0_3                 |  out|   16|      ap_vld|          FC_CIF_0_2_stream_AXI_VAL_0_stream_AXI_VAL_0_A_5_0_3|       pointer|
|FC_CIF_0_2_stream_AXI_VAL_0_stream_AXI_VAL_0_A_5_0_3_ap_vld          |  out|    1|      ap_vld|          FC_CIF_0_2_stream_AXI_VAL_0_stream_AXI_VAL_0_A_5_0_3|       pointer|
|FC_CIF_0_2_stream_AXI_VAL_0_stream_AXI_VAL_0_A_6_0_0                 |  out|   16|      ap_vld|          FC_CIF_0_2_stream_AXI_VAL_0_stream_AXI_VAL_0_A_6_0_0|       pointer|
|FC_CIF_0_2_stream_AXI_VAL_0_stream_AXI_VAL_0_A_6_0_0_ap_vld          |  out|    1|      ap_vld|          FC_CIF_0_2_stream_AXI_VAL_0_stream_AXI_VAL_0_A_6_0_0|       pointer|
|FC_CIF_0_2_stream_AXI_VAL_0_stream_AXI_VAL_0_A_6_0_1                 |  out|   16|      ap_vld|          FC_CIF_0_2_stream_AXI_VAL_0_stream_AXI_VAL_0_A_6_0_1|       pointer|
|FC_CIF_0_2_stream_AXI_VAL_0_stream_AXI_VAL_0_A_6_0_1_ap_vld          |  out|    1|      ap_vld|          FC_CIF_0_2_stream_AXI_VAL_0_stream_AXI_VAL_0_A_6_0_1|       pointer|
|FC_CIF_0_2_stream_AXI_VAL_0_stream_AXI_VAL_0_A_6_0_2                 |  out|   16|      ap_vld|          FC_CIF_0_2_stream_AXI_VAL_0_stream_AXI_VAL_0_A_6_0_2|       pointer|
|FC_CIF_0_2_stream_AXI_VAL_0_stream_AXI_VAL_0_A_6_0_2_ap_vld          |  out|    1|      ap_vld|          FC_CIF_0_2_stream_AXI_VAL_0_stream_AXI_VAL_0_A_6_0_2|       pointer|
|FC_CIF_0_2_stream_AXI_VAL_0_stream_AXI_VAL_0_A_6_0_3                 |  out|   16|      ap_vld|          FC_CIF_0_2_stream_AXI_VAL_0_stream_AXI_VAL_0_A_6_0_3|       pointer|
|FC_CIF_0_2_stream_AXI_VAL_0_stream_AXI_VAL_0_A_6_0_3_ap_vld          |  out|    1|      ap_vld|          FC_CIF_0_2_stream_AXI_VAL_0_stream_AXI_VAL_0_A_6_0_3|       pointer|
|FC_CIF_0_2_stream_AXI_VAL_0_stream_AXI_VAL_0_A_7_0_0                 |  out|   16|      ap_vld|          FC_CIF_0_2_stream_AXI_VAL_0_stream_AXI_VAL_0_A_7_0_0|       pointer|
|FC_CIF_0_2_stream_AXI_VAL_0_stream_AXI_VAL_0_A_7_0_0_ap_vld          |  out|    1|      ap_vld|          FC_CIF_0_2_stream_AXI_VAL_0_stream_AXI_VAL_0_A_7_0_0|       pointer|
|FC_CIF_0_2_stream_AXI_VAL_0_stream_AXI_VAL_0_A_7_0_1                 |  out|   16|      ap_vld|          FC_CIF_0_2_stream_AXI_VAL_0_stream_AXI_VAL_0_A_7_0_1|       pointer|
|FC_CIF_0_2_stream_AXI_VAL_0_stream_AXI_VAL_0_A_7_0_1_ap_vld          |  out|    1|      ap_vld|          FC_CIF_0_2_stream_AXI_VAL_0_stream_AXI_VAL_0_A_7_0_1|       pointer|
|FC_CIF_0_2_stream_AXI_VAL_0_stream_AXI_VAL_0_A_7_0_2                 |  out|   16|      ap_vld|          FC_CIF_0_2_stream_AXI_VAL_0_stream_AXI_VAL_0_A_7_0_2|       pointer|
|FC_CIF_0_2_stream_AXI_VAL_0_stream_AXI_VAL_0_A_7_0_2_ap_vld          |  out|    1|      ap_vld|          FC_CIF_0_2_stream_AXI_VAL_0_stream_AXI_VAL_0_A_7_0_2|       pointer|
|FC_CIF_0_2_stream_AXI_VAL_0_stream_AXI_VAL_0_A_7_0_3                 |  out|   16|      ap_vld|          FC_CIF_0_2_stream_AXI_VAL_0_stream_AXI_VAL_0_A_7_0_3|       pointer|
|FC_CIF_0_2_stream_AXI_VAL_0_stream_AXI_VAL_0_A_7_0_3_ap_vld          |  out|    1|      ap_vld|          FC_CIF_0_2_stream_AXI_VAL_0_stream_AXI_VAL_0_A_7_0_3|       pointer|
|FC_CIF_0_2_stream_AXI_VAL_0_stream_AXI_VAL_0_A_8_0_0                 |  out|   16|      ap_vld|          FC_CIF_0_2_stream_AXI_VAL_0_stream_AXI_VAL_0_A_8_0_0|       pointer|
|FC_CIF_0_2_stream_AXI_VAL_0_stream_AXI_VAL_0_A_8_0_0_ap_vld          |  out|    1|      ap_vld|          FC_CIF_0_2_stream_AXI_VAL_0_stream_AXI_VAL_0_A_8_0_0|       pointer|
|FC_CIF_0_2_stream_AXI_VAL_0_stream_AXI_VAL_0_A_8_0_1                 |  out|   16|      ap_vld|          FC_CIF_0_2_stream_AXI_VAL_0_stream_AXI_VAL_0_A_8_0_1|       pointer|
|FC_CIF_0_2_stream_AXI_VAL_0_stream_AXI_VAL_0_A_8_0_1_ap_vld          |  out|    1|      ap_vld|          FC_CIF_0_2_stream_AXI_VAL_0_stream_AXI_VAL_0_A_8_0_1|       pointer|
|FC_CIF_0_2_stream_AXI_VAL_0_stream_AXI_VAL_0_A_8_0_2                 |  out|   16|      ap_vld|          FC_CIF_0_2_stream_AXI_VAL_0_stream_AXI_VAL_0_A_8_0_2|       pointer|
|FC_CIF_0_2_stream_AXI_VAL_0_stream_AXI_VAL_0_A_8_0_2_ap_vld          |  out|    1|      ap_vld|          FC_CIF_0_2_stream_AXI_VAL_0_stream_AXI_VAL_0_A_8_0_2|       pointer|
|FC_CIF_0_2_stream_AXI_VAL_0_stream_AXI_VAL_0_A_8_0_3                 |  out|   16|      ap_vld|          FC_CIF_0_2_stream_AXI_VAL_0_stream_AXI_VAL_0_A_8_0_3|       pointer|
|FC_CIF_0_2_stream_AXI_VAL_0_stream_AXI_VAL_0_A_8_0_3_ap_vld          |  out|    1|      ap_vld|          FC_CIF_0_2_stream_AXI_VAL_0_stream_AXI_VAL_0_A_8_0_3|       pointer|
|FC_CIF_0_2_stream_AXI_VAL_0_stream_AXI_VAL_0_A_9_0_0                 |  out|   16|      ap_vld|          FC_CIF_0_2_stream_AXI_VAL_0_stream_AXI_VAL_0_A_9_0_0|       pointer|
|FC_CIF_0_2_stream_AXI_VAL_0_stream_AXI_VAL_0_A_9_0_0_ap_vld          |  out|    1|      ap_vld|          FC_CIF_0_2_stream_AXI_VAL_0_stream_AXI_VAL_0_A_9_0_0|       pointer|
|FC_CIF_0_2_stream_AXI_VAL_0_stream_AXI_VAL_0_A_9_0_1                 |  out|   16|      ap_vld|          FC_CIF_0_2_stream_AXI_VAL_0_stream_AXI_VAL_0_A_9_0_1|       pointer|
|FC_CIF_0_2_stream_AXI_VAL_0_stream_AXI_VAL_0_A_9_0_1_ap_vld          |  out|    1|      ap_vld|          FC_CIF_0_2_stream_AXI_VAL_0_stream_AXI_VAL_0_A_9_0_1|       pointer|
|FC_CIF_0_2_stream_AXI_VAL_0_stream_AXI_VAL_0_A_9_0_2                 |  out|   16|      ap_vld|          FC_CIF_0_2_stream_AXI_VAL_0_stream_AXI_VAL_0_A_9_0_2|       pointer|
|FC_CIF_0_2_stream_AXI_VAL_0_stream_AXI_VAL_0_A_9_0_2_ap_vld          |  out|    1|      ap_vld|          FC_CIF_0_2_stream_AXI_VAL_0_stream_AXI_VAL_0_A_9_0_2|       pointer|
|FC_CIF_0_2_stream_AXI_VAL_0_stream_AXI_VAL_0_A_9_0_3                 |  out|   16|      ap_vld|          FC_CIF_0_2_stream_AXI_VAL_0_stream_AXI_VAL_0_A_9_0_3|       pointer|
|FC_CIF_0_2_stream_AXI_VAL_0_stream_AXI_VAL_0_A_9_0_3_ap_vld          |  out|    1|      ap_vld|          FC_CIF_0_2_stream_AXI_VAL_0_stream_AXI_VAL_0_A_9_0_3|       pointer|
|p_ZZ10FC_CIF_0_2RN3hls6streamI7AXI_VALLi0EEES3_E1A_10_0_0            |  out|   16|      ap_vld|     p_ZZ10FC_CIF_0_2RN3hls6streamI7AXI_VALLi0EEES3_E1A_10_0_0|       pointer|
|p_ZZ10FC_CIF_0_2RN3hls6streamI7AXI_VALLi0EEES3_E1A_10_0_0_ap_vld     |  out|    1|      ap_vld|     p_ZZ10FC_CIF_0_2RN3hls6streamI7AXI_VALLi0EEES3_E1A_10_0_0|       pointer|
|p_ZZ10FC_CIF_0_2RN3hls6streamI7AXI_VALLi0EEES3_E1A_10_0_1            |  out|   16|      ap_vld|     p_ZZ10FC_CIF_0_2RN3hls6streamI7AXI_VALLi0EEES3_E1A_10_0_1|       pointer|
|p_ZZ10FC_CIF_0_2RN3hls6streamI7AXI_VALLi0EEES3_E1A_10_0_1_ap_vld     |  out|    1|      ap_vld|     p_ZZ10FC_CIF_0_2RN3hls6streamI7AXI_VALLi0EEES3_E1A_10_0_1|       pointer|
|p_ZZ10FC_CIF_0_2RN3hls6streamI7AXI_VALLi0EEES3_E1A_10_0_2            |  out|   16|      ap_vld|     p_ZZ10FC_CIF_0_2RN3hls6streamI7AXI_VALLi0EEES3_E1A_10_0_2|       pointer|
|p_ZZ10FC_CIF_0_2RN3hls6streamI7AXI_VALLi0EEES3_E1A_10_0_2_ap_vld     |  out|    1|      ap_vld|     p_ZZ10FC_CIF_0_2RN3hls6streamI7AXI_VALLi0EEES3_E1A_10_0_2|       pointer|
|p_ZZ10FC_CIF_0_2RN3hls6streamI7AXI_VALLi0EEES3_E1A_10_0_3            |  out|   16|      ap_vld|     p_ZZ10FC_CIF_0_2RN3hls6streamI7AXI_VALLi0EEES3_E1A_10_0_3|       pointer|
|p_ZZ10FC_CIF_0_2RN3hls6streamI7AXI_VALLi0EEES3_E1A_10_0_3_ap_vld     |  out|    1|      ap_vld|     p_ZZ10FC_CIF_0_2RN3hls6streamI7AXI_VALLi0EEES3_E1A_10_0_3|       pointer|
|p_ZZ10FC_CIF_0_2RN3hls6streamI7AXI_VALLi0EEES3_E1A_11_0_0            |  out|   16|      ap_vld|     p_ZZ10FC_CIF_0_2RN3hls6streamI7AXI_VALLi0EEES3_E1A_11_0_0|       pointer|
|p_ZZ10FC_CIF_0_2RN3hls6streamI7AXI_VALLi0EEES3_E1A_11_0_0_ap_vld     |  out|    1|      ap_vld|     p_ZZ10FC_CIF_0_2RN3hls6streamI7AXI_VALLi0EEES3_E1A_11_0_0|       pointer|
|p_ZZ10FC_CIF_0_2RN3hls6streamI7AXI_VALLi0EEES3_E1A_11_0_1            |  out|   16|      ap_vld|     p_ZZ10FC_CIF_0_2RN3hls6streamI7AXI_VALLi0EEES3_E1A_11_0_1|       pointer|
|p_ZZ10FC_CIF_0_2RN3hls6streamI7AXI_VALLi0EEES3_E1A_11_0_1_ap_vld     |  out|    1|      ap_vld|     p_ZZ10FC_CIF_0_2RN3hls6streamI7AXI_VALLi0EEES3_E1A_11_0_1|       pointer|
|p_ZZ10FC_CIF_0_2RN3hls6streamI7AXI_VALLi0EEES3_E1A_11_0_2            |  out|   16|      ap_vld|     p_ZZ10FC_CIF_0_2RN3hls6streamI7AXI_VALLi0EEES3_E1A_11_0_2|       pointer|
|p_ZZ10FC_CIF_0_2RN3hls6streamI7AXI_VALLi0EEES3_E1A_11_0_2_ap_vld     |  out|    1|      ap_vld|     p_ZZ10FC_CIF_0_2RN3hls6streamI7AXI_VALLi0EEES3_E1A_11_0_2|       pointer|
|p_ZZ10FC_CIF_0_2RN3hls6streamI7AXI_VALLi0EEES3_E1A_11_0_3            |  out|   16|      ap_vld|     p_ZZ10FC_CIF_0_2RN3hls6streamI7AXI_VALLi0EEES3_E1A_11_0_3|       pointer|
|p_ZZ10FC_CIF_0_2RN3hls6streamI7AXI_VALLi0EEES3_E1A_11_0_3_ap_vld     |  out|    1|      ap_vld|     p_ZZ10FC_CIF_0_2RN3hls6streamI7AXI_VALLi0EEES3_E1A_11_0_3|       pointer|
|FC_CIF_0_2_hls_stream_AXI_VAL_0_hls_stream_AXI_VAL_0_A_0_0_s         |  out|   16|      ap_vld|  FC_CIF_0_2_hls_stream_AXI_VAL_0_hls_stream_AXI_VAL_0_A_0_0_s|       pointer|
|FC_CIF_0_2_hls_stream_AXI_VAL_0_hls_stream_AXI_VAL_0_A_0_0_s_ap_vld  |  out|    1|      ap_vld|  FC_CIF_0_2_hls_stream_AXI_VAL_0_hls_stream_AXI_VAL_0_A_0_0_s|       pointer|
|FC_CIF_0_2_hls_stream_AXI_VAL_0_hls_stream_AXI_VAL_0_A_0_1_s         |  out|   16|      ap_vld|  FC_CIF_0_2_hls_stream_AXI_VAL_0_hls_stream_AXI_VAL_0_A_0_1_s|       pointer|
|FC_CIF_0_2_hls_stream_AXI_VAL_0_hls_stream_AXI_VAL_0_A_0_1_s_ap_vld  |  out|    1|      ap_vld|  FC_CIF_0_2_hls_stream_AXI_VAL_0_hls_stream_AXI_VAL_0_A_0_1_s|       pointer|
|FC_CIF_0_2_hls_stream_AXI_VAL_0_hls_stream_AXI_VAL_0_A_0_2_s         |  out|   16|      ap_vld|  FC_CIF_0_2_hls_stream_AXI_VAL_0_hls_stream_AXI_VAL_0_A_0_2_s|       pointer|
|FC_CIF_0_2_hls_stream_AXI_VAL_0_hls_stream_AXI_VAL_0_A_0_2_s_ap_vld  |  out|    1|      ap_vld|  FC_CIF_0_2_hls_stream_AXI_VAL_0_hls_stream_AXI_VAL_0_A_0_2_s|       pointer|
|FC_CIF_0_2_hls_stream_AXI_VAL_0_hls_stream_AXI_VAL_0_A_0_3_s         |  out|   16|      ap_vld|  FC_CIF_0_2_hls_stream_AXI_VAL_0_hls_stream_AXI_VAL_0_A_0_3_s|       pointer|
|FC_CIF_0_2_hls_stream_AXI_VAL_0_hls_stream_AXI_VAL_0_A_0_3_s_ap_vld  |  out|    1|      ap_vld|  FC_CIF_0_2_hls_stream_AXI_VAL_0_hls_stream_AXI_VAL_0_A_0_3_s|       pointer|
|p_ZZ10FC_CIF_0_2RN3hls6streamI7AXI_VALLi0EEES3_E1A_13_0_0            |  out|   16|      ap_vld|     p_ZZ10FC_CIF_0_2RN3hls6streamI7AXI_VALLi0EEES3_E1A_13_0_0|       pointer|
|p_ZZ10FC_CIF_0_2RN3hls6streamI7AXI_VALLi0EEES3_E1A_13_0_0_ap_vld     |  out|    1|      ap_vld|     p_ZZ10FC_CIF_0_2RN3hls6streamI7AXI_VALLi0EEES3_E1A_13_0_0|       pointer|
|p_ZZ10FC_CIF_0_2RN3hls6streamI7AXI_VALLi0EEES3_E1A_13_0_1            |  out|   16|      ap_vld|     p_ZZ10FC_CIF_0_2RN3hls6streamI7AXI_VALLi0EEES3_E1A_13_0_1|       pointer|
|p_ZZ10FC_CIF_0_2RN3hls6streamI7AXI_VALLi0EEES3_E1A_13_0_1_ap_vld     |  out|    1|      ap_vld|     p_ZZ10FC_CIF_0_2RN3hls6streamI7AXI_VALLi0EEES3_E1A_13_0_1|       pointer|
|p_ZZ10FC_CIF_0_2RN3hls6streamI7AXI_VALLi0EEES3_E1A_13_0_2            |  out|   16|      ap_vld|     p_ZZ10FC_CIF_0_2RN3hls6streamI7AXI_VALLi0EEES3_E1A_13_0_2|       pointer|
|p_ZZ10FC_CIF_0_2RN3hls6streamI7AXI_VALLi0EEES3_E1A_13_0_2_ap_vld     |  out|    1|      ap_vld|     p_ZZ10FC_CIF_0_2RN3hls6streamI7AXI_VALLi0EEES3_E1A_13_0_2|       pointer|
|p_ZZ10FC_CIF_0_2RN3hls6streamI7AXI_VALLi0EEES3_E1A_13_0_3            |  out|   16|      ap_vld|     p_ZZ10FC_CIF_0_2RN3hls6streamI7AXI_VALLi0EEES3_E1A_13_0_3|       pointer|
|p_ZZ10FC_CIF_0_2RN3hls6streamI7AXI_VALLi0EEES3_E1A_13_0_3_ap_vld     |  out|    1|      ap_vld|     p_ZZ10FC_CIF_0_2RN3hls6streamI7AXI_VALLi0EEES3_E1A_13_0_3|       pointer|
|FC_CIF_0_2_hls_stream_AXI_VAL_0_hls_stream_AXI_VAL_0_A_2             |  out|   16|      ap_vld|      FC_CIF_0_2_hls_stream_AXI_VAL_0_hls_stream_AXI_VAL_0_A_2|       pointer|
|FC_CIF_0_2_hls_stream_AXI_VAL_0_hls_stream_AXI_VAL_0_A_2_ap_vld      |  out|    1|      ap_vld|      FC_CIF_0_2_hls_stream_AXI_VAL_0_hls_stream_AXI_VAL_0_A_2|       pointer|
|FC_CIF_0_2_hls_stream_AXI_VAL_0_hls_stream_AXI_VAL_0_A_1             |  out|   16|      ap_vld|      FC_CIF_0_2_hls_stream_AXI_VAL_0_hls_stream_AXI_VAL_0_A_1|       pointer|
|FC_CIF_0_2_hls_stream_AXI_VAL_0_hls_stream_AXI_VAL_0_A_1_ap_vld      |  out|    1|      ap_vld|      FC_CIF_0_2_hls_stream_AXI_VAL_0_hls_stream_AXI_VAL_0_A_1|       pointer|
|FC_CIF_0_2_hls_stream_AXI_VAL_0_hls_stream_AXI_VAL_0_A_0             |  out|   16|      ap_vld|      FC_CIF_0_2_hls_stream_AXI_VAL_0_hls_stream_AXI_VAL_0_A_0|       pointer|
|FC_CIF_0_2_hls_stream_AXI_VAL_0_hls_stream_AXI_VAL_0_A_0_ap_vld      |  out|    1|      ap_vld|      FC_CIF_0_2_hls_stream_AXI_VAL_0_hls_stream_AXI_VAL_0_A_0|       pointer|
|FC_CIF_0_2_hls_stream_AXI_VAL_0_hls_stream_AXI_VAL_0_A               |  out|   16|      ap_vld|        FC_CIF_0_2_hls_stream_AXI_VAL_0_hls_stream_AXI_VAL_0_A|       pointer|
|FC_CIF_0_2_hls_stream_AXI_VAL_0_hls_stream_AXI_VAL_0_A_ap_vld        |  out|    1|      ap_vld|        FC_CIF_0_2_hls_stream_AXI_VAL_0_hls_stream_AXI_VAL_0_A|       pointer|
|p_ZZ10FC_CIF_0_2RN3hls6streamI7AXI_VALLi0EEES3_E1A_15_0_0            |  out|   16|      ap_vld|     p_ZZ10FC_CIF_0_2RN3hls6streamI7AXI_VALLi0EEES3_E1A_15_0_0|       pointer|
|p_ZZ10FC_CIF_0_2RN3hls6streamI7AXI_VALLi0EEES3_E1A_15_0_0_ap_vld     |  out|    1|      ap_vld|     p_ZZ10FC_CIF_0_2RN3hls6streamI7AXI_VALLi0EEES3_E1A_15_0_0|       pointer|
|p_ZZ10FC_CIF_0_2RN3hls6streamI7AXI_VALLi0EEES3_E1A_15_0_1            |  out|   16|      ap_vld|     p_ZZ10FC_CIF_0_2RN3hls6streamI7AXI_VALLi0EEES3_E1A_15_0_1|       pointer|
|p_ZZ10FC_CIF_0_2RN3hls6streamI7AXI_VALLi0EEES3_E1A_15_0_1_ap_vld     |  out|    1|      ap_vld|     p_ZZ10FC_CIF_0_2RN3hls6streamI7AXI_VALLi0EEES3_E1A_15_0_1|       pointer|
|p_ZZ10FC_CIF_0_2RN3hls6streamI7AXI_VALLi0EEES3_E1A_15_0_2            |  out|   16|      ap_vld|     p_ZZ10FC_CIF_0_2RN3hls6streamI7AXI_VALLi0EEES3_E1A_15_0_2|       pointer|
|p_ZZ10FC_CIF_0_2RN3hls6streamI7AXI_VALLi0EEES3_E1A_15_0_2_ap_vld     |  out|    1|      ap_vld|     p_ZZ10FC_CIF_0_2RN3hls6streamI7AXI_VALLi0EEES3_E1A_15_0_2|       pointer|
|p_ZZ10FC_CIF_0_2RN3hls6streamI7AXI_VALLi0EEES3_E1A_15_0_3            |  out|   16|      ap_vld|     p_ZZ10FC_CIF_0_2RN3hls6streamI7AXI_VALLi0EEES3_E1A_15_0_3|       pointer|
|p_ZZ10FC_CIF_0_2RN3hls6streamI7AXI_VALLi0EEES3_E1A_15_0_3_ap_vld     |  out|    1|      ap_vld|     p_ZZ10FC_CIF_0_2RN3hls6streamI7AXI_VALLi0EEES3_E1A_15_0_3|       pointer|
+---------------------------------------------------------------------+-----+-----+------------+--------------------------------------------------------------+--------------+

