

================================================================
== Vitis HLS Report for 'maxpool_CIF_0_2_Pipeline_VITIS_LOOP_171_10'
================================================================
* Date:           Mon Oct 28 11:01:36 2024

* Version:        2023.2 (Build 4023990 on Oct 11 2023)
* Project:        maxpool_CIF_0_2
* Solution:       solution1 (Vivado IP Flow Target)
* Product family: zynq
* Target device:  xc7z020-clg484-1


================================================================
== Performance Estimates
================================================================
+ Timing: 
    * Summary: 
    +--------+----------+----------+------------+
    |  Clock |  Target  | Estimated| Uncertainty|
    +--------+----------+----------+------------+
    |ap_clk  |  10.00 ns|  7.178 ns|     2.70 ns|
    +--------+----------+----------+------------+

+ Latency: 
    * Summary: 
    +---------+---------+----------+----------+-----+-----+---------+
    |  Latency (cycles) |  Latency (absolute) |  Interval | Pipeline|
    |   min   |   max   |    min   |    max   | min | max |   Type  |
    +---------+---------+----------+----------+-----+-----+---------+
    |       35|       35|  0.350 us|  0.350 us|   35|   35|       no|
    +---------+---------+----------+----------+-----+-----+---------+

    + Detail: 
        * Instance: 
        N/A

        * Loop: 
        +---------------------+---------+---------+----------+-----------+-----------+------+----------+
        |                     |  Latency (cycles) | Iteration|  Initiation Interval  | Trip |          |
        |      Loop Name      |   min   |   max   |  Latency |  achieved |   target  | Count| Pipelined|
        +---------------------+---------+---------+----------+-----------+-----------+------+----------+
        |- VITIS_LOOP_171_10  |       33|       33|         3|          1|          1|    32|       yes|
        +---------------------+---------+---------+----------+-----------+-----------+------+----------+



================================================================
== Utilization Estimates
================================================================
* Summary: 
+-----------------+---------+-----+--------+-------+-----+
|       Name      | BRAM_18K| DSP |   FF   |  LUT  | URAM|
+-----------------+---------+-----+--------+-------+-----+
|DSP              |        -|    -|       -|      -|    -|
|Expression       |        -|    -|       0|     69|    -|
|FIFO             |        -|    -|       -|      -|    -|
|Instance         |        -|    -|       0|     42|    -|
|Memory           |        -|    -|       -|      -|    -|
|Multiplexer      |        -|    -|       -|     36|    -|
|Register         |        -|    -|     123|      -|    -|
+-----------------+---------+-----+--------+-------+-----+
|Total            |        0|    0|     123|    147|    0|
+-----------------+---------+-----+--------+-------+-----+
|Available        |      280|  220|  106400|  53200|    0|
+-----------------+---------+-----+--------+-------+-----+
|Utilization (%)  |        0|    0|      ~0|     ~0|    0|
+-----------------+---------+-----+--------+-------+-----+

+ Detail: 
    * Instance: 
    +---------------------------+-----------------------+---------+----+---+----+-----+
    |          Instance         |         Module        | BRAM_18K| DSP| FF| LUT| URAM|
    +---------------------------+-----------------------+---------+----+---+----+-----+
    |sparsemux_17_3_32_1_1_U16  |sparsemux_17_3_32_1_1  |        0|   0|  0|  42|    0|
    +---------------------------+-----------------------+---------+----+---+----+-----+
    |Total                      |                       |        0|   0|  0|  42|    0|
    +---------------------------+-----------------------+---------+----+---+----+-----+

    * DSP: 
    N/A

    * Memory: 
    N/A

    * FIFO: 
    N/A

    * Expression: 
    +----------------------+----------+----+---+----+------------+------------+
    |     Variable Name    | Operation| DSP| FF| LUT| Bitwidth P0| Bitwidth P1|
    +----------------------+----------+----+---+----+------------+------------+
    |add_ln171_fu_252_p2   |         +|   0|  0|  14|           6|           1|
    |add_ln178_fu_315_p2   |         +|   0|  0|  39|          32|          32|
    |icmp_ln171_fu_246_p2  |      icmp|   0|  0|  14|           6|           7|
    |ap_enable_pp0         |       xor|   0|  0|   2|           1|           2|
    +----------------------+----------+----+---+----+------------+------------+
    |Total                 |          |   0|  0|  69|          45|          42|
    +----------------------+----------+----+---+----+------------+------------+

    * Multiplexer: 
    +-------------------------+----+-----------+-----+-----------+
    |           Name          | LUT| Input Size| Bits| Total Bits|
    +-------------------------+----+-----------+-----+-----------+
    |ap_done_int              |   9|          2|    1|          2|
    |ap_enable_reg_pp0_iter1  |   9|          2|    1|          2|
    |ap_sig_allocacmp_ch_1    |   9|          2|    6|         12|
    |ch_fu_74                 |   9|          2|    6|         12|
    +-------------------------+----+-----------+-----+-----------+
    |Total                    |  36|          8|   14|         28|
    +-------------------------+----+-----------+-----+-----------+

    * Register: 
    +----------------------------------+----+----+-----+-----------+
    |               Name               | FF | LUT| Bits| Const Bits|
    +----------------------------------+----+----+-----+-----------+
    |add_ln178_reg_390                 |  32|   0|   32|          0|
    |ap_CS_fsm                         |   1|   0|    1|          0|
    |ap_done_reg                       |   1|   0|    1|          0|
    |ap_enable_reg_pp0_iter1           |   1|   0|    1|          0|
    |ap_enable_reg_pp0_iter2           |   1|   0|    1|          0|
    |ap_loop_exit_ready_pp0_iter1_reg  |   1|   0|    1|          0|
    |buf_1_addr_reg_343                |   5|   0|    5|          0|
    |buf_1_addr_reg_343_pp0_iter1_reg  |   5|   0|    5|          0|
    |buf_2_addr_reg_349                |   5|   0|    5|          0|
    |buf_2_addr_reg_349_pp0_iter1_reg  |   5|   0|    5|          0|
    |buf_3_addr_reg_355                |   5|   0|    5|          0|
    |buf_3_addr_reg_355_pp0_iter1_reg  |   5|   0|    5|          0|
    |buf_4_addr_reg_361                |   5|   0|    5|          0|
    |buf_4_addr_reg_361_pp0_iter1_reg  |   5|   0|    5|          0|
    |buf_5_addr_reg_367                |   5|   0|    5|          0|
    |buf_5_addr_reg_367_pp0_iter1_reg  |   5|   0|    5|          0|
    |buf_6_addr_reg_373                |   5|   0|    5|          0|
    |buf_6_addr_reg_373_pp0_iter1_reg  |   5|   0|    5|          0|
    |buf_7_addr_reg_379                |   5|   0|    5|          0|
    |buf_7_addr_reg_379_pp0_iter1_reg  |   5|   0|    5|          0|
    |buf_addr_reg_337                  |   5|   0|    5|          0|
    |buf_addr_reg_337_pp0_iter1_reg    |   5|   0|    5|          0|
    |ch_fu_74                          |   6|   0|    6|          0|
    +----------------------------------+----+----+-----+-----------+
    |Total                             | 123|   0|  123|          0|
    +----------------------------------+----+----+-----+-----------+



================================================================
== Interface
================================================================
* Summary: 
+----------------+-----+-----+------------+--------------------------------------------+--------------+
|    RTL Ports   | Dir | Bits|  Protocol  |                Source Object               |    C Type    |
+----------------+-----+-----+------------+--------------------------------------------+--------------+
|ap_clk          |   in|    1|  ap_ctrl_hs|  maxpool_CIF_0_2_Pipeline_VITIS_LOOP_171_10|  return value|
|ap_rst          |   in|    1|  ap_ctrl_hs|  maxpool_CIF_0_2_Pipeline_VITIS_LOOP_171_10|  return value|
|ap_start        |   in|    1|  ap_ctrl_hs|  maxpool_CIF_0_2_Pipeline_VITIS_LOOP_171_10|  return value|
|ap_done         |  out|    1|  ap_ctrl_hs|  maxpool_CIF_0_2_Pipeline_VITIS_LOOP_171_10|  return value|
|ap_idle         |  out|    1|  ap_ctrl_hs|  maxpool_CIF_0_2_Pipeline_VITIS_LOOP_171_10|  return value|
|ap_ready        |  out|    1|  ap_ctrl_hs|  maxpool_CIF_0_2_Pipeline_VITIS_LOOP_171_10|  return value|
|buf_7_address0  |  out|    5|   ap_memory|                                       buf_7|         array|
|buf_7_ce0       |  out|    1|   ap_memory|                                       buf_7|         array|
|buf_7_q0        |   in|   32|   ap_memory|                                       buf_7|         array|
|buf_7_address1  |  out|    5|   ap_memory|                                       buf_7|         array|
|buf_7_ce1       |  out|    1|   ap_memory|                                       buf_7|         array|
|buf_7_we1       |  out|    1|   ap_memory|                                       buf_7|         array|
|buf_7_d1        |  out|   32|   ap_memory|                                       buf_7|         array|
|buf_6_address0  |  out|    5|   ap_memory|                                       buf_6|         array|
|buf_6_ce0       |  out|    1|   ap_memory|                                       buf_6|         array|
|buf_6_q0        |   in|   32|   ap_memory|                                       buf_6|         array|
|buf_6_address1  |  out|    5|   ap_memory|                                       buf_6|         array|
|buf_6_ce1       |  out|    1|   ap_memory|                                       buf_6|         array|
|buf_6_we1       |  out|    1|   ap_memory|                                       buf_6|         array|
|buf_6_d1        |  out|   32|   ap_memory|                                       buf_6|         array|
|buf_5_address0  |  out|    5|   ap_memory|                                       buf_5|         array|
|buf_5_ce0       |  out|    1|   ap_memory|                                       buf_5|         array|
|buf_5_q0        |   in|   32|   ap_memory|                                       buf_5|         array|
|buf_5_address1  |  out|    5|   ap_memory|                                       buf_5|         array|
|buf_5_ce1       |  out|    1|   ap_memory|                                       buf_5|         array|
|buf_5_we1       |  out|    1|   ap_memory|                                       buf_5|         array|
|buf_5_d1        |  out|   32|   ap_memory|                                       buf_5|         array|
|buf_4_address0  |  out|    5|   ap_memory|                                       buf_4|         array|
|buf_4_ce0       |  out|    1|   ap_memory|                                       buf_4|         array|
|buf_4_q0        |   in|   32|   ap_memory|                                       buf_4|         array|
|buf_4_address1  |  out|    5|   ap_memory|                                       buf_4|         array|
|buf_4_ce1       |  out|    1|   ap_memory|                                       buf_4|         array|
|buf_4_we1       |  out|    1|   ap_memory|                                       buf_4|         array|
|buf_4_d1        |  out|   32|   ap_memory|                                       buf_4|         array|
|buf_3_address0  |  out|    5|   ap_memory|                                       buf_3|         array|
|buf_3_ce0       |  out|    1|   ap_memory|                                       buf_3|         array|
|buf_3_q0        |   in|   32|   ap_memory|                                       buf_3|         array|
|buf_3_address1  |  out|    5|   ap_memory|                                       buf_3|         array|
|buf_3_ce1       |  out|    1|   ap_memory|                                       buf_3|         array|
|buf_3_we1       |  out|    1|   ap_memory|                                       buf_3|         array|
|buf_3_d1        |  out|   32|   ap_memory|                                       buf_3|         array|
|buf_2_address0  |  out|    5|   ap_memory|                                       buf_2|         array|
|buf_2_ce0       |  out|    1|   ap_memory|                                       buf_2|         array|
|buf_2_q0        |   in|   32|   ap_memory|                                       buf_2|         array|
|buf_2_address1  |  out|    5|   ap_memory|                                       buf_2|         array|
|buf_2_ce1       |  out|    1|   ap_memory|                                       buf_2|         array|
|buf_2_we1       |  out|    1|   ap_memory|                                       buf_2|         array|
|buf_2_d1        |  out|   32|   ap_memory|                                       buf_2|         array|
|buf_1_address0  |  out|    5|   ap_memory|                                       buf_1|         array|
|buf_1_ce0       |  out|    1|   ap_memory|                                       buf_1|         array|
|buf_1_q0        |   in|   32|   ap_memory|                                       buf_1|         array|
|buf_1_address1  |  out|    5|   ap_memory|                                       buf_1|         array|
|buf_1_ce1       |  out|    1|   ap_memory|                                       buf_1|         array|
|buf_1_we1       |  out|    1|   ap_memory|                                       buf_1|         array|
|buf_1_d1        |  out|   32|   ap_memory|                                       buf_1|         array|
|buf_r_address0  |  out|    5|   ap_memory|                                       buf_r|         array|
|buf_r_ce0       |  out|    1|   ap_memory|                                       buf_r|         array|
|buf_r_q0        |   in|   32|   ap_memory|                                       buf_r|         array|
|buf_r_address1  |  out|    5|   ap_memory|                                       buf_r|         array|
|buf_r_ce1       |  out|    1|   ap_memory|                                       buf_r|         array|
|buf_r_we1       |  out|    1|   ap_memory|                                       buf_r|         array|
|buf_r_d1        |  out|   32|   ap_memory|                                       buf_r|         array|
|empty           |   in|    3|     ap_none|                                       empty|        scalar|
|acc_address1    |  out|    5|   ap_memory|                                         acc|         array|
|acc_ce1         |  out|    1|   ap_memory|                                         acc|         array|
|acc_we1         |  out|    1|   ap_memory|                                         acc|         array|
|acc_d1          |  out|   32|   ap_memory|                                         acc|         array|
|acc_q1          |   in|   32|   ap_memory|                                         acc|         array|
+----------------+-----+-----+------------+--------------------------------------------+--------------+

