Copyright 1986-2022 Xilinx, Inc. All Rights Reserved. Copyright 2022-2023 Advanced Micro Devices, Inc. All Rights Reserved.
---------------------------------------------------------------------------------------------------------------------------------------------
| Tool Version : Vivado v.2023.2 (win64) Build 4029153 Fri Oct 13 20:14:34 MDT 2023
| Date         : Mon Oct 28 10:11:09 2024
| Host         : XoiXoi running 64-bit major release  (build 9200)
| Command      : report_design_analysis -file ./report/FC_CIF_0_1_design_analysis_synth.rpt
| Design       : bd_0_wrapper
| Device       : xc7z020
| Design State : Synthesized
---------------------------------------------------------------------------------------------------------------------------------------------

Report Design Analysis

Table of Contents
-----------------
1. Setup Path Characteristics 1-1
2. Logic Level Distribution
3. Placer Final Level Congestion Reporting
4. SLR Net Crossing Reporting

1. Setup Path Characteristics 1-1
---------------------------------

+---------------------------+----------------------------------------------------------------------------------------------------------------------------+
|      Characteristics      |                                                           Path #1                                                          |
+---------------------------+----------------------------------------------------------------------------------------------------------------------------+
| Requirement               | 10.000                                                                                                                     |
| Path Delay                | 9.614                                                                                                                      |
| Logic Delay               | 4.777(50%)                                                                                                                 |
| Net Delay                 | 4.837(50%)                                                                                                                 |
| Clock Skew                | -0.049                                                                                                                     |
| Slack                     | 0.411                                                                                                                      |
| Clock Uncertainty         | 0.035                                                                                                                      |
| Clock Relationship        | Safely Timed                                                                                                               |
| Clock Delay Group         | Same Clock                                                                                                                 |
| Logic Levels              | 12                                                                                                                         |
| Routes                    | NA                                                                                                                         |
| Logical Path              | FDRE/C-(62)-LUT6-(2)-CARRY4-(1)-CARRY4-CARRY4-LUT3-(1)-CARRY4-(1)-CARRY4-LUT3-(1)-CARRY4-LUT3-(1)-CARRY4-(1)-CARRY4-FDRE/D |
| Start Point Clock         | ap_clk                                                                                                                     |
| End Point Clock           | ap_clk                                                                                                                     |
| DSP Block                 | None                                                                                                                       |
| RAM Registers             | None-None                                                                                                                  |
| IO Crossings              | 0                                                                                                                          |
| Config Crossings          | 0                                                                                                                          |
| SLR Crossings             | 0                                                                                                                          |
| PBlocks                   | 0                                                                                                                          |
| High Fanout               | 62                                                                                                                         |
| Dont Touch                | 0                                                                                                                          |
| Mark Debug                | 0                                                                                                                          |
| Start Point Pin Primitive | FDRE/C                                                                                                                     |
| End Point Pin Primitive   | FDRE/D                                                                                                                     |
| Start Point Pin           | valIn_a_data_4_reg_817_reg[3]/C                                                                                            |
| End Point Pin             | KER_size_0_reg_857_reg[31]/D                                                                                               |
+---------------------------+----------------------------------------------------------------------------------------------------------------------------+
* Bounding box calculated as % of dimensions for the target device (308, 299)


2. Logic Level Distribution
---------------------------

+-----------------+-------------+----+-----+----+----+-----+-----+----+
| End Point Clock | Requirement |  2 |  8  |  9 | 10 |  11 |  12 | 13 |
+-----------------+-------------+----+-----+----+----+-----+-----+----+
| ap_clk          | 10.000ns    | 65 | 495 | 18 | 65 | 118 | 238 |  1 |
+-----------------+-------------+----+-----+----+----+-----+-----+----+
* Columns represent the logic levels per end point clock
** Distribution is for top worst 1000 paths


3. Placer Final Level Congestion Reporting
------------------------------------------

+-----------+------+-------+------------+--------+---------------+---------------+-----+--------+------+------+------+-----+-------+-----+------------+
| Direction | Type | Level | Congestion | Window | Combined LUTs | Avg LUT Input | LUT | LUTRAM | Flop | MUXF | RAMB | DSP | CARRY | SRL | Cell Names |
+-----------+------+-------+------------+--------+---------------+---------------+-----+--------+------+------+------+-----+-------+-----+------------+
* The design has not been placed, hence congestion data is not available. The command report_design_analysis -congestion should be run only after place_design has completed.


4. SLR Net Crossing Reporting
-----------------------------

+------------+-----------------------------+
| Cell Names | Number of Nets crossing SLR |
+------------+-----------------------------+
* The current part is not an SSI device


