

================================================================
== Vitis HLS Report for 'maxPool_CIF_0_1_Pipeline_VITIS_LOOP_214_13'
================================================================
* Date:           Mon Oct 28 10:46:37 2024

* Version:        2023.2 (Build 4023990 on Oct 11 2023)
* Project:        maxPool_CIF_0_1
* Solution:       solution1 (Vivado IP Flow Target)
* Product family: zynq
* Target device:  xc7z020-clg484-1


================================================================
== Performance Estimates
================================================================
+ Timing: 
    * Summary: 
    +--------+----------+----------+------------+
    |  Clock |  Target  | Estimated| Uncertainty|
    +--------+----------+----------+------------+
    |ap_clk  |  10.00 ns|  5.728 ns|     2.70 ns|
    +--------+----------+----------+------------+

+ Latency: 
    * Summary: 
    +---------+---------+----------+----------+-----+-----+---------+
    |  Latency (cycles) |  Latency (absolute) |  Interval | Pipeline|
    |   min   |   max   |    min   |    max   | min | max |   Type  |
    +---------+---------+----------+----------+-----+-----+---------+
    |        ?|        ?|         ?|         ?|    ?|    ?|       no|
    +---------+---------+----------+----------+-----+-----+---------+

    + Detail: 
        * Instance: 
        N/A

        * Loop: 
        +---------------------+---------+---------+----------+-----------+-----------+------+----------+
        |                     |  Latency (cycles) | Iteration|  Initiation Interval  | Trip |          |
        |      Loop Name      |   min   |   max   |  Latency |  achieved |   target  | Count| Pipelined|
        +---------------------+---------+---------+----------+-----------+-----------+------+----------+
        |- VITIS_LOOP_214_13  |        ?|        ?|         2|          1|          1|     ?|       yes|
        +---------------------+---------+---------+----------+-----------+-----------+------+----------+



================================================================
== Utilization Estimates
================================================================
* Summary: 
+-----------------+---------+-----+--------+-------+-----+
|       Name      | BRAM_18K| DSP |   FF   |  LUT  | URAM|
+-----------------+---------+-----+--------+-------+-----+
|DSP              |        -|    -|       -|      -|    -|
|Expression       |        -|    -|       0|     86|    -|
|FIFO             |        -|    -|       -|      -|    -|
|Instance         |        -|    -|       -|      -|    -|
|Memory           |        -|    -|       -|      -|    -|
|Multiplexer      |        -|    -|       -|     54|    -|
|Register         |        -|    -|      99|      -|    -|
+-----------------+---------+-----+--------+-------+-----+
|Total            |        0|    0|      99|    140|    0|
+-----------------+---------+-----+--------+-------+-----+
|Available        |      280|  220|  106400|  53200|    0|
+-----------------+---------+-----+--------+-------+-----+
|Utilization (%)  |        0|    0|      ~0|     ~0|    0|
+-----------------+---------+-----+--------+-------+-----+

+ Detail: 
    * Instance: 
    N/A

    * DSP: 
    N/A

    * Memory: 
    N/A

    * FIFO: 
    N/A

    * Expression: 
    +----------------------------------+----------+----+---+----+------------+------------+
    |           Variable Name          | Operation| DSP| FF| LUT| Bitwidth P0| Bitwidth P1|
    +----------------------------------+----------+----+---+----+------------+------------+
    |i_2_fu_69_p2                      |         +|   0|  0|  39|          32|           1|
    |ap_block_state1_pp0_stage0_iter0  |       and|   0|  0|   2|           1|           1|
    |icmp_ln214_fu_63_p2               |      icmp|   0|  0|  39|          32|          32|
    |ap_block_pp0_stage0_01001         |        or|   0|  0|   2|           1|           1|
    |ap_block_pp0_stage0_11001         |        or|   0|  0|   2|           1|           1|
    |ap_enable_pp0                     |       xor|   0|  0|   2|           1|           2|
    +----------------------------------+----------+----+---+----+------------+------------+
    |Total                             |          |   0|  0|  86|          68|          38|
    +----------------------------------+----------+----+---+----+------------+------------+

    * Multiplexer: 
    +-------------------------+----+-----------+-----+-----------+
    |           Name          | LUT| Input Size| Bits| Total Bits|
    +-------------------------+----+-----------+-----+-----------+
    |ap_done_int              |   9|          2|    1|          2|
    |ap_enable_reg_pp0_iter1  |   9|          2|    1|          2|
    |ap_sig_allocacmp_i_1     |   9|          2|   32|         64|
    |i_fu_32                  |   9|          2|   32|         64|
    |in_r_TDATA_blk_n         |   9|          2|    1|          2|
    |out_r_TDATA_blk_n        |   9|          2|    1|          2|
    +-------------------------+----+-----------+-----+-----------+
    |Total                    |  54|         12|   68|        136|
    +-------------------------+----+-----------+-----+-----------+

    * Register: 
    +-------------------------+----+----+-----+-----------+
    |           Name          | FF | LUT| Bits| Const Bits|
    +-------------------------+----+----+-----+-----------+
    |ap_CS_fsm                |   1|   0|    1|          0|
    |ap_done_reg              |   1|   0|    1|          0|
    |ap_enable_reg_pp0_iter1  |   1|   0|    1|          0|
    |i_fu_32                  |  32|   0|   32|          0|
    |in_r_read_reg_90         |  64|   0|   64|          0|
    +-------------------------+----+----+-----+-----------+
    |Total                    |  99|   0|   99|          0|
    +-------------------------+----+----+-----+-----------+



================================================================
== Interface
================================================================
* Summary: 
+--------------+-----+-----+------------+--------------------------------------------+--------------+
|   RTL Ports  | Dir | Bits|  Protocol  |                Source Object               |    C Type    |
+--------------+-----+-----+------------+--------------------------------------------+--------------+
|ap_clk        |   in|    1|  ap_ctrl_hs|  maxPool_CIF_0_1_Pipeline_VITIS_LOOP_214_13|  return value|
|ap_rst        |   in|    1|  ap_ctrl_hs|  maxPool_CIF_0_1_Pipeline_VITIS_LOOP_214_13|  return value|
|ap_start      |   in|    1|  ap_ctrl_hs|  maxPool_CIF_0_1_Pipeline_VITIS_LOOP_214_13|  return value|
|ap_done       |  out|    1|  ap_ctrl_hs|  maxPool_CIF_0_1_Pipeline_VITIS_LOOP_214_13|  return value|
|ap_idle       |  out|    1|  ap_ctrl_hs|  maxPool_CIF_0_1_Pipeline_VITIS_LOOP_214_13|  return value|
|ap_ready      |  out|    1|  ap_ctrl_hs|  maxPool_CIF_0_1_Pipeline_VITIS_LOOP_214_13|  return value|
|in_r_TVALID   |   in|    1|        axis|                                        in_r|       pointer|
|in_r_TDATA    |   in|   64|        axis|                                        in_r|       pointer|
|in_r_TREADY   |  out|    1|        axis|                                        in_r|       pointer|
|out_r_TREADY  |   in|    1|        axis|                                       out_r|       pointer|
|out_r_TDATA   |  out|   64|        axis|                                       out_r|       pointer|
|out_r_TVALID  |  out|    1|        axis|                                       out_r|       pointer|
|KER_bound     |   in|   32|     ap_none|                                   KER_bound|        scalar|
+--------------+-----+-----+------------+--------------------------------------------+--------------+

