==============================================================
Vitis HLS - High-Level Synthesis from C, C++ and OpenCL v2023.2 (64-bit)
Tool Version Limit: 2023.10
Copyright 1986-2022 Xilinx, Inc. All Rights Reserved.
Copyright 2022-2023 Advanced Micro Devices, Inc. All Rights Reserved.

==============================================================
INFO: [SYN 201-201] Setting up clock 'default' with a period of 10ns.
INFO: [HLS 200-1611] Setting target device to 'xc7z020-clg484-1'
INFO: [HLS 200-1505] Using flow_target 'vivado'
INFO: [HLS 200-1510] Running: set_part xc7z020clg484-1 
INFO: [HLS 200-1510] Running: create_clock -period 10 -name default 
INFO: [SYN 201-201] Setting up clock 'default' with a period of 10ns.
INFO: [HLS 200-1510] Running: source ./maxpool_CIF_0_2/solution1/directives.tcl
INFO: [HLS 200-1510] Running: csim_design -quiet 
INFO: [SIM 211-2] *************** CSIM start ***************
INFO: [SIM 211-4] CSIM will launch GCC as the compiler.
INFO: [HLS 200-2036] Building debug C Simulation binaries
ERROR: [SIM 211-100] 'csim_design' failed: compilation error(s).
INFO: [SIM 211-3] *************** CSIM finish ***************
INFO: [HLS 200-111] Finished Command csim_design CPU user time: 1 seconds. CPU system time: 0 seconds. Elapsed time: 9.572 seconds; current allocated memory: 0.340 MB.
==============================================================
Vitis HLS - High-Level Synthesis from C, C++ and OpenCL v2023.2 (64-bit)
Tool Version Limit: 2023.10
Copyright 1986-2022 Xilinx, Inc. All Rights Reserved.
Copyright 2022-2023 Advanced Micro Devices, Inc. All Rights Reserved.

==============================================================
INFO: [SYN 201-201] Setting up clock 'default' with a period of 10ns.
INFO: [HLS 200-1611] Setting target device to 'xc7z020-clg484-1'
INFO: [HLS 200-1505] Using flow_target 'vivado'
INFO: [HLS 200-1510] Running: set_part xc7z020clg484-1 
INFO: [HLS 200-1510] Running: create_clock -period 10 -name default 
INFO: [HLS 200-1510] Running: source ./maxpool_CIF_0_2/solution1/directives.tcl
INFO: [HLS 200-1510] Running: csim_design -quiet 
INFO: [SIM 211-2] *************** CSIM start ***************
INFO: [SIM 211-4] CSIM will launch GCC as the compiler.
INFO: [HLS 200-2036] Building debug C Simulation binaries
ERROR: [SIM 211-100] 'csim_design' failed: compilation error(s).
INFO: [SIM 211-3] *************** CSIM finish ***************
INFO: [HLS 200-111] Finished Command csim_design CPU user time: 0 seconds. CPU system time: 1 seconds. Elapsed time: 4.866 seconds; current allocated memory: 0.348 MB.
==============================================================
Vitis HLS - High-Level Synthesis from C, C++ and OpenCL v2023.2 (64-bit)
Tool Version Limit: 2023.10
Copyright 1986-2022 Xilinx, Inc. All Rights Reserved.
Copyright 2022-2023 Advanced Micro Devices, Inc. All Rights Reserved.

==============================================================
INFO: [SYN 201-201] Setting up clock 'default' with a period of 10ns.
INFO: [HLS 200-1611] Setting target device to 'xc7z020-clg484-1'
INFO: [HLS 200-1505] Using flow_target 'vivado'
INFO: [HLS 200-1510] Running: set_part xc7z020clg484-1 
INFO: [HLS 200-1510] Running: create_clock -period 10 -name default 
INFO: [HLS 200-1510] Running: source ./maxpool_CIF_0_2/solution1/directives.tcl
INFO: [HLS 200-1510] Running: csim_design -quiet 
INFO: [SIM 211-2] *************** CSIM start ***************
INFO: [SIM 211-4] CSIM will launch GCC as the compiler.
INFO: [HLS 200-2036] Building debug C Simulation binaries
INFO: [SIM 211-1] CSim done with 0 errors.
INFO: [SIM 211-3] *************** CSIM finish ***************
INFO: [HLS 200-111] Finished Command csim_design CPU user time: 0 seconds. CPU system time: 0 seconds. Elapsed time: 8.094 seconds; current allocated memory: 0.508 MB.
==============================================================
Vitis HLS - High-Level Synthesis from C, C++ and OpenCL v2023.2 (64-bit)
Tool Version Limit: 2023.10
Copyright 1986-2022 Xilinx, Inc. All Rights Reserved.
Copyright 2022-2023 Advanced Micro Devices, Inc. All Rights Reserved.

==============================================================
INFO: [SYN 201-201] Setting up clock 'default' with a period of 10ns.
INFO: [HLS 200-1611] Setting target device to 'xc7z020-clg484-1'
INFO: [HLS 200-1505] Using flow_target 'vivado'
INFO: [HLS 200-1510] Running: set_part xc7z020clg484-1 
INFO: [HLS 200-1510] Running: create_clock -period 10 -name default 
INFO: [HLS 200-1510] Running: source ./maxpool_CIF_0_2/solution1/directives.tcl
INFO: [HLS 200-1510] Running: csynth_design 
INFO: [HLS 200-111] Finished File checks and directory preparation: CPU user time: 0 seconds. CPU system time: 0 seconds. Elapsed time: 0.202 seconds; current allocated memory: 122.887 MB.
INFO: [HLS 200-10] Analyzing design file 'maxPool_2.cpp' ... 
WARNING: [HLS 207-5536] 'Resource pragma' is deprecated, use 'bind_op/bind_storage pragma' instead (maxPool_2.cpp:136:9)
WARNING: [HLS 207-5536] 'Resource pragma' is deprecated, use 'bind_op/bind_storage pragma' instead (maxPool_2.cpp:138:9)
WARNING: [HLS 207-5536] 'Resource pragma' is deprecated, use 'bind_op/bind_storage pragma' instead (maxPool_2.cpp:211:9)
WARNING: [HLS 207-5536] 'Resource pragma' is deprecated, use 'bind_op/bind_storage pragma' instead (maxPool_2.cpp:212:9)
WARNING: [HLS 207-5536] 'Resource pragma' is deprecated, use 'bind_op/bind_storage pragma' instead (maxPool_2.cpp:213:9)
INFO: [HLS 200-111] Finished Source Code Analysis and Preprocessing: CPU user time: 0 seconds. CPU system time: 0 seconds. Elapsed time: 9.788 seconds; current allocated memory: 125.758 MB.
INFO: [HLS 200-777] Using interface defaults for 'Vivado' flow target.
INFO: [HLS 200-1995] There were 627 instructions in the design after the 'Compile/Link' phase of compilation. See the Design Size Report for more details: D:/Downloads/vivado2014.4/PYNQ_acc/HW/Graphic/maxpool_CIF_0_2/maxpool_CIF_0_2/solution1/syn/report/csynth_design_size.rpt
INFO: [HLS 200-1995] There were 355 instructions in the design after the 'Unroll/Inline (step 1)' phase of compilation. See the Design Size Report for more details: D:/Downloads/vivado2014.4/PYNQ_acc/HW/Graphic/maxpool_CIF_0_2/maxpool_CIF_0_2/solution1/syn/report/csynth_design_size.rpt
INFO: [HLS 200-1995] There were 255 instructions in the design after the 'Unroll/Inline (step 2)' phase of compilation. See the Design Size Report for more details: D:/Downloads/vivado2014.4/PYNQ_acc/HW/Graphic/maxpool_CIF_0_2/maxpool_CIF_0_2/solution1/syn/report/csynth_design_size.rpt
INFO: [HLS 200-1995] There were 259 instructions in the design after the 'Unroll/Inline (step 3)' phase of compilation. See the Design Size Report for more details: D:/Downloads/vivado2014.4/PYNQ_acc/HW/Graphic/maxpool_CIF_0_2/maxpool_CIF_0_2/solution1/syn/report/csynth_design_size.rpt
INFO: [HLS 200-1995] There were 258 instructions in the design after the 'Unroll/Inline (step 4)' phase of compilation. See the Design Size Report for more details: D:/Downloads/vivado2014.4/PYNQ_acc/HW/Graphic/maxpool_CIF_0_2/maxpool_CIF_0_2/solution1/syn/report/csynth_design_size.rpt
INFO: [HLS 200-1995] There were 253 instructions in the design after the 'Array/Struct (step 1)' phase of compilation. See the Design Size Report for more details: D:/Downloads/vivado2014.4/PYNQ_acc/HW/Graphic/maxpool_CIF_0_2/maxpool_CIF_0_2/solution1/syn/report/csynth_design_size.rpt
INFO: [HLS 200-1995] There were 253 instructions in the design after the 'Array/Struct (step 2)' phase of compilation. See the Design Size Report for more details: D:/Downloads/vivado2014.4/PYNQ_acc/HW/Graphic/maxpool_CIF_0_2/maxpool_CIF_0_2/solution1/syn/report/csynth_design_size.rpt
INFO: [HLS 200-1995] There were 253 instructions in the design after the 'Array/Struct (step 3)' phase of compilation. See the Design Size Report for more details: D:/Downloads/vivado2014.4/PYNQ_acc/HW/Graphic/maxpool_CIF_0_2/maxpool_CIF_0_2/solution1/syn/report/csynth_design_size.rpt
INFO: [HLS 200-1995] There were 253 instructions in the design after the 'Array/Struct (step 4)' phase of compilation. See the Design Size Report for more details: D:/Downloads/vivado2014.4/PYNQ_acc/HW/Graphic/maxpool_CIF_0_2/maxpool_CIF_0_2/solution1/syn/report/csynth_design_size.rpt
INFO: [HLS 200-1995] There were 258 instructions in the design after the 'Array/Struct (step 5)' phase of compilation. See the Design Size Report for more details: D:/Downloads/vivado2014.4/PYNQ_acc/HW/Graphic/maxpool_CIF_0_2/maxpool_CIF_0_2/solution1/syn/report/csynth_design_size.rpt
INFO: [HLS 200-1995] There were 258 instructions in the design after the 'Performance (step 1)' phase of compilation. See the Design Size Report for more details: D:/Downloads/vivado2014.4/PYNQ_acc/HW/Graphic/maxpool_CIF_0_2/maxpool_CIF_0_2/solution1/syn/report/csynth_design_size.rpt
INFO: [HLS 200-1995] There were 253 instructions in the design after the 'Performance (step 2)' phase of compilation. See the Design Size Report for more details: D:/Downloads/vivado2014.4/PYNQ_acc/HW/Graphic/maxpool_CIF_0_2/maxpool_CIF_0_2/solution1/syn/report/csynth_design_size.rpt
INFO: [HLS 200-1995] There were 470 instructions in the design after the 'Performance (step 3)' phase of compilation. See the Design Size Report for more details: D:/Downloads/vivado2014.4/PYNQ_acc/HW/Graphic/maxpool_CIF_0_2/maxpool_CIF_0_2/solution1/syn/report/csynth_design_size.rpt
INFO: [HLS 200-1995] There were 410 instructions in the design after the 'Performance (step 4)' phase of compilation. See the Design Size Report for more details: D:/Downloads/vivado2014.4/PYNQ_acc/HW/Graphic/maxpool_CIF_0_2/maxpool_CIF_0_2/solution1/syn/report/csynth_design_size.rpt
INFO: [HLS 200-1995] There were 409 instructions in the design after the 'HW Transforms (step 1)' phase of compilation. See the Design Size Report for more details: D:/Downloads/vivado2014.4/PYNQ_acc/HW/Graphic/maxpool_CIF_0_2/maxpool_CIF_0_2/solution1/syn/report/csynth_design_size.rpt
INFO: [HLS 200-1995] There were 447 instructions in the design after the 'HW Transforms (step 2)' phase of compilation. See the Design Size Report for more details: D:/Downloads/vivado2014.4/PYNQ_acc/HW/Graphic/maxpool_CIF_0_2/maxpool_CIF_0_2/solution1/syn/report/csynth_design_size.rpt
INFO: [HLS 214-186] Unrolling loop 'VITIS_LOOP_146_3' (maxPool_2.cpp:146:20) in function 'maxpool_CIF_0_2' completely with a factor of 32 (maxPool_2.cpp:77:0)
INFO: [HLS 214-186] Unrolling loop 'VITIS_LOOP_140_2' (maxPool_2.cpp:140:21) in function 'maxpool_CIF_0_2' completely with a factor of 8 (maxPool_2.cpp:77:0)
INFO: [HLS 214-376] automatically set the pipeline for Loop< VITIS_LOOP_139_1> at maxPool_2.cpp:139:20 
INFO: [HLS 214-270] Inferring pragma 'array_partition type=complete dim=2' for array 'buf' due to pipeline pragma (maxPool_2.cpp:135:6)
INFO: [HLS 214-248] Applying array_partition to 'buf': Complete partitioning on dimension 2. (maxPool_2.cpp:135:6)
INFO: [HLS 200-111] Finished Compiling Optimization and Transform: CPU user time: 0 seconds. CPU system time: 0 seconds. Elapsed time: 11.123 seconds; current allocated memory: 127.684 MB.
INFO: [HLS 200-111] Finished Checking Pragmas: CPU user time: 0 seconds. CPU system time: 0 seconds. Elapsed time: 0.014 seconds; current allocated memory: 127.684 MB.
INFO: [HLS 200-10] Starting code transformations ...
INFO: [HLS 200-111] Finished Standard Transforms: CPU user time: 0 seconds. CPU system time: 0 seconds. Elapsed time: 0.797 seconds; current allocated memory: 133.516 MB.
INFO: [HLS 200-10] Checking synthesizability ...
INFO: [HLS 200-111] Finished Checking Synthesizability: CPU user time: 0 seconds. CPU system time: 0 seconds. Elapsed time: 0.212 seconds; current allocated memory: 135.199 MB.
INFO: [HLS 200-111] Finished Loop, function and other optimizations: CPU user time: 0 seconds. CPU system time: 0 seconds. Elapsed time: 0.6 seconds; current allocated memory: 159.000 MB.
INFO: [HLS 200-2061] Successfully converted nested loops 'VITIS_LOOP_185_11'(maxPool_2.cpp:185:24) and 'VITIS_LOOP_186_12'(maxPool_2.cpp:186:25) in function 'maxpool_CIF_0_2' into perfectly nested loops.
INFO: [XFORM 203-541] Flattening a loop nest 'VITIS_LOOP_160_8' (maxPool_2.cpp:160:25) in function 'maxpool_CIF_0_2'.
INFO: [XFORM 203-541] Flattening a loop nest 'VITIS_LOOP_157_6' (maxPool_2.cpp:157:23) in function 'maxpool_CIF_0_2'.
INFO: [XFORM 203-541] Flattening a loop nest 'VITIS_LOOP_185_11' (maxPool_2.cpp:185:24) in function 'maxpool_CIF_0_2'.
INFO: [XFORM 203-541] Flattening a loop nest 'VITIS_LOOP_155_4' (maxPool_2.cpp:155:21) in function 'maxpool_CIF_0_2'.
INFO: [HLS 200-111] Finished Architecture Synthesis: CPU user time: 0 seconds. CPU system time: 0 seconds. Elapsed time: 0.442 seconds; current allocated memory: 197.938 MB.
INFO: [HLS 200-10] Starting hardware synthesis ...
INFO: [HLS 200-10] Synthesizing 'maxpool_CIF_0_2' ...
INFO: [HLS 200-10] ----------------------------------------------------------------
INFO: [HLS 200-42] -- Implementing module 'maxpool_CIF_0_2_Pipeline_VITIS_LOOP_139_1' 
INFO: [HLS 200-10] ----------------------------------------------------------------
INFO: [SCHED 204-11] Starting scheduling ...
INFO: [SCHED 204-61] Pipelining loop 'VITIS_LOOP_139_1'.
INFO: [HLS 200-1470] Pipelining result : Target II = NA, Final II = 1, Depth = 1, loop 'VITIS_LOOP_139_1'
INFO: [SCHED 204-11] Finished scheduling.
INFO: [HLS 200-111] Finished Scheduling: CPU user time: 0 seconds. CPU system time: 0 seconds. Elapsed time: 0.819 seconds; current allocated memory: 201.941 MB.
INFO: [BIND 205-100] Starting micro-architecture generation ...
INFO: [BIND 205-101] Performing variable lifetime analysis.
INFO: [BIND 205-101] Exploring resource sharing.
INFO: [BIND 205-101] Binding ...
INFO: [BIND 205-100] Finished micro-architecture generation.
INFO: [HLS 200-111] Finished Binding: CPU user time: 0 seconds. CPU system time: 0 seconds. Elapsed time: 0.233 seconds; current allocated memory: 203.129 MB.
INFO: [HLS 200-10] ----------------------------------------------------------------
INFO: [HLS 200-42] -- Implementing module 'maxpool_CIF_0_2_Pipeline_VITIS_LOOP_214_13' 
INFO: [HLS 200-10] ----------------------------------------------------------------
INFO: [SCHED 204-11] Starting scheduling ...
INFO: [SCHED 204-61] Pipelining loop 'VITIS_LOOP_214_13'.
INFO: [HLS 200-1470] Pipelining result : Target II = 1, Final II = 1, Depth = 2, loop 'VITIS_LOOP_214_13'
INFO: [SCHED 204-11] Finished scheduling.
INFO: [HLS 200-111] Finished Scheduling: CPU user time: 0 seconds. CPU system time: 0 seconds. Elapsed time: 0.14 seconds; current allocated memory: 203.656 MB.
INFO: [BIND 205-100] Starting micro-architecture generation ...
INFO: [BIND 205-101] Performing variable lifetime analysis.
INFO: [BIND 205-101] Exploring resource sharing.
INFO: [BIND 205-101] Binding ...
INFO: [BIND 205-100] Finished micro-architecture generation.
INFO: [HLS 200-111] Finished Binding: CPU user time: 0 seconds. CPU system time: 0 seconds. Elapsed time: 0.087 seconds; current allocated memory: 203.832 MB.
INFO: [HLS 200-10] ----------------------------------------------------------------
INFO: [HLS 200-42] -- Implementing module 'maxpool_CIF_0_2_Pipeline_VITIS_LOOP_160_8_VITIS_LOOP_161_9' 
INFO: [HLS 200-10] ----------------------------------------------------------------
INFO: [SCHED 204-11] Starting scheduling ...
INFO: [SCHED 204-61] Pipelining loop 'VITIS_LOOP_160_8_VITIS_LOOP_161_9'.
INFO: [HLS 200-1470] Pipelining result : Target II = 1, Final II = 1, Depth = 3, loop 'VITIS_LOOP_160_8_VITIS_LOOP_161_9'
INFO: [SCHED 204-11] Finished scheduling.
INFO: [HLS 200-111] Finished Scheduling: CPU user time: 0 seconds. CPU system time: 0 seconds. Elapsed time: 0.144 seconds; current allocated memory: 204.375 MB.
INFO: [BIND 205-100] Starting micro-architecture generation ...
INFO: [BIND 205-101] Performing variable lifetime analysis.
INFO: [BIND 205-101] Exploring resource sharing.
INFO: [BIND 205-101] Binding ...
INFO: [BIND 205-100] Finished micro-architecture generation.
INFO: [HLS 200-111] Finished Binding: CPU user time: 0 seconds. CPU system time: 0 seconds. Elapsed time: 0.1 seconds; current allocated memory: 204.473 MB.
INFO: [HLS 200-10] ----------------------------------------------------------------
INFO: [HLS 200-42] -- Implementing module 'maxpool_CIF_0_2_Pipeline_VITIS_LOOP_171_10' 
INFO: [HLS 200-10] ----------------------------------------------------------------
INFO: [SCHED 204-11] Starting scheduling ...
INFO: [SCHED 204-61] Pipelining loop 'VITIS_LOOP_171_10'.
INFO: [HLS 200-1470] Pipelining result : Target II = 1, Final II = 1, Depth = 3, loop 'VITIS_LOOP_171_10'
INFO: [SCHED 204-11] Finished scheduling.
INFO: [HLS 200-111] Finished Scheduling: CPU user time: 1 seconds. CPU system time: 0 seconds. Elapsed time: 0.346 seconds; current allocated memory: 205.246 MB.
INFO: [BIND 205-100] Starting micro-architecture generation ...
INFO: [BIND 205-101] Performing variable lifetime analysis.
INFO: [BIND 205-101] Exploring resource sharing.
INFO: [BIND 205-101] Binding ...
INFO: [BIND 205-100] Finished micro-architecture generation.
INFO: [HLS 200-111] Finished Binding: CPU user time: 0 seconds. CPU system time: 0 seconds. Elapsed time: 0.224 seconds; current allocated memory: 205.398 MB.
INFO: [HLS 200-10] ----------------------------------------------------------------
INFO: [HLS 200-42] -- Implementing module 'maxpool_CIF_0_2_Pipeline_VITIS_LOOP_185_11_VITIS_LOOP_186_12' 
INFO: [HLS 200-10] ----------------------------------------------------------------
INFO: [SCHED 204-11] Starting scheduling ...
INFO: [SCHED 204-61] Pipelining loop 'VITIS_LOOP_185_11_VITIS_LOOP_186_12'.
INFO: [HLS 200-1470] Pipelining result : Target II = 1, Final II = 1, Depth = 4, loop 'VITIS_LOOP_185_11_VITIS_LOOP_186_12'
INFO: [SCHED 204-11] Finished scheduling.
INFO: [HLS 200-111] Finished Scheduling: CPU user time: 0 seconds. CPU system time: 0 seconds. Elapsed time: 0.204 seconds; current allocated memory: 206.457 MB.
INFO: [BIND 205-100] Starting micro-architecture generation ...
INFO: [BIND 205-101] Performing variable lifetime analysis.
INFO: [BIND 205-101] Exploring resource sharing.
INFO: [BIND 205-101] Binding ...
INFO: [BIND 205-100] Finished micro-architecture generation.
INFO: [HLS 200-111] Finished Binding: CPU user time: 0 seconds. CPU system time: 0 seconds. Elapsed time: 0.111 seconds; current allocated memory: 206.602 MB.
INFO: [HLS 200-10] ----------------------------------------------------------------
INFO: [HLS 200-42] -- Implementing module 'maxpool_CIF_0_2' 
INFO: [HLS 200-10] ----------------------------------------------------------------
INFO: [SCHED 204-11] Starting scheduling ...
WARNING: [HLS 200-1015] Estimated delay Estimated delay (12.592ns)  of 'mul' operation 32 bit ('KER_size_0', maxPool_2.cpp:208) exceeds the target cycle time (target cycle time: 10.000ns, clock uncertainty: 2.700ns, effective cycle time: 7.300ns).

WARNING: [HLS 200-871] Estimated clock period (12.592 ns) exceeds the target (target clock period: 10.000 ns, clock uncertainty: 2.700 ns, effective delay budget: 7.300 ns).
WARNING: [HLS 200-1016] The critical path in module 'maxpool_CIF_0_2' consists of the following:
	'mul' operation 32 bit ('KER_size_0', maxPool_2.cpp:208) [127]  (12.592 ns)

INFO: [SCHED 204-11] Finished scheduling.
INFO: [HLS 200-111] Finished Scheduling: CPU user time: 0 seconds. CPU system time: 0 seconds. Elapsed time: 0.247 seconds; current allocated memory: 208.016 MB.
INFO: [BIND 205-100] Starting micro-architecture generation ...
INFO: [BIND 205-101] Performing variable lifetime analysis.
INFO: [BIND 205-101] Exploring resource sharing.
WARNING: [BIND 205-102] The specified resource core for memory 'acc' will be ignored if a simpler one can be used.
INFO: [BIND 205-101] Binding ...
INFO: [BIND 205-100] Finished micro-architecture generation.
INFO: [HLS 200-111] Finished Binding: CPU user time: 0 seconds. CPU system time: 0 seconds. Elapsed time: 0.166 seconds; current allocated memory: 208.234 MB.
INFO: [HLS 200-10] ----------------------------------------------------------------
INFO: [HLS 200-10] -- Generating RTL for module 'maxpool_CIF_0_2_Pipeline_VITIS_LOOP_139_1' 
INFO: [HLS 200-10] ----------------------------------------------------------------
INFO: [RTGEN 206-100] Finished creating RTL model for 'maxpool_CIF_0_2_Pipeline_VITIS_LOOP_139_1'.
INFO: [HLS 200-111] Finished Creating RTL model: CPU user time: 0 seconds. CPU system time: 0 seconds. Elapsed time: 0.272 seconds; current allocated memory: 209.961 MB.
INFO: [HLS 200-10] ----------------------------------------------------------------
INFO: [HLS 200-10] -- Generating RTL for module 'maxpool_CIF_0_2_Pipeline_VITIS_LOOP_214_13' 
INFO: [HLS 200-10] ----------------------------------------------------------------
INFO: [HLS 200-1030] Apply Unified Pipeline Control on module 'maxpool_CIF_0_2_Pipeline_VITIS_LOOP_214_13' pipeline 'VITIS_LOOP_214_13' pipeline type 'loop pipeline'
INFO: [RTGEN 206-100] Finished creating RTL model for 'maxpool_CIF_0_2_Pipeline_VITIS_LOOP_214_13'.
INFO: [HLS 200-111] Finished Creating RTL model: CPU user time: 0 seconds. CPU system time: 0 seconds. Elapsed time: 0.351 seconds; current allocated memory: 211.824 MB.
INFO: [HLS 200-10] ----------------------------------------------------------------
INFO: [HLS 200-10] -- Generating RTL for module 'maxpool_CIF_0_2_Pipeline_VITIS_LOOP_160_8_VITIS_LOOP_161_9' 
INFO: [HLS 200-10] ----------------------------------------------------------------
INFO: [HLS 200-1030] Apply Unified Pipeline Control on module 'maxpool_CIF_0_2_Pipeline_VITIS_LOOP_160_8_VITIS_LOOP_161_9' pipeline 'VITIS_LOOP_160_8_VITIS_LOOP_161_9' pipeline type 'loop pipeline'
INFO: [RTGEN 206-100] Finished creating RTL model for 'maxpool_CIF_0_2_Pipeline_VITIS_LOOP_160_8_VITIS_LOOP_161_9'.
INFO: [HLS 200-111] Finished Creating RTL model: CPU user time: 0 seconds. CPU system time: 0 seconds. Elapsed time: 0.241 seconds; current allocated memory: 212.633 MB.
INFO: [HLS 200-10] ----------------------------------------------------------------
INFO: [HLS 200-10] -- Generating RTL for module 'maxpool_CIF_0_2_Pipeline_VITIS_LOOP_171_10' 
INFO: [HLS 200-10] ----------------------------------------------------------------
INFO: [HLS 200-1030] Apply Unified Pipeline Control on module 'maxpool_CIF_0_2_Pipeline_VITIS_LOOP_171_10' pipeline 'VITIS_LOOP_171_10' pipeline type 'loop pipeline'
INFO: [RTGEN 206-100] Generating core module 'sparsemux_17_3_32_1_1': 1 instance(s).
INFO: [RTGEN 206-100] Finished creating RTL model for 'maxpool_CIF_0_2_Pipeline_VITIS_LOOP_171_10'.
INFO: [HLS 200-111] Finished Creating RTL model: CPU user time: 0 seconds. CPU system time: 0 seconds. Elapsed time: 0.359 seconds; current allocated memory: 214.188 MB.
INFO: [HLS 200-10] ----------------------------------------------------------------
INFO: [HLS 200-10] -- Generating RTL for module 'maxpool_CIF_0_2_Pipeline_VITIS_LOOP_185_11_VITIS_LOOP_186_12' 
INFO: [HLS 200-10] ----------------------------------------------------------------
INFO: [HLS 200-1030] Apply Unified Pipeline Control on module 'maxpool_CIF_0_2_Pipeline_VITIS_LOOP_185_11_VITIS_LOOP_186_12' pipeline 'VITIS_LOOP_185_11_VITIS_LOOP_186_12' pipeline type 'loop pipeline'
INFO: [RTGEN 206-100] Generating core module 'sparsemux_17_3_32_1_1': 1 instance(s).
INFO: [RTGEN 206-100] Finished creating RTL model for 'maxpool_CIF_0_2_Pipeline_VITIS_LOOP_185_11_VITIS_LOOP_186_12'.
INFO: [HLS 200-111] Finished Creating RTL model: CPU user time: 0 seconds. CPU system time: 0 seconds. Elapsed time: 0.458 seconds; current allocated memory: 216.289 MB.
INFO: [HLS 200-10] ----------------------------------------------------------------
INFO: [HLS 200-10] -- Generating RTL for module 'maxpool_CIF_0_2' 
INFO: [HLS 200-10] ----------------------------------------------------------------
WARNING: [RTGEN 206-101] Design contains AXI ports. Reset is fixed to synchronous and active low.
INFO: [RTGEN 206-500] Setting interface mode on port 'maxpool_CIF_0_2/in_r' to 'axis' (register, both mode).
INFO: [RTGEN 206-500] Setting interface mode on port 'maxpool_CIF_0_2/out_r' to 'axis' (register, both mode).
INFO: [RTGEN 206-500] Setting interface mode on function 'maxpool_CIF_0_2' to 'ap_ctrl_none'.
WARNING: [RTGEN 206-101] Register 'IFMCH_curr' is power-on initialization.
WARNING: [RTGEN 206-101] Register 'IFMDim_curr' is power-on initialization.
INFO: [RTGEN 206-100] Generating core module 'mul_31ns_32ns_63_2_1': 1 instance(s).
INFO: [RTGEN 206-100] Generating core module 'mul_32ns_31ns_63_2_1': 1 instance(s).
INFO: [RTGEN 206-100] Generating core module 'mul_32s_32s_32_1_1': 3 instance(s).
INFO: [RTGEN 206-100] Finished creating RTL model for 'maxpool_CIF_0_2'.
INFO: [RTMG 210-278] Implementing memory 'maxpool_CIF_0_2_buf_RAM_2P_LUTRAM_1R1W' using distributed RAMs.
INFO: [RTMG 210-278] Implementing memory 'maxpool_CIF_0_2_acc_RAM_2P_LUTRAM_1R1W' using distributed RAMs.
INFO: [HLS 200-111] Finished Creating RTL model: CPU user time: 0 seconds. CPU system time: 0 seconds. Elapsed time: 1.841 seconds; current allocated memory: 220.707 MB.
INFO: [HLS 200-111] Finished Generating all RTL models: CPU user time: 0 seconds. CPU system time: 1 seconds. Elapsed time: 2.119 seconds; current allocated memory: 227.125 MB.
INFO: [HLS 200-111] Finished Updating report files: CPU user time: 1 seconds. CPU system time: 1 seconds. Elapsed time: 2.082 seconds; current allocated memory: 233.066 MB.
INFO: [VHDL 208-304] Generating VHDL RTL for maxpool_CIF_0_2.
INFO: [VLOG 209-307] Generating Verilog RTL for maxpool_CIF_0_2.
INFO: [HLS 200-790] **** Loop Constraint Status: All loop constraints were satisfied.
INFO: [HLS 200-789] **** Estimated Fmax: 79.42 MHz
INFO: [HLS 200-111] Finished Command csynth_design CPU user time: 2 seconds. CPU system time: 2 seconds. Elapsed time: 34.083 seconds; current allocated memory: 110.605 MB.
==============================================================
Vitis HLS - High-Level Synthesis from C, C++ and OpenCL v2023.2 (64-bit)
Tool Version Limit: 2023.10
Copyright 1986-2022 Xilinx, Inc. All Rights Reserved.
Copyright 2022-2023 Advanced Micro Devices, Inc. All Rights Reserved.

==============================================================
INFO: [SYN 201-201] Setting up clock 'default' with a period of 10ns.
INFO: [HLS 200-1611] Setting target device to 'xc7z020-clg484-1'
INFO: [HLS 200-1505] Using flow_target 'vivado'
INFO: [HLS 200-1464] Running solution command: config_export -format=ip_catalog
INFO: [HLS 200-1464] Running solution command: config_export -output=D:/Downloads/vivado2014.4/PYNQ_acc/HW/Graphic/maxpool_CIF_0_2/ip_maxpool_2
INFO: [HLS 200-1464] Running solution command: config_export -rtl=verilog
INFO: [HLS 200-1464] Running solution command: config_export -vivado_clock=10
INFO: [HLS 200-1510] Running: set_part xc7z020clg484-1 
INFO: [HLS 200-1510] Running: create_clock -period 10 -name default 
INFO: [SYN 201-201] Setting up clock 'default' with a period of 10ns.
INFO: [HLS 200-1510] Running: config_export -format ip_catalog -output D:/Downloads/vivado2014.4/PYNQ_acc/HW/Graphic/maxpool_CIF_0_2/ip_maxpool_2 -rtl verilog -vivado_clock 10 
INFO: [HLS 200-1510] Running: source ./maxpool_CIF_0_2/solution1/directives.tcl
INFO: [HLS 200-1510] Running: export_design -flow syn -rtl verilog -format ip_catalog -output D:/Downloads/vivado2014.4/PYNQ_acc/HW/Graphic/maxpool_CIF_0_2/ip_maxpool_2 
INFO: [IMPL 213-8] Exporting RTL as a Vivado IP.
INFO: [IMPL 213-8] Starting RTL evaluation using Vivado ...
INFO: [HLS 200-802] Generated output file ip_maxpool_2/export.zip
INFO: [HLS 200-111] Finished Command export_design CPU user time: 1 seconds. CPU system time: 0 seconds. Elapsed time: 269.508 seconds; current allocated memory: 8.375 MB.
