INFO: [SIM 2] *************** CSIM start ***************
INFO: [SIM 4] CSIM will launch GCC as the compiler.
   Compiling ../../../../main.cpp in debug mode
   Compiling ../../../../stream_convolution_slideWindow.cpp in debug mode
   Generating csim.exe
status is 1 
batch_size is 1 
Ker_DIM is 5 
In_CH is 1 
In_DIM is 28 
Out_CH is 20 
Out_DIM is 24 
PadDim is 0 
result is -3407670, last signal is 16 
result is 0, last signal is 16 
result is 2, last signal is 16 
result is 0, last signal is 16 
result is 0, last signal is 16 
result is 0, last signal is 16 
result is 0, last signal is 16 
result is 0, last signal is 16 
result is -3407670, last signal is 16 
result is 0, last signal is 16 
result is 7390720, last signal is 16 
result is 0, last signal is 16 
result is 40, last signal is 16 
result is 0, last signal is 16 
result is 0, last signal is 16 
result is 0, last signal is 16 
result is 4194432, last signal is 16 
result is 0, last signal is 16 
result is 2637824, last signal is 16 
result is 0, last signal is 16 
result is 7367902, last signal is 16 
result is 0, last signal is 16 
result is 0, last signal is 16 
result is 0, last signal is 16 
result is 1441812, last signal is 16 
result is -3407670, last signal is 16 
result is 0, last signal is 16 
result is 2, last signal is 16 
result is 0, last signal is 16 
result is 0, last signal is 16 
result is 0, last signal is 16 
result is 0, last signal is 16 
result is 0, last signal is 16 
result is -3407670, last signal is 16 
result is 0, last signal is 16 
result is 7390720, last signal is 16 
result is 0, last signal is 16 
result is 40, last signal is 16 
result is 0, last signal is 16 
result is 0, last signal is 16 
result is 0, last signal is 16 
result is 4194432, last signal is 16 
result is 0, last signal is 16 
result is 2637824, last signal is 16 
result is 0, last signal is 16 
result is 7367902, last signal is 16 
result is 0, last signal is 16 
result is 0, last signal is 16 
result is 0, last signal is 16 
result is 1441812, last signal is 16 
result is -3407670, last signal is 16 
result is 0, last signal is 16 
result is 2, last signal is 16 
result is 0, last signal is 16 
result is 0, last signal is 16 
result is 0, last signal is 16 
result is 0, last signal is 16 
result is 0, last signal is 16 
result is -3407670, last signal is 16 
result is 0, last signal is 16 
result is 7390720, last signal is 16 
result is 0, last signal is 16 
result is 40, last signal is 16 
result is 0, last signal is 16 
result is 0, last signal is 16 
result is 0, last signal is 16 
result is 4194432, last signal is 16 
result is 0, last signal is 16 
result is 2637824, last signal is 16 
result is 0, last signal is 16 
result is 7367902, last signal is 16 
result is 0, last signal is 16 
result is 0, last signal is 16 
result is 0, last signal is 16 
result is 1441812, last signal is 16 
result is -3407670, last signal is 16 
result is 0, last signal is 16 
result is 2, last signal is 16 
result is 0, last signal is 16 
result is 0, last signal is 16 
result is 0, last signal is 16 
result is 0, last signal is 16 
result is 0, last signal is 16 
result is -3407670, last signal is 16 
result is 0, last signal is 16 
result is 7390720, last signal is 16 
result is 0, last signal is 16 
result is 40, last signal is 16 
result is 0, last signal is 16 
result is 0, last signal is 16 
result is 0, last signal is 16 
result is 4194432, last signal is 16 
result is 0, last signal is 16 
result is 2637824, last signal is 16 
result is 0, last signal is 16 
result is 7367902, last signal is 16 
result is 0, last signal is 16 
result is 0, last signal is 16 
result is 0, last signal is 16 
result is 1441812, last signal is 16 
result is -3407670, last signal is 16 
result is 0, last signal is 16 
result is 2, last signal is 16 
result is 0, last signal is 16 
result is 0, last signal is 16 
result is 0, last signal is 16 
result is 0, last signal is 16 
result is 0, last signal is 16 
result is -3407670, last signal is 16 
result is 0, last signal is 16 
result is 7390720, last signal is 16 
result is 0, last signal is 16 
result is 40, last signal is 16 
result is 0, last signal is 16 
result is 0, last signal is 16 
result is 0, last signal is 16 
result is 4194432, last signal is 16 
result is 0, last signal is 16 
result is 2637824, last signal is 16 
result is 0, last signal is 16 
result is 7367902, last signal is 16 
result is 0, last signal is 16 
result is 0, last signal is 16 
result is 0, last signal is 16 
result is 1441812, last signal is 16 
result is -3407670, last signal is 16 
result is 0, last signal is 16 
result is 2, last signal is 16 
result is 0, last signal is 16 
result is 0, last signal is 16 
result is 0, last signal is 16 
result is 0, last signal is 16 
result is 0, last signal is 16 
result is -3407670, last signal is 16 
result is 0, last signal is 16 
result is 7390720, last signal is 16 
result is 0, last signal is 16 
result is 40, last signal is 16 
result is 0, last signal is 16 
result is 0, last signal is 16 
result is 0, last signal is 16 
result is 4194432, last signal is 16 
result is 0, last signal is 16 
result is 2637824, last signal is 16 
result is 0, last signal is 16 
result is 7367902, last signal is 16 
result is 0, last signal is 16 
result is 0, last signal is 16 
result is 0, last signal is 16 
result is 1441812, last signal is 16 
result is -3407670, last signal is 16 
result is 0, last signal is 16 
result is 2, last signal is 16 
result is 0, last signal is 16 
result is 0, last signal is 16 
result is 0, last signal is 16 
result is 0, last signal is 16 
result is 0, last signal is 16 
result is -3407670, last signal is 16 
result is 0, last signal is 16 
result is 7390720, last signal is 16 
result is 0, last signal is 16 
result is 40, last signal is 16 
result is 0, last signal is 16 
result is 0, last signal is 16 
result is 0, last signal is 16 
result is 4194432, last signal is 16 
result is 0, last signal is 16 
result is 2637824, last signal is 16 
result is 0, last signal is 16 
result is 7367902, last signal is 16 
result is 0, last signal is 16 
result is 0, last signal is 16 
result is 0, last signal is 16 
result is 1441812, last signal is 16 
result is -3407670, last signal is 16 
result is 0, last signal is 16 
result is 2, last signal is 16 
result is 0, last signal is 16 
result is 0, last signal is 16 
result is 0, last signal is 16 
result is 0, last signal is 16 
result is 0, last signal is 16 
result is -3407670, last signal is 16 
result is 0, last signal is 16 
result is 7390720, last signal is 16 
result is 0, last signal is 16 
result is 40, last signal is 16 
result is 0, last signal is 16 
result is 0, last signal is 16 
result is 0, last signal is 16 
result is 4194432, last signal is 16 
result is 0, last signal is 16 
result is 2637824, last signal is 16 
result is 0, last signal is 16 
result is 7367902, last signal is 16 
result is 0, last signal is 16 
result is 0, last signal is 16 
result is 0, last signal is 16 
result is 1441812, last signal is 16 
result is -3407670, last signal is 16 
result is 0, last signal is 16 
result is 2, last signal is 16 
result is 0, last signal is 16 
result is 0, last signal is 16 
result is 0, last signal is 16 
result is 0, last signal is 16 
result is 0, last signal is 16 
result is -3407670, last signal is 16 
result is 0, last signal is 16 
result is 7390720, last signal is 16 
result is 0, last signal is 16 
result is 40, last signal is 16 
result is 0, last signal is 16 
result is 0, last signal is 16 
result is 0, last signal is 16 
result is 4194432, last signal is 16 
result is 0, last signal is 16 
result is 2637824, last signal is 16 
result is 0, last signal is 16 
result is 7367902, last signal is 16 
result is 0, last signal is 16 
result is 0, last signal is 16 
result is 0, last signal is 16 
result is 1441812, last signal is 16 
result is -3407670, last signal is 16 
result is 0, last signal is 16 
result is 2, last signal is 16 
result is 0, last signal is 16 
result is 0, last signal is 16 
result is 0, last signal is 16 
result is 0, last signal is 16 
result is 0, last signal is 16 
result is -3407670, last signal is 16 
result is 0, last signal is 16 
result is 7390720, last signal is 16 
result is 0, last signal is 16 
result is 40, last signal is 16 
result is 0, last signal is 16 
result is 0, last signal is 16 
result is 0, last signal is 16 
result is 4194432, last signal is 16 
result is 0, last signal is 16 
result is 2637824, last signal is 16 
result is 0, last signal is 16 
result is 7367902, last signal is 16 
result is 0, last signal is 16 
result is 0, last signal is 16 
result is 0, last signal is 16 
result is 1441812, last signal is 16 
result is -3407670, last signal is 16 
result is 0, last signal is 16 
result is 2, last signal is 16 
result is 0, last signal is 16 
result is 0, last signal is 16 
result is 0, last signal is 16 
result is 0, last signal is 16 
result is 0, last signal is 16 
result is -3407670, last signal is 16 
result is 0, last signal is 16 
result is 7390720, last signal is 16 
result is 0, last signal is 16 
result is 40, last signal is 16 
result is 0, last signal is 16 
result is 0, last signal is 16 
result is 0, last signal is 16 
result is 4194432, last signal is 16 
result is 0, last signal is 16 
result is 2637824, last signal is 16 
result is 0, last signal is 16 
result is 7367902, last signal is 16 
result is 0, last signal is 16 
result is 0, last signal is 16 
result is 0, last signal is 16 
result is 1441812, last signal is 16 
result is -3407670, last signal is 16 
result is 0, last signal is 16 
result is 2, last signal is 16 
result is 0, last signal is 16 
result is 0, last signal is 16 
result is 0, last signal is 16 
result is 0, last signal is 16 
result is 0, last signal is 16 
result is -3407670, last signal is 16 
result is 0, last signal is 16 
result is 7390720, last signal is 16 
result is 0, last signal is 16 
result is 40, last signal is 16 
result is 0, last signal is 16 
result is 0, last signal is 16 
result is 0, last signal is 16 
result is 4194432, last signal is 16 
result is 0, last signal is 16 
result is 2637824, last signal is 16 
result is 0, last signal is 16 
result is 7367902, last signal is 16 
result is 0, last signal is 16 
result is 0, last signal is 16 
result is 0, last signal is 16 
result is 1441812, last signal is 16 
result is -3407670, last signal is 16 
result is 0, last signal is 16 
result is 2, last signal is 16 
result is 0, last signal is 16 
result is 0, last signal is 16 
result is 0, last signal is 16 
result is 0, last signal is 16 
result is 0, last signal is 16 
result is -3407670, last signal is 16 
result is 0, last signal is 16 
result is 7390720, last signal is 16 
result is 0, last signal is 16 
result is 40, last signal is 16 
result is 0, last signal is 16 
result is 0, last signal is 16 
result is 0, last signal is 16 
result is 4194432, last signal is 16 
result is 0, last signal is 16 
result is 2637824, last signal is 16 
result is 0, last signal is 16 
result is 7367902, last signal is 16 
result is 0, last signal is 16 
result is 0, last signal is 16 
result is 0, last signal is 16 
result is 1441812, last signal is 16 
result is -3407670, last signal is 16 
result is 0, last signal is 16 
result is 2, last signal is 16 
result is 0, last signal is 16 
result is 0, last signal is 16 
result is 0, last signal is 16 
result is 0, last signal is 16 
result is 0, last signal is 16 
result is -3407670, last signal is 16 
result is 0, last signal is 16 
result is 7390720, last signal is 16 
result is 0, last signal is 16 
result is 40, last signal is 16 
result is 0, last signal is 16 
result is 0, last signal is 16 
result is 0, last signal is 16 
result is 4194432, last signal is 16 
result is 0, last signal is 16 
result is 2637824, last signal is 16 
result is 0, last signal is 16 
result is 7367902, last signal is 16 
result is 0, last signal is 16 
result is 0, last signal is 16 
result is 0, last signal is 16 
result is 1441812, last signal is 16 
result is -3407670, last signal is 16 
result is 0, last signal is 16 
result is 2, last signal is 16 
result is 0, last signal is 16 
result is 0, last signal is 16 
result is 0, last signal is 16 
result is 0, last signal is 16 
result is 0, last signal is 16 
result is -3407670, last signal is 16 
result is 0, last signal is 16 
result is 7390720, last signal is 16 
result is 0, last signal is 16 
result is 40, last signal is 16 
result is 0, last signal is 16 
result is 0, last signal is 16 
result is 0, last signal is 16 
result is 4194432, last signal is 16 
result is 0, last signal is 16 
result is 2637824, last signal is 16 
result is 0, last signal is 16 
result is 7367902, last signal is 16 
result is 0, last signal is 16 
result is 0, last signal is 16 
result is 0, last signal is 16 
result is 1441812, last signal is 16 
result is -3407670, last signal is 16 
result is 0, last signal is 16 
result is 2, last signal is 16 
result is 0, last signal is 16 
result is 0, last signal is 16 
result is 0, last signal is 16 
result is 0, last signal is 16 
result is 0, last signal is 16 
result is -3407670, last signal is 16 
result is 0, last signal is 16 
result is 7390720, last signal is 16 
result is 0, last signal is 16 
result is 40, last signal is 16 
result is 0, last signal is 16 
result is 0, last signal is 16 
result is 0, last signal is 16 
result is 4194432, last signal is 16 
result is 0, last signal is 16 
result is 2637824, last signal is 16 
result is 0, last signal is 16 
result is 7367902, last signal is 16 
result is 0, last signal is 16 
result is 0, last signal is 16 
result is 0, last signal is 16 
result is 1441812, last signal is 16 
result is -3407670, last signal is 16 
result is 0, last signal is 16 
result is 2, last signal is 16 
result is 0, last signal is 16 
result is 0, last signal is 16 
result is 0, last signal is 16 
result is 0, last signal is 16 
result is 0, last signal is 16 
result is -3407670, last signal is 16 
result is 0, last signal is 16 
result is 7390720, last signal is 16 
result is 0, last signal is 16 
result is 40, last signal is 16 
result is 0, last signal is 16 
result is 0, last signal is 16 
result is 0, last signal is 16 
result is 4194432, last signal is 16 
result is 0, last signal is 16 
result is 2637824, last signal is 16 
result is 0, last signal is 16 
result is 7367902, last signal is 16 
result is 0, last signal is 16 
result is 0, last signal is 16 
result is 0, last signal is 16 
result is 1441812, last signal is 16 
result is -3407670, last signal is 16 
result is 0, last signal is 16 
result is 2, last signal is 16 
result is 0, last signal is 16 
result is 0, last signal is 16 
result is 0, last signal is 16 
result is 0, last signal is 16 
result is 0, last signal is 16 
result is -3407670, last signal is 16 
result is 0, last signal is 16 
result is 7390720, last signal is 16 
result is 0, last signal is 16 
result is 40, last signal is 16 
result is 0, last signal is 16 
result is 0, last signal is 16 
result is 0, last signal is 16 
result is 4194432, last signal is 16 
result is 0, last signal is 16 
result is 2637824, last signal is 16 
result is 0, last signal is 16 
result is 7367902, last signal is 16 
result is 0, last signal is 16 
result is 0, last signal is 16 
result is 0, last signal is 16 
result is 1441812, last signal is 16 
result is -3407670, last signal is 16 
result is 0, last signal is 16 
result is 2, last signal is 16 
result is 0, last signal is 16 
result is 0, last signal is 16 
result is 0, last signal is 16 
result is 0, last signal is 16 
result is 0, last signal is 16 
result is -3407670, last signal is 16 
result is 0, last signal is 16 
result is 7390720, last signal is 16 
result is 0, last signal is 16 
result is 40, last signal is 16 
result is 0, last signal is 16 
result is 0, last signal is 16 
result is 0, last signal is 16 
result is 4194432, last signal is 16 
result is 0, last signal is 16 
result is 2637824, last signal is 16 
result is 0, last signal is 16 
result is 7367902, last signal is 16 
result is 0, last signal is 16 
result is 0, last signal is 16 
result is 0, last signal is 16 
result is 1441812, last signal is 16 
result is -3407670, last signal is 16 
result is 0, last signal is 16 
result is 2, last signal is 16 
result is 0, last signal is 16 
result is 0, last signal is 16 
result is 0, last signal is 16 
result is 0, last signal is 16 
result is 0, last signal is 16 
result is -3407670, last signal is 16 
result is 0, last signal is 16 
result is 7390720, last signal is 16 
result is 0, last signal is 16 
result is 40, last signal is 16 
result is 0, last signal is 16 
result is 0, last signal is 16 
result is 0, last signal is 16 
result is 4194432, last signal is 16 
result is 0, last signal is 16 
result is 2637824, last signal is 16 
result is 0, last signal is 16 
result is 7367902, last signal is 16 
result is 0, last signal is 16 
result is 0, last signal is 16 
result is 0, last signal is 16 
result is 1441812, last signal is 16 
500 results received 
ERROR [HLS SIM]: an hls::stream is read while empty, which may result in RTL simulation hanging.
If this is not expected, execute C simulation in debug mode in the GUI and examine the source code location of the blocked hls::stream::read() call to debug.
If this is expected, add -DALLOW_EMPTY_HLS_STREAM_READS to -cflags to turn this error into a warning and allow empty hls::stream reads to return the default value for the data type.
ERR: [SIM 100] 'csim_design' failed: nonzero return value.
INFO: [SIM 3] *************** CSIM finish ***************
