==============================================================
Vitis HLS - High-Level Synthesis from C, C++ and OpenCL v2023.2 (64-bit)
Tool Version Limit: 2023.10
Copyright 1986-2022 Xilinx, Inc. All Rights Reserved.
Copyright 2022-2023 Advanced Micro Devices, Inc. All Rights Reserved.

==============================================================
INFO: [SYN 201-201] Setting up clock 'default' with a period of 10ns.
INFO: [HLS 200-1611] Setting target device to 'xc7z020-clg484-1'
INFO: [HLS 200-1505] Using flow_target 'vivado'
INFO: [HLS 200-1510] Running: set_part xc7z020clg484-1 
INFO: [HLS 200-1510] Running: create_clock -period 10 -name default 
INFO: [SYN 201-201] Setting up clock 'default' with a period of 10ns.
INFO: [HLS 200-1510] Running: csim_design -quiet 
INFO: [SIM 211-2] *************** CSIM start ***************
INFO: [SIM 211-4] CSIM will launch GCC as the compiler.
INFO: [HLS 200-2036] Building debug C Simulation binaries
INFO: [SIM 211-1] CSim done with 0 errors.
INFO: [SIM 211-3] *************** CSIM finish ***************
INFO: [HLS 200-111] Finished Command csim_design CPU user time: 0 seconds. CPU system time: 1 seconds. Elapsed time: 10.865 seconds; current allocated memory: 0.469 MB.
==============================================================
Vitis HLS - High-Level Synthesis from C, C++ and OpenCL v2023.2 (64-bit)
Tool Version Limit: 2023.10
Copyright 1986-2022 Xilinx, Inc. All Rights Reserved.
Copyright 2022-2023 Advanced Micro Devices, Inc. All Rights Reserved.

==============================================================
INFO: [SYN 201-201] Setting up clock 'default' with a period of 10ns.
INFO: [HLS 200-1611] Setting target device to 'xc7z020-clg484-1'
INFO: [HLS 200-1505] Using flow_target 'vivado'
INFO: [HLS 200-1510] Running: set_part xc7z020clg484-1 
INFO: [HLS 200-1510] Running: create_clock -period 10 -name default 
INFO: [HLS 200-1510] Running: csynth_design 
INFO: [HLS 200-111] Finished File checks and directory preparation: CPU user time: 0 seconds. CPU system time: 0 seconds. Elapsed time: 0.213 seconds; current allocated memory: 122.988 MB.
INFO: [HLS 200-10] Analyzing design file 'stream_convolution_slideWindow.cpp' ... 
WARNING: [HLS 207-5536] 'Resource pragma' is deprecated, use 'bind_op/bind_storage pragma' instead (stream_convolution_slideWindow.cpp:136:9)
WARNING: [HLS 207-5536] 'Resource pragma' is deprecated, use 'bind_op/bind_storage pragma' instead (stream_convolution_slideWindow.cpp:154:9)
WARNING: [HLS 207-5536] 'Resource pragma' is deprecated, use 'bind_op/bind_storage pragma' instead (stream_convolution_slideWindow.cpp:159:9)
WARNING: [HLS 207-5536] 'Resource pragma' is deprecated, use 'bind_op/bind_storage pragma' instead (stream_convolution_slideWindow.cpp:239:9)
WARNING: [HLS 207-5536] 'Resource pragma' is deprecated, use 'bind_op/bind_storage pragma' instead (stream_convolution_slideWindow.cpp:240:9)
WARNING: [HLS 207-5536] 'Resource pragma' is deprecated, use 'bind_op/bind_storage pragma' instead (stream_convolution_slideWindow.cpp:241:9)
WARNING: [HLS 207-1017] unknown pragma ignored (stream_convolution_slideWindow.cpp:139:9)
INFO: [HLS 200-111] Finished Source Code Analysis and Preprocessing: CPU user time: 0 seconds. CPU system time: 0 seconds. Elapsed time: 10.843 seconds; current allocated memory: 125.379 MB.
INFO: [HLS 200-777] Using interface defaults for 'Vivado' flow target.
INFO: [HLS 200-1995] There were 646 instructions in the design after the 'Compile/Link' phase of compilation. See the Design Size Report for more details: D:/Downloads/vivado2014.4/PYNQ_acc/HW/Graphic/SCIG_CIF_0_2/SCIG_CIF_0_2/solution1/syn/report/csynth_design_size.rpt
INFO: [HLS 200-1995] There were 862 instructions in the design after the 'Unroll/Inline (step 1)' phase of compilation. See the Design Size Report for more details: D:/Downloads/vivado2014.4/PYNQ_acc/HW/Graphic/SCIG_CIF_0_2/SCIG_CIF_0_2/solution1/syn/report/csynth_design_size.rpt
INFO: [HLS 200-1995] There were 774 instructions in the design after the 'Unroll/Inline (step 2)' phase of compilation. See the Design Size Report for more details: D:/Downloads/vivado2014.4/PYNQ_acc/HW/Graphic/SCIG_CIF_0_2/SCIG_CIF_0_2/solution1/syn/report/csynth_design_size.rpt
INFO: [HLS 200-1995] There were 712 instructions in the design after the 'Unroll/Inline (step 3)' phase of compilation. See the Design Size Report for more details: D:/Downloads/vivado2014.4/PYNQ_acc/HW/Graphic/SCIG_CIF_0_2/SCIG_CIF_0_2/solution1/syn/report/csynth_design_size.rpt
INFO: [HLS 200-1995] There were 708 instructions in the design after the 'Unroll/Inline (step 4)' phase of compilation. See the Design Size Report for more details: D:/Downloads/vivado2014.4/PYNQ_acc/HW/Graphic/SCIG_CIF_0_2/SCIG_CIF_0_2/solution1/syn/report/csynth_design_size.rpt
INFO: [HLS 200-1995] There were 707 instructions in the design after the 'Array/Struct (step 1)' phase of compilation. See the Design Size Report for more details: D:/Downloads/vivado2014.4/PYNQ_acc/HW/Graphic/SCIG_CIF_0_2/SCIG_CIF_0_2/solution1/syn/report/csynth_design_size.rpt
INFO: [HLS 200-1995] There were 707 instructions in the design after the 'Array/Struct (step 2)' phase of compilation. See the Design Size Report for more details: D:/Downloads/vivado2014.4/PYNQ_acc/HW/Graphic/SCIG_CIF_0_2/SCIG_CIF_0_2/solution1/syn/report/csynth_design_size.rpt
INFO: [HLS 200-1995] There were 707 instructions in the design after the 'Array/Struct (step 3)' phase of compilation. See the Design Size Report for more details: D:/Downloads/vivado2014.4/PYNQ_acc/HW/Graphic/SCIG_CIF_0_2/SCIG_CIF_0_2/solution1/syn/report/csynth_design_size.rpt
INFO: [HLS 200-1995] There were 707 instructions in the design after the 'Array/Struct (step 4)' phase of compilation. See the Design Size Report for more details: D:/Downloads/vivado2014.4/PYNQ_acc/HW/Graphic/SCIG_CIF_0_2/SCIG_CIF_0_2/solution1/syn/report/csynth_design_size.rpt
INFO: [HLS 200-1995] There were 709 instructions in the design after the 'Array/Struct (step 5)' phase of compilation. See the Design Size Report for more details: D:/Downloads/vivado2014.4/PYNQ_acc/HW/Graphic/SCIG_CIF_0_2/SCIG_CIF_0_2/solution1/syn/report/csynth_design_size.rpt
INFO: [HLS 200-1995] There were 709 instructions in the design after the 'Performance (step 1)' phase of compilation. See the Design Size Report for more details: D:/Downloads/vivado2014.4/PYNQ_acc/HW/Graphic/SCIG_CIF_0_2/SCIG_CIF_0_2/solution1/syn/report/csynth_design_size.rpt
INFO: [HLS 200-1995] There were 707 instructions in the design after the 'Performance (step 2)' phase of compilation. See the Design Size Report for more details: D:/Downloads/vivado2014.4/PYNQ_acc/HW/Graphic/SCIG_CIF_0_2/SCIG_CIF_0_2/solution1/syn/report/csynth_design_size.rpt
INFO: [HLS 200-1995] There were 707 instructions in the design after the 'Performance (step 3)' phase of compilation. See the Design Size Report for more details: D:/Downloads/vivado2014.4/PYNQ_acc/HW/Graphic/SCIG_CIF_0_2/SCIG_CIF_0_2/solution1/syn/report/csynth_design_size.rpt
INFO: [HLS 200-1995] There were 707 instructions in the design after the 'Performance (step 4)' phase of compilation. See the Design Size Report for more details: D:/Downloads/vivado2014.4/PYNQ_acc/HW/Graphic/SCIG_CIF_0_2/SCIG_CIF_0_2/solution1/syn/report/csynth_design_size.rpt
INFO: [HLS 200-1995] There were 740 instructions in the design after the 'HW Transforms (step 1)' phase of compilation. See the Design Size Report for more details: D:/Downloads/vivado2014.4/PYNQ_acc/HW/Graphic/SCIG_CIF_0_2/SCIG_CIF_0_2/solution1/syn/report/csynth_design_size.rpt
INFO: [HLS 200-1995] There were 869 instructions in the design after the 'HW Transforms (step 2)' phase of compilation. See the Design Size Report for more details: D:/Downloads/vivado2014.4/PYNQ_acc/HW/Graphic/SCIG_CIF_0_2/SCIG_CIF_0_2/solution1/syn/report/csynth_design_size.rpt
INFO: [HLS 214-291] Loop 'VITIS_LOOP_169_3' is marked as complete unroll implied by the pipeline pragma (stream_convolution_slideWindow.cpp:169:24)
INFO: [HLS 214-291] Loop 'VITIS_LOOP_162_2' is marked as complete unroll implied by the pipeline pragma (stream_convolution_slideWindow.cpp:162:24)
INFO: [HLS 214-291] Loop 'VITIS_LOOP_176_4' is marked as complete unroll implied by the pipeline pragma (stream_convolution_slideWindow.cpp:176:23)
INFO: [HLS 214-291] Loop 'VITIS_LOOP_197_5' is marked as complete unroll implied by the pipeline pragma (stream_convolution_slideWindow.cpp:197:23)
INFO: [HLS 214-186] Unrolling loop 'VITIS_LOOP_169_3' (stream_convolution_slideWindow.cpp:169:24) in function 'SCIG_CIF_0_2' completely with a factor of 32 (stream_convolution_slideWindow.cpp:66:0)
INFO: [HLS 214-186] Unrolling loop 'VITIS_LOOP_162_2' (stream_convolution_slideWindow.cpp:162:24) in function 'SCIG_CIF_0_2' completely with a factor of 32 (stream_convolution_slideWindow.cpp:66:0)
INFO: [HLS 214-186] Unrolling loop 'VITIS_LOOP_176_4' (stream_convolution_slideWindow.cpp:176:23) in function 'SCIG_CIF_0_2' completely with a factor of 32 (stream_convolution_slideWindow.cpp:66:0)
INFO: [HLS 214-186] Unrolling loop 'VITIS_LOOP_197_5' (stream_convolution_slideWindow.cpp:197:23) in function 'SCIG_CIF_0_2' completely with a factor of 32 (stream_convolution_slideWindow.cpp:66:0)
INFO: [HLS 200-111] Finished Compiling Optimization and Transform: CPU user time: 0 seconds. CPU system time: 1 seconds. Elapsed time: 10.681 seconds; current allocated memory: 127.320 MB.
INFO: [HLS 200-111] Finished Checking Pragmas: CPU user time: 0 seconds. CPU system time: 0 seconds. Elapsed time: 0.01 seconds; current allocated memory: 127.320 MB.
INFO: [HLS 200-10] Starting code transformations ...
INFO: [HLS 200-111] Finished Standard Transforms: CPU user time: 0 seconds. CPU system time: 0 seconds. Elapsed time: 0.896 seconds; current allocated memory: 133.824 MB.
INFO: [HLS 200-10] Checking synthesizability ...
INFO: [HLS 200-111] Finished Checking Synthesizability: CPU user time: 0 seconds. CPU system time: 0 seconds. Elapsed time: 0.245 seconds; current allocated memory: 135.676 MB.
INFO: [XFORM 203-11] Balancing expressions in function 'SCIG_CIF_0_2' (stream_convolution_slideWindow.cpp:66)...3 expression(s) balanced.
INFO: [HLS 200-111] Finished Loop, function and other optimizations: CPU user time: 0 seconds. CPU system time: 0 seconds. Elapsed time: 0.517 seconds; current allocated memory: 159.602 MB.
INFO: [HLS 200-111] Finished Architecture Synthesis: CPU user time: 1 seconds. CPU system time: 0 seconds. Elapsed time: 0.636 seconds; current allocated memory: 176.570 MB.
INFO: [HLS 200-10] Starting hardware synthesis ...
INFO: [HLS 200-10] Synthesizing 'SCIG_CIF_0_2' ...
INFO: [HLS 200-10] ----------------------------------------------------------------
INFO: [HLS 200-42] -- Implementing module 'SCIG_CIF_0_2_Pipeline_VITIS_LOOP_242_6' 
INFO: [HLS 200-10] ----------------------------------------------------------------
INFO: [SCHED 204-11] Starting scheduling ...
INFO: [SCHED 204-61] Pipelining loop 'VITIS_LOOP_242_6'.
INFO: [HLS 200-1470] Pipelining result : Target II = 1, Final II = 1, Depth = 2, loop 'VITIS_LOOP_242_6'
INFO: [SCHED 204-11] Finished scheduling.
INFO: [HLS 200-111] Finished Scheduling: CPU user time: 0 seconds. CPU system time: 0 seconds. Elapsed time: 0.824 seconds; current allocated memory: 180.902 MB.
INFO: [BIND 205-100] Starting micro-architecture generation ...
INFO: [BIND 205-101] Performing variable lifetime analysis.
INFO: [BIND 205-101] Exploring resource sharing.
INFO: [BIND 205-101] Binding ...
INFO: [BIND 205-100] Finished micro-architecture generation.
INFO: [HLS 200-111] Finished Binding: CPU user time: 0 seconds. CPU system time: 0 seconds. Elapsed time: 0.248 seconds; current allocated memory: 182.211 MB.
INFO: [HLS 200-10] ----------------------------------------------------------------
INFO: [HLS 200-42] -- Implementing module 'SCIG_CIF_0_2_Pipeline_VITIS_LOOP_155_1' 
INFO: [HLS 200-10] ----------------------------------------------------------------
INFO: [SCHED 204-11] Starting scheduling ...
INFO: [SCHED 204-61] Pipelining loop 'VITIS_LOOP_155_1'.
WARNING: [HLS 200-880] The II Violation in module 'SCIG_CIF_0_2_Pipeline_VITIS_LOOP_155_1' (loop 'VITIS_LOOP_155_1'): Unable to enforce a carried dependence constraint (II = 1, distance = 1, offset = 1) between axis read operation ('in_r_read_1', stream_convolution_slideWindow.cpp:171) on port 'in_r' (stream_convolution_slideWindow.cpp:171) and axis read operation ('in_r_read', stream_convolution_slideWindow.cpp:171) on port 'in_r' (stream_convolution_slideWindow.cpp:171).
WARNING: [HLS 200-880] The II Violation in module 'SCIG_CIF_0_2_Pipeline_VITIS_LOOP_155_1' (loop 'VITIS_LOOP_155_1'): Unable to enforce a carried dependence constraint (II = 2, distance = 1, offset = 1) between axis read operation ('in_r_read_2', stream_convolution_slideWindow.cpp:171) on port 'in_r' (stream_convolution_slideWindow.cpp:171) and axis read operation ('in_r_read', stream_convolution_slideWindow.cpp:171) on port 'in_r' (stream_convolution_slideWindow.cpp:171).
WARNING: [HLS 200-880] The II Violation in module 'SCIG_CIF_0_2_Pipeline_VITIS_LOOP_155_1' (loop 'VITIS_LOOP_155_1'): Unable to enforce a carried dependence constraint (II = 3, distance = 1, offset = 1) between axis read operation ('in_r_read_3', stream_convolution_slideWindow.cpp:171) on port 'in_r' (stream_convolution_slideWindow.cpp:171) and axis read operation ('in_r_read', stream_convolution_slideWindow.cpp:171) on port 'in_r' (stream_convolution_slideWindow.cpp:171).
WARNING: [HLS 200-880] The II Violation in module 'SCIG_CIF_0_2_Pipeline_VITIS_LOOP_155_1' (loop 'VITIS_LOOP_155_1'): Unable to enforce a carried dependence constraint (II = 4, distance = 1, offset = 1) between axis read operation ('in_r_read_4', stream_convolution_slideWindow.cpp:171) on port 'in_r' (stream_convolution_slideWindow.cpp:171) and axis read operation ('in_r_read', stream_convolution_slideWindow.cpp:171) on port 'in_r' (stream_convolution_slideWindow.cpp:171).
WARNING: [HLS 200-880] The II Violation in module 'SCIG_CIF_0_2_Pipeline_VITIS_LOOP_155_1' (loop 'VITIS_LOOP_155_1'): Unable to enforce a carried dependence constraint (II = 19, distance = 1, offset = 1) between axis read operation ('in_r_read_19', stream_convolution_slideWindow.cpp:171) on port 'in_r' (stream_convolution_slideWindow.cpp:171) and axis read operation ('in_r_read', stream_convolution_slideWindow.cpp:171) on port 'in_r' (stream_convolution_slideWindow.cpp:171).
WARNING: [HLS 200-880] The II Violation in module 'SCIG_CIF_0_2_Pipeline_VITIS_LOOP_155_1' (loop 'VITIS_LOOP_155_1'): Unable to enforce a carried dependence constraint (II = 27, distance = 1, offset = 1) between axis read operation ('in_r_read_27', stream_convolution_slideWindow.cpp:171) on port 'in_r' (stream_convolution_slideWindow.cpp:171) and axis read operation ('in_r_read', stream_convolution_slideWindow.cpp:171) on port 'in_r' (stream_convolution_slideWindow.cpp:171).
WARNING: [HLS 200-880] The II Violation in module 'SCIG_CIF_0_2_Pipeline_VITIS_LOOP_155_1' (loop 'VITIS_LOOP_155_1'): Unable to enforce a carried dependence constraint (II = 31, distance = 1, offset = 1) between axis read operation ('in_r_read_31', stream_convolution_slideWindow.cpp:171) on port 'in_r' (stream_convolution_slideWindow.cpp:171) and axis read operation ('in_r_read', stream_convolution_slideWindow.cpp:171) on port 'in_r' (stream_convolution_slideWindow.cpp:171).
INFO: [HLS 200-1470] Pipelining result : Target II = 1, Final II = 32, Depth = 37, loop 'VITIS_LOOP_155_1'
WARNING: [HLS 200-871] Estimated clock period (7.670 ns) exceeds the target (target clock period: 10.000 ns, clock uncertainty: 2.700 ns, effective delay budget: 7.300 ns).
WARNING: [HLS 200-1016] The critical path in module 'SCIG_CIF_0_2_Pipeline_VITIS_LOOP_155_1' consists of the following:
	'load' operation 32 bit ('inp_j', stream_convolution_slideWindow.cpp:181) on local variable 'inp_j', stream_convolution_slideWindow.cpp:149 [32]  (0.000 ns)
	'add' operation 32 bit ('inp_j', stream_convolution_slideWindow.cpp:181) [375]  (2.552 ns)
	'icmp' operation 1 bit ('icmp_ln182', stream_convolution_slideWindow.cpp:182) [376]  (2.552 ns)
	'store' operation 0 bit ('inp_j_write_ln149', stream_convolution_slideWindow.cpp:149) of variable 'inp_j', stream_convolution_slideWindow.cpp:181 on local variable 'inp_j', stream_convolution_slideWindow.cpp:149 [379]  (1.588 ns)
	blocking operation 0.978 ns on control path)

INFO: [SCHED 204-11] Finished scheduling.
INFO: [HLS 200-111] Finished Scheduling: CPU user time: 1 seconds. CPU system time: 0 seconds. Elapsed time: 2.65 seconds; current allocated memory: 199.074 MB.
INFO: [BIND 205-100] Starting micro-architecture generation ...
INFO: [BIND 205-101] Performing variable lifetime analysis.
INFO: [BIND 205-101] Exploring resource sharing.
INFO: [BIND 205-101] Binding ...
INFO: [BIND 205-100] Finished micro-architecture generation.
INFO: [HLS 200-111] Finished Binding: CPU user time: 0 seconds. CPU system time: 0 seconds. Elapsed time: 0.292 seconds; current allocated memory: 199.074 MB.
INFO: [HLS 200-10] ----------------------------------------------------------------
INFO: [HLS 200-42] -- Implementing module 'SCIG_CIF_0_2' 
INFO: [HLS 200-10] ----------------------------------------------------------------
INFO: [SCHED 204-11] Starting scheduling ...
WARNING: [HLS 200-1015] Estimated delay Estimated delay (12.592ns)  of 'mul' operation 32 bit ('KER_size_0', stream_convolution_slideWindow.cpp:236) exceeds the target cycle time (target cycle time: 10.000ns, clock uncertainty: 2.700ns, effective cycle time: 7.300ns).

WARNING: [HLS 200-871] Estimated clock period (12.592 ns) exceeds the target (target clock period: 10.000 ns, clock uncertainty: 2.700 ns, effective delay budget: 7.300 ns).
WARNING: [HLS 200-1016] The critical path in module 'SCIG_CIF_0_2' consists of the following:
	'mul' operation 32 bit ('KER_size_0', stream_convolution_slideWindow.cpp:236) [40]  (12.592 ns)

INFO: [SCHED 204-11] Finished scheduling.
INFO: [HLS 200-111] Finished Scheduling: CPU user time: 0 seconds. CPU system time: 0 seconds. Elapsed time: 0.364 seconds; current allocated memory: 199.074 MB.
INFO: [BIND 205-100] Starting micro-architecture generation ...
INFO: [BIND 205-101] Performing variable lifetime analysis.
INFO: [BIND 205-101] Exploring resource sharing.
INFO: [BIND 205-101] Binding ...
INFO: [BIND 205-100] Finished micro-architecture generation.
INFO: [HLS 200-111] Finished Binding: CPU user time: 0 seconds. CPU system time: 0 seconds. Elapsed time: 0.137 seconds; current allocated memory: 199.074 MB.
INFO: [HLS 200-10] ----------------------------------------------------------------
INFO: [HLS 200-10] -- Generating RTL for module 'SCIG_CIF_0_2_Pipeline_VITIS_LOOP_242_6' 
INFO: [HLS 200-10] ----------------------------------------------------------------
INFO: [HLS 200-1030] Apply Unified Pipeline Control on module 'SCIG_CIF_0_2_Pipeline_VITIS_LOOP_242_6' pipeline 'VITIS_LOOP_242_6' pipeline type 'loop pipeline'
INFO: [RTGEN 206-100] Finished creating RTL model for 'SCIG_CIF_0_2_Pipeline_VITIS_LOOP_242_6'.
INFO: [HLS 200-111] Finished Creating RTL model: CPU user time: 0 seconds. CPU system time: 0 seconds. Elapsed time: 0.369 seconds; current allocated memory: 199.074 MB.
INFO: [HLS 200-10] ----------------------------------------------------------------
INFO: [HLS 200-10] -- Generating RTL for module 'SCIG_CIF_0_2_Pipeline_VITIS_LOOP_155_1' 
INFO: [HLS 200-10] ----------------------------------------------------------------
INFO: [HLS 200-1030] Apply Unified Pipeline Control on module 'SCIG_CIF_0_2_Pipeline_VITIS_LOOP_155_1' pipeline 'VITIS_LOOP_155_1' pipeline type 'loop pipeline'
INFO: [RTGEN 206-100] Finished creating RTL model for 'SCIG_CIF_0_2_Pipeline_VITIS_LOOP_155_1'.
INFO: [RTMG 210-278] Implementing memory 'SCIG_CIF_0_2_SCIG_CIF_0_2_Pipeline_VITIS_LOOP_155_1_inputBuf_RAM_AUTO_1R1W' using auto RAMs.
INFO: [HLS 200-111] Finished Creating RTL model: CPU user time: 0 seconds. CPU system time: 0 seconds. Elapsed time: 2.433 seconds; current allocated memory: 199.836 MB.
INFO: [HLS 200-10] ----------------------------------------------------------------
INFO: [HLS 200-10] -- Generating RTL for module 'SCIG_CIF_0_2' 
INFO: [HLS 200-10] ----------------------------------------------------------------
WARNING: [RTGEN 206-101] Design contains AXI ports. Reset is fixed to synchronous and active low.
INFO: [RTGEN 206-500] Setting interface mode on port 'SCIG_CIF_0_2/in_r' to 'axis' (register, both mode).
INFO: [RTGEN 206-500] Setting interface mode on port 'SCIG_CIF_0_2/out_r' to 'axis' (register, both mode).
INFO: [RTGEN 206-500] Setting interface mode on port 'SCIG_CIF_0_2/padValue' to 'ap_none'.
INFO: [RTGEN 206-500] Setting interface mode on function 'SCIG_CIF_0_2' to 'ap_ctrl_none'.
INFO: [RTGEN 206-100] Generating core module 'mul_32s_14ns_32_2_1': 1 instance(s).
INFO: [RTGEN 206-100] Generating core module 'mul_32s_32s_32_1_1': 3 instance(s).
INFO: [RTGEN 206-100] Finished creating RTL model for 'SCIG_CIF_0_2'.
INFO: [RTMG 210-278] Implementing memory 'SCIG_CIF_0_2_inElem_RAM_S2P_LUTRAM_1R1W' using distributed RAMs.
INFO: [HLS 200-111] Finished Creating RTL model: CPU user time: 1 seconds. CPU system time: 2 seconds. Elapsed time: 4.171 seconds; current allocated memory: 208.043 MB.
INFO: [HLS 200-111] Finished Generating all RTL models: CPU user time: 0 seconds. CPU system time: 0 seconds. Elapsed time: 1.432 seconds; current allocated memory: 210.195 MB.
INFO: [HLS 200-111] Finished Updating report files: CPU user time: 0 seconds. CPU system time: 1 seconds. Elapsed time: 2.198 seconds; current allocated memory: 215.520 MB.
INFO: [VHDL 208-304] Generating VHDL RTL for SCIG_CIF_0_2.
INFO: [VLOG 209-307] Generating Verilog RTL for SCIG_CIF_0_2.
INFO: [HLS 200-790] **** Loop Constraint Status: All loop constraints were NOT satisfied.
INFO: [HLS 200-789] **** Estimated Fmax: 79.42 MHz
INFO: [HLS 200-111] Finished Command csynth_design CPU user time: 3 seconds. CPU system time: 4 seconds. Elapsed time: 39.405 seconds; current allocated memory: 92.789 MB.
==============================================================
Vitis HLS - High-Level Synthesis from C, C++ and OpenCL v2023.2 (64-bit)
Tool Version Limit: 2023.10
Copyright 1986-2022 Xilinx, Inc. All Rights Reserved.
Copyright 2022-2023 Advanced Micro Devices, Inc. All Rights Reserved.

==============================================================
INFO: [SYN 201-201] Setting up clock 'default' with a period of 10ns.
INFO: [HLS 200-1611] Setting target device to 'xc7z020-clg484-1'
INFO: [HLS 200-1505] Using flow_target 'vivado'
INFO: [HLS 200-1464] Running solution command: config_export -format=ip_catalog
INFO: [HLS 200-1464] Running solution command: config_export -output=D:/Downloads/vivado2014.4/PYNQ_acc/HW/Graphic/SCIG_CIF_0_2/ip_scig_2
INFO: [HLS 200-1464] Running solution command: config_export -rtl=verilog
INFO: [HLS 200-1464] Running solution command: config_export -vivado_clock=10
INFO: [HLS 200-1510] Running: set_part xc7z020clg484-1 
INFO: [HLS 200-1510] Running: create_clock -period 10 -name default 
INFO: [SYN 201-201] Setting up clock 'default' with a period of 10ns.
INFO: [HLS 200-1510] Running: config_export -format ip_catalog -output D:/Downloads/vivado2014.4/PYNQ_acc/HW/Graphic/SCIG_CIF_0_2/ip_scig_2 -rtl verilog -vivado_clock 10 
INFO: [HLS 200-1510] Running: export_design -flow syn -rtl verilog -format ip_catalog -output D:/Downloads/vivado2014.4/PYNQ_acc/HW/Graphic/SCIG_CIF_0_2/ip_scig_2 
INFO: [IMPL 213-8] Exporting RTL as a Vivado IP.
INFO: [IMPL 213-8] Starting RTL evaluation using Vivado ...
INFO: [HLS 200-802] Generated output file ip_scig_2/export.zip
INFO: [HLS 200-111] Finished Command export_design CPU user time: 1 seconds. CPU system time: 1 seconds. Elapsed time: 352.878 seconds; current allocated memory: 8.383 MB.
