================================================================
== Vivado RTL Synthesis Results
================================================================
+ General Information:
    * Date:            Mon Oct 28 10:11:19 +0700 2024
    * Version:         2023.2 (Build 4023990 on Oct 11 2023)
    * Project:         FC_CIF_0_1
    * Solution:        solution1 (Vivado IP Flow Target)
    * Product family:  zynq
    * Target device:   xc7z020-clg484-1


================================================================
== Run Constraints & Options
================================================================
+ Design Constraints & Options:
    * RTL Synthesis target clock:  10 ns
    * C-Synthesis target clock:    10 ns
    * C-Synthesis uncertainty:     27%

+ RTL Synthesis Options:
    * config_export -vivado_synth_strategy:     default
    * config_export -vivado_synth_design_args:  -directive sdx_optimization_effort_high

+ Reporting Options:
    * config_export -vivado_report_level:      2
    * config_export -vivado_max_timing_paths:  10


================================================================
== RTL Synthesis Resource Summary
================================================================
LUT:              3876
FF:               1930
DSP:              42
BRAM:             64
URAM:             0
SRL:              4


================================================================
== RTL Synthesis Timing Summary
================================================================
* Timing was met
+----------------+-------------+
| Timing         | Period (ns) |
+----------------+-------------+
| Target         | 10.000      |
| Post-Synthesis | 9.589       |
+----------------+-------------+


================================================================
== RTL Synthesis Resources
================================================================
+------------------------------------------------------------------------+------+------+-----+------+------+-----+--------+------+---------+----------+--------+
| Name                                                                   | LUT  | FF   | DSP | BRAM | URAM | SRL | Pragma | Impl | Latency | Variable | Source |
+------------------------------------------------------------------------+------+------+-----+------+------+-----+--------+------+---------+----------+--------+
| inst                                                                   | 3876 | 1930 | 42  | 64   |      |     |        |      |         |          |        |
|   (inst)                                                               | 175  | 866  |     |      |      |     |        |      |         |          |        |
|   FC_CIF_0_1_hls_stream_AXI_VAL_0_hls_stream_AXI_VAL_0_A_0_U           | 16   |      |     |      |      |     |        |      |         |          |        |
|   FC_CIF_0_1_hls_stream_AXI_VAL_0_hls_stream_AXI_VAL_0_A_U             | 16   |      |     |      |      |     |        |      |         |          |        |
|   FC_CIF_0_1_stream_AXI_VAL_0_stream_AXI_VAL_0_A_0_U                   | 16   |      |     |      |      |     |        |      |         |          |        |
|   FC_CIF_0_1_stream_AXI_VAL_0_stream_AXI_VAL_0_A_1_0_U                 | 16   |      |     |      |      |     |        |      |         |          |        |
|   FC_CIF_0_1_stream_AXI_VAL_0_stream_AXI_VAL_0_A_2_0_U                 | 16   |      |     |      |      |     |        |      |         |          |        |
|   FC_CIF_0_1_stream_AXI_VAL_0_stream_AXI_VAL_0_A_3_0_U                 | 16   |      |     |      |      |     |        |      |         |          |        |
|   FC_CIF_0_1_stream_AXI_VAL_0_stream_AXI_VAL_0_A_4_0_U                 | 16   |      |     |      |      |     |        |      |         |          |        |
|   FC_CIF_0_1_stream_AXI_VAL_0_stream_AXI_VAL_0_A_5_0_U                 | 16   |      |     |      |      |     |        |      |         |          |        |
|   FC_CIF_0_1_stream_AXI_VAL_0_stream_AXI_VAL_0_A_6_0_U                 | 16   |      |     |      |      |     |        |      |         |          |        |
|   FC_CIF_0_1_stream_AXI_VAL_0_stream_AXI_VAL_0_A_7_0_U                 | 16   |      |     |      |      |     |        |      |         |          |        |
|   FC_CIF_0_1_stream_AXI_VAL_0_stream_AXI_VAL_0_A_8_0_U                 | 16   |      |     |      |      |     |        |      |         |          |        |
|   FC_CIF_0_1_stream_AXI_VAL_0_stream_AXI_VAL_0_A_9_0_U                 | 16   |      |     |      |      |     |        |      |         |          |        |
|   FC_CIF_0_1_stream_AXI_VAL_0_stream_AXI_VAL_0_B_10_U                  |      |      |     | 2    |      |     |        |      |         |          |        |
|   FC_CIF_0_1_stream_AXI_VAL_0_stream_AXI_VAL_0_B_11_U                  |      |      |     | 2    |      |     |        |      |         |          |        |
|   FC_CIF_0_1_stream_AXI_VAL_0_stream_AXI_VAL_0_B_12_U                  |      |      |     | 2    |      |     |        |      |         |          |        |
|   FC_CIF_0_1_stream_AXI_VAL_0_stream_AXI_VAL_0_B_13_U                  |      |      |     | 2    |      |     |        |      |         |          |        |
|   FC_CIF_0_1_stream_AXI_VAL_0_stream_AXI_VAL_0_B_14_U                  |      |      |     | 2    |      |     |        |      |         |          |        |
|   FC_CIF_0_1_stream_AXI_VAL_0_stream_AXI_VAL_0_B_15_U                  |      |      |     | 2    |      |     |        |      |         |          |        |
|   FC_CIF_0_1_stream_AXI_VAL_0_stream_AXI_VAL_0_B_16_U                  |      |      |     | 2    |      |     |        |      |         |          |        |
|   FC_CIF_0_1_stream_AXI_VAL_0_stream_AXI_VAL_0_B_17_U                  |      |      |     | 2    |      |     |        |      |         |          |        |
|   FC_CIF_0_1_stream_AXI_VAL_0_stream_AXI_VAL_0_B_18_U                  |      |      |     | 2    |      |     |        |      |         |          |        |
|   FC_CIF_0_1_stream_AXI_VAL_0_stream_AXI_VAL_0_B_U                     |      |      |     | 2    |      |     |        |      |         |          |        |
|   grp_FC_CIF_0_1_Pipeline_L2_L3_fu_307                                 | 475  | 499  | 32  |      |      |     |        |      |         |          |        |
|     (grp_FC_CIF_0_1_Pipeline_L2_L3_fu_307)                             | 465  | 497  |     |      |      |     |        |      |         |          |        |
|     flow_control_loop_pipe_sequential_init_U                           | 6    | 2    |     |      |      |     |        |      |         |          |        |
|     mac_muladd_16s_16s_32s_32_4_1_U51                                  |      |      | 2   |      |      |     |        |      |         |          |        |
|     mac_muladd_16s_16s_32s_32_4_1_U52                                  |      |      | 2   |      |      |     |        |      |         |          |        |
|     mac_muladd_16s_16s_32s_32_4_1_U53                                  | 1    |      | 2   |      |      |     |        |      |         |          |        |
|     mac_muladd_16s_16s_32s_32_4_1_U54                                  | 1    |      | 2   |      |      |     |        |      |         |          |        |
|     mac_muladd_16s_16s_32s_32_4_1_U55                                  |      |      | 2   |      |      |     |        |      |         |          |        |
|     mac_muladd_16s_16s_32s_32_4_1_U56                                  | 1    |      | 2   |      |      |     |        |      |         |          |        |
|     mac_muladd_16s_16s_32s_32_4_1_U57                                  | 1    |      | 2   |      |      |     |        |      |         |          |        |
|     mac_muladd_16s_16s_32s_32_4_1_U58                                  |      |      | 2   |      |      |     |        |      |         |          |        |
|     mac_muladd_16s_16s_32s_32_4_1_U59                                  |      |      | 2   |      |      |     |        |      |         |          |        |
|     mac_muladd_16s_16s_32s_32_4_1_U60                                  |      |      | 2   |      |      |     |        |      |         |          |        |
|     mac_muladd_16s_16s_32s_32_4_1_U61                                  |      |      | 2   |      |      |     |        |      |         |          |        |
|     mac_muladd_16s_16s_32s_32_4_1_U62                                  |      |      | 2   |      |      |     |        |      |         |          |        |
|     mac_muladd_16s_16s_32s_32_4_1_U63                                  |      |      | 2   |      |      |     |        |      |         |          |        |
|     mac_muladd_16s_16s_32s_32_4_1_U64                                  |      |      | 2   |      |      |     |        |      |         |          |        |
|     mac_muladd_16s_16s_32s_32_4_1_U65                                  |      |      | 2   |      |      |     |        |      |         |          |        |
|     mac_muladd_16s_16s_32s_32_4_1_U66                                  |      |      | 2   |      |      |     |        |      |         |          |        |
|   grp_FC_CIF_0_1_Pipeline_VITIS_LOOP_104_1_VITIS_LOOP_105_2_fu_444     | 225  | 121  |     |      |      |     |        |      |         |          |        |
|     (grp_FC_CIF_0_1_Pipeline_VITIS_LOOP_104_1_VITIS_LOOP_105_2_fu_444) | 214  | 119  |     |      |      |     |        |      |         |          |        |
|     flow_control_loop_pipe_sequential_init_U                           | 11   | 2    |     |      |      |     |        |      |         |          |        |
|   grp_FC_CIF_0_1_Pipeline_VITIS_LOOP_140_6_fu_236                      | 135  | 13   |     |      |      |     |        |      |         |          |        |
|     (grp_FC_CIF_0_1_Pipeline_VITIS_LOOP_140_6_fu_236)                  | 4    | 11   |     |      |      |     |        |      |         |          |        |
|     flow_control_loop_pipe_sequential_init_U                           | 131  | 2    |     |      |      |     |        |      |         |          |        |
|   grp_FC_CIF_0_1_Pipeline_VITIS_LOOP_187_7_fu_520                      | 108  | 99   |     |      |      |     |        |      |         |          |        |
|     (grp_FC_CIF_0_1_Pipeline_VITIS_LOOP_187_7_fu_520)                  |      | 97   |     |      |      |     |        |      |         |          |        |
|     flow_control_loop_pipe_sequential_init_U                           | 108  | 2    |     |      |      |     |        |      |         |          |        |
|   mul_32ns_32ns_64_2_1_U178                                            | 48   | 34   | 4   |      |      |     |        |      |         |          |        |
|   mul_32s_32s_32_1_1_U181                                              | 629  |      |     |      |      |     |        |      |         |          |        |
|   mul_32s_32s_32_1_1_U182                                              | 629  |      |     |      |      |     |        |      |         |          |        |
|   mul_32s_32s_32_1_1_U183                                              | 629  |      |     |      |      |     |        |      |         |          |        |
|   mul_32s_32s_32_2_1_U179                                              | 79   | 17   | 3   |      |      |     |        |      |         |          |        |
|   mul_32s_32s_32_2_1_U180                                              | 15   | 17   | 3   |      |      |     |        |      |         |          |        |
|   p_ZZ10FC_CIF_0_1RN3hls6streamI7AXI_VALLi0EEES3_E1A_10_0_U            | 16   |      |     |      |      |     |        |      |         |          |        |
|   p_ZZ10FC_CIF_0_1RN3hls6streamI7AXI_VALLi0EEES3_E1A_11_0_U            | 16   |      |     |      |      |     |        |      |         |          |        |
|   p_ZZ10FC_CIF_0_1RN3hls6streamI7AXI_VALLi0EEES3_E1A_13_0_U            | 16   |      |     |      |      |     |        |      |         |          |        |
|   p_ZZ10FC_CIF_0_1RN3hls6streamI7AXI_VALLi0EEES3_E1A_14_0_U            | 16   |      |     |      |      |     |        |      |         |          |        |
|   p_ZZ10FC_CIF_0_1RN3hls6streamI7AXI_VALLi0EEES3_E1A_15_0_U            | 16   |      |     |      |      |     |        |      |         |          |        |
|   p_ZZ10FC_CIF_0_1RN3hls6streamI7AXI_VALLi0EEES3_E1A_16_0_U            | 16   |      |     |      |      |     |        |      |         |          |        |
|   p_ZZ10FC_CIF_0_1RN3hls6streamI7AXI_VALLi0EEES3_E1A_17_0_U            | 16   |      |     |      |      |     |        |      |         |          |        |
|   p_ZZ10FC_CIF_0_1RN3hls6streamI7AXI_VALLi0EEES3_E1A_18_0_U            | 16   |      |     |      |      |     |        |      |         |          |        |
|   p_ZZ10FC_CIF_0_1RN3hls6streamI7AXI_VALLi0EEES3_E1A_19_0_U            | 16   |      |     |      |      |     |        |      |         |          |        |
|   p_ZZ10FC_CIF_0_1RN3hls6streamI7AXI_VALLi0EEES3_E1A_20_0_U            | 16   |      |     |      |      |     |        |      |         |          |        |
|   p_ZZ10FC_CIF_0_1RN3hls6streamI7AXI_VALLi0EEES3_E1A_21_0_U            | 16   |      |     |      |      |     |        |      |         |          |        |
|   p_ZZ10FC_CIF_0_1RN3hls6streamI7AXI_VALLi0EEES3_E1A_23_0_U            | 16   |      |     |      |      |     |        |      |         |          |        |
|   p_ZZ10FC_CIF_0_1RN3hls6streamI7AXI_VALLi0EEES3_E1A_24_0_U            | 16   |      |     |      |      |     |        |      |         |          |        |
|   p_ZZ10FC_CIF_0_1RN3hls6streamI7AXI_VALLi0EEES3_E1A_25_0_U            | 16   |      |     |      |      |     |        |      |         |          |        |
|   p_ZZ10FC_CIF_0_1RN3hls6streamI7AXI_VALLi0EEES3_E1A_26_0_U            | 16   |      |     |      |      |     |        |      |         |          |        |
|   p_ZZ10FC_CIF_0_1RN3hls6streamI7AXI_VALLi0EEES3_E1A_27_0_U            | 16   |      |     |      |      |     |        |      |         |          |        |
|   p_ZZ10FC_CIF_0_1RN3hls6streamI7AXI_VALLi0EEES3_E1A_28_0_U            | 16   |      |     |      |      |     |        |      |         |          |        |
|   p_ZZ10FC_CIF_0_1RN3hls6streamI7AXI_VALLi0EEES3_E1A_29_0_U            | 16   |      |     |      |      |     |        |      |         |          |        |
|   p_ZZ10FC_CIF_0_1RN3hls6streamI7AXI_VALLi0EEES3_E1A_30_0_U            | 16   |      |     |      |      |     |        |      |         |          |        |
|   p_ZZ10FC_CIF_0_1RN3hls6streamI7AXI_VALLi0EEES3_E1A_31_0_U            | 26   |      |     |      |      |     |        |      |         |          |        |
|   p_ZZ10FC_CIF_0_1RN3hls6streamI7AXI_VALLi0EEES3_E1B_10_U              |      |      |     | 2    |      |     |        |      |         |          |        |
|   p_ZZ10FC_CIF_0_1RN3hls6streamI7AXI_VALLi0EEES3_E1B_11_U              |      |      |     | 2    |      |     |        |      |         |          |        |
|   p_ZZ10FC_CIF_0_1RN3hls6streamI7AXI_VALLi0EEES3_E1B_12_U              |      |      |     | 2    |      |     |        |      |         |          |        |
|   p_ZZ10FC_CIF_0_1RN3hls6streamI7AXI_VALLi0EEES3_E1B_13_U              |      |      |     | 2    |      |     |        |      |         |          |        |
|   p_ZZ10FC_CIF_0_1RN3hls6streamI7AXI_VALLi0EEES3_E1B_14_U              |      |      |     | 2    |      |     |        |      |         |          |        |
|   p_ZZ10FC_CIF_0_1RN3hls6streamI7AXI_VALLi0EEES3_E1B_15_U              |      |      |     | 2    |      |     |        |      |         |          |        |
|   p_ZZ10FC_CIF_0_1RN3hls6streamI7AXI_VALLi0EEES3_E1B_16_U              |      |      |     | 2    |      |     |        |      |         |          |        |
|   p_ZZ10FC_CIF_0_1RN3hls6streamI7AXI_VALLi0EEES3_E1B_17_U              |      |      |     | 2    |      |     |        |      |         |          |        |
|   p_ZZ10FC_CIF_0_1RN3hls6streamI7AXI_VALLi0EEES3_E1B_18_U              |      |      |     | 2    |      |     |        |      |         |          |        |
|   p_ZZ10FC_CIF_0_1RN3hls6streamI7AXI_VALLi0EEES3_E1B_19_U              |      |      |     | 2    |      |     |        |      |         |          |        |
|   p_ZZ10FC_CIF_0_1RN3hls6streamI7AXI_VALLi0EEES3_E1B_20_U              |      |      |     | 2    |      |     |        |      |         |          |        |
|   p_ZZ10FC_CIF_0_1RN3hls6streamI7AXI_VALLi0EEES3_E1B_21_U              |      |      |     | 2    |      |     |        |      |         |          |        |
|   p_ZZ10FC_CIF_0_1RN3hls6streamI7AXI_VALLi0EEES3_E1B_22_U              |      |      |     | 2    |      |     |        |      |         |          |        |
|   p_ZZ10FC_CIF_0_1RN3hls6streamI7AXI_VALLi0EEES3_E1B_23_U              |      |      |     | 2    |      |     |        |      |         |          |        |
|   p_ZZ10FC_CIF_0_1RN3hls6streamI7AXI_VALLi0EEES3_E1B_24_U              |      |      |     | 2    |      |     |        |      |         |          |        |
|   p_ZZ10FC_CIF_0_1RN3hls6streamI7AXI_VALLi0EEES3_E1B_25_U              |      |      |     | 2    |      |     |        |      |         |          |        |
|   p_ZZ10FC_CIF_0_1RN3hls6streamI7AXI_VALLi0EEES3_E1B_26_U              |      |      |     | 2    |      |     |        |      |         |          |        |
|   p_ZZ10FC_CIF_0_1RN3hls6streamI7AXI_VALLi0EEES3_E1B_27_U              |      |      |     | 2    |      |     |        |      |         |          |        |
|   p_ZZ10FC_CIF_0_1RN3hls6streamI7AXI_VALLi0EEES3_E1B_28_U              |      |      |     | 2    |      |     |        |      |         |          |        |
|   p_ZZ10FC_CIF_0_1RN3hls6streamI7AXI_VALLi0EEES3_E1B_29_U              |      |      |     | 2    |      |     |        |      |         |          |        |
|   p_ZZ10FC_CIF_0_1RN3hls6streamI7AXI_VALLi0EEES3_E1B_30_U              |      |      |     | 2    |      |     |        |      |         |          |        |
|   p_ZZ10FC_CIF_0_1RN3hls6streamI7AXI_VALLi0EEES3_E1B_31_U              |      |      |     | 2    |      |     |        |      |         |          |        |
|   regslice_both_in_stream_a_U                                          | 76   | 132  |     |      |      |     |        |      |         |          |        |
|   regslice_both_out_stream_U                                           | 131  | 132  |     |      |      |     |        |      |         |          |        |
+------------------------------------------------------------------------+------+------+-----+------+------+-----+--------+------+---------+----------+--------+


================================================================
== RTL Synthesis Fail Fast
================================================================
+-----------------------------------------------------------+-----------+--------+--------+
| Criteria                                                  | Guideline | Actual | Status |
+-----------------------------------------------------------+-----------+--------+--------+
| LUT                                                       | 70%       | 7.29%  | OK     |
| FD                                                        | 50%       | 1.81%  | OK     |
| LUTRAM+SRL                                                | 25%       | 2.97%  | OK     |
| MUXF7                                                     | 15%       | 0.00%  | OK     |
| DSP                                                       | 80%       | 19.09% | OK     |
| RAMB/FIFO                                                 | 80%       | 22.86% | OK     |
| DSP+RAMB+URAM (Avg)                                       | 70%       | 20.98% | OK     |
| BUFGCE* + BUFGCTRL                                        | 24        | 0      | OK     |
| DONT_TOUCH (cells/nets)                                   | 0         | 0      | OK     |
| MARK_DEBUG (nets)                                         | 0         | 0      | OK     |
| Control Sets                                              | 998       | 70     | OK     |
| Average Fanout for modules > 100k cells                   | 4         | 2.69   | OK     |
| Max Average Fanout for modules > 100k cells               | 4         | 0      | OK     |
| Non-FD high fanout nets > 10k loads                       | 0         | 0      | OK     |
+-----------------------------------------------------------+-----------+--------+--------+
| TIMING-6 (No common primary clock between related clocks) | 0         | 0      | OK     |
| TIMING-7 (No common node between related clocks)          | 0         | 0      | OK     |
| TIMING-8 (No common period between related clocks)        | 0         | 0      | OK     |
| TIMING-14 (LUT on the clock tree)                         | 0         | 0      | OK     |
| TIMING-35 (No common node in paths with the same clock)   | 0         | 0      | OK     |
+-----------------------------------------------------------+-----------+--------+--------+
| Number of paths above max LUT budgeting (0.575ns)         | 0         | 0      | OK     |
| Number of paths above max Net budgeting (0.403ns)         | 0         | 0      | OK     |
+-----------------------------------------------------------+-----------+--------+--------+


================================================================
== RTL Synthesis Timing Paths
================================================================
* Timing was met
+-------+-------+---------------------------------+------------------------------+--------------+------------+----------------+----------------+--------------+
| Path  | SLACK | STARTPOINT PIN                  | ENDPOINT PIN                 | LOGIC LEVELS | MAX FANOUT | DATAPATH DELAY | DATAPATH LOGIC | DATAPATH NET |
|       |       |                                 |                              |              |            |                |          DELAY |        DELAY |
+-------+-------+---------------------------------+------------------------------+--------------+------------+----------------+----------------+--------------+
| Path1 | 0.411 | valIn_a_data_4_reg_817_reg[3]/C | KER_size_0_reg_857_reg[31]/D |           12 |         62 |          9.614 |          4.777 |        4.837 |
| Path2 | 0.413 | KER_size_1_reg_914_reg[3]/C     | KER_bound_reg_919_reg[31]/D  |           12 |         57 |          9.612 |          4.777 |        4.835 |
| Path3 | 0.413 | KER_size_0_reg_857_reg[3]/C     | KER_size_1_reg_914_reg[31]/D |           12 |         57 |          9.612 |          4.777 |        4.835 |
| Path4 | 0.516 | valIn_a_data_4_reg_817_reg[3]/C | KER_size_0_reg_857_reg[30]/D |           12 |         62 |          9.509 |          4.672 |        4.837 |
| Path5 | 0.518 | KER_size_1_reg_914_reg[3]/C     | KER_bound_reg_919_reg[30]/D  |           12 |         57 |          9.507 |          4.672 |        4.835 |
+-------+-------+---------------------------------+------------------------------+--------------+------------+----------------+----------------+--------------+

    +---------------------------------------------------------+----------------------+
    | Path1 Cells                                             | Primitive Type       |
    +---------------------------------------------------------+----------------------+
    | valIn_a_data_4_reg_817_reg[3]                           | FLOP_LATCH.flop.FDRE |
    | mul_32s_32s_32_1_1_U181/KER_size_0_reg_857[8]_i_26      | LUT.others.LUT6      |
    | mul_32s_32s_32_1_1_U181/KER_size_0_reg_857_reg[8]_i_11  | CARRY.others.CARRY4  |
    | mul_32s_32s_32_1_1_U181/KER_size_0_reg_857_reg[21]_i_32 | CARRY.others.CARRY4  |
    | mul_32s_32s_32_1_1_U181/KER_size_0_reg_857_reg[25]_i_49 | CARRY.others.CARRY4  |
    | mul_32s_32s_32_1_1_U181/KER_size_0_reg_857[25]_i_25     | LUT.others.LUT3      |
    | mul_32s_32s_32_1_1_U181/KER_size_0_reg_857_reg[25]_i_11 | CARRY.others.CARRY4  |
    | mul_32s_32s_32_1_1_U181/KER_size_0_reg_857_reg[29]_i_11 | CARRY.others.CARRY4  |
    | mul_32s_32s_32_1_1_U181/KER_size_0_reg_857[31]_i_18     | LUT.others.LUT3      |
    | mul_32s_32s_32_1_1_U181/KER_size_0_reg_857_reg[31]_i_6  | CARRY.others.CARRY4  |
    | mul_32s_32s_32_1_1_U181/KER_size_0_reg_857[29]_i_2      | LUT.others.LUT3      |
    | mul_32s_32s_32_1_1_U181/KER_size_0_reg_857_reg[29]_i_1  | CARRY.others.CARRY4  |
    | mul_32s_32s_32_1_1_U181/KER_size_0_reg_857_reg[31]_i_1  | CARRY.others.CARRY4  |
    | KER_size_0_reg_857_reg[31]                              | FLOP_LATCH.flop.FDRE |
    +---------------------------------------------------------+----------------------+

    +--------------------------------------------------------+----------------------+
    | Path2 Cells                                            | Primitive Type       |
    +--------------------------------------------------------+----------------------+
    | KER_size_1_reg_914_reg[3]                              | FLOP_LATCH.flop.FDRE |
    | mul_32s_32s_32_1_1_U183/KER_bound_reg_919[8]_i_26      | LUT.others.LUT6      |
    | mul_32s_32s_32_1_1_U183/KER_bound_reg_919_reg[8]_i_11  | CARRY.others.CARRY4  |
    | mul_32s_32s_32_1_1_U183/KER_bound_reg_919_reg[21]_i_32 | CARRY.others.CARRY4  |
    | mul_32s_32s_32_1_1_U183/KER_bound_reg_919_reg[25]_i_49 | CARRY.others.CARRY4  |
    | mul_32s_32s_32_1_1_U183/KER_bound_reg_919[25]_i_25     | LUT.others.LUT3      |
    | mul_32s_32s_32_1_1_U183/KER_bound_reg_919_reg[25]_i_11 | CARRY.others.CARRY4  |
    | mul_32s_32s_32_1_1_U183/KER_bound_reg_919_reg[29]_i_11 | CARRY.others.CARRY4  |
    | mul_32s_32s_32_1_1_U183/KER_bound_reg_919[31]_i_18     | LUT.others.LUT3      |
    | mul_32s_32s_32_1_1_U183/KER_bound_reg_919_reg[31]_i_6  | CARRY.others.CARRY4  |
    | mul_32s_32s_32_1_1_U183/KER_bound_reg_919[29]_i_2      | LUT.others.LUT3      |
    | mul_32s_32s_32_1_1_U183/KER_bound_reg_919_reg[29]_i_1  | CARRY.others.CARRY4  |
    | mul_32s_32s_32_1_1_U183/KER_bound_reg_919_reg[31]_i_1  | CARRY.others.CARRY4  |
    | KER_bound_reg_919_reg[31]                              | FLOP_LATCH.flop.FDRE |
    +--------------------------------------------------------+----------------------+

    +---------------------------------------------------------+----------------------+
    | Path3 Cells                                             | Primitive Type       |
    +---------------------------------------------------------+----------------------+
    | KER_size_0_reg_857_reg[3]                               | FLOP_LATCH.flop.FDRE |
    | mul_32s_32s_32_1_1_U182/KER_size_1_reg_914[8]_i_26      | LUT.others.LUT6      |
    | mul_32s_32s_32_1_1_U182/KER_size_1_reg_914_reg[8]_i_11  | CARRY.others.CARRY4  |
    | mul_32s_32s_32_1_1_U182/KER_size_1_reg_914_reg[21]_i_32 | CARRY.others.CARRY4  |
    | mul_32s_32s_32_1_1_U182/KER_size_1_reg_914_reg[25]_i_49 | CARRY.others.CARRY4  |
    | mul_32s_32s_32_1_1_U182/KER_size_1_reg_914[25]_i_25     | LUT.others.LUT3      |
    | mul_32s_32s_32_1_1_U182/KER_size_1_reg_914_reg[25]_i_11 | CARRY.others.CARRY4  |
    | mul_32s_32s_32_1_1_U182/KER_size_1_reg_914_reg[29]_i_11 | CARRY.others.CARRY4  |
    | mul_32s_32s_32_1_1_U182/KER_size_1_reg_914[31]_i_18     | LUT.others.LUT3      |
    | mul_32s_32s_32_1_1_U182/KER_size_1_reg_914_reg[31]_i_6  | CARRY.others.CARRY4  |
    | mul_32s_32s_32_1_1_U182/KER_size_1_reg_914[29]_i_2      | LUT.others.LUT3      |
    | mul_32s_32s_32_1_1_U182/KER_size_1_reg_914_reg[29]_i_1  | CARRY.others.CARRY4  |
    | mul_32s_32s_32_1_1_U182/KER_size_1_reg_914_reg[31]_i_1  | CARRY.others.CARRY4  |
    | KER_size_1_reg_914_reg[31]                              | FLOP_LATCH.flop.FDRE |
    +---------------------------------------------------------+----------------------+

    +---------------------------------------------------------+----------------------+
    | Path4 Cells                                             | Primitive Type       |
    +---------------------------------------------------------+----------------------+
    | valIn_a_data_4_reg_817_reg[3]                           | FLOP_LATCH.flop.FDRE |
    | mul_32s_32s_32_1_1_U181/KER_size_0_reg_857[8]_i_26      | LUT.others.LUT6      |
    | mul_32s_32s_32_1_1_U181/KER_size_0_reg_857_reg[8]_i_11  | CARRY.others.CARRY4  |
    | mul_32s_32s_32_1_1_U181/KER_size_0_reg_857_reg[21]_i_32 | CARRY.others.CARRY4  |
    | mul_32s_32s_32_1_1_U181/KER_size_0_reg_857_reg[25]_i_49 | CARRY.others.CARRY4  |
    | mul_32s_32s_32_1_1_U181/KER_size_0_reg_857[25]_i_25     | LUT.others.LUT3      |
    | mul_32s_32s_32_1_1_U181/KER_size_0_reg_857_reg[25]_i_11 | CARRY.others.CARRY4  |
    | mul_32s_32s_32_1_1_U181/KER_size_0_reg_857_reg[29]_i_11 | CARRY.others.CARRY4  |
    | mul_32s_32s_32_1_1_U181/KER_size_0_reg_857[31]_i_18     | LUT.others.LUT3      |
    | mul_32s_32s_32_1_1_U181/KER_size_0_reg_857_reg[31]_i_6  | CARRY.others.CARRY4  |
    | mul_32s_32s_32_1_1_U181/KER_size_0_reg_857[29]_i_2      | LUT.others.LUT3      |
    | mul_32s_32s_32_1_1_U181/KER_size_0_reg_857_reg[29]_i_1  | CARRY.others.CARRY4  |
    | mul_32s_32s_32_1_1_U181/KER_size_0_reg_857_reg[31]_i_1  | CARRY.others.CARRY4  |
    | KER_size_0_reg_857_reg[30]                              | FLOP_LATCH.flop.FDRE |
    +---------------------------------------------------------+----------------------+

    +--------------------------------------------------------+----------------------+
    | Path5 Cells                                            | Primitive Type       |
    +--------------------------------------------------------+----------------------+
    | KER_size_1_reg_914_reg[3]                              | FLOP_LATCH.flop.FDRE |
    | mul_32s_32s_32_1_1_U183/KER_bound_reg_919[8]_i_26      | LUT.others.LUT6      |
    | mul_32s_32s_32_1_1_U183/KER_bound_reg_919_reg[8]_i_11  | CARRY.others.CARRY4  |
    | mul_32s_32s_32_1_1_U183/KER_bound_reg_919_reg[21]_i_32 | CARRY.others.CARRY4  |
    | mul_32s_32s_32_1_1_U183/KER_bound_reg_919_reg[25]_i_49 | CARRY.others.CARRY4  |
    | mul_32s_32s_32_1_1_U183/KER_bound_reg_919[25]_i_25     | LUT.others.LUT3      |
    | mul_32s_32s_32_1_1_U183/KER_bound_reg_919_reg[25]_i_11 | CARRY.others.CARRY4  |
    | mul_32s_32s_32_1_1_U183/KER_bound_reg_919_reg[29]_i_11 | CARRY.others.CARRY4  |
    | mul_32s_32s_32_1_1_U183/KER_bound_reg_919[31]_i_18     | LUT.others.LUT3      |
    | mul_32s_32s_32_1_1_U183/KER_bound_reg_919_reg[31]_i_6  | CARRY.others.CARRY4  |
    | mul_32s_32s_32_1_1_U183/KER_bound_reg_919[29]_i_2      | LUT.others.LUT3      |
    | mul_32s_32s_32_1_1_U183/KER_bound_reg_919_reg[29]_i_1  | CARRY.others.CARRY4  |
    | mul_32s_32s_32_1_1_U183/KER_bound_reg_919_reg[31]_i_1  | CARRY.others.CARRY4  |
    | KER_bound_reg_919_reg[30]                              | FLOP_LATCH.flop.FDRE |
    +--------------------------------------------------------+----------------------+


================================================================
== RTL Synthesis Vivado Reports
================================================================
+--------------------------+-------------------------------------------------------------------+
| Report Type              | Report Location                                                   |
+--------------------------+-------------------------------------------------------------------+
| design_analysis          | impl/verilog/report/FC_CIF_0_1_design_analysis_synth.rpt          |
| failfast                 | impl/verilog/report/FC_CIF_0_1_failfast_synth.rpt                 |
| timing                   | impl/verilog/report/FC_CIF_0_1_timing_synth.rpt                   |
| timing_paths             | impl/verilog/report/FC_CIF_0_1_timing_paths_synth.rpt             |
| utilization              | impl/verilog/report/FC_CIF_0_1_utilization_synth.rpt              |
| utilization_hierarchical | impl/verilog/report/FC_CIF_0_1_utilization_hierarchical_synth.rpt |
+--------------------------+-------------------------------------------------------------------+


