INFO: [SIM 2] *************** CSIM start ***************
INFO: [SIM 4] CSIM will launch GCC as the compiler.
   Compiling ../../../../main.cpp in debug mode
   Compiling ../../../../fixed_point_stream_convolution.cpp in debug mode
   Generating csim.exe
status is 2 
batch_size is 2 
Ker_DIM is 2 
In_CH is 1 
In_DIM is 4 
Out_CH is 1 
Out_DIM is 3 
PadDim is 0 
result is -1, last signal is 0 
result is -1, last signal is 0 
result is 0, last signal is 0 
result is -1, last signal is 1 
4 results received 
status is 0 
batch_size is 2 
Ker_DIM is 2 
In_CH is 1 
In_DIM is 4 
Out_CH is 1 
Out_DIM is 3 
PadDim is 0 
result is 0, last signal is 0 
result is 0, last signal is 0 
result is 0, last signal is 0 
result is 0, last signal is 0 
result is 0, last signal is 0 
result is 0, last signal is 0 
result is 0, last signal is 0 
result is 0, last signal is 0 
result is 0, last signal is 0 
result is 0, last signal is 0 
result is 0, last signal is 0 
result is 0, last signal is 0 
result is 0, last signal is 0 
result is 0, last signal is 0 
result is 0, last signal is 0 
result is 0, last signal is 0 
result is 0, last signal is 0 
result is 0, last signal is 1 
18 results received 
INFO [HLS SIM]: The maximum depth reached by any hls::stream() instance in the design is 80
INFO: [SIM 1] CSim done with 0 errors.
INFO: [SIM 3] *************** CSIM finish ***************
