INFO: [SIM 2] *************** CSIM start ***************
INFO: [SIM 4] CSIM will launch GCC as the compiler.
   Compiling ../../../../main.cpp in debug mode
   Compiling ../../../../maxPool_3.cpp in debug mode
   Generating csim.exe
status is 3 
batch_size is 1 
Ker_DIM is 3 
In_CH is 1 
In_DIM is 8 
Out_CH is 1 
Out_DIM is 8 
PadDim is 1 
result is 0, last signal is 0 
result is 10, last signal is 0 
result is 20, last signal is 0 
result is 30, last signal is 0 
result is 40, last signal is 0 
result is 50, last signal is 0 
result is 60, last signal is 0 
result is 70, last signal is 0 
result is 80, last signal is 0 
9 results received 
status is 0 
batch_size is 1 
Ker_DIM is 3 
In_CH is 1 
In_DIM is 8 
Out_CH is 1 
Out_DIM is 8 
PadDim is 1 
result is -1000, last signal is 0 
result is 550, last signal is 0 
result is 0, last signal is 0 
result is 0, last signal is 0 
result is 250, last signal is 0 
result is 1000, last signal is 0 
result is 550, last signal is 0 
result is 0, last signal is 0 
result is 0, last signal is 0 
result is 250, last signal is 0 
result is 1000, last signal is 0 
result is 550, last signal is 0 
result is 0, last signal is 0 
result is 0, last signal is 0 
result is 250, last signal is 0 
result is 1000, last signal is 1 
16 results received 
INFO [HLS SIM]: The maximum depth reached by any hls::stream() instance in the design is 72
INFO: [SIM 1] CSim done with 0 errors.
INFO: [SIM 3] *************** CSIM finish ***************
