INFO: [SIM 2] *************** CSIM start ***************
INFO: [SIM 4] CSIM will launch GCC as the compiler.
   Compiling ../../../../main.cpp in debug mode
   Compiling ../../../../fully_connected_2.cpp in debug mode
   Generating csim.exe
status is 1 
batch_size is 1 
Ker_DIM is 3 
In_CH is 1 
In_DIM is 8 
Out_CH is 1 
Out_DIM is 8 
PadDim is 1 
result is 1, last signal is 0 
result is 2, last signal is 0 
result is 3, last signal is 0 
result is 4, last signal is 0 
result is 5, last signal is 0 
result is 6, last signal is 0 
result is 7, last signal is 0 
result is 8, last signal is 0 
result is 9, last signal is 0 
9 results received 
INFO [HLS SIM]: The maximum depth reached by any hls::stream() instance in the design is 17
INFO: [SIM 1] CSim done with 0 errors.
INFO: [SIM 3] *************** CSIM finish ***************
