

================================================================
== Vitis HLS Report for 'SMM_CIF_0_2_Pipeline_VITIS_LOOP_104_1_VITIS_LOOP_105_2'
================================================================
* Date:           Mon Oct 28 14:26:01 2024

* Version:        2023.2 (Build 4023990 on Oct 11 2023)
* Project:        SMM_CIF_0_2
* Solution:       solution1 (Vivado IP Flow Target)
* Product family: zynq
* Target device:  xc7z020-clg484-1


================================================================
== Performance Estimates
================================================================
+ Timing: 
    * Summary: 
    +--------+----------+-----------+------------+
    |  Clock |  Target  | Estimated | Uncertainty|
    +--------+----------+-----------+------------+
    |ap_clk  |  10.00 ns|  10.109 ns|     2.70 ns|
    +--------+----------+-----------+------------+

+ Latency: 
    * Summary: 
    +---------+---------+----------+----------+-------+-------+---------+
    |  Latency (cycles) |  Latency (absolute) |    Interval   | Pipeline|
    |   min   |   max   |    min   |    max   |  min  |  max  |   Type  |
    +---------+---------+----------+----------+-------+-------+---------+
    |    25602|    25602|  0.259 ms|  0.259 ms|  25602|  25602|       no|
    +---------+---------+----------+----------+-------+-------+---------+

    + Detail: 
        * Instance: 
        N/A

        * Loop: 
        +-------------------------------------+---------+---------+----------+-----------+-----------+-------+----------+
        |                                     |  Latency (cycles) | Iteration|  Initiation Interval  |  Trip |          |
        |              Loop Name              |   min   |   max   |  Latency |  achieved |   target  | Count | Pipelined|
        +-------------------------------------+---------+---------+----------+-----------+-----------+-------+----------+
        |- VITIS_LOOP_104_1_VITIS_LOOP_105_2  |    25600|    25600|         2|          1|          1|  25600|       yes|
        +-------------------------------------+---------+---------+----------+-----------+-----------+-------+----------+

============================================================
+ Verbose Summary: Synthesis Manager
============================================================
InlineROM: 1
ExposeGlobal: 0
============================================================
+ Verbose Summary: CDFG Model
============================================================
IsTopModel: 0
ResetActiveHigh: 1
IsCombinational: 0
IsDatapathOnly: 0
HasWiredReturn: 1
HasMFsm: 2
HasVarLatency: 1
IsPipeline: 0
IsRtlPipelined: 0
IsInstanceOverlapped: 0
IsDontTouch: 0
HasImplIP: 0
IsGatedGlobalClock: 0

+ Individual pipeline summary: 
  * Pipeline-0: initiation interval (II) = 1, depth = 2


============================================================
+ Verbose Summary: Schedule
============================================================
* Number of FSM states : 2
* Pipeline : 1
  Pipeline-0 : II = 1, D = 2, States = { 1 2 }
* Dataflow Pipeline: 0

* FSM state transitions: 
1 --> 2 
2 --> 

* FSM state operations: 

State 1 <SV = 0> <Delay = 10.1>
ST_1 : Operation 5 [1/1] (0.00ns)   --->   "%j = alloca i32 1" [fixed_point_stream_convolution.cpp:105]   --->   Operation 5 'alloca' 'j' <Predicate = true> <Delay = 0.00>
ST_1 : Operation 6 [1/1] (0.00ns)   --->   "%i_2 = alloca i32 1" [fixed_point_stream_convolution.cpp:104]   --->   Operation 6 'alloca' 'i_2' <Predicate = true> <Delay = 0.00>
ST_1 : Operation 7 [1/1] (0.00ns)   --->   "%indvar_flatten = alloca i32 1"   --->   Operation 7 'alloca' 'indvar_flatten' <Predicate = true> <Delay = 0.00>
ST_1 : Operation 8 [1/1] (0.00ns)   --->   "%specinterface_ln0 = specinterface void @_ssdm_op_SpecInterface, i64 %out_stream, void @empty_8, i32 0, i32 0, void @empty_2, i32 0, i32 0, void @empty_9, void @empty_9, void @empty_9, i32 0, i32 0, i32 0, i32 0, void @empty_9, void @empty_9, i32 4294967295, i32 0"   --->   Operation 8 'specinterface' 'specinterface_ln0' <Predicate = true> <Delay = 0.00>
ST_1 : Operation 9 [1/1] (0.00ns)   --->   "%specinterface_ln0 = specinterface void @_ssdm_op_SpecInterface, i64 %in_stream_a, void @empty_8, i32 0, i32 0, void @empty_2, i32 0, i32 0, void @empty_9, void @empty_9, void @empty_9, i32 0, i32 0, i32 0, i32 0, void @empty_9, void @empty_9, i32 4294967295, i32 0"   --->   Operation 9 'specinterface' 'specinterface_ln0' <Predicate = true> <Delay = 0.00>
ST_1 : Operation 10 [1/1] (0.00ns)   --->   "%mul_ln101_1_read = read i32 @_ssdm_op_Read.ap_auto.i32, i32 %mul_ln101_1"   --->   Operation 10 'read' 'mul_ln101_1_read' <Predicate = true> <Delay = 0.00>
ST_1 : Operation 11 [1/1] (0.00ns)   --->   "%tmp = read i32 @_ssdm_op_Read.ap_auto.i32, i32 %empty"   --->   Operation 11 'read' 'tmp' <Predicate = true> <Delay = 0.00>
ST_1 : Operation 12 [1/1] (0.00ns)   --->   "%sub_read = read i32 @_ssdm_op_Read.ap_auto.i32, i32 %sub"   --->   Operation 12 'read' 'sub_read' <Predicate = true> <Delay = 0.00>
ST_1 : Operation 13 [1/1] (0.00ns)   --->   "%sub47_read = read i32 @_ssdm_op_Read.ap_auto.i32, i32 %sub47"   --->   Operation 13 'read' 'sub47_read' <Predicate = true> <Delay = 0.00>
ST_1 : Operation 14 [1/1] (1.58ns)   --->   "%store_ln0 = store i15 0, i15 %indvar_flatten"   --->   Operation 14 'store' 'store_ln0' <Predicate = true> <Delay = 1.58>
ST_1 : Operation 15 [1/1] (1.58ns)   --->   "%store_ln104 = store i6 0, i6 %i_2" [fixed_point_stream_convolution.cpp:104]   --->   Operation 15 'store' 'store_ln104' <Predicate = true> <Delay = 1.58>
ST_1 : Operation 16 [1/1] (1.58ns)   --->   "%store_ln105 = store i10 0, i10 %j" [fixed_point_stream_convolution.cpp:105]   --->   Operation 16 'store' 'store_ln105' <Predicate = true> <Delay = 1.58>
ST_1 : Operation 17 [1/1] (0.00ns)   --->   "%br_ln0 = br void %for.body34"   --->   Operation 17 'br' 'br_ln0' <Predicate = true> <Delay = 0.00>
ST_1 : Operation 18 [1/1] (0.00ns)   --->   "%indvar_flatten_load = load i15 %indvar_flatten" [fixed_point_stream_convolution.cpp:104]   --->   Operation 18 'load' 'indvar_flatten_load' <Predicate = true> <Delay = 0.00>
ST_1 : Operation 19 [1/1] (1.94ns)   --->   "%icmp_ln104 = icmp_eq  i15 %indvar_flatten_load, i15 25600" [fixed_point_stream_convolution.cpp:104]   --->   Operation 19 'icmp' 'icmp_ln104' <Predicate = true> <Delay = 1.94> <CoreInst = "Cmp">   --->   Core 9 'Cmp' <Latency = 0> <II = 1> <Delay = 1.94> <FuncUnit> <Opcode : 'icmp'> <InPorts = 2> <OutPorts = 1>
ST_1 : Operation 20 [1/1] (1.94ns)   --->   "%add_ln104_1 = add i15 %indvar_flatten_load, i15 1" [fixed_point_stream_convolution.cpp:104]   --->   Operation 20 'add' 'add_ln104_1' <Predicate = true> <Delay = 1.94> <CoreInst = "Adder">   --->   Core 1 'Adder' <Latency = 0> <II = 1> <Delay = 1.94> <FuncUnit> <Opcode : 'add' 'sub'> <InPorts = 2> <OutPorts = 1>
ST_1 : Operation 21 [1/1] (0.00ns)   --->   "%br_ln104 = br i1 %icmp_ln104, void %for.inc58, void %if.end188.loopexit.exitStub" [fixed_point_stream_convolution.cpp:104]   --->   Operation 21 'br' 'br_ln104' <Predicate = true> <Delay = 0.00>
ST_1 : Operation 22 [1/1] (0.00ns)   --->   "%j_load = load i10 %j" [fixed_point_stream_convolution.cpp:105]   --->   Operation 22 'load' 'j_load' <Predicate = (!icmp_ln104)> <Delay = 0.00>
ST_1 : Operation 23 [1/1] (0.00ns)   --->   "%i_2_load = load i6 %i_2" [fixed_point_stream_convolution.cpp:104]   --->   Operation 23 'load' 'i_2_load' <Predicate = (!icmp_ln104)> <Delay = 0.00>
ST_1 : Operation 24 [1/1] (1.82ns)   --->   "%add_ln104 = add i6 %i_2_load, i6 1" [fixed_point_stream_convolution.cpp:104]   --->   Operation 24 'add' 'add_ln104' <Predicate = (!icmp_ln104)> <Delay = 1.82> <CoreInst = "Adder">   --->   Core 1 'Adder' <Latency = 0> <II = 1> <Delay = 1.82> <FuncUnit> <Opcode : 'add' 'sub'> <InPorts = 2> <OutPorts = 1>
ST_1 : Operation 25 [1/1] (1.73ns)   --->   "%icmp_ln105 = icmp_eq  i10 %j_load, i10 800" [fixed_point_stream_convolution.cpp:105]   --->   Operation 25 'icmp' 'icmp_ln105' <Predicate = (!icmp_ln104)> <Delay = 1.73> <CoreInst = "Cmp">   --->   Core 9 'Cmp' <Latency = 0> <II = 1> <Delay = 1.73> <FuncUnit> <Opcode : 'icmp'> <InPorts = 2> <OutPorts = 1>
ST_1 : Operation 26 [1/1] (0.68ns)   --->   "%select_ln104 = select i1 %icmp_ln105, i10 0, i10 %j_load" [fixed_point_stream_convolution.cpp:104]   --->   Operation 26 'select' 'select_ln104' <Predicate = (!icmp_ln104)> <Delay = 0.68> <CoreInst = "Sel">   --->   Core 73 'Sel' <Latency = 0> <II = 1> <Delay = 0.68> <FuncUnit> <Opcode : 'select'> <InPorts = 3> <OutPorts = 1>
ST_1 : Operation 27 [1/1] (1.18ns)   --->   "%select_ln104_1 = select i1 %icmp_ln105, i6 %add_ln104, i6 %i_2_load" [fixed_point_stream_convolution.cpp:104]   --->   Operation 27 'select' 'select_ln104_1' <Predicate = (!icmp_ln104)> <Delay = 1.18> <CoreInst = "Sel">   --->   Core 73 'Sel' <Latency = 0> <II = 1> <Delay = 1.18> <FuncUnit> <Opcode : 'select'> <InPorts = 3> <OutPorts = 1>
ST_1 : Operation 28 [1/1] (0.00ns)   --->   "%trunc_ln104 = trunc i6 %select_ln104_1" [fixed_point_stream_convolution.cpp:104]   --->   Operation 28 'trunc' 'trunc_ln104' <Predicate = (!icmp_ln104)> <Delay = 0.00>
ST_1 : Operation 29 [1/1] (0.00ns)   --->   "%zext_ln104 = zext i6 %select_ln104_1" [fixed_point_stream_convolution.cpp:104]   --->   Operation 29 'zext' 'zext_ln104' <Predicate = (!icmp_ln104)> <Delay = 0.00>
ST_1 : Operation 30 [1/1] (2.55ns)   --->   "%cmp45 = icmp_eq  i32 %zext_ln104, i32 %sub_read" [fixed_point_stream_convolution.cpp:104]   --->   Operation 30 'icmp' 'cmp45' <Predicate = (!icmp_ln104)> <Delay = 2.55> <CoreInst = "Cmp">   --->   Core 9 'Cmp' <Latency = 0> <II = 1> <Delay = 2.55> <FuncUnit> <Opcode : 'icmp'> <InPorts = 2> <OutPorts = 1>
ST_1 : Operation 31 [1/1] (2.55ns)   --->   "%ult = icmp_ult  i32 %zext_ln104, i32 %tmp" [fixed_point_stream_convolution.cpp:104]   --->   Operation 31 'icmp' 'ult' <Predicate = (!icmp_ln104)> <Delay = 2.55> <CoreInst = "Cmp">   --->   Core 9 'Cmp' <Latency = 0> <II = 1> <Delay = 2.55> <FuncUnit> <Opcode : 'icmp'> <InPorts = 2> <OutPorts = 1>
ST_1 : Operation 32 [1/1] (0.00ns) (grouped into LUT with out node or_ln108)   --->   "%rev = xor i1 %ult, i1 1" [fixed_point_stream_convolution.cpp:104]   --->   Operation 32 'xor' 'rev' <Predicate = (!icmp_ln104)> <Delay = 0.00> <CoreInst = "LogicGate">   --->   Core 74 'LogicGate' <Latency = 0> <II = 1> <Delay = 0.97> <FuncUnit> <Opcode : 'and' 'or' 'xor'> <InPorts = 2> <OutPorts = 1>
ST_1 : Operation 33 [1/1] (0.00ns)   --->   "%zext_ln105 = zext i10 %select_ln104" [fixed_point_stream_convolution.cpp:105]   --->   Operation 33 'zext' 'zext_ln105' <Predicate = (!icmp_ln104)> <Delay = 0.00>
ST_1 : Operation 34 [1/1] (0.00ns)   --->   "%trunc_ln105 = trunc i10 %select_ln104" [fixed_point_stream_convolution.cpp:105]   --->   Operation 34 'trunc' 'trunc_ln105' <Predicate = (!icmp_ln104)> <Delay = 0.00>
ST_1 : Operation 35 [1/1] (0.00ns)   --->   "%trunc_ln = partselect i5 @_ssdm_op_PartSelect.i5.i10.i32.i32, i10 %select_ln104, i32 5, i32 9" [fixed_point_stream_convolution.cpp:105]   --->   Operation 35 'partselect' 'trunc_ln' <Predicate = (!icmp_ln104)> <Delay = 0.00>
ST_1 : Operation 36 [1/1] (2.55ns)   --->   "%icmp_ln108 = icmp_ult  i32 %zext_ln105, i32 %mul_ln101_1_read" [fixed_point_stream_convolution.cpp:108]   --->   Operation 36 'icmp' 'icmp_ln108' <Predicate = (!icmp_ln104)> <Delay = 2.55> <CoreInst = "Cmp">   --->   Core 9 'Cmp' <Latency = 0> <II = 1> <Delay = 2.55> <FuncUnit> <Opcode : 'icmp'> <InPorts = 2> <OutPorts = 1>
ST_1 : Operation 37 [1/1] (0.00ns) (grouped into LUT with out node or_ln108)   --->   "%xor_ln108 = xor i1 %icmp_ln108, i1 1" [fixed_point_stream_convolution.cpp:108]   --->   Operation 37 'xor' 'xor_ln108' <Predicate = (!icmp_ln104)> <Delay = 0.00> <CoreInst = "LogicGate">   --->   Core 74 'LogicGate' <Latency = 0> <II = 1> <Delay = 0.97> <FuncUnit> <Opcode : 'and' 'or' 'xor'> <InPorts = 2> <OutPorts = 1>
ST_1 : Operation 38 [1/1] (0.97ns) (out node of the LUT)   --->   "%or_ln108 = or i1 %xor_ln108, i1 %rev" [fixed_point_stream_convolution.cpp:108]   --->   Operation 38 'or' 'or_ln108' <Predicate = (!icmp_ln104)> <Delay = 0.97> <CoreInst = "LogicGate">   --->   Core 74 'LogicGate' <Latency = 0> <II = 1> <Delay = 0.97> <FuncUnit> <Opcode : 'and' 'or' 'xor'> <InPorts = 2> <OutPorts = 1>
ST_1 : Operation 39 [1/1] (0.00ns)   --->   "%br_ln108 = br i1 %or_ln108, void %if.then37, void %if.else51" [fixed_point_stream_convolution.cpp:108]   --->   Operation 39 'br' 'br_ln108' <Predicate = (!icmp_ln104)> <Delay = 0.00>
ST_1 : Operation 40 [1/1] (1.00ns)   --->   "%in_stream_a_read = read i64 @_ssdm_op_Read.axis.volatile.i64P128A, i64 %in_stream_a" [fixed_point_stream_convolution.cpp:109]   --->   Operation 40 'read' 'in_stream_a_read' <Predicate = (!icmp_ln104 & !or_ln108)> <Delay = 1.00> <CoreInst = "axis">   --->   Core 115 'axis' <Latency = 0> <II = 1> <Delay = 1.00> <Adapter> <Opcode : >
ST_1 : Operation 41 [1/1] (0.00ns)   --->   "%trunc_ln110 = trunc i64 %in_stream_a_read" [fixed_point_stream_convolution.cpp:110]   --->   Operation 41 'trunc' 'trunc_ln110' <Predicate = (!icmp_ln104 & !or_ln108)> <Delay = 0.00>
ST_1 : Operation 42 [1/1] (1.89ns)   --->   "%switch_ln110 = switch i5 %trunc_ln, void %arrayidx426.case.24, i5 0, void %arrayidx426.case.0, i5 1, void %arrayidx426.case.1, i5 2, void %arrayidx426.case.2, i5 3, void %arrayidx426.case.3, i5 4, void %arrayidx426.case.4, i5 5, void %arrayidx426.case.5, i5 6, void %arrayidx426.case.6, i5 7, void %arrayidx426.case.7, i5 8, void %arrayidx426.case.8, i5 9, void %arrayidx426.case.9, i5 10, void %arrayidx426.case.10, i5 11, void %arrayidx426.case.11, i5 12, void %arrayidx426.case.12, i5 13, void %arrayidx426.case.13, i5 14, void %arrayidx426.case.14, i5 15, void %arrayidx426.case.15, i5 16, void %arrayidx426.case.16, i5 17, void %arrayidx426.case.17, i5 18, void %arrayidx426.case.18, i5 19, void %arrayidx426.case.19, i5 20, void %arrayidx426.case.20, i5 21, void %arrayidx426.case.21, i5 22, void %arrayidx426.case.22, i5 23, void %arrayidx426.case.23" [fixed_point_stream_convolution.cpp:110]   --->   Operation 42 'switch' 'switch_ln110' <Predicate = (!icmp_ln104 & !or_ln108)> <Delay = 1.89>
ST_1 : Operation 43 [1/1] (0.00ns)   --->   "%br_ln110 = br void %arrayidx426.exit" [fixed_point_stream_convolution.cpp:110]   --->   Operation 43 'br' 'br_ln110' <Predicate = (!icmp_ln104 & !or_ln108 & trunc_ln == 23)> <Delay = 0.00>
ST_1 : Operation 44 [1/1] (0.00ns)   --->   "%br_ln110 = br void %arrayidx426.exit" [fixed_point_stream_convolution.cpp:110]   --->   Operation 44 'br' 'br_ln110' <Predicate = (!icmp_ln104 & !or_ln108 & trunc_ln == 22)> <Delay = 0.00>
ST_1 : Operation 45 [1/1] (0.00ns)   --->   "%br_ln110 = br void %arrayidx426.exit" [fixed_point_stream_convolution.cpp:110]   --->   Operation 45 'br' 'br_ln110' <Predicate = (!icmp_ln104 & !or_ln108 & trunc_ln == 21)> <Delay = 0.00>
ST_1 : Operation 46 [1/1] (0.00ns)   --->   "%br_ln110 = br void %arrayidx426.exit" [fixed_point_stream_convolution.cpp:110]   --->   Operation 46 'br' 'br_ln110' <Predicate = (!icmp_ln104 & !or_ln108 & trunc_ln == 20)> <Delay = 0.00>
ST_1 : Operation 47 [1/1] (0.00ns)   --->   "%br_ln110 = br void %arrayidx426.exit" [fixed_point_stream_convolution.cpp:110]   --->   Operation 47 'br' 'br_ln110' <Predicate = (!icmp_ln104 & !or_ln108 & trunc_ln == 19)> <Delay = 0.00>
ST_1 : Operation 48 [1/1] (0.00ns)   --->   "%br_ln110 = br void %arrayidx426.exit" [fixed_point_stream_convolution.cpp:110]   --->   Operation 48 'br' 'br_ln110' <Predicate = (!icmp_ln104 & !or_ln108 & trunc_ln == 18)> <Delay = 0.00>
ST_1 : Operation 49 [1/1] (0.00ns)   --->   "%br_ln110 = br void %arrayidx426.exit" [fixed_point_stream_convolution.cpp:110]   --->   Operation 49 'br' 'br_ln110' <Predicate = (!icmp_ln104 & !or_ln108 & trunc_ln == 17)> <Delay = 0.00>
ST_1 : Operation 50 [1/1] (0.00ns)   --->   "%br_ln110 = br void %arrayidx426.exit" [fixed_point_stream_convolution.cpp:110]   --->   Operation 50 'br' 'br_ln110' <Predicate = (!icmp_ln104 & !or_ln108 & trunc_ln == 16)> <Delay = 0.00>
ST_1 : Operation 51 [1/1] (0.00ns)   --->   "%br_ln110 = br void %arrayidx426.exit" [fixed_point_stream_convolution.cpp:110]   --->   Operation 51 'br' 'br_ln110' <Predicate = (!icmp_ln104 & !or_ln108 & trunc_ln == 15)> <Delay = 0.00>
ST_1 : Operation 52 [1/1] (0.00ns)   --->   "%br_ln110 = br void %arrayidx426.exit" [fixed_point_stream_convolution.cpp:110]   --->   Operation 52 'br' 'br_ln110' <Predicate = (!icmp_ln104 & !or_ln108 & trunc_ln == 14)> <Delay = 0.00>
ST_1 : Operation 53 [1/1] (0.00ns)   --->   "%br_ln110 = br void %arrayidx426.exit" [fixed_point_stream_convolution.cpp:110]   --->   Operation 53 'br' 'br_ln110' <Predicate = (!icmp_ln104 & !or_ln108 & trunc_ln == 13)> <Delay = 0.00>
ST_1 : Operation 54 [1/1] (0.00ns)   --->   "%br_ln110 = br void %arrayidx426.exit" [fixed_point_stream_convolution.cpp:110]   --->   Operation 54 'br' 'br_ln110' <Predicate = (!icmp_ln104 & !or_ln108 & trunc_ln == 12)> <Delay = 0.00>
ST_1 : Operation 55 [1/1] (0.00ns)   --->   "%br_ln110 = br void %arrayidx426.exit" [fixed_point_stream_convolution.cpp:110]   --->   Operation 55 'br' 'br_ln110' <Predicate = (!icmp_ln104 & !or_ln108 & trunc_ln == 11)> <Delay = 0.00>
ST_1 : Operation 56 [1/1] (0.00ns)   --->   "%br_ln110 = br void %arrayidx426.exit" [fixed_point_stream_convolution.cpp:110]   --->   Operation 56 'br' 'br_ln110' <Predicate = (!icmp_ln104 & !or_ln108 & trunc_ln == 10)> <Delay = 0.00>
ST_1 : Operation 57 [1/1] (0.00ns)   --->   "%br_ln110 = br void %arrayidx426.exit" [fixed_point_stream_convolution.cpp:110]   --->   Operation 57 'br' 'br_ln110' <Predicate = (!icmp_ln104 & !or_ln108 & trunc_ln == 9)> <Delay = 0.00>
ST_1 : Operation 58 [1/1] (0.00ns)   --->   "%br_ln110 = br void %arrayidx426.exit" [fixed_point_stream_convolution.cpp:110]   --->   Operation 58 'br' 'br_ln110' <Predicate = (!icmp_ln104 & !or_ln108 & trunc_ln == 8)> <Delay = 0.00>
ST_1 : Operation 59 [1/1] (0.00ns)   --->   "%br_ln110 = br void %arrayidx426.exit" [fixed_point_stream_convolution.cpp:110]   --->   Operation 59 'br' 'br_ln110' <Predicate = (!icmp_ln104 & !or_ln108 & trunc_ln == 7)> <Delay = 0.00>
ST_1 : Operation 60 [1/1] (0.00ns)   --->   "%br_ln110 = br void %arrayidx426.exit" [fixed_point_stream_convolution.cpp:110]   --->   Operation 60 'br' 'br_ln110' <Predicate = (!icmp_ln104 & !or_ln108 & trunc_ln == 6)> <Delay = 0.00>
ST_1 : Operation 61 [1/1] (0.00ns)   --->   "%br_ln110 = br void %arrayidx426.exit" [fixed_point_stream_convolution.cpp:110]   --->   Operation 61 'br' 'br_ln110' <Predicate = (!icmp_ln104 & !or_ln108 & trunc_ln == 5)> <Delay = 0.00>
ST_1 : Operation 62 [1/1] (0.00ns)   --->   "%br_ln110 = br void %arrayidx426.exit" [fixed_point_stream_convolution.cpp:110]   --->   Operation 62 'br' 'br_ln110' <Predicate = (!icmp_ln104 & !or_ln108 & trunc_ln == 4)> <Delay = 0.00>
ST_1 : Operation 63 [1/1] (0.00ns)   --->   "%br_ln110 = br void %arrayidx426.exit" [fixed_point_stream_convolution.cpp:110]   --->   Operation 63 'br' 'br_ln110' <Predicate = (!icmp_ln104 & !or_ln108 & trunc_ln == 3)> <Delay = 0.00>
ST_1 : Operation 64 [1/1] (0.00ns)   --->   "%br_ln110 = br void %arrayidx426.exit" [fixed_point_stream_convolution.cpp:110]   --->   Operation 64 'br' 'br_ln110' <Predicate = (!icmp_ln104 & !or_ln108 & trunc_ln == 2)> <Delay = 0.00>
ST_1 : Operation 65 [1/1] (0.00ns)   --->   "%br_ln110 = br void %arrayidx426.exit" [fixed_point_stream_convolution.cpp:110]   --->   Operation 65 'br' 'br_ln110' <Predicate = (!icmp_ln104 & !or_ln108 & trunc_ln == 1)> <Delay = 0.00>
ST_1 : Operation 66 [1/1] (0.00ns)   --->   "%br_ln110 = br void %arrayidx426.exit" [fixed_point_stream_convolution.cpp:110]   --->   Operation 66 'br' 'br_ln110' <Predicate = (!icmp_ln104 & !or_ln108 & trunc_ln == 0)> <Delay = 0.00>
ST_1 : Operation 67 [1/1] (0.00ns)   --->   "%br_ln110 = br void %arrayidx426.exit" [fixed_point_stream_convolution.cpp:110]   --->   Operation 67 'br' 'br_ln110' <Predicate = (!icmp_ln104 & !or_ln108 & trunc_ln == 31) | (!icmp_ln104 & !or_ln108 & trunc_ln == 30) | (!icmp_ln104 & !or_ln108 & trunc_ln == 29) | (!icmp_ln104 & !or_ln108 & trunc_ln == 28) | (!icmp_ln104 & !or_ln108 & trunc_ln == 27) | (!icmp_ln104 & !or_ln108 & trunc_ln == 26) | (!icmp_ln104 & !or_ln108 & trunc_ln == 25) | (!icmp_ln104 & !or_ln108 & trunc_ln == 24)> <Delay = 0.00>
ST_1 : Operation 68 [1/1] (1.89ns)   --->   "%switch_ln117 = switch i5 %trunc_ln, void %arrayidx565.case.24, i5 0, void %arrayidx565.case.0, i5 1, void %arrayidx565.case.1, i5 2, void %arrayidx565.case.2, i5 3, void %arrayidx565.case.3, i5 4, void %arrayidx565.case.4, i5 5, void %arrayidx565.case.5, i5 6, void %arrayidx565.case.6, i5 7, void %arrayidx565.case.7, i5 8, void %arrayidx565.case.8, i5 9, void %arrayidx565.case.9, i5 10, void %arrayidx565.case.10, i5 11, void %arrayidx565.case.11, i5 12, void %arrayidx565.case.12, i5 13, void %arrayidx565.case.13, i5 14, void %arrayidx565.case.14, i5 15, void %arrayidx565.case.15, i5 16, void %arrayidx565.case.16, i5 17, void %arrayidx565.case.17, i5 18, void %arrayidx565.case.18, i5 19, void %arrayidx565.case.19, i5 20, void %arrayidx565.case.20, i5 21, void %arrayidx565.case.21, i5 22, void %arrayidx565.case.22, i5 23, void %arrayidx565.case.23" [fixed_point_stream_convolution.cpp:117]   --->   Operation 68 'switch' 'switch_ln117' <Predicate = (!icmp_ln104 & or_ln108)> <Delay = 1.89>
ST_1 : Operation 69 [1/1] (0.00ns)   --->   "%br_ln117 = br void %arrayidx565.exit" [fixed_point_stream_convolution.cpp:117]   --->   Operation 69 'br' 'br_ln117' <Predicate = (!icmp_ln104 & or_ln108 & trunc_ln == 23)> <Delay = 0.00>
ST_1 : Operation 70 [1/1] (0.00ns)   --->   "%br_ln117 = br void %arrayidx565.exit" [fixed_point_stream_convolution.cpp:117]   --->   Operation 70 'br' 'br_ln117' <Predicate = (!icmp_ln104 & or_ln108 & trunc_ln == 22)> <Delay = 0.00>
ST_1 : Operation 71 [1/1] (0.00ns)   --->   "%br_ln117 = br void %arrayidx565.exit" [fixed_point_stream_convolution.cpp:117]   --->   Operation 71 'br' 'br_ln117' <Predicate = (!icmp_ln104 & or_ln108 & trunc_ln == 21)> <Delay = 0.00>
ST_1 : Operation 72 [1/1] (0.00ns)   --->   "%br_ln117 = br void %arrayidx565.exit" [fixed_point_stream_convolution.cpp:117]   --->   Operation 72 'br' 'br_ln117' <Predicate = (!icmp_ln104 & or_ln108 & trunc_ln == 20)> <Delay = 0.00>
ST_1 : Operation 73 [1/1] (0.00ns)   --->   "%br_ln117 = br void %arrayidx565.exit" [fixed_point_stream_convolution.cpp:117]   --->   Operation 73 'br' 'br_ln117' <Predicate = (!icmp_ln104 & or_ln108 & trunc_ln == 19)> <Delay = 0.00>
ST_1 : Operation 74 [1/1] (0.00ns)   --->   "%br_ln117 = br void %arrayidx565.exit" [fixed_point_stream_convolution.cpp:117]   --->   Operation 74 'br' 'br_ln117' <Predicate = (!icmp_ln104 & or_ln108 & trunc_ln == 18)> <Delay = 0.00>
ST_1 : Operation 75 [1/1] (0.00ns)   --->   "%br_ln117 = br void %arrayidx565.exit" [fixed_point_stream_convolution.cpp:117]   --->   Operation 75 'br' 'br_ln117' <Predicate = (!icmp_ln104 & or_ln108 & trunc_ln == 17)> <Delay = 0.00>
ST_1 : Operation 76 [1/1] (0.00ns)   --->   "%br_ln117 = br void %arrayidx565.exit" [fixed_point_stream_convolution.cpp:117]   --->   Operation 76 'br' 'br_ln117' <Predicate = (!icmp_ln104 & or_ln108 & trunc_ln == 16)> <Delay = 0.00>
ST_1 : Operation 77 [1/1] (0.00ns)   --->   "%br_ln117 = br void %arrayidx565.exit" [fixed_point_stream_convolution.cpp:117]   --->   Operation 77 'br' 'br_ln117' <Predicate = (!icmp_ln104 & or_ln108 & trunc_ln == 15)> <Delay = 0.00>
ST_1 : Operation 78 [1/1] (0.00ns)   --->   "%br_ln117 = br void %arrayidx565.exit" [fixed_point_stream_convolution.cpp:117]   --->   Operation 78 'br' 'br_ln117' <Predicate = (!icmp_ln104 & or_ln108 & trunc_ln == 14)> <Delay = 0.00>
ST_1 : Operation 79 [1/1] (0.00ns)   --->   "%br_ln117 = br void %arrayidx565.exit" [fixed_point_stream_convolution.cpp:117]   --->   Operation 79 'br' 'br_ln117' <Predicate = (!icmp_ln104 & or_ln108 & trunc_ln == 13)> <Delay = 0.00>
ST_1 : Operation 80 [1/1] (0.00ns)   --->   "%br_ln117 = br void %arrayidx565.exit" [fixed_point_stream_convolution.cpp:117]   --->   Operation 80 'br' 'br_ln117' <Predicate = (!icmp_ln104 & or_ln108 & trunc_ln == 12)> <Delay = 0.00>
ST_1 : Operation 81 [1/1] (0.00ns)   --->   "%br_ln117 = br void %arrayidx565.exit" [fixed_point_stream_convolution.cpp:117]   --->   Operation 81 'br' 'br_ln117' <Predicate = (!icmp_ln104 & or_ln108 & trunc_ln == 11)> <Delay = 0.00>
ST_1 : Operation 82 [1/1] (0.00ns)   --->   "%br_ln117 = br void %arrayidx565.exit" [fixed_point_stream_convolution.cpp:117]   --->   Operation 82 'br' 'br_ln117' <Predicate = (!icmp_ln104 & or_ln108 & trunc_ln == 10)> <Delay = 0.00>
ST_1 : Operation 83 [1/1] (0.00ns)   --->   "%br_ln117 = br void %arrayidx565.exit" [fixed_point_stream_convolution.cpp:117]   --->   Operation 83 'br' 'br_ln117' <Predicate = (!icmp_ln104 & or_ln108 & trunc_ln == 9)> <Delay = 0.00>
ST_1 : Operation 84 [1/1] (0.00ns)   --->   "%br_ln117 = br void %arrayidx565.exit" [fixed_point_stream_convolution.cpp:117]   --->   Operation 84 'br' 'br_ln117' <Predicate = (!icmp_ln104 & or_ln108 & trunc_ln == 8)> <Delay = 0.00>
ST_1 : Operation 85 [1/1] (0.00ns)   --->   "%br_ln117 = br void %arrayidx565.exit" [fixed_point_stream_convolution.cpp:117]   --->   Operation 85 'br' 'br_ln117' <Predicate = (!icmp_ln104 & or_ln108 & trunc_ln == 7)> <Delay = 0.00>
ST_1 : Operation 86 [1/1] (0.00ns)   --->   "%br_ln117 = br void %arrayidx565.exit" [fixed_point_stream_convolution.cpp:117]   --->   Operation 86 'br' 'br_ln117' <Predicate = (!icmp_ln104 & or_ln108 & trunc_ln == 6)> <Delay = 0.00>
ST_1 : Operation 87 [1/1] (0.00ns)   --->   "%br_ln117 = br void %arrayidx565.exit" [fixed_point_stream_convolution.cpp:117]   --->   Operation 87 'br' 'br_ln117' <Predicate = (!icmp_ln104 & or_ln108 & trunc_ln == 5)> <Delay = 0.00>
ST_1 : Operation 88 [1/1] (0.00ns)   --->   "%br_ln117 = br void %arrayidx565.exit" [fixed_point_stream_convolution.cpp:117]   --->   Operation 88 'br' 'br_ln117' <Predicate = (!icmp_ln104 & or_ln108 & trunc_ln == 4)> <Delay = 0.00>
ST_1 : Operation 89 [1/1] (0.00ns)   --->   "%br_ln117 = br void %arrayidx565.exit" [fixed_point_stream_convolution.cpp:117]   --->   Operation 89 'br' 'br_ln117' <Predicate = (!icmp_ln104 & or_ln108 & trunc_ln == 3)> <Delay = 0.00>
ST_1 : Operation 90 [1/1] (0.00ns)   --->   "%br_ln117 = br void %arrayidx565.exit" [fixed_point_stream_convolution.cpp:117]   --->   Operation 90 'br' 'br_ln117' <Predicate = (!icmp_ln104 & or_ln108 & trunc_ln == 2)> <Delay = 0.00>
ST_1 : Operation 91 [1/1] (0.00ns)   --->   "%br_ln117 = br void %arrayidx565.exit" [fixed_point_stream_convolution.cpp:117]   --->   Operation 91 'br' 'br_ln117' <Predicate = (!icmp_ln104 & or_ln108 & trunc_ln == 1)> <Delay = 0.00>
ST_1 : Operation 92 [1/1] (0.00ns)   --->   "%br_ln117 = br void %arrayidx565.exit" [fixed_point_stream_convolution.cpp:117]   --->   Operation 92 'br' 'br_ln117' <Predicate = (!icmp_ln104 & or_ln108 & trunc_ln == 0)> <Delay = 0.00>
ST_1 : Operation 93 [1/1] (0.00ns)   --->   "%br_ln117 = br void %arrayidx565.exit" [fixed_point_stream_convolution.cpp:117]   --->   Operation 93 'br' 'br_ln117' <Predicate = (!icmp_ln104 & or_ln108 & trunc_ln == 31) | (!icmp_ln104 & or_ln108 & trunc_ln == 30) | (!icmp_ln104 & or_ln108 & trunc_ln == 29) | (!icmp_ln104 & or_ln108 & trunc_ln == 28) | (!icmp_ln104 & or_ln108 & trunc_ln == 27) | (!icmp_ln104 & or_ln108 & trunc_ln == 26) | (!icmp_ln104 & or_ln108 & trunc_ln == 25) | (!icmp_ln104 & or_ln108 & trunc_ln == 24)> <Delay = 0.00>
ST_1 : Operation 94 [1/1] (1.73ns)   --->   "%add_ln105 = add i10 %select_ln104, i10 1" [fixed_point_stream_convolution.cpp:105]   --->   Operation 94 'add' 'add_ln105' <Predicate = (!icmp_ln104)> <Delay = 1.73> <CoreInst = "Adder">   --->   Core 1 'Adder' <Latency = 0> <II = 1> <Delay = 1.73> <FuncUnit> <Opcode : 'add' 'sub'> <InPorts = 2> <OutPorts = 1>
ST_1 : Operation 95 [1/1] (1.58ns)   --->   "%store_ln104 = store i15 %add_ln104_1, i15 %indvar_flatten" [fixed_point_stream_convolution.cpp:104]   --->   Operation 95 'store' 'store_ln104' <Predicate = (!icmp_ln104)> <Delay = 1.58>
ST_1 : Operation 96 [1/1] (1.58ns)   --->   "%store_ln104 = store i6 %select_ln104_1, i6 %i_2" [fixed_point_stream_convolution.cpp:104]   --->   Operation 96 'store' 'store_ln104' <Predicate = (!icmp_ln104)> <Delay = 1.58>
ST_1 : Operation 97 [1/1] (1.58ns)   --->   "%store_ln105 = store i10 %add_ln105, i10 %j" [fixed_point_stream_convolution.cpp:105]   --->   Operation 97 'store' 'store_ln105' <Predicate = (!icmp_ln104)> <Delay = 1.58>
ST_1 : Operation 98 [1/1] (0.00ns)   --->   "%br_ln105 = br void %for.body34" [fixed_point_stream_convolution.cpp:105]   --->   Operation 98 'br' 'br_ln105' <Predicate = (!icmp_ln104)> <Delay = 0.00>
ST_1 : Operation 185 [1/1] (0.00ns)   --->   "%ret_ln0 = ret"   --->   Operation 185 'ret' 'ret_ln0' <Predicate = (icmp_ln104)> <Delay = 0.00>

State 2 <SV = 1> <Delay = 4.53>
ST_2 : Operation 99 [1/1] (0.00ns)   --->   "%specloopname_ln0 = specloopname void @_ssdm_op_SpecLoopName, void @VITIS_LOOP_104_1_VITIS_LOOP_105_2_str"   --->   Operation 99 'specloopname' 'specloopname_ln0' <Predicate = true> <Delay = 0.00>
ST_2 : Operation 100 [1/1] (0.00ns)   --->   "%speclooptripcount_ln0 = speclooptripcount void @_ssdm_op_SpecLoopTripCount, i64 25600, i64 25600, i64 25600"   --->   Operation 100 'speclooptripcount' 'speclooptripcount_ln0' <Predicate = true> <Delay = 0.00>
ST_2 : Operation 101 [1/1] (0.00ns)   --->   "%specpipeline_ln107 = specpipeline void @_ssdm_op_SpecPipeline, i32 1, i32 0, i32 0, i32 0, void @empty_9" [fixed_point_stream_convolution.cpp:107]   --->   Operation 101 'specpipeline' 'specpipeline_ln107' <Predicate = true> <Delay = 0.00>
ST_2 : Operation 102 [1/1] (0.00ns)   --->   "%tmp_3 = bitconcatenate i10 @_ssdm_op_BitConcatenate.i10.i5.i5, i5 %trunc_ln104, i5 %trunc_ln105" [fixed_point_stream_convolution.cpp:110]   --->   Operation 102 'bitconcatenate' 'tmp_3' <Predicate = true> <Delay = 0.00>
ST_2 : Operation 103 [1/1] (0.00ns)   --->   "%zext_ln110 = zext i10 %tmp_3" [fixed_point_stream_convolution.cpp:110]   --->   Operation 103 'zext' 'zext_ln110' <Predicate = true> <Delay = 0.00>
ST_2 : Operation 104 [1/1] (0.00ns)   --->   "%SMM_CIF_0_2_stream_AXI_VAL_0_stream_AXI_VAL_0_B_addr = getelementptr i16 %SMM_CIF_0_2_stream_AXI_VAL_0_stream_AXI_VAL_0_B, i64 0, i64 %zext_ln110" [fixed_point_stream_convolution.cpp:110]   --->   Operation 104 'getelementptr' 'SMM_CIF_0_2_stream_AXI_VAL_0_stream_AXI_VAL_0_B_addr' <Predicate = true> <Delay = 0.00>
ST_2 : Operation 105 [1/1] (0.00ns)   --->   "%SMM_CIF_0_2_stream_AXI_VAL_0_stream_AXI_VAL_0_B_10_addr = getelementptr i16 %SMM_CIF_0_2_stream_AXI_VAL_0_stream_AXI_VAL_0_B_10, i64 0, i64 %zext_ln110" [fixed_point_stream_convolution.cpp:110]   --->   Operation 105 'getelementptr' 'SMM_CIF_0_2_stream_AXI_VAL_0_stream_AXI_VAL_0_B_10_addr' <Predicate = true> <Delay = 0.00>
ST_2 : Operation 106 [1/1] (0.00ns)   --->   "%SMM_CIF_0_2_stream_AXI_VAL_0_stream_AXI_VAL_0_B_11_addr = getelementptr i16 %SMM_CIF_0_2_stream_AXI_VAL_0_stream_AXI_VAL_0_B_11, i64 0, i64 %zext_ln110" [fixed_point_stream_convolution.cpp:110]   --->   Operation 106 'getelementptr' 'SMM_CIF_0_2_stream_AXI_VAL_0_stream_AXI_VAL_0_B_11_addr' <Predicate = true> <Delay = 0.00>
ST_2 : Operation 107 [1/1] (0.00ns)   --->   "%SMM_CIF_0_2_stream_AXI_VAL_0_stream_AXI_VAL_0_B_12_addr = getelementptr i16 %SMM_CIF_0_2_stream_AXI_VAL_0_stream_AXI_VAL_0_B_12, i64 0, i64 %zext_ln110" [fixed_point_stream_convolution.cpp:110]   --->   Operation 107 'getelementptr' 'SMM_CIF_0_2_stream_AXI_VAL_0_stream_AXI_VAL_0_B_12_addr' <Predicate = true> <Delay = 0.00>
ST_2 : Operation 108 [1/1] (0.00ns)   --->   "%SMM_CIF_0_2_stream_AXI_VAL_0_stream_AXI_VAL_0_B_13_addr = getelementptr i16 %SMM_CIF_0_2_stream_AXI_VAL_0_stream_AXI_VAL_0_B_13, i64 0, i64 %zext_ln110" [fixed_point_stream_convolution.cpp:110]   --->   Operation 108 'getelementptr' 'SMM_CIF_0_2_stream_AXI_VAL_0_stream_AXI_VAL_0_B_13_addr' <Predicate = true> <Delay = 0.00>
ST_2 : Operation 109 [1/1] (0.00ns)   --->   "%SMM_CIF_0_2_stream_AXI_VAL_0_stream_AXI_VAL_0_B_14_addr = getelementptr i16 %SMM_CIF_0_2_stream_AXI_VAL_0_stream_AXI_VAL_0_B_14, i64 0, i64 %zext_ln110" [fixed_point_stream_convolution.cpp:110]   --->   Operation 109 'getelementptr' 'SMM_CIF_0_2_stream_AXI_VAL_0_stream_AXI_VAL_0_B_14_addr' <Predicate = true> <Delay = 0.00>
ST_2 : Operation 110 [1/1] (0.00ns)   --->   "%SMM_CIF_0_2_stream_AXI_VAL_0_stream_AXI_VAL_0_B_15_addr = getelementptr i16 %SMM_CIF_0_2_stream_AXI_VAL_0_stream_AXI_VAL_0_B_15, i64 0, i64 %zext_ln110" [fixed_point_stream_convolution.cpp:110]   --->   Operation 110 'getelementptr' 'SMM_CIF_0_2_stream_AXI_VAL_0_stream_AXI_VAL_0_B_15_addr' <Predicate = true> <Delay = 0.00>
ST_2 : Operation 111 [1/1] (0.00ns)   --->   "%SMM_CIF_0_2_stream_AXI_VAL_0_stream_AXI_VAL_0_B_16_addr = getelementptr i16 %SMM_CIF_0_2_stream_AXI_VAL_0_stream_AXI_VAL_0_B_16, i64 0, i64 %zext_ln110" [fixed_point_stream_convolution.cpp:110]   --->   Operation 111 'getelementptr' 'SMM_CIF_0_2_stream_AXI_VAL_0_stream_AXI_VAL_0_B_16_addr' <Predicate = true> <Delay = 0.00>
ST_2 : Operation 112 [1/1] (0.00ns)   --->   "%SMM_CIF_0_2_stream_AXI_VAL_0_stream_AXI_VAL_0_B_17_addr = getelementptr i16 %SMM_CIF_0_2_stream_AXI_VAL_0_stream_AXI_VAL_0_B_17, i64 0, i64 %zext_ln110" [fixed_point_stream_convolution.cpp:110]   --->   Operation 112 'getelementptr' 'SMM_CIF_0_2_stream_AXI_VAL_0_stream_AXI_VAL_0_B_17_addr' <Predicate = true> <Delay = 0.00>
ST_2 : Operation 113 [1/1] (0.00ns)   --->   "%SMM_CIF_0_2_stream_AXI_VAL_0_stream_AXI_VAL_0_B_18_addr = getelementptr i16 %SMM_CIF_0_2_stream_AXI_VAL_0_stream_AXI_VAL_0_B_18, i64 0, i64 %zext_ln110" [fixed_point_stream_convolution.cpp:110]   --->   Operation 113 'getelementptr' 'SMM_CIF_0_2_stream_AXI_VAL_0_stream_AXI_VAL_0_B_18_addr' <Predicate = true> <Delay = 0.00>
ST_2 : Operation 114 [1/1] (0.00ns)   --->   "%p_ZZ11SMM_CIF_0_2RN3hls6streamI7AXI_VALLi0EEES3_E1B_10_addr = getelementptr i16 %p_ZZ11SMM_CIF_0_2RN3hls6streamI7AXI_VALLi0EEES3_E1B_10, i64 0, i64 %zext_ln110" [fixed_point_stream_convolution.cpp:110]   --->   Operation 114 'getelementptr' 'p_ZZ11SMM_CIF_0_2RN3hls6streamI7AXI_VALLi0EEES3_E1B_10_addr' <Predicate = true> <Delay = 0.00>
ST_2 : Operation 115 [1/1] (0.00ns)   --->   "%p_ZZ11SMM_CIF_0_2RN3hls6streamI7AXI_VALLi0EEES3_E1B_11_addr = getelementptr i16 %p_ZZ11SMM_CIF_0_2RN3hls6streamI7AXI_VALLi0EEES3_E1B_11, i64 0, i64 %zext_ln110" [fixed_point_stream_convolution.cpp:110]   --->   Operation 115 'getelementptr' 'p_ZZ11SMM_CIF_0_2RN3hls6streamI7AXI_VALLi0EEES3_E1B_11_addr' <Predicate = true> <Delay = 0.00>
ST_2 : Operation 116 [1/1] (0.00ns)   --->   "%p_ZZ11SMM_CIF_0_2RN3hls6streamI7AXI_VALLi0EEES3_E1B_12_addr = getelementptr i16 %p_ZZ11SMM_CIF_0_2RN3hls6streamI7AXI_VALLi0EEES3_E1B_12, i64 0, i64 %zext_ln110" [fixed_point_stream_convolution.cpp:110]   --->   Operation 116 'getelementptr' 'p_ZZ11SMM_CIF_0_2RN3hls6streamI7AXI_VALLi0EEES3_E1B_12_addr' <Predicate = true> <Delay = 0.00>
ST_2 : Operation 117 [1/1] (0.00ns)   --->   "%p_ZZ11SMM_CIF_0_2RN3hls6streamI7AXI_VALLi0EEES3_E1B_13_addr = getelementptr i16 %p_ZZ11SMM_CIF_0_2RN3hls6streamI7AXI_VALLi0EEES3_E1B_13, i64 0, i64 %zext_ln110" [fixed_point_stream_convolution.cpp:110]   --->   Operation 117 'getelementptr' 'p_ZZ11SMM_CIF_0_2RN3hls6streamI7AXI_VALLi0EEES3_E1B_13_addr' <Predicate = true> <Delay = 0.00>
ST_2 : Operation 118 [1/1] (0.00ns)   --->   "%p_ZZ11SMM_CIF_0_2RN3hls6streamI7AXI_VALLi0EEES3_E1B_14_addr = getelementptr i16 %p_ZZ11SMM_CIF_0_2RN3hls6streamI7AXI_VALLi0EEES3_E1B_14, i64 0, i64 %zext_ln110" [fixed_point_stream_convolution.cpp:110]   --->   Operation 118 'getelementptr' 'p_ZZ11SMM_CIF_0_2RN3hls6streamI7AXI_VALLi0EEES3_E1B_14_addr' <Predicate = true> <Delay = 0.00>
ST_2 : Operation 119 [1/1] (0.00ns)   --->   "%SMM_CIF_0_2_hls_stream_AXI_VAL_0_hls_stream_AXI_VAL_0_B = getelementptr i16 %p_ZZ11SMM_CIF_0_2RN3hls6streamI7AXI_VALLi0EEES3_E1B_15, i64 0, i64 %zext_ln110" [fixed_point_stream_convolution.cpp:110]   --->   Operation 119 'getelementptr' 'SMM_CIF_0_2_hls_stream_AXI_VAL_0_hls_stream_AXI_VAL_0_B' <Predicate = true> <Delay = 0.00>
ST_2 : Operation 120 [1/1] (0.00ns)   --->   "%p_ZZ11SMM_CIF_0_2RN3hls6streamI7AXI_VALLi0EEES3_E1B_16_addr = getelementptr i16 %p_ZZ11SMM_CIF_0_2RN3hls6streamI7AXI_VALLi0EEES3_E1B_16, i64 0, i64 %zext_ln110" [fixed_point_stream_convolution.cpp:110]   --->   Operation 120 'getelementptr' 'p_ZZ11SMM_CIF_0_2RN3hls6streamI7AXI_VALLi0EEES3_E1B_16_addr' <Predicate = true> <Delay = 0.00>
ST_2 : Operation 121 [1/1] (0.00ns)   --->   "%p_ZZ11SMM_CIF_0_2RN3hls6streamI7AXI_VALLi0EEES3_E1B_17_addr = getelementptr i16 %p_ZZ11SMM_CIF_0_2RN3hls6streamI7AXI_VALLi0EEES3_E1B_17, i64 0, i64 %zext_ln110" [fixed_point_stream_convolution.cpp:110]   --->   Operation 121 'getelementptr' 'p_ZZ11SMM_CIF_0_2RN3hls6streamI7AXI_VALLi0EEES3_E1B_17_addr' <Predicate = true> <Delay = 0.00>
ST_2 : Operation 122 [1/1] (0.00ns)   --->   "%p_ZZ11SMM_CIF_0_2RN3hls6streamI7AXI_VALLi0EEES3_E1B_18_addr = getelementptr i16 %p_ZZ11SMM_CIF_0_2RN3hls6streamI7AXI_VALLi0EEES3_E1B_18, i64 0, i64 %zext_ln110" [fixed_point_stream_convolution.cpp:110]   --->   Operation 122 'getelementptr' 'p_ZZ11SMM_CIF_0_2RN3hls6streamI7AXI_VALLi0EEES3_E1B_18_addr' <Predicate = true> <Delay = 0.00>
ST_2 : Operation 123 [1/1] (0.00ns)   --->   "%p_ZZ11SMM_CIF_0_2RN3hls6streamI7AXI_VALLi0EEES3_E1B_19_addr = getelementptr i16 %p_ZZ11SMM_CIF_0_2RN3hls6streamI7AXI_VALLi0EEES3_E1B_19, i64 0, i64 %zext_ln110" [fixed_point_stream_convolution.cpp:110]   --->   Operation 123 'getelementptr' 'p_ZZ11SMM_CIF_0_2RN3hls6streamI7AXI_VALLi0EEES3_E1B_19_addr' <Predicate = true> <Delay = 0.00>
ST_2 : Operation 124 [1/1] (0.00ns)   --->   "%p_ZZ11SMM_CIF_0_2RN3hls6streamI7AXI_VALLi0EEES3_E1B_20_addr = getelementptr i16 %p_ZZ11SMM_CIF_0_2RN3hls6streamI7AXI_VALLi0EEES3_E1B_20, i64 0, i64 %zext_ln110" [fixed_point_stream_convolution.cpp:110]   --->   Operation 124 'getelementptr' 'p_ZZ11SMM_CIF_0_2RN3hls6streamI7AXI_VALLi0EEES3_E1B_20_addr' <Predicate = true> <Delay = 0.00>
ST_2 : Operation 125 [1/1] (0.00ns)   --->   "%p_ZZ11SMM_CIF_0_2RN3hls6streamI7AXI_VALLi0EEES3_E1B_21_addr = getelementptr i16 %p_ZZ11SMM_CIF_0_2RN3hls6streamI7AXI_VALLi0EEES3_E1B_21, i64 0, i64 %zext_ln110" [fixed_point_stream_convolution.cpp:110]   --->   Operation 125 'getelementptr' 'p_ZZ11SMM_CIF_0_2RN3hls6streamI7AXI_VALLi0EEES3_E1B_21_addr' <Predicate = true> <Delay = 0.00>
ST_2 : Operation 126 [1/1] (0.00ns)   --->   "%p_ZZ11SMM_CIF_0_2RN3hls6streamI7AXI_VALLi0EEES3_E1B_22_addr = getelementptr i16 %p_ZZ11SMM_CIF_0_2RN3hls6streamI7AXI_VALLi0EEES3_E1B_22, i64 0, i64 %zext_ln110" [fixed_point_stream_convolution.cpp:110]   --->   Operation 126 'getelementptr' 'p_ZZ11SMM_CIF_0_2RN3hls6streamI7AXI_VALLi0EEES3_E1B_22_addr' <Predicate = true> <Delay = 0.00>
ST_2 : Operation 127 [1/1] (0.00ns)   --->   "%p_ZZ11SMM_CIF_0_2RN3hls6streamI7AXI_VALLi0EEES3_E1B_23_addr = getelementptr i16 %p_ZZ11SMM_CIF_0_2RN3hls6streamI7AXI_VALLi0EEES3_E1B_23, i64 0, i64 %zext_ln110" [fixed_point_stream_convolution.cpp:110]   --->   Operation 127 'getelementptr' 'p_ZZ11SMM_CIF_0_2RN3hls6streamI7AXI_VALLi0EEES3_E1B_23_addr' <Predicate = true> <Delay = 0.00>
ST_2 : Operation 128 [1/1] (0.00ns)   --->   "%p_ZZ11SMM_CIF_0_2RN3hls6streamI7AXI_VALLi0EEES3_E1B_24_addr = getelementptr i16 %p_ZZ11SMM_CIF_0_2RN3hls6streamI7AXI_VALLi0EEES3_E1B_24, i64 0, i64 %zext_ln110" [fixed_point_stream_convolution.cpp:110]   --->   Operation 128 'getelementptr' 'p_ZZ11SMM_CIF_0_2RN3hls6streamI7AXI_VALLi0EEES3_E1B_24_addr' <Predicate = true> <Delay = 0.00>
ST_2 : Operation 129 [1/1] (3.25ns)   --->   "%store_ln110 = store i16 %trunc_ln110, i10 %p_ZZ11SMM_CIF_0_2RN3hls6streamI7AXI_VALLi0EEES3_E1B_23_addr" [fixed_point_stream_convolution.cpp:110]   --->   Operation 129 'store' 'store_ln110' <Predicate = (!or_ln108 & trunc_ln == 23)> <Delay = 3.25> <CoreInst = "RAM">   --->   Core 82 'RAM' <Latency = 1> <II = 1> <Delay = 3.25> <Storage> <Opcode : 'load' 'store'> <Ports = 2> <Width = 16> <Depth = 1024> <RAM>
ST_2 : Operation 130 [1/1] (3.25ns)   --->   "%store_ln110 = store i16 %trunc_ln110, i10 %p_ZZ11SMM_CIF_0_2RN3hls6streamI7AXI_VALLi0EEES3_E1B_22_addr" [fixed_point_stream_convolution.cpp:110]   --->   Operation 130 'store' 'store_ln110' <Predicate = (!or_ln108 & trunc_ln == 22)> <Delay = 3.25> <CoreInst = "RAM">   --->   Core 82 'RAM' <Latency = 1> <II = 1> <Delay = 3.25> <Storage> <Opcode : 'load' 'store'> <Ports = 2> <Width = 16> <Depth = 1024> <RAM>
ST_2 : Operation 131 [1/1] (3.25ns)   --->   "%store_ln110 = store i16 %trunc_ln110, i10 %p_ZZ11SMM_CIF_0_2RN3hls6streamI7AXI_VALLi0EEES3_E1B_21_addr" [fixed_point_stream_convolution.cpp:110]   --->   Operation 131 'store' 'store_ln110' <Predicate = (!or_ln108 & trunc_ln == 21)> <Delay = 3.25> <CoreInst = "RAM">   --->   Core 82 'RAM' <Latency = 1> <II = 1> <Delay = 3.25> <Storage> <Opcode : 'load' 'store'> <Ports = 2> <Width = 16> <Depth = 1024> <RAM>
ST_2 : Operation 132 [1/1] (3.25ns)   --->   "%store_ln110 = store i16 %trunc_ln110, i10 %p_ZZ11SMM_CIF_0_2RN3hls6streamI7AXI_VALLi0EEES3_E1B_20_addr" [fixed_point_stream_convolution.cpp:110]   --->   Operation 132 'store' 'store_ln110' <Predicate = (!or_ln108 & trunc_ln == 20)> <Delay = 3.25> <CoreInst = "RAM">   --->   Core 82 'RAM' <Latency = 1> <II = 1> <Delay = 3.25> <Storage> <Opcode : 'load' 'store'> <Ports = 2> <Width = 16> <Depth = 1024> <RAM>
ST_2 : Operation 133 [1/1] (3.25ns)   --->   "%store_ln110 = store i16 %trunc_ln110, i10 %p_ZZ11SMM_CIF_0_2RN3hls6streamI7AXI_VALLi0EEES3_E1B_19_addr" [fixed_point_stream_convolution.cpp:110]   --->   Operation 133 'store' 'store_ln110' <Predicate = (!or_ln108 & trunc_ln == 19)> <Delay = 3.25> <CoreInst = "RAM">   --->   Core 82 'RAM' <Latency = 1> <II = 1> <Delay = 3.25> <Storage> <Opcode : 'load' 'store'> <Ports = 2> <Width = 16> <Depth = 1024> <RAM>
ST_2 : Operation 134 [1/1] (3.25ns)   --->   "%store_ln110 = store i16 %trunc_ln110, i10 %p_ZZ11SMM_CIF_0_2RN3hls6streamI7AXI_VALLi0EEES3_E1B_18_addr" [fixed_point_stream_convolution.cpp:110]   --->   Operation 134 'store' 'store_ln110' <Predicate = (!or_ln108 & trunc_ln == 18)> <Delay = 3.25> <CoreInst = "RAM">   --->   Core 82 'RAM' <Latency = 1> <II = 1> <Delay = 3.25> <Storage> <Opcode : 'load' 'store'> <Ports = 2> <Width = 16> <Depth = 1024> <RAM>
ST_2 : Operation 135 [1/1] (3.25ns)   --->   "%store_ln110 = store i16 %trunc_ln110, i10 %p_ZZ11SMM_CIF_0_2RN3hls6streamI7AXI_VALLi0EEES3_E1B_17_addr" [fixed_point_stream_convolution.cpp:110]   --->   Operation 135 'store' 'store_ln110' <Predicate = (!or_ln108 & trunc_ln == 17)> <Delay = 3.25> <CoreInst = "RAM">   --->   Core 82 'RAM' <Latency = 1> <II = 1> <Delay = 3.25> <Storage> <Opcode : 'load' 'store'> <Ports = 2> <Width = 16> <Depth = 1024> <RAM>
ST_2 : Operation 136 [1/1] (3.25ns)   --->   "%store_ln110 = store i16 %trunc_ln110, i10 %p_ZZ11SMM_CIF_0_2RN3hls6streamI7AXI_VALLi0EEES3_E1B_16_addr" [fixed_point_stream_convolution.cpp:110]   --->   Operation 136 'store' 'store_ln110' <Predicate = (!or_ln108 & trunc_ln == 16)> <Delay = 3.25> <CoreInst = "RAM">   --->   Core 82 'RAM' <Latency = 1> <II = 1> <Delay = 3.25> <Storage> <Opcode : 'load' 'store'> <Ports = 2> <Width = 16> <Depth = 1024> <RAM>
ST_2 : Operation 137 [1/1] (3.25ns)   --->   "%store_ln110 = store i16 %trunc_ln110, i10 %SMM_CIF_0_2_hls_stream_AXI_VAL_0_hls_stream_AXI_VAL_0_B" [fixed_point_stream_convolution.cpp:110]   --->   Operation 137 'store' 'store_ln110' <Predicate = (!or_ln108 & trunc_ln == 15)> <Delay = 3.25> <CoreInst = "RAM">   --->   Core 82 'RAM' <Latency = 1> <II = 1> <Delay = 3.25> <Storage> <Opcode : 'load' 'store'> <Ports = 2> <Width = 16> <Depth = 1024> <RAM>
ST_2 : Operation 138 [1/1] (3.25ns)   --->   "%store_ln110 = store i16 %trunc_ln110, i10 %p_ZZ11SMM_CIF_0_2RN3hls6streamI7AXI_VALLi0EEES3_E1B_14_addr" [fixed_point_stream_convolution.cpp:110]   --->   Operation 138 'store' 'store_ln110' <Predicate = (!or_ln108 & trunc_ln == 14)> <Delay = 3.25> <CoreInst = "RAM">   --->   Core 82 'RAM' <Latency = 1> <II = 1> <Delay = 3.25> <Storage> <Opcode : 'load' 'store'> <Ports = 2> <Width = 16> <Depth = 1024> <RAM>
ST_2 : Operation 139 [1/1] (3.25ns)   --->   "%store_ln110 = store i16 %trunc_ln110, i10 %p_ZZ11SMM_CIF_0_2RN3hls6streamI7AXI_VALLi0EEES3_E1B_13_addr" [fixed_point_stream_convolution.cpp:110]   --->   Operation 139 'store' 'store_ln110' <Predicate = (!or_ln108 & trunc_ln == 13)> <Delay = 3.25> <CoreInst = "RAM">   --->   Core 82 'RAM' <Latency = 1> <II = 1> <Delay = 3.25> <Storage> <Opcode : 'load' 'store'> <Ports = 2> <Width = 16> <Depth = 1024> <RAM>
ST_2 : Operation 140 [1/1] (3.25ns)   --->   "%store_ln110 = store i16 %trunc_ln110, i10 %p_ZZ11SMM_CIF_0_2RN3hls6streamI7AXI_VALLi0EEES3_E1B_12_addr" [fixed_point_stream_convolution.cpp:110]   --->   Operation 140 'store' 'store_ln110' <Predicate = (!or_ln108 & trunc_ln == 12)> <Delay = 3.25> <CoreInst = "RAM">   --->   Core 82 'RAM' <Latency = 1> <II = 1> <Delay = 3.25> <Storage> <Opcode : 'load' 'store'> <Ports = 2> <Width = 16> <Depth = 1024> <RAM>
ST_2 : Operation 141 [1/1] (3.25ns)   --->   "%store_ln110 = store i16 %trunc_ln110, i10 %p_ZZ11SMM_CIF_0_2RN3hls6streamI7AXI_VALLi0EEES3_E1B_11_addr" [fixed_point_stream_convolution.cpp:110]   --->   Operation 141 'store' 'store_ln110' <Predicate = (!or_ln108 & trunc_ln == 11)> <Delay = 3.25> <CoreInst = "RAM">   --->   Core 82 'RAM' <Latency = 1> <II = 1> <Delay = 3.25> <Storage> <Opcode : 'load' 'store'> <Ports = 2> <Width = 16> <Depth = 1024> <RAM>
ST_2 : Operation 142 [1/1] (3.25ns)   --->   "%store_ln110 = store i16 %trunc_ln110, i10 %p_ZZ11SMM_CIF_0_2RN3hls6streamI7AXI_VALLi0EEES3_E1B_10_addr" [fixed_point_stream_convolution.cpp:110]   --->   Operation 142 'store' 'store_ln110' <Predicate = (!or_ln108 & trunc_ln == 10)> <Delay = 3.25> <CoreInst = "RAM">   --->   Core 82 'RAM' <Latency = 1> <II = 1> <Delay = 3.25> <Storage> <Opcode : 'load' 'store'> <Ports = 2> <Width = 16> <Depth = 1024> <RAM>
ST_2 : Operation 143 [1/1] (3.25ns)   --->   "%store_ln110 = store i16 %trunc_ln110, i10 %SMM_CIF_0_2_stream_AXI_VAL_0_stream_AXI_VAL_0_B_18_addr" [fixed_point_stream_convolution.cpp:110]   --->   Operation 143 'store' 'store_ln110' <Predicate = (!or_ln108 & trunc_ln == 9)> <Delay = 3.25> <CoreInst = "RAM">   --->   Core 82 'RAM' <Latency = 1> <II = 1> <Delay = 3.25> <Storage> <Opcode : 'load' 'store'> <Ports = 2> <Width = 16> <Depth = 1024> <RAM>
ST_2 : Operation 144 [1/1] (3.25ns)   --->   "%store_ln110 = store i16 %trunc_ln110, i10 %SMM_CIF_0_2_stream_AXI_VAL_0_stream_AXI_VAL_0_B_17_addr" [fixed_point_stream_convolution.cpp:110]   --->   Operation 144 'store' 'store_ln110' <Predicate = (!or_ln108 & trunc_ln == 8)> <Delay = 3.25> <CoreInst = "RAM">   --->   Core 82 'RAM' <Latency = 1> <II = 1> <Delay = 3.25> <Storage> <Opcode : 'load' 'store'> <Ports = 2> <Width = 16> <Depth = 1024> <RAM>
ST_2 : Operation 145 [1/1] (3.25ns)   --->   "%store_ln110 = store i16 %trunc_ln110, i10 %SMM_CIF_0_2_stream_AXI_VAL_0_stream_AXI_VAL_0_B_16_addr" [fixed_point_stream_convolution.cpp:110]   --->   Operation 145 'store' 'store_ln110' <Predicate = (!or_ln108 & trunc_ln == 7)> <Delay = 3.25> <CoreInst = "RAM">   --->   Core 82 'RAM' <Latency = 1> <II = 1> <Delay = 3.25> <Storage> <Opcode : 'load' 'store'> <Ports = 2> <Width = 16> <Depth = 1024> <RAM>
ST_2 : Operation 146 [1/1] (3.25ns)   --->   "%store_ln110 = store i16 %trunc_ln110, i10 %SMM_CIF_0_2_stream_AXI_VAL_0_stream_AXI_VAL_0_B_15_addr" [fixed_point_stream_convolution.cpp:110]   --->   Operation 146 'store' 'store_ln110' <Predicate = (!or_ln108 & trunc_ln == 6)> <Delay = 3.25> <CoreInst = "RAM">   --->   Core 82 'RAM' <Latency = 1> <II = 1> <Delay = 3.25> <Storage> <Opcode : 'load' 'store'> <Ports = 2> <Width = 16> <Depth = 1024> <RAM>
ST_2 : Operation 147 [1/1] (3.25ns)   --->   "%store_ln110 = store i16 %trunc_ln110, i10 %SMM_CIF_0_2_stream_AXI_VAL_0_stream_AXI_VAL_0_B_14_addr" [fixed_point_stream_convolution.cpp:110]   --->   Operation 147 'store' 'store_ln110' <Predicate = (!or_ln108 & trunc_ln == 5)> <Delay = 3.25> <CoreInst = "RAM">   --->   Core 82 'RAM' <Latency = 1> <II = 1> <Delay = 3.25> <Storage> <Opcode : 'load' 'store'> <Ports = 2> <Width = 16> <Depth = 1024> <RAM>
ST_2 : Operation 148 [1/1] (3.25ns)   --->   "%store_ln110 = store i16 %trunc_ln110, i10 %SMM_CIF_0_2_stream_AXI_VAL_0_stream_AXI_VAL_0_B_13_addr" [fixed_point_stream_convolution.cpp:110]   --->   Operation 148 'store' 'store_ln110' <Predicate = (!or_ln108 & trunc_ln == 4)> <Delay = 3.25> <CoreInst = "RAM">   --->   Core 82 'RAM' <Latency = 1> <II = 1> <Delay = 3.25> <Storage> <Opcode : 'load' 'store'> <Ports = 2> <Width = 16> <Depth = 1024> <RAM>
ST_2 : Operation 149 [1/1] (3.25ns)   --->   "%store_ln110 = store i16 %trunc_ln110, i10 %SMM_CIF_0_2_stream_AXI_VAL_0_stream_AXI_VAL_0_B_12_addr" [fixed_point_stream_convolution.cpp:110]   --->   Operation 149 'store' 'store_ln110' <Predicate = (!or_ln108 & trunc_ln == 3)> <Delay = 3.25> <CoreInst = "RAM">   --->   Core 82 'RAM' <Latency = 1> <II = 1> <Delay = 3.25> <Storage> <Opcode : 'load' 'store'> <Ports = 2> <Width = 16> <Depth = 1024> <RAM>
ST_2 : Operation 150 [1/1] (3.25ns)   --->   "%store_ln110 = store i16 %trunc_ln110, i10 %SMM_CIF_0_2_stream_AXI_VAL_0_stream_AXI_VAL_0_B_11_addr" [fixed_point_stream_convolution.cpp:110]   --->   Operation 150 'store' 'store_ln110' <Predicate = (!or_ln108 & trunc_ln == 2)> <Delay = 3.25> <CoreInst = "RAM">   --->   Core 82 'RAM' <Latency = 1> <II = 1> <Delay = 3.25> <Storage> <Opcode : 'load' 'store'> <Ports = 2> <Width = 16> <Depth = 1024> <RAM>
ST_2 : Operation 151 [1/1] (3.25ns)   --->   "%store_ln110 = store i16 %trunc_ln110, i10 %SMM_CIF_0_2_stream_AXI_VAL_0_stream_AXI_VAL_0_B_10_addr" [fixed_point_stream_convolution.cpp:110]   --->   Operation 151 'store' 'store_ln110' <Predicate = (!or_ln108 & trunc_ln == 1)> <Delay = 3.25> <CoreInst = "RAM">   --->   Core 82 'RAM' <Latency = 1> <II = 1> <Delay = 3.25> <Storage> <Opcode : 'load' 'store'> <Ports = 2> <Width = 16> <Depth = 1024> <RAM>
ST_2 : Operation 152 [1/1] (3.25ns)   --->   "%store_ln110 = store i16 %trunc_ln110, i10 %SMM_CIF_0_2_stream_AXI_VAL_0_stream_AXI_VAL_0_B_addr" [fixed_point_stream_convolution.cpp:110]   --->   Operation 152 'store' 'store_ln110' <Predicate = (!or_ln108 & trunc_ln == 0)> <Delay = 3.25> <CoreInst = "RAM">   --->   Core 82 'RAM' <Latency = 1> <II = 1> <Delay = 3.25> <Storage> <Opcode : 'load' 'store'> <Ports = 2> <Width = 16> <Depth = 1024> <RAM>
ST_2 : Operation 153 [1/1] (3.25ns)   --->   "%store_ln110 = store i16 %trunc_ln110, i10 %p_ZZ11SMM_CIF_0_2RN3hls6streamI7AXI_VALLi0EEES3_E1B_24_addr" [fixed_point_stream_convolution.cpp:110]   --->   Operation 153 'store' 'store_ln110' <Predicate = (!or_ln108 & trunc_ln == 31) | (!or_ln108 & trunc_ln == 30) | (!or_ln108 & trunc_ln == 29) | (!or_ln108 & trunc_ln == 28) | (!or_ln108 & trunc_ln == 27) | (!or_ln108 & trunc_ln == 26) | (!or_ln108 & trunc_ln == 25) | (!or_ln108 & trunc_ln == 24)> <Delay = 3.25> <CoreInst = "RAM">   --->   Core 82 'RAM' <Latency = 1> <II = 1> <Delay = 3.25> <Storage> <Opcode : 'load' 'store'> <Ports = 2> <Width = 16> <Depth = 1024> <RAM>
ST_2 : Operation 154 [1/1] (2.55ns)   --->   "%icmp_ln112 = icmp_eq  i32 %zext_ln105, i32 %sub47_read" [fixed_point_stream_convolution.cpp:112]   --->   Operation 154 'icmp' 'icmp_ln112' <Predicate = (!or_ln108)> <Delay = 2.55> <CoreInst = "Cmp">   --->   Core 9 'Cmp' <Latency = 0> <II = 1> <Delay = 2.55> <FuncUnit> <Opcode : 'icmp'> <InPorts = 2> <OutPorts = 1>
ST_2 : Operation 155 [1/1] (0.97ns)   --->   "%valOut_last = and i1 %cmp45, i1 %icmp_ln112" [fixed_point_stream_convolution.cpp:112]   --->   Operation 155 'and' 'valOut_last' <Predicate = (!or_ln108)> <Delay = 0.97> <CoreInst = "LogicGate">   --->   Core 74 'LogicGate' <Latency = 0> <II = 1> <Delay = 0.97> <FuncUnit> <Opcode : 'and' 'or' 'xor'> <InPorts = 2> <OutPorts = 1>
ST_2 : Operation 156 [1/1] (0.00ns)   --->   "%p_0 = bitset i64 @_ssdm_op_BitSet.i64.i64.i64.i1, i64 %in_stream_a_read, i64 32, i1 %valOut_last" [fixed_point_stream_convolution.cpp:114]   --->   Operation 156 'bitset' 'p_0' <Predicate = (!or_ln108)> <Delay = 0.00>
ST_2 : Operation 157 [1/1] (1.00ns)   --->   "%write_ln114 = write void @_ssdm_op_Write.axis.volatile.i64P128A, i64 %out_stream, i64 %p_0" [fixed_point_stream_convolution.cpp:114]   --->   Operation 157 'write' 'write_ln114' <Predicate = (!or_ln108)> <Delay = 1.00> <CoreInst = "axis">   --->   Core 115 'axis' <Latency = 0> <II = 1> <Delay = 1.00> <Adapter> <Opcode : >
ST_2 : Operation 158 [1/1] (0.00ns)   --->   "%br_ln115 = br void %for.inc" [fixed_point_stream_convolution.cpp:115]   --->   Operation 158 'br' 'br_ln115' <Predicate = (!or_ln108)> <Delay = 0.00>
ST_2 : Operation 159 [1/1] (3.25ns)   --->   "%store_ln117 = store i16 0, i10 %p_ZZ11SMM_CIF_0_2RN3hls6streamI7AXI_VALLi0EEES3_E1B_23_addr" [fixed_point_stream_convolution.cpp:117]   --->   Operation 159 'store' 'store_ln117' <Predicate = (or_ln108 & trunc_ln == 23)> <Delay = 3.25> <CoreInst = "RAM">   --->   Core 82 'RAM' <Latency = 1> <II = 1> <Delay = 3.25> <Storage> <Opcode : 'load' 'store'> <Ports = 2> <Width = 16> <Depth = 1024> <RAM>
ST_2 : Operation 160 [1/1] (3.25ns)   --->   "%store_ln117 = store i16 0, i10 %p_ZZ11SMM_CIF_0_2RN3hls6streamI7AXI_VALLi0EEES3_E1B_22_addr" [fixed_point_stream_convolution.cpp:117]   --->   Operation 160 'store' 'store_ln117' <Predicate = (or_ln108 & trunc_ln == 22)> <Delay = 3.25> <CoreInst = "RAM">   --->   Core 82 'RAM' <Latency = 1> <II = 1> <Delay = 3.25> <Storage> <Opcode : 'load' 'store'> <Ports = 2> <Width = 16> <Depth = 1024> <RAM>
ST_2 : Operation 161 [1/1] (3.25ns)   --->   "%store_ln117 = store i16 0, i10 %p_ZZ11SMM_CIF_0_2RN3hls6streamI7AXI_VALLi0EEES3_E1B_21_addr" [fixed_point_stream_convolution.cpp:117]   --->   Operation 161 'store' 'store_ln117' <Predicate = (or_ln108 & trunc_ln == 21)> <Delay = 3.25> <CoreInst = "RAM">   --->   Core 82 'RAM' <Latency = 1> <II = 1> <Delay = 3.25> <Storage> <Opcode : 'load' 'store'> <Ports = 2> <Width = 16> <Depth = 1024> <RAM>
ST_2 : Operation 162 [1/1] (3.25ns)   --->   "%store_ln117 = store i16 0, i10 %p_ZZ11SMM_CIF_0_2RN3hls6streamI7AXI_VALLi0EEES3_E1B_20_addr" [fixed_point_stream_convolution.cpp:117]   --->   Operation 162 'store' 'store_ln117' <Predicate = (or_ln108 & trunc_ln == 20)> <Delay = 3.25> <CoreInst = "RAM">   --->   Core 82 'RAM' <Latency = 1> <II = 1> <Delay = 3.25> <Storage> <Opcode : 'load' 'store'> <Ports = 2> <Width = 16> <Depth = 1024> <RAM>
ST_2 : Operation 163 [1/1] (3.25ns)   --->   "%store_ln117 = store i16 0, i10 %p_ZZ11SMM_CIF_0_2RN3hls6streamI7AXI_VALLi0EEES3_E1B_19_addr" [fixed_point_stream_convolution.cpp:117]   --->   Operation 163 'store' 'store_ln117' <Predicate = (or_ln108 & trunc_ln == 19)> <Delay = 3.25> <CoreInst = "RAM">   --->   Core 82 'RAM' <Latency = 1> <II = 1> <Delay = 3.25> <Storage> <Opcode : 'load' 'store'> <Ports = 2> <Width = 16> <Depth = 1024> <RAM>
ST_2 : Operation 164 [1/1] (3.25ns)   --->   "%store_ln117 = store i16 0, i10 %p_ZZ11SMM_CIF_0_2RN3hls6streamI7AXI_VALLi0EEES3_E1B_18_addr" [fixed_point_stream_convolution.cpp:117]   --->   Operation 164 'store' 'store_ln117' <Predicate = (or_ln108 & trunc_ln == 18)> <Delay = 3.25> <CoreInst = "RAM">   --->   Core 82 'RAM' <Latency = 1> <II = 1> <Delay = 3.25> <Storage> <Opcode : 'load' 'store'> <Ports = 2> <Width = 16> <Depth = 1024> <RAM>
ST_2 : Operation 165 [1/1] (3.25ns)   --->   "%store_ln117 = store i16 0, i10 %p_ZZ11SMM_CIF_0_2RN3hls6streamI7AXI_VALLi0EEES3_E1B_17_addr" [fixed_point_stream_convolution.cpp:117]   --->   Operation 165 'store' 'store_ln117' <Predicate = (or_ln108 & trunc_ln == 17)> <Delay = 3.25> <CoreInst = "RAM">   --->   Core 82 'RAM' <Latency = 1> <II = 1> <Delay = 3.25> <Storage> <Opcode : 'load' 'store'> <Ports = 2> <Width = 16> <Depth = 1024> <RAM>
ST_2 : Operation 166 [1/1] (3.25ns)   --->   "%store_ln117 = store i16 0, i10 %p_ZZ11SMM_CIF_0_2RN3hls6streamI7AXI_VALLi0EEES3_E1B_16_addr" [fixed_point_stream_convolution.cpp:117]   --->   Operation 166 'store' 'store_ln117' <Predicate = (or_ln108 & trunc_ln == 16)> <Delay = 3.25> <CoreInst = "RAM">   --->   Core 82 'RAM' <Latency = 1> <II = 1> <Delay = 3.25> <Storage> <Opcode : 'load' 'store'> <Ports = 2> <Width = 16> <Depth = 1024> <RAM>
ST_2 : Operation 167 [1/1] (3.25ns)   --->   "%store_ln117 = store i16 0, i10 %SMM_CIF_0_2_hls_stream_AXI_VAL_0_hls_stream_AXI_VAL_0_B" [fixed_point_stream_convolution.cpp:117]   --->   Operation 167 'store' 'store_ln117' <Predicate = (or_ln108 & trunc_ln == 15)> <Delay = 3.25> <CoreInst = "RAM">   --->   Core 82 'RAM' <Latency = 1> <II = 1> <Delay = 3.25> <Storage> <Opcode : 'load' 'store'> <Ports = 2> <Width = 16> <Depth = 1024> <RAM>
ST_2 : Operation 168 [1/1] (3.25ns)   --->   "%store_ln117 = store i16 0, i10 %p_ZZ11SMM_CIF_0_2RN3hls6streamI7AXI_VALLi0EEES3_E1B_14_addr" [fixed_point_stream_convolution.cpp:117]   --->   Operation 168 'store' 'store_ln117' <Predicate = (or_ln108 & trunc_ln == 14)> <Delay = 3.25> <CoreInst = "RAM">   --->   Core 82 'RAM' <Latency = 1> <II = 1> <Delay = 3.25> <Storage> <Opcode : 'load' 'store'> <Ports = 2> <Width = 16> <Depth = 1024> <RAM>
ST_2 : Operation 169 [1/1] (3.25ns)   --->   "%store_ln117 = store i16 0, i10 %p_ZZ11SMM_CIF_0_2RN3hls6streamI7AXI_VALLi0EEES3_E1B_13_addr" [fixed_point_stream_convolution.cpp:117]   --->   Operation 169 'store' 'store_ln117' <Predicate = (or_ln108 & trunc_ln == 13)> <Delay = 3.25> <CoreInst = "RAM">   --->   Core 82 'RAM' <Latency = 1> <II = 1> <Delay = 3.25> <Storage> <Opcode : 'load' 'store'> <Ports = 2> <Width = 16> <Depth = 1024> <RAM>
ST_2 : Operation 170 [1/1] (3.25ns)   --->   "%store_ln117 = store i16 0, i10 %p_ZZ11SMM_CIF_0_2RN3hls6streamI7AXI_VALLi0EEES3_E1B_12_addr" [fixed_point_stream_convolution.cpp:117]   --->   Operation 170 'store' 'store_ln117' <Predicate = (or_ln108 & trunc_ln == 12)> <Delay = 3.25> <CoreInst = "RAM">   --->   Core 82 'RAM' <Latency = 1> <II = 1> <Delay = 3.25> <Storage> <Opcode : 'load' 'store'> <Ports = 2> <Width = 16> <Depth = 1024> <RAM>
ST_2 : Operation 171 [1/1] (3.25ns)   --->   "%store_ln117 = store i16 0, i10 %p_ZZ11SMM_CIF_0_2RN3hls6streamI7AXI_VALLi0EEES3_E1B_11_addr" [fixed_point_stream_convolution.cpp:117]   --->   Operation 171 'store' 'store_ln117' <Predicate = (or_ln108 & trunc_ln == 11)> <Delay = 3.25> <CoreInst = "RAM">   --->   Core 82 'RAM' <Latency = 1> <II = 1> <Delay = 3.25> <Storage> <Opcode : 'load' 'store'> <Ports = 2> <Width = 16> <Depth = 1024> <RAM>
ST_2 : Operation 172 [1/1] (3.25ns)   --->   "%store_ln117 = store i16 0, i10 %p_ZZ11SMM_CIF_0_2RN3hls6streamI7AXI_VALLi0EEES3_E1B_10_addr" [fixed_point_stream_convolution.cpp:117]   --->   Operation 172 'store' 'store_ln117' <Predicate = (or_ln108 & trunc_ln == 10)> <Delay = 3.25> <CoreInst = "RAM">   --->   Core 82 'RAM' <Latency = 1> <II = 1> <Delay = 3.25> <Storage> <Opcode : 'load' 'store'> <Ports = 2> <Width = 16> <Depth = 1024> <RAM>
ST_2 : Operation 173 [1/1] (3.25ns)   --->   "%store_ln117 = store i16 0, i10 %SMM_CIF_0_2_stream_AXI_VAL_0_stream_AXI_VAL_0_B_18_addr" [fixed_point_stream_convolution.cpp:117]   --->   Operation 173 'store' 'store_ln117' <Predicate = (or_ln108 & trunc_ln == 9)> <Delay = 3.25> <CoreInst = "RAM">   --->   Core 82 'RAM' <Latency = 1> <II = 1> <Delay = 3.25> <Storage> <Opcode : 'load' 'store'> <Ports = 2> <Width = 16> <Depth = 1024> <RAM>
ST_2 : Operation 174 [1/1] (3.25ns)   --->   "%store_ln117 = store i16 0, i10 %SMM_CIF_0_2_stream_AXI_VAL_0_stream_AXI_VAL_0_B_17_addr" [fixed_point_stream_convolution.cpp:117]   --->   Operation 174 'store' 'store_ln117' <Predicate = (or_ln108 & trunc_ln == 8)> <Delay = 3.25> <CoreInst = "RAM">   --->   Core 82 'RAM' <Latency = 1> <II = 1> <Delay = 3.25> <Storage> <Opcode : 'load' 'store'> <Ports = 2> <Width = 16> <Depth = 1024> <RAM>
ST_2 : Operation 175 [1/1] (3.25ns)   --->   "%store_ln117 = store i16 0, i10 %SMM_CIF_0_2_stream_AXI_VAL_0_stream_AXI_VAL_0_B_16_addr" [fixed_point_stream_convolution.cpp:117]   --->   Operation 175 'store' 'store_ln117' <Predicate = (or_ln108 & trunc_ln == 7)> <Delay = 3.25> <CoreInst = "RAM">   --->   Core 82 'RAM' <Latency = 1> <II = 1> <Delay = 3.25> <Storage> <Opcode : 'load' 'store'> <Ports = 2> <Width = 16> <Depth = 1024> <RAM>
ST_2 : Operation 176 [1/1] (3.25ns)   --->   "%store_ln117 = store i16 0, i10 %SMM_CIF_0_2_stream_AXI_VAL_0_stream_AXI_VAL_0_B_15_addr" [fixed_point_stream_convolution.cpp:117]   --->   Operation 176 'store' 'store_ln117' <Predicate = (or_ln108 & trunc_ln == 6)> <Delay = 3.25> <CoreInst = "RAM">   --->   Core 82 'RAM' <Latency = 1> <II = 1> <Delay = 3.25> <Storage> <Opcode : 'load' 'store'> <Ports = 2> <Width = 16> <Depth = 1024> <RAM>
ST_2 : Operation 177 [1/1] (3.25ns)   --->   "%store_ln117 = store i16 0, i10 %SMM_CIF_0_2_stream_AXI_VAL_0_stream_AXI_VAL_0_B_14_addr" [fixed_point_stream_convolution.cpp:117]   --->   Operation 177 'store' 'store_ln117' <Predicate = (or_ln108 & trunc_ln == 5)> <Delay = 3.25> <CoreInst = "RAM">   --->   Core 82 'RAM' <Latency = 1> <II = 1> <Delay = 3.25> <Storage> <Opcode : 'load' 'store'> <Ports = 2> <Width = 16> <Depth = 1024> <RAM>
ST_2 : Operation 178 [1/1] (3.25ns)   --->   "%store_ln117 = store i16 0, i10 %SMM_CIF_0_2_stream_AXI_VAL_0_stream_AXI_VAL_0_B_13_addr" [fixed_point_stream_convolution.cpp:117]   --->   Operation 178 'store' 'store_ln117' <Predicate = (or_ln108 & trunc_ln == 4)> <Delay = 3.25> <CoreInst = "RAM">   --->   Core 82 'RAM' <Latency = 1> <II = 1> <Delay = 3.25> <Storage> <Opcode : 'load' 'store'> <Ports = 2> <Width = 16> <Depth = 1024> <RAM>
ST_2 : Operation 179 [1/1] (3.25ns)   --->   "%store_ln117 = store i16 0, i10 %SMM_CIF_0_2_stream_AXI_VAL_0_stream_AXI_VAL_0_B_12_addr" [fixed_point_stream_convolution.cpp:117]   --->   Operation 179 'store' 'store_ln117' <Predicate = (or_ln108 & trunc_ln == 3)> <Delay = 3.25> <CoreInst = "RAM">   --->   Core 82 'RAM' <Latency = 1> <II = 1> <Delay = 3.25> <Storage> <Opcode : 'load' 'store'> <Ports = 2> <Width = 16> <Depth = 1024> <RAM>
ST_2 : Operation 180 [1/1] (3.25ns)   --->   "%store_ln117 = store i16 0, i10 %SMM_CIF_0_2_stream_AXI_VAL_0_stream_AXI_VAL_0_B_11_addr" [fixed_point_stream_convolution.cpp:117]   --->   Operation 180 'store' 'store_ln117' <Predicate = (or_ln108 & trunc_ln == 2)> <Delay = 3.25> <CoreInst = "RAM">   --->   Core 82 'RAM' <Latency = 1> <II = 1> <Delay = 3.25> <Storage> <Opcode : 'load' 'store'> <Ports = 2> <Width = 16> <Depth = 1024> <RAM>
ST_2 : Operation 181 [1/1] (3.25ns)   --->   "%store_ln117 = store i16 0, i10 %SMM_CIF_0_2_stream_AXI_VAL_0_stream_AXI_VAL_0_B_10_addr" [fixed_point_stream_convolution.cpp:117]   --->   Operation 181 'store' 'store_ln117' <Predicate = (or_ln108 & trunc_ln == 1)> <Delay = 3.25> <CoreInst = "RAM">   --->   Core 82 'RAM' <Latency = 1> <II = 1> <Delay = 3.25> <Storage> <Opcode : 'load' 'store'> <Ports = 2> <Width = 16> <Depth = 1024> <RAM>
ST_2 : Operation 182 [1/1] (3.25ns)   --->   "%store_ln117 = store i16 0, i10 %SMM_CIF_0_2_stream_AXI_VAL_0_stream_AXI_VAL_0_B_addr" [fixed_point_stream_convolution.cpp:117]   --->   Operation 182 'store' 'store_ln117' <Predicate = (or_ln108 & trunc_ln == 0)> <Delay = 3.25> <CoreInst = "RAM">   --->   Core 82 'RAM' <Latency = 1> <II = 1> <Delay = 3.25> <Storage> <Opcode : 'load' 'store'> <Ports = 2> <Width = 16> <Depth = 1024> <RAM>
ST_2 : Operation 183 [1/1] (3.25ns)   --->   "%store_ln117 = store i16 0, i10 %p_ZZ11SMM_CIF_0_2RN3hls6streamI7AXI_VALLi0EEES3_E1B_24_addr" [fixed_point_stream_convolution.cpp:117]   --->   Operation 183 'store' 'store_ln117' <Predicate = (or_ln108 & trunc_ln == 31) | (or_ln108 & trunc_ln == 30) | (or_ln108 & trunc_ln == 29) | (or_ln108 & trunc_ln == 28) | (or_ln108 & trunc_ln == 27) | (or_ln108 & trunc_ln == 26) | (or_ln108 & trunc_ln == 25) | (or_ln108 & trunc_ln == 24)> <Delay = 3.25> <CoreInst = "RAM">   --->   Core 82 'RAM' <Latency = 1> <II = 1> <Delay = 3.25> <Storage> <Opcode : 'load' 'store'> <Ports = 2> <Width = 16> <Depth = 1024> <RAM>
ST_2 : Operation 184 [1/1] (0.00ns)   --->   "%br_ln0 = br void %for.inc"   --->   Operation 184 'br' 'br_ln0' <Predicate = (or_ln108)> <Delay = 0.00>


============================================================
+ Verbose Summary: Timing violations
============================================================
Target clock period: 10.000ns, clock uncertainty: 2.700ns.

 <State 1>: 10.109ns
The critical path consists of the following:
	'store' operation 0 bit ('store_ln104', fixed_point_stream_convolution.cpp:104) of constant 0 on local variable 'i', fixed_point_stream_convolution.cpp:104 [42]  (1.588 ns)
	'load' operation 6 bit ('i_2_load', fixed_point_stream_convolution.cpp:104) on local variable 'i', fixed_point_stream_convolution.cpp:104 [52]  (0.000 ns)
	'add' operation 6 bit ('add_ln104', fixed_point_stream_convolution.cpp:104) [53]  (1.825 ns)
	'select' operation 6 bit ('select_ln104_1', fixed_point_stream_convolution.cpp:104) [58]  (1.188 ns)
	'icmp' operation 1 bit ('ult', fixed_point_stream_convolution.cpp:104) [62]  (2.552 ns)
	'xor' operation 1 bit ('rev', fixed_point_stream_convolution.cpp:104) [63]  (0.000 ns)
	'or' operation 1 bit ('or_ln108', fixed_point_stream_convolution.cpp:108) [97]  (0.978 ns)
	axis read operation ('in_stream_a_read', fixed_point_stream_convolution.cpp:109) on port 'in_stream_a' (fixed_point_stream_convolution.cpp:109) [100]  (1.000 ns)
	blocking operation 0.978 ns on control path)

 <State 2>: 4.530ns
The critical path consists of the following:
	'icmp' operation 1 bit ('icmp_ln112', fixed_point_stream_convolution.cpp:112) [179]  (2.552 ns)
	'and' operation 1 bit ('valOut.last', fixed_point_stream_convolution.cpp:112) [180]  (0.978 ns)
	axis write operation ('write_ln114', fixed_point_stream_convolution.cpp:114) on port 'out_stream' (fixed_point_stream_convolution.cpp:114) [182]  (1.000 ns)


============================================================
+ Verbose Summary: Binding
============================================================
N/A
* FSMD analyzer results:
  - Output states:
 - Input state : 
  - Chain level:
	State 1
	State 2


============================================================
+ Verbose Summary: Datapath Resource usage 
============================================================
N/A
