#-----------------------------------------------------------
# Vivado v2023.2 (64-bit)
# SW Build 4029153 on Fri Oct 13 20:14:34 MDT 2023
# IP Build 4028589 on Sat Oct 14 00:45:43 MDT 2023
# SharedData Build 4025554 on Tue Oct 10 17:18:54 MDT 2023
# Start of session at: Mon Oct 28 21:45:17 2024
# Process ID: 17228
# Current directory: D:/Downloads/vivado2014.4/PYNQ_acc/HW_IP
# Command line: vivado.exe -gui_launcher_event rodinguilauncherevent10736 D:\Downloads\vivado2014.4\PYNQ_acc\HW_IP\HW_IP.xpr
# Log file: D:/Downloads/vivado2014.4/PYNQ_acc/HW_IP/vivado.log
# Journal file: D:/Downloads/vivado2014.4/PYNQ_acc/HW_IP\vivado.jou
# Running On: XoiXoi, OS: Windows, CPU Frequency: 1800 MHz, CPU Physical cores: 4, Host memory: 12766 MB
#-----------------------------------------------------------
start_gui
open_project D:/Downloads/vivado2014.4/PYNQ_acc/HW_IP/HW_IP.xpr
WARNING: [Board 49-26] cannot add Board Part xilinx.com:au250:part0:1.2 available at E:/downloads/.xinstall/Vivado/2023.2/data/xhub/boards/XilinxBoardStore/boards/Xilinx/au250/1.2/board.xml as part xcu250-figd2104-2l-e specified in board_part file is either invalid or not available
WARNING: [Board 49-26] cannot add Board Part xilinx.com:au250:part0:1.3 available at E:/downloads/.xinstall/Vivado/2023.2/data/xhub/boards/XilinxBoardStore/boards/Xilinx/au250/1.3/board.xml as part xcu250-figd2104-2l-e specified in board_part file is either invalid or not available
WARNING: [Board 49-26] cannot add Board Part xilinx.com:kc705:part0:1.6 available at E:/downloads/.xinstall/Vivado/2023.2/data/xhub/boards/XilinxBoardStore/boards/Xilinx/kc705/1.6/board.xml as part xc7k325tffg900-2 specified in board_part file is either invalid or not available
WARNING: [Board 49-26] cannot add Board Part xilinx.com:kcu105:part0:1.6 available at E:/downloads/.xinstall/Vivado/2023.2/data/xhub/boards/XilinxBoardStore/boards/Xilinx/kcu105/1.6/board.xml as part xcku040-ffva1156-2-e specified in board_part file is either invalid or not available
WARNING: [Board 49-26] cannot add Board Part xilinx.com:kcu105:part0:1.7 available at E:/downloads/.xinstall/Vivado/2023.2/data/xhub/boards/XilinxBoardStore/boards/Xilinx/kcu105/1.7/board.xml as part xcku040-ffva1156-2-e specified in board_part file is either invalid or not available
WARNING: [Board 49-26] cannot add Board Part xilinx.com:kcu116:part0:1.4 available at E:/downloads/.xinstall/Vivado/2023.2/data/xhub/boards/XilinxBoardStore/boards/Xilinx/kcu116/1.4/board.xml as part xcku5p-ffvb676-2-e specified in board_part file is either invalid or not available
WARNING: [Board 49-26] cannot add Board Part xilinx.com:kcu116:part0:1.5 available at E:/downloads/.xinstall/Vivado/2023.2/data/xhub/boards/XilinxBoardStore/boards/Xilinx/kcu116/1.5/board.xml as part xcku5p-ffvb676-2-e specified in board_part file is either invalid or not available
WARNING: [Board 49-26] cannot add Board Part xilinx.com:kcu1500:part0:1.2 available at E:/downloads/.xinstall/Vivado/2023.2/data/xhub/boards/XilinxBoardStore/boards/Xilinx/kcu1500/1.2/board.xml as part xcku115-flvb2104-2-e specified in board_part file is either invalid or not available
WARNING: [Board 49-26] cannot add Board Part xilinx.com:vc707:part0:1.4 available at E:/downloads/.xinstall/Vivado/2023.2/data/xhub/boards/XilinxBoardStore/boards/Xilinx/vc707/1.4/board.xml as part xc7vx485tffg1761-2 specified in board_part file is either invalid or not available
WARNING: [Board 49-26] cannot add Board Part xilinx.com:vc709:part0:1.8 available at E:/downloads/.xinstall/Vivado/2023.2/data/xhub/boards/XilinxBoardStore/boards/Xilinx/vc709/1.8/board.xml as part xc7vx690tffg1761-2 specified in board_part file is either invalid or not available
WARNING: [Board 49-26] cannot add Board Part xilinx.com:vck190:part0:2.2 available at E:/downloads/.xinstall/Vivado/2023.2/data/xhub/boards/XilinxBoardStore/boards/Xilinx/vck190/production/2.2/board.xml as part xcvc1902-vsva2197-2mp-e-s specified in board_part file is either invalid or not available
WARNING: [Board 49-26] cannot add Board Part xilinx.com:vck190:part0:3.0 available at E:/downloads/.xinstall/Vivado/2023.2/data/xhub/boards/XilinxBoardStore/boards/Xilinx/vck190/production/3.0/board.xml as part xcvc1902-vsva2197-2mp-e-s specified in board_part file is either invalid or not available
WARNING: [Board 49-26] cannot add Board Part xilinx.com:vck190:part0:3.1 available at E:/downloads/.xinstall/Vivado/2023.2/data/xhub/boards/XilinxBoardStore/boards/Xilinx/vck190/production/3.1/board.xml as part xcvc1902-vsva2197-2mp-e-s specified in board_part file is either invalid or not available
WARNING: [Board 49-26] cannot add Board Part xilinx.com:vck190:part0:3.2 available at E:/downloads/.xinstall/Vivado/2023.2/data/xhub/boards/XilinxBoardStore/boards/Xilinx/vck190/production/3.2/board.xml as part xcvc1902-vsva2197-2mp-e-s specified in board_part file is either invalid or not available
WARNING: [Board 49-26] cannot add Board Part xilinx.com:vck190_newl:part0:1.0 available at E:/downloads/.xinstall/Vivado/2023.2/data/xhub/boards/XilinxBoardStore/boards/Xilinx/vck190_newl/production/1.0/board.xml as part xcvc1902-vsva2197-2mp-e-s specified in board_part file is either invalid or not available
WARNING: [Board 49-26] cannot add Board Part xilinx.com:vck190_newl:part0:1.1 available at E:/downloads/.xinstall/Vivado/2023.2/data/xhub/boards/XilinxBoardStore/boards/Xilinx/vck190_newl/production/1.1/board.xml as part xcvc1902-vsva2197-2mp-e-s specified in board_part file is either invalid or not available
WARNING: [Board 49-26] cannot add Board Part xilinx.com:vcu108:part0:1.6 available at E:/downloads/.xinstall/Vivado/2023.2/data/xhub/boards/XilinxBoardStore/boards/Xilinx/vcu108/1.6/board.xml as part xcvu095-ffva2104-2-e specified in board_part file is either invalid or not available
WARNING: [Board 49-26] cannot add Board Part xilinx.com:vcu108:part0:1.7 available at E:/downloads/.xinstall/Vivado/2023.2/data/xhub/boards/XilinxBoardStore/boards/Xilinx/vcu108/1.7/board.xml as part xcvu095-ffva2104-2-e specified in board_part file is either invalid or not available
WARNING: [Board 49-26] cannot add Board Part xilinx.com:vcu110:part0:1.4 available at E:/downloads/.xinstall/Vivado/2023.2/data/xhub/boards/XilinxBoardStore/boards/Xilinx/vcu110/1.4/board.xml as part xcvu190-flgc2104-2-e specified in board_part file is either invalid or not available
WARNING: [Board 49-26] cannot add Board Part xilinx.com:vcu118:part0:2.0 available at E:/downloads/.xinstall/Vivado/2023.2/data/xhub/boards/XilinxBoardStore/boards/Xilinx/vcu118/2.0/board.xml as part xcvu9p-flga2104-2l-e specified in board_part file is either invalid or not available
WARNING: [Board 49-26] cannot add Board Part xilinx.com:vcu118:part0:2.3 available at E:/downloads/.xinstall/Vivado/2023.2/data/xhub/boards/XilinxBoardStore/boards/Xilinx/vcu118/2.3/board.xml as part xcvu9p-flga2104-2l-e specified in board_part file is either invalid or not available
WARNING: [Board 49-26] cannot add Board Part xilinx.com:vcu118:part0:2.4 available at E:/downloads/.xinstall/Vivado/2023.2/data/xhub/boards/XilinxBoardStore/boards/Xilinx/vcu118/2.4/board.xml as part xcvu9p-flga2104-2l-e specified in board_part file is either invalid or not available
WARNING: [Board 49-26] cannot add Board Part xilinx.com:vcu128:part0:1.0 available at E:/downloads/.xinstall/Vivado/2023.2/data/xhub/boards/XilinxBoardStore/boards/Xilinx/vcu128/production/1.0/board.xml as part xcvu37p-fsvh2892-2l-e specified in board_part file is either invalid or not available
WARNING: [Board 49-26] cannot add Board Part xilinx.com:vcu129:part0:1.0 available at E:/downloads/.xinstall/Vivado/2023.2/data/xhub/boards/XilinxBoardStore/boards/Xilinx/vcu129/production/1.0/board.xml as part xcvu29p-fsga2577-2l-e specified in board_part file is either invalid or not available
WARNING: [Board 49-26] cannot add Board Part xilinx.com:vcu1525:part0:1.3 available at E:/downloads/.xinstall/Vivado/2023.2/data/xhub/boards/XilinxBoardStore/boards/Xilinx/vcu1525/1.3/board.xml as part xcvu9p-fsgd2104-2l-e specified in board_part file is either invalid or not available
WARNING: [Board 49-26] cannot add Board Part xilinx.com:vek280:part0:1.0 available at E:/downloads/.xinstall/Vivado/2023.2/data/xhub/boards/XilinxBoardStore/boards/Xilinx/vek280/production/1.0/board.xml as part xcve2802-vsvh1760-2mp-e-s specified in board_part file is either invalid or not available
WARNING: [Board 49-26] cannot add Board Part xilinx.com:vek280_es:part0:1.0 available at E:/downloads/.xinstall/Vivado/2023.2/data/xhub/boards/XilinxBoardStore/boards/Xilinx/vek280/es/rev_a/1.0/board.xml as part xcve2802-vsvh1760-2lp-e-s-es1 specified in board_part file is either invalid or not available
WARNING: [Board 49-26] cannot add Board Part xilinx.com:vek280_es:part0:1.1 available at E:/downloads/.xinstall/Vivado/2023.2/data/xhub/boards/XilinxBoardStore/boards/Xilinx/vek280/es/rev_a/1.1/board.xml as part xcve2802-vsvh1760-2lp-e-s-es1 specified in board_part file is either invalid or not available
WARNING: [Board 49-26] cannot add Board Part xilinx.com:vek280_es_revb:part0:1.0 available at E:/downloads/.xinstall/Vivado/2023.2/data/xhub/boards/XilinxBoardStore/boards/Xilinx/vek280/es/rev_b/1.0/board.xml as part xcve2802-vsvh1760-2mp-e-s-es1 specified in board_part file is either invalid or not available
WARNING: [Board 49-26] cannot add Board Part xilinx.com:vek280_es_revb:part0:1.1 available at E:/downloads/.xinstall/Vivado/2023.2/data/xhub/boards/XilinxBoardStore/boards/Xilinx/vek280/es/rev_b/1.1/board.xml as part xcve2802-vsvh1760-2mp-e-s-es1 specified in board_part file is either invalid or not available
WARNING: [Board 49-26] cannot add Board Part xilinx.com:vermeo_t1_mpsoc:part0:1.0 available at E:/downloads/.xinstall/Vivado/2023.2/data/xhub/boards/XilinxBoardStore/boards/Xilinx/vermeo_t1_mpsoc/1.0/board.xml as part xczu19eg-ffvd1760-2l-e specified in board_part file is either invalid or not available
WARNING: [Board 49-26] cannot add Board Part xilinx.com:vermeo_t1_rfsoc:part0:1.0 available at E:/downloads/.xinstall/Vivado/2023.2/data/xhub/boards/XilinxBoardStore/boards/Xilinx/vermeo_t1_rfsoc/1.0/board.xml as part xczu21dr-ffvd1156-2l-e specified in board_part file is either invalid or not available
WARNING: [Board 49-26] cannot add Board Part xilinx.com:vhk158:part0:1.0 available at E:/downloads/.xinstall/Vivado/2023.2/data/xhub/boards/XilinxBoardStore/boards/Xilinx/vhk158/production/1.0/board.xml as part xcvh1582-vsva3697-2mp-e-s specified in board_part file is either invalid or not available
WARNING: [Board 49-26] cannot add Board Part xilinx.com:vhk158:part0:1.1 available at E:/downloads/.xinstall/Vivado/2023.2/data/xhub/boards/XilinxBoardStore/boards/Xilinx/vhk158/production/1.1/board.xml as part xcvh1582-vsva3697-2mp-e-s specified in board_part file is either invalid or not available
WARNING: [Board 49-26] cannot add Board Part xilinx.com:vhk158_es:part0:1.0 available at E:/downloads/.xinstall/Vivado/2023.2/data/xhub/boards/XilinxBoardStore/boards/Xilinx/vhk158/es/1.0/board.xml as part xcvh1582-vsva3697-2mp-e-s-es1 specified in board_part file is either invalid or not available
WARNING: [Board 49-26] cannot add Board Part xilinx.com:vhk158_es:part0:1.1 available at E:/downloads/.xinstall/Vivado/2023.2/data/xhub/boards/XilinxBoardStore/boards/Xilinx/vhk158/es/1.1/board.xml as part xcvh1582-vsva3697-2mp-e-s-es1 specified in board_part file is either invalid or not available
WARNING: [Board 49-26] cannot add Board Part xilinx.com:vmk180:part0:2.2 available at E:/downloads/.xinstall/Vivado/2023.2/data/xhub/boards/XilinxBoardStore/boards/Xilinx/vmk180/production/2.2/board.xml as part xcvm1802-vsva2197-2mp-e-s specified in board_part file is either invalid or not available
WARNING: [Board 49-26] cannot add Board Part xilinx.com:vmk180:part0:3.0 available at E:/downloads/.xinstall/Vivado/2023.2/data/xhub/boards/XilinxBoardStore/boards/Xilinx/vmk180/production/3.0/board.xml as part xcvm1802-vsva2197-2mp-e-s specified in board_part file is either invalid or not available
WARNING: [Board 49-26] cannot add Board Part xilinx.com:vmk180:part0:3.1 available at E:/downloads/.xinstall/Vivado/2023.2/data/xhub/boards/XilinxBoardStore/boards/Xilinx/vmk180/production/3.1/board.xml as part xcvm1802-vsva2197-2mp-e-s specified in board_part file is either invalid or not available
WARNING: [Board 49-26] cannot add Board Part xilinx.com:vmk180:part0:3.2 available at E:/downloads/.xinstall/Vivado/2023.2/data/xhub/boards/XilinxBoardStore/boards/Xilinx/vmk180/production/3.2/board.xml as part xcvm1802-vsva2197-2mp-e-s specified in board_part file is either invalid or not available
WARNING: [Board 49-26] cannot add Board Part xilinx.com:vmk180_newl:part0:1.0 available at E:/downloads/.xinstall/Vivado/2023.2/data/xhub/boards/XilinxBoardStore/boards/Xilinx/vmk180_newl/production/1.0/board.xml as part xcvm1802-vsva2197-2mp-e-s specified in board_part file is either invalid or not available
WARNING: [Board 49-26] cannot add Board Part xilinx.com:vmk180_newl:part0:1.1 available at E:/downloads/.xinstall/Vivado/2023.2/data/xhub/boards/XilinxBoardStore/boards/Xilinx/vmk180_newl/production/1.1/board.xml as part xcvm1802-vsva2197-2mp-e-s specified in board_part file is either invalid or not available
WARNING: [Board 49-26] cannot add Board Part xilinx.com:vpk120:part0:1.0 available at E:/downloads/.xinstall/Vivado/2023.2/data/xhub/boards/XilinxBoardStore/boards/Xilinx/vpk120/production/1.0/board.xml as part xcvp1202-vsva2785-2mp-e-s specified in board_part file is either invalid or not available
WARNING: [Board 49-26] cannot add Board Part xilinx.com:vpk120:part0:1.1 available at E:/downloads/.xinstall/Vivado/2023.2/data/xhub/boards/XilinxBoardStore/boards/Xilinx/vpk120/production/1.1/board.xml as part xcvp1202-vsva2785-2mp-e-s specified in board_part file is either invalid or not available
WARNING: [Board 49-26] cannot add Board Part xilinx.com:vpk120:part0:1.2 available at E:/downloads/.xinstall/Vivado/2023.2/data/xhub/boards/XilinxBoardStore/boards/Xilinx/vpk120/production/1.2/board.xml as part xcvp1202-vsva2785-2mp-e-s specified in board_part file is either invalid or not available
WARNING: [Board 49-26] cannot add Board Part xilinx.com:vpk180:part0:1.0 available at E:/downloads/.xinstall/Vivado/2023.2/data/xhub/boards/XilinxBoardStore/boards/Xilinx/vpk180/production/1.0/board.xml as part xcvp1802-lsvc4072-2mp-e-s specified in board_part file is either invalid or not available
WARNING: [Board 49-26] cannot add Board Part xilinx.com:vpk180:part0:1.1 available at E:/downloads/.xinstall/Vivado/2023.2/data/xhub/boards/XilinxBoardStore/boards/Xilinx/vpk180/production/1.1/board.xml as part xcvp1802-lsvc4072-2mp-e-s specified in board_part file is either invalid or not available
WARNING: [Board 49-26] cannot add Board Part xilinx.com:zc706:part0:1.4 available at E:/downloads/.xinstall/Vivado/2023.2/data/xhub/boards/XilinxBoardStore/boards/Xilinx/zc706/1.4/board.xml as part xc7z045ffg900-2 specified in board_part file is either invalid or not available
WARNING: [Board 49-26] cannot add Board Part xilinx.com:zcu102:part0:3.3 available at E:/downloads/.xinstall/Vivado/2023.2/data/xhub/boards/XilinxBoardStore/boards/Xilinx/zcu102/3.3/board.xml as part xczu9eg-ffvb1156-2-e specified in board_part file is either invalid or not available
WARNING: [Board 49-26] cannot add Board Part xilinx.com:zcu102:part0:3.4 available at E:/downloads/.xinstall/Vivado/2023.2/data/xhub/boards/XilinxBoardStore/boards/Xilinx/zcu102/3.4/board.xml as part xczu9eg-ffvb1156-2-e specified in board_part file is either invalid or not available
WARNING: [Board 49-26] cannot add Board Part xilinx.com:zcu111:part0:1.2 available at E:/downloads/.xinstall/Vivado/2023.2/data/xhub/boards/XilinxBoardStore/boards/Xilinx/zcu111/1.2/board.xml as part xczu28dr-ffvg1517-2-e specified in board_part file is either invalid or not available
WARNING: [Board 49-26] cannot add Board Part xilinx.com:zcu111:part0:1.3 available at E:/downloads/.xinstall/Vivado/2023.2/data/xhub/boards/XilinxBoardStore/boards/Xilinx/zcu111/1.3/board.xml as part xczu28dr-ffvg1517-2-e specified in board_part file is either invalid or not available
WARNING: [Board 49-26] cannot add Board Part xilinx.com:zcu111:part0:1.4 available at E:/downloads/.xinstall/Vivado/2023.2/data/xhub/boards/XilinxBoardStore/boards/Xilinx/zcu111/1.4/board.xml as part xczu28dr-ffvg1517-2-e specified in board_part file is either invalid or not available
WARNING: [Board 49-26] cannot add Board Part xilinx.com:zcu1275:part0:1.0 available at E:/downloads/.xinstall/Vivado/2023.2/data/xhub/boards/XilinxBoardStore/boards/Xilinx/zcu1275/1.0/board.xml as part xczu29dr-ffvf1760-2-e specified in board_part file is either invalid or not available
WARNING: [Board 49-26] cannot add Board Part xilinx.com:zcu1285:part0:1.0 available at E:/downloads/.xinstall/Vivado/2023.2/data/xhub/boards/XilinxBoardStore/boards/Xilinx/zcu1285/1.0/board.xml as part xczu39dr-ffvf1760-2-i specified in board_part file is either invalid or not available
WARNING: [Board 49-26] cannot add Board Part xilinx.com:zcu208:part0:2.0 available at E:/downloads/.xinstall/Vivado/2023.2/data/xhub/boards/XilinxBoardStore/boards/Xilinx/zcu208/production/2.0/board.xml as part xczu48dr-fsvg1517-2-e specified in board_part file is either invalid or not available
WARNING: [Board 49-26] cannot add Board Part xilinx.com:zcu208ld:part0:2.0 available at E:/downloads/.xinstall/Vivado/2023.2/data/xhub/boards/XilinxBoardStore/boards/Xilinx/zcu208ld/production/2.0/board.xml as part xczu58dr-fsvg1517-2-i specified in board_part file is either invalid or not available
WARNING: [Board 49-26] cannot add Board Part xilinx.com:zcu216:part0:2.0 available at E:/downloads/.xinstall/Vivado/2023.2/data/xhub/boards/XilinxBoardStore/boards/Xilinx/zcu216/production/2.0/board.xml as part xczu49dr-ffvf1760-2-e specified in board_part file is either invalid or not available
WARNING: [Board 49-26] cannot add Board Part xilinx.com:zcu216ld:part0:2.0 available at E:/downloads/.xinstall/Vivado/2023.2/data/xhub/boards/XilinxBoardStore/boards/Xilinx/zcu216ld/production/2.0/board.xml as part xczu59dr-ffvf1760-2-i specified in board_part file is either invalid or not available
WARNING: [Board 49-26] cannot add Board Part xilinx.com:zcu670:part0:2.0 available at E:/downloads/.xinstall/Vivado/2023.2/data/xhub/boards/XilinxBoardStore/boards/Xilinx/zcu670/2.0/board.xml as part xczu67dr-fsve1156-2-i specified in board_part file is either invalid or not available
WARNING: [Board 49-26] cannot add Board Part xilinx.com:zcu670ld:part0:1.0 available at E:/downloads/.xinstall/Vivado/2023.2/data/xhub/boards/XilinxBoardStore/boards/Xilinx/zcu670ld/1.0/board.xml as part xczu57dr-fsve1156-2-i specified in board_part file is either invalid or not available
Scanning sources...
Finished scanning sources
INFO: [IP_Flow 19-234] Refreshing IP repositories
INFO: [IP_Flow 19-1700] Loaded user IP repository 'd:/Downloads/vivado2014.4/PYNQ_acc/HW/Graphic/SCIG_CIF_0_1/SCIG_CIF_0_1/solution1'.
INFO: [IP_Flow 19-1700] Loaded user IP repository 'd:/Downloads/vivado2014.4/PYNQ_acc/HW/Graphic/SMM_CIF_0_1/SMM_CIF_0_1/solution1'.
INFO: [IP_Flow 19-1700] Loaded user IP repository 'd:/Downloads/vivado2014.4/PYNQ_acc/HW/Graphic/maxpool_CIF_0_1/maxPool_CIF_0_1/solution1'.
INFO: [IP_Flow 19-1700] Loaded user IP repository 'd:/Downloads/vivado2014.4/PYNQ_acc/HW/Graphic/SCIG_CIF_0_2/SCIG_CIF_0_2/solution1'.
INFO: [IP_Flow 19-1700] Loaded user IP repository 'd:/Downloads/vivado2014.4/PYNQ_acc/HW/Graphic/SCIG_CIF_0_3/SCIG_CIF_0_3/solution1'.
INFO: [IP_Flow 19-1700] Loaded user IP repository 'd:/Downloads/vivado2014.4/PYNQ_acc/HW/Graphic/SMM_CIF_0_2/SMM_CIF_0_2/solution1'.
INFO: [IP_Flow 19-1700] Loaded user IP repository 'd:/Downloads/vivado2014.4/PYNQ_acc/HW/Graphic/SMM_CIF_0_3/SMM_CIF_0_3/solution1'.
INFO: [IP_Flow 19-1700] Loaded user IP repository 'd:/Downloads/vivado2014.4/PYNQ_acc/HW/Graphic/fc_CIF_0_1/FC_CIF_0_1/solution1'.
INFO: [IP_Flow 19-1700] Loaded user IP repository 'd:/Downloads/vivado2014.4/PYNQ_acc/HW/Graphic/fc_CIF_0_2/FC_CIF_0_2/solution1'.
INFO: [IP_Flow 19-1700] Loaded user IP repository 'd:/Downloads/vivado2014.4/PYNQ_acc/HW/Graphic/maxpool_CIF_0_2/maxpool_CIF_0_2/solution1'.
INFO: [IP_Flow 19-1700] Loaded user IP repository 'd:/Downloads/vivado2014.4/PYNQ_acc/HW/Graphic/maxpool_CIF_0_3/maxpool_CIF_0_3/solution1'.
INFO: [IP_Flow 19-2313] Loaded Vivado IP repository 'E:/downloads/.xinstall/Vivado/2023.2/data/ip'.
WARNING: [BD 41-1661] One or more IPs have been locked in the design 'CNN_BD.bd'. Please run report_ip_status for more details and recommendations on how to fix this issue.
List of locked IPs:
CNN_BD_axis_register_slice_0_1
CNN_BD_axis_register_slice_1_1

open_project: Time (s): cpu = 00:00:23 ; elapsed = 00:00:23 . Memory (MB): peak = 1474.871 ; gain = 347.570
update_compile_order -fileset sources_1
open_bd_design {D:/Downloads/vivado2014.4/PYNQ_acc/HW_IP/HW_IP.srcs/sources_1/bd/CNN_BD/CNN_BD.bd}
Reading block design file <D:/Downloads/vivado2014.4/PYNQ_acc/HW_IP/HW_IP.srcs/sources_1/bd/CNN_BD/CNN_BD.bd>...
Adding component instance block -- xilinx.com:hls:SCIG_CIF_0_1:1.0 - SCIG_CIF_0_1_0
Adding component instance block -- xilinx.com:hls:SMM_CIF_0_1:1.0 - SMM_CIF_0_1_0
Adding component instance block -- xilinx.com:hls:maxPool_CIF_0_1:1.0 - maxPool_CIF_0_1_0
Adding component instance block -- xilinx.com:ip:axis_register_slice:1.1 - axis_register_slice_0
Adding component instance block -- xilinx.com:ip:axis_register_slice:1.1 - axis_register_slice_1
Successfully read diagram <CNN_BD> from block design file <D:/Downloads/vivado2014.4/PYNQ_acc/HW_IP/HW_IP.srcs/sources_1/bd/CNN_BD/CNN_BD.bd>
report_ip_status -name ip_status 
upgrade_ip [get_ips  {CNN_BD_axis_register_slice_0_1 CNN_BD_axis_register_slice_1_1}] -log ip_upgrade.log
Upgrading 'D:/Downloads/vivado2014.4/PYNQ_acc/HW_IP/HW_IP.srcs/sources_1/bd/CNN_BD/CNN_BD.bd'
WARNING: [IP_Flow 19-4316] Parameter 'FREQ_HZ' is no longer present on the upgraded IP 'CNN_BD_axis_register_slice_0_1', and cannot be set to '10000000'
INFO: [IP_Flow 19-3420] Updated CNN_BD_axis_register_slice_0_1 to use current project options
WARNING: [IP_Flow 19-4316] Parameter 'FREQ_HZ' is no longer present on the upgraded IP 'CNN_BD_axis_register_slice_1_1', and cannot be set to '10000000'
INFO: [IP_Flow 19-3420] Updated CNN_BD_axis_register_slice_1_1 to use current project options
CRITICAL WARNING: [Coretcl 2-1279] The upgrade of 'CNN_BD_axis_register_slice_0_1' has identified issues that may require user intervention. Please review the upgrade log 'd:/Downloads/vivado2014.4/PYNQ_acc/HW_IP/ip_upgrade.log', and verify that the upgraded IP is correctly configured.
CRITICAL WARNING: [Coretcl 2-1279] The upgrade of 'CNN_BD_axis_register_slice_1_1' has identified issues that may require user intervention. Please review the upgrade log 'd:/Downloads/vivado2014.4/PYNQ_acc/HW_IP/ip_upgrade.log', and verify that the upgraded IP is correctly configured.
Wrote  : <D:\Downloads\vivado2014.4\PYNQ_acc\HW_IP\HW_IP.srcs\sources_1\bd\CNN_BD\CNN_BD.bd> 
Wrote  : <D:/Downloads/vivado2014.4/PYNQ_acc/HW_IP/HW_IP.srcs/sources_1/bd/CNN_BD/ui/bd_5600e1e.ui> 
INFO: [Coretcl 2-1525] Wrote upgrade log to 'D:/Downloads/vivado2014.4/PYNQ_acc/HW_IP/ip_upgrade.log'.
export_ip_user_files -of_objects [get_ips {CNN_BD_axis_register_slice_0_1 CNN_BD_axis_register_slice_1_1}] -no_script -sync -force -quiet
generate_target all [get_files  D:/Downloads/vivado2014.4/PYNQ_acc/HW_IP/HW_IP.srcs/sources_1/bd/CNN_BD/CNN_BD.bd]
ERROR: [BD 41-237] Bus Interface property FREQ_HZ does not match between /axis_register_slice_0/S_AXIS(10000000) and /SCIG_CIF_0_1_0/out_r(100000000)
ERROR: [BD 41-237] Bus Interface property FREQ_HZ does not match between /axis_register_slice_1/S_AXIS(10000000) and /SMM_CIF_0_1_0/out_stream(100000000)
ERROR: [BD 41-237] Bus Interface property FREQ_HZ does not match between /SMM_CIF_0_1_0/in_stream_a(100000000) and /axis_register_slice_0/M_AXIS(10000000)
ERROR: [BD 41-237] Bus Interface property FREQ_HZ does not match between /maxPool_CIF_0_1_0/in_r(100000000) and /axis_register_slice_1/M_AXIS(10000000)
ERROR: [BD 41-1031] Hdl Generation failed for the IP Integrator design D:/Downloads/vivado2014.4/PYNQ_acc/HW_IP/HW_IP.srcs/sources_1/bd/CNN_BD/CNN_BD.bd 
ERROR: [Common 17-39] 'generate_target' failed due to earlier errors.
exit
INFO: [Common 17-206] Exiting Vivado at Tue Oct 29 09:33:06 2024...
