D:\Downloads\vivado2014.4\PYNQ_acc\LeNet_wrapper\LeNet_wrapper\solution1\.autopilot\db\LeNet_wrapper.pp.0.cpp:2474:7: warning: Added loop label VITIS_LOOP_1207_1:   [xilinx-label-all-loops]
      for (i = 0; i < __N - 1; ++i) {
      ^~~
      VITIS_LOOP_1207_1: 
D:\Downloads\vivado2014.4\PYNQ_acc\LeNet_wrapper\LeNet_wrapper\solution1\.autopilot\db\LeNet_wrapper.pp.0.cpp:2474:7: note: FIX-IT applied suggested code changes
D:\Downloads\vivado2014.4\PYNQ_acc\LeNet_wrapper\LeNet_wrapper\solution1\.autopilot\db\LeNet_wrapper.pp.0.cpp:3448:5: warning: Added loop label VITIS_LOOP_676_1:   [xilinx-label-all-loops]
    for (unsigned i = low; i != high; ++i) {
    ^~~
    VITIS_LOOP_676_1: 
D:\Downloads\vivado2014.4\PYNQ_acc\LeNet_wrapper\LeNet_wrapper\solution1\.autopilot\db\LeNet_wrapper.pp.0.cpp:3448:5: note: FIX-IT applied suggested code changes
D:\Downloads\vivado2014.4\PYNQ_acc\LeNet_wrapper\LeNet_wrapper\solution1\.autopilot\db\LeNet_wrapper.pp.0.cpp:3462:5: warning: Added loop label VITIS_LOOP_690_1:   [xilinx-label-all-loops]
    for (unsigned i = low; i != high; ++i) {
    ^~~
    VITIS_LOOP_690_1: 
D:\Downloads\vivado2014.4\PYNQ_acc\LeNet_wrapper\LeNet_wrapper\solution1\.autopilot\db\LeNet_wrapper.pp.0.cpp:3462:5: note: FIX-IT applied suggested code changes
D:\Downloads\vivado2014.4\PYNQ_acc\LeNet_wrapper\LeNet_wrapper\solution1\.autopilot\db\LeNet_wrapper.pp.0.cpp:3476:5: warning: Added loop label VITIS_LOOP_704_1:   [xilinx-label-all-loops]
    for (unsigned i = low; i != high; ++i) {
    ^~~
    VITIS_LOOP_704_1: 
D:\Downloads\vivado2014.4\PYNQ_acc\LeNet_wrapper\LeNet_wrapper\solution1\.autopilot\db\LeNet_wrapper.pp.0.cpp:3476:5: note: FIX-IT applied suggested code changes
D:\Downloads\vivado2014.4\PYNQ_acc\LeNet_wrapper\LeNet_wrapper\solution1\.autopilot\db\LeNet_wrapper.pp.0.cpp:5105:7: warning: Added loop label VITIS_LOOP_1247_1:   [xilinx-label-all-loops]
      for (i = 0; i < __N - 1; ++i) {
      ^~~
      VITIS_LOOP_1247_1: 
D:\Downloads\vivado2014.4\PYNQ_acc\LeNet_wrapper\LeNet_wrapper\solution1\.autopilot\db\LeNet_wrapper.pp.0.cpp:5105:7: note: FIX-IT applied suggested code changes
D:\Downloads\vivado2014.4\PYNQ_acc\LeNet_wrapper\LeNet_wrapper\solution1\.autopilot\db\LeNet_wrapper.pp.0.cpp:9804:9: error: Resource with core_name: Mul_LUT pragma is ignored, because this core doesn't exist at all  [clang-diagnostic-error]
#pragma HLS RESOURCE variable=IFM_size_0 core=Mul_LUT
        ^
D:\Downloads\vivado2014.4\PYNQ_acc\LeNet_wrapper\LeNet_wrapper\solution1\.autopilot\db\LeNet_wrapper.pp.0.cpp:9805:9: error: Resource with core_name: Mul_LUT pragma is ignored, because this core doesn't exist at all  [clang-diagnostic-error]
#pragma HLS RESOURCE variable=IFM_size_1 core=Mul_LUT
        ^
D:\Downloads\vivado2014.4\PYNQ_acc\LeNet_wrapper\LeNet_wrapper\solution1\.autopilot\db\LeNet_wrapper.pp.0.cpp:9806:9: error: Resource with core_name: Mul_LUT pragma is ignored, because this core doesn't exist at all  [clang-diagnostic-error]
#pragma HLS RESOURCE variable=IFM_bound core=Mul_LUT
        ^
D:\Downloads\vivado2014.4\PYNQ_acc\LeNet_wrapper\LeNet_wrapper\solution1\.autopilot\db\LeNet_wrapper.pp.0.cpp:9808:2: warning: Added loop label VITIS_LOOP_49_1:   [xilinx-label-all-loops]
 for(unsigned int i = 0; i < IFM_bound; i++){
 ^~~
 VITIS_LOOP_49_1: 
D:\Downloads\vivado2014.4\PYNQ_acc\LeNet_wrapper\LeNet_wrapper\solution1\.autopilot\db\LeNet_wrapper.pp.0.cpp:9808:2: note: FIX-IT applied suggested code changes
D:\Downloads\vivado2014.4\PYNQ_acc\LeNet_wrapper\LeNet_wrapper\solution1\.autopilot\db\LeNet_wrapper.pp.0.cpp:9818:9: error: Resource with core_name: Mul_LUT pragma is ignored, because this core doesn't exist at all  [clang-diagnostic-error]
#pragma HLS RESOURCE variable=KER_size_0 core=Mul_LUT
        ^
D:\Downloads\vivado2014.4\PYNQ_acc\LeNet_wrapper\LeNet_wrapper\solution1\.autopilot\db\LeNet_wrapper.pp.0.cpp:9819:9: error: Resource with core_name: Mul_LUT pragma is ignored, because this core doesn't exist at all  [clang-diagnostic-error]
#pragma HLS RESOURCE variable=KER_size_1 core=Mul_LUT
        ^
D:\Downloads\vivado2014.4\PYNQ_acc\LeNet_wrapper\LeNet_wrapper\solution1\.autopilot\db\LeNet_wrapper.pp.0.cpp:9820:9: error: Resource with core_name: Mul_LUT pragma is ignored, because this core doesn't exist at all  [clang-diagnostic-error]
#pragma HLS RESOURCE variable=KER_bound core=Mul_LUT
        ^
D:\Downloads\vivado2014.4\PYNQ_acc\LeNet_wrapper\LeNet_wrapper\solution1\.autopilot\db\LeNet_wrapper.pp.0.cpp:9822:2: warning: Added loop label VITIS_LOOP_63_2:   [xilinx-label-all-loops]
 for(unsigned int i = 0; i < KER_bound; i++){
 ^~~
 VITIS_LOOP_63_2: 
D:\Downloads\vivado2014.4\PYNQ_acc\LeNet_wrapper\LeNet_wrapper\solution1\.autopilot\db\LeNet_wrapper.pp.0.cpp:9822:2: note: FIX-IT applied suggested code changes
D:\Downloads\vivado2014.4\PYNQ_acc\LeNet_wrapper\LeNet_wrapper\solution1\.autopilot\db\LeNet_wrapper.pp.0.cpp:9884:9: error: Resource with core_name: Mul_LUT pragma is ignored, because this core doesn't exist at all  [clang-diagnostic-error]
#pragma HLS RESOURCE variable=OFM_size_0 core=Mul_LUT
        ^
D:\Downloads\vivado2014.4\PYNQ_acc\LeNet_wrapper\LeNet_wrapper\solution1\.autopilot\db\LeNet_wrapper.pp.0.cpp:9885:9: error: Resource with core_name: Mul_LUT pragma is ignored, because this core doesn't exist at all  [clang-diagnostic-error]
#pragma HLS RESOURCE variable=OFM_size_1 core=Mul_LUT
        ^
D:\Downloads\vivado2014.4\PYNQ_acc\LeNet_wrapper\LeNet_wrapper\solution1\.autopilot\db\LeNet_wrapper.pp.0.cpp:9886:9: error: Resource with core_name: Mul_LUT pragma is ignored, because this core doesn't exist at all  [clang-diagnostic-error]
#pragma HLS RESOURCE variable=OFM_bound core=Mul_LUT
        ^
D:\Downloads\vivado2014.4\PYNQ_acc\LeNet_wrapper\LeNet_wrapper\solution1\.autopilot\db\LeNet_wrapper.pp.0.cpp:9888:2: warning: Added loop label VITIS_LOOP_58_1:   [xilinx-label-all-loops]
 for(unsigned int i = 0; i < OFM_bound; i++){
 ^~~
 VITIS_LOOP_58_1: 
D:\Downloads\vivado2014.4\PYNQ_acc\LeNet_wrapper\LeNet_wrapper\solution1\.autopilot\db\LeNet_wrapper.pp.0.cpp:9888:2: note: FIX-IT applied suggested code changes
D:\Downloads\vivado2014.4\PYNQ_acc\LeNet_wrapper\LeNet_wrapper\solution1\.autopilot\db\LeNet_wrapper.pp.0.cpp:9900:9: error: Resource with core_name: Mul_LUT pragma is ignored, because this core doesn't exist at all  [clang-diagnostic-error]
#pragma HLS RESOURCE variable=KER_size_0 core=Mul_LUT
        ^
D:\Downloads\vivado2014.4\PYNQ_acc\LeNet_wrapper\LeNet_wrapper\solution1\.autopilot\db\LeNet_wrapper.pp.0.cpp:9901:9: error: Resource with core_name: Mul_LUT pragma is ignored, because this core doesn't exist at all  [clang-diagnostic-error]
#pragma HLS RESOURCE variable=KER_size_1 core=Mul_LUT
        ^
D:\Downloads\vivado2014.4\PYNQ_acc\LeNet_wrapper\LeNet_wrapper\solution1\.autopilot\db\LeNet_wrapper.pp.0.cpp:9902:9: error: Resource with core_name: Mul_LUT pragma is ignored, because this core doesn't exist at all  [clang-diagnostic-error]
#pragma HLS RESOURCE variable=KER_bound core=Mul_LUT
        ^
D:\Downloads\vivado2014.4\PYNQ_acc\LeNet_wrapper\LeNet_wrapper\solution1\.autopilot\db\LeNet_wrapper.pp.0.cpp:9904:2: warning: Added loop label VITIS_LOOP_74_2:   [xilinx-label-all-loops]
 for(unsigned int i = 0; i < KER_bound; i++){
 ^~~
 VITIS_LOOP_74_2: 
D:\Downloads\vivado2014.4\PYNQ_acc\LeNet_wrapper\LeNet_wrapper\solution1\.autopilot\db\LeNet_wrapper.pp.0.cpp:9904:2: note: FIX-IT applied suggested code changes
D:\Downloads\vivado2014.4\PYNQ_acc\LeNet_wrapper\LeNet_wrapper\solution1\.autopilot\db\LeNet_wrapper.pp.0.cpp:9972:9: error: Resource with core_name: Mul_LUT pragma is ignored, because this core doesn't exist at all  [clang-diagnostic-error]
#pragma HLS RESOURCE variable=IFMPadDimSqrt core=Mul_LUT
        ^
D:\Downloads\vivado2014.4\PYNQ_acc\LeNet_wrapper\LeNet_wrapper\solution1\.autopilot\db\LeNet_wrapper.pp.0.cpp:9989:9: error: Resource with core_name: Mul_LUT pragma is ignored, because this core doesn't exist at all  [clang-diagnostic-error]
#pragma HLS RESOURCE variable=baseIterBound core=Mul_LUT
        ^
D:\Downloads\vivado2014.4\PYNQ_acc\LeNet_wrapper\LeNet_wrapper\solution1\.autopilot\db\LeNet_wrapper.pp.0.cpp:9990:2: warning: Added loop label VITIS_LOOP_123_1:   [xilinx-label-all-loops]
 for (unsigned int i = 0; i < baseIter*batch_size; i++) {
 ^~~
 VITIS_LOOP_123_1: 
D:\Downloads\vivado2014.4\PYNQ_acc\LeNet_wrapper\LeNet_wrapper\solution1\.autopilot\db\LeNet_wrapper.pp.0.cpp:9990:2: note: FIX-IT applied suggested code changes
D:\Downloads\vivado2014.4\PYNQ_acc\LeNet_wrapper\LeNet_wrapper\solution1\.autopilot\db\LeNet_wrapper.pp.0.cpp:9995:9: error: Resource with core_name: RAM_S2P_LUTRAM pragma is ignored, because this core doesn't exist at all  [clang-diagnostic-error]
#pragma HLS RESOURCE variable=inElem core=RAM_S2P_LUTRAM
        ^
D:\Downloads\vivado2014.4\PYNQ_acc\LeNet_wrapper\LeNet_wrapper\solution1\.autopilot\db\LeNet_wrapper.pp.0.cpp:9997:6: warning: Added loop label VITIS_LOOP_130_2:   [xilinx-label-all-loops]
     for(unsigned int inp_ch=0; inp_ch<IFMCH_curr; inp_ch++){
     ^~~
     VITIS_LOOP_130_2: 
D:\Downloads\vivado2014.4\PYNQ_acc\LeNet_wrapper\LeNet_wrapper\solution1\.autopilot\db\LeNet_wrapper.pp.0.cpp:9997:6: note: FIX-IT applied suggested code changes
D:\Downloads\vivado2014.4\PYNQ_acc\LeNet_wrapper\LeNet_wrapper\solution1\.autopilot\db\LeNet_wrapper.pp.0.cpp:10002:6: warning: Added loop label VITIS_LOOP_135_3:   [xilinx-label-all-loops]
     for(unsigned int inp_ch=0; inp_ch<IFMCH_curr; inp_ch++){
     ^~~
     VITIS_LOOP_135_3: 
D:\Downloads\vivado2014.4\PYNQ_acc\LeNet_wrapper\LeNet_wrapper\solution1\.autopilot\db\LeNet_wrapper.pp.0.cpp:10002:6: note: FIX-IT applied suggested code changes
D:\Downloads\vivado2014.4\PYNQ_acc\LeNet_wrapper\LeNet_wrapper\solution1\.autopilot\db\LeNet_wrapper.pp.0.cpp:10007:5: warning: Added loop label VITIS_LOOP_140_4:   [xilinx-label-all-loops]
    for(unsigned int inp_ch=0; inp_ch<IFMCH_curr; inp_ch++){
    ^~~
    VITIS_LOOP_140_4: 
D:\Downloads\vivado2014.4\PYNQ_acc\LeNet_wrapper\LeNet_wrapper\solution1\.autopilot\db\LeNet_wrapper.pp.0.cpp:10007:5: note: FIX-IT applied suggested code changes
D:\Downloads\vivado2014.4\PYNQ_acc\LeNet_wrapper\LeNet_wrapper\solution1\.autopilot\db\LeNet_wrapper.pp.0.cpp:10025:5: warning: Added loop label VITIS_LOOP_158_5:   [xilinx-label-all-loops]
    for(unsigned int inp_ch=0; inp_ch<IFMCH_curr; inp_ch++){
    ^~~
    VITIS_LOOP_158_5: 
D:\Downloads\vivado2014.4\PYNQ_acc\LeNet_wrapper\LeNet_wrapper\solution1\.autopilot\db\LeNet_wrapper.pp.0.cpp:10025:5: note: FIX-IT applied suggested code changes
D:\Downloads\vivado2014.4\PYNQ_acc\LeNet_wrapper\LeNet_wrapper\solution1\.autopilot\db\LeNet_wrapper.pp.0.cpp:10053:9: error: Resource with core_name: Mul_LUT pragma is ignored, because this core doesn't exist at all  [clang-diagnostic-error]
#pragma HLS RESOURCE variable=KER_size_0 core=Mul_LUT
        ^
D:\Downloads\vivado2014.4\PYNQ_acc\LeNet_wrapper\LeNet_wrapper\solution1\.autopilot\db\LeNet_wrapper.pp.0.cpp:10054:9: error: Resource with core_name: Mul_LUT pragma is ignored, because this core doesn't exist at all  [clang-diagnostic-error]
#pragma HLS RESOURCE variable=KER_size_1 core=Mul_LUT
        ^
D:\Downloads\vivado2014.4\PYNQ_acc\LeNet_wrapper\LeNet_wrapper\solution1\.autopilot\db\LeNet_wrapper.pp.0.cpp:10055:9: error: Resource with core_name: Mul_LUT pragma is ignored, because this core doesn't exist at all  [clang-diagnostic-error]
#pragma HLS RESOURCE variable=KER_bound core=Mul_LUT
        ^
D:\Downloads\vivado2014.4\PYNQ_acc\LeNet_wrapper\LeNet_wrapper\solution1\.autopilot\db\LeNet_wrapper.pp.0.cpp:10056:2: warning: Added loop label VITIS_LOOP_189_6:   [xilinx-label-all-loops]
 for(unsigned int i = 0; i < KER_bound; i++){
 ^~~
 VITIS_LOOP_189_6: 
D:\Downloads\vivado2014.4\PYNQ_acc\LeNet_wrapper\LeNet_wrapper\solution1\.autopilot\db\LeNet_wrapper.pp.0.cpp:10056:2: note: FIX-IT applied suggested code changes
D:\Downloads\vivado2014.4\PYNQ_acc\LeNet_wrapper\LeNet_wrapper\solution1\.autopilot\db\LeNet_wrapper.pp.0.cpp:10081:9: error: Resource with core_name: RAM_S2P_LUTRAM pragma is ignored, because this core doesn't exist at all  [clang-diagnostic-error]
#pragma HLS RESOURCE variable=A core=RAM_S2P_LUTRAM
        ^
D:\Downloads\vivado2014.4\PYNQ_acc\LeNet_wrapper\LeNet_wrapper\solution1\.autopilot\db\LeNet_wrapper.pp.0.cpp:10082:9: error: Resource with core_name: RAM_S2P_BRAM pragma is ignored, because this core doesn't exist at all  [clang-diagnostic-error]
#pragma HLS RESOURCE variable=B core=RAM_S2P_BRAM
        ^
D:\Downloads\vivado2014.4\PYNQ_acc\LeNet_wrapper\LeNet_wrapper\solution1\.autopilot\db\LeNet_wrapper.pp.0.cpp:10142:3: warning: Added loop label VITIS_LOOP_78_1:   [xilinx-label-all-loops]
  for (int i=0; i<B_COL_MAX; i++)
  ^~~
  VITIS_LOOP_78_1: 
D:\Downloads\vivado2014.4\PYNQ_acc\LeNet_wrapper\LeNet_wrapper\solution1\.autopilot\db\LeNet_wrapper.pp.0.cpp:10142:3: note: FIX-IT applied suggested code changes
D:\Downloads\vivado2014.4\PYNQ_acc\LeNet_wrapper\LeNet_wrapper\solution1\.autopilot\db\LeNet_wrapper.pp.0.cpp:10143:4: warning: Added loop label VITIS_LOOP_79_2:   [xilinx-label-all-loops]
   for (int j=0; j<B_ROW_MAX; j++)
   ^~~
   VITIS_LOOP_79_2: 
D:\Downloads\vivado2014.4\PYNQ_acc\LeNet_wrapper\LeNet_wrapper\solution1\.autopilot\db\LeNet_wrapper.pp.0.cpp:10143:4: note: FIX-IT applied suggested code changes
D:\Downloads\vivado2014.4\PYNQ_acc\LeNet_wrapper\LeNet_wrapper\solution1\.autopilot\db\LeNet_wrapper.pp.0.cpp:10160:3: warning: Added loop label VITIS_LOOP_96_3:   [xilinx-label-all-loops]
  for (int num_imag=0; num_imag < batch_size; num_imag++){
  ^~~
  VITIS_LOOP_96_3: 
D:\Downloads\vivado2014.4\PYNQ_acc\LeNet_wrapper\LeNet_wrapper\solution1\.autopilot\db\LeNet_wrapper.pp.0.cpp:10160:3: note: FIX-IT applied suggested code changes
D:\Downloads\vivado2014.4\PYNQ_acc\LeNet_wrapper\LeNet_wrapper\solution1\.autopilot\db\LeNet_wrapper.pp.0.cpp:10166:4: warning: Added loop label VITIS_LOOP_102_4:   [xilinx-label-all-loops]
   for (int iter=0; iter<A_COL_ITER; iter++){
   ^~~
   VITIS_LOOP_102_4: 
D:\Downloads\vivado2014.4\PYNQ_acc\LeNet_wrapper\LeNet_wrapper\solution1\.autopilot\db\LeNet_wrapper.pp.0.cpp:10166:4: note: FIX-IT applied suggested code changes
D:\Downloads\vivado2014.4\PYNQ_acc\LeNet_wrapper\LeNet_wrapper\solution1\.autopilot\db\LeNet_wrapper.pp.0.cpp:10168:5: warning: Added loop label VITIS_LOOP_104_5:   [xilinx-label-all-loops]
    for(int i=0; i<A_COL_MAX; i++)
    ^~~
    VITIS_LOOP_104_5: 
D:\Downloads\vivado2014.4\PYNQ_acc\LeNet_wrapper\LeNet_wrapper\solution1\.autopilot\db\LeNet_wrapper.pp.0.cpp:10168:5: note: FIX-IT applied suggested code changes
D:\Downloads\vivado2014.4\PYNQ_acc\LeNet_wrapper\LeNet_wrapper\solution1\.autopilot\db\LeNet_wrapper.pp.0.cpp:10169:6: warning: Added loop label VITIS_LOOP_105_6:   [xilinx-label-all-loops]
     for(int j=0; j<A_ROW_MAX; j++)
     ^~~
     VITIS_LOOP_105_6: 
D:\Downloads\vivado2014.4\PYNQ_acc\LeNet_wrapper\LeNet_wrapper\solution1\.autopilot\db\LeNet_wrapper.pp.0.cpp:10169:6: note: FIX-IT applied suggested code changes
D:\Downloads\vivado2014.4\PYNQ_acc\LeNet_wrapper\LeNet_wrapper\solution1\.autopilot\db\LeNet_wrapper.pp.0.cpp:10210:9: error: Resource with core_name: Mul_LUT pragma is ignored, because this core doesn't exist at all  [clang-diagnostic-error]
#pragma HLS RESOURCE variable=KER_size_0 core=Mul_LUT
        ^
D:\Downloads\vivado2014.4\PYNQ_acc\LeNet_wrapper\LeNet_wrapper\solution1\.autopilot\db\LeNet_wrapper.pp.0.cpp:10211:9: error: Resource with core_name: Mul_LUT pragma is ignored, because this core doesn't exist at all  [clang-diagnostic-error]
#pragma HLS RESOURCE variable=KER_size_1 core=Mul_LUT
        ^
D:\Downloads\vivado2014.4\PYNQ_acc\LeNet_wrapper\LeNet_wrapper\solution1\.autopilot\db\LeNet_wrapper.pp.0.cpp:10212:9: error: Resource with core_name: Mul_LUT pragma is ignored, because this core doesn't exist at all  [clang-diagnostic-error]
#pragma HLS RESOURCE variable=KER_bound core=Mul_LUT
        ^
D:\Downloads\vivado2014.4\PYNQ_acc\LeNet_wrapper\LeNet_wrapper\solution1\.autopilot\db\LeNet_wrapper.pp.0.cpp:10213:2: warning: Added loop label VITIS_LOOP_149_7:   [xilinx-label-all-loops]
 for(unsigned int i = 0; i < KER_bound; i++){
 ^~~
 VITIS_LOOP_149_7: 
D:\Downloads\vivado2014.4\PYNQ_acc\LeNet_wrapper\LeNet_wrapper\solution1\.autopilot\db\LeNet_wrapper.pp.0.cpp:10213:2: note: FIX-IT applied suggested code changes
D:\Downloads\vivado2014.4\PYNQ_acc\LeNet_wrapper\LeNet_wrapper\solution1\.autopilot\db\LeNet_wrapper.pp.0.cpp:10290:9: error: Resource with core_name: RAM_2P_LUTRAM pragma is ignored, because this core doesn't exist at all  [clang-diagnostic-error]
#pragma HLS RESOURCE variable=buf core=RAM_2P_LUTRAM
        ^
D:\Downloads\vivado2014.4\PYNQ_acc\LeNet_wrapper\LeNet_wrapper\solution1\.autopilot\db\LeNet_wrapper.pp.0.cpp:10292:9: error: Resource with core_name: RAM_2P_LUTRAM pragma is ignored, because this core doesn't exist at all  [clang-diagnostic-error]
#pragma HLS RESOURCE variable=acc core=RAM_2P_LUTRAM
        ^
D:\Downloads\vivado2014.4\PYNQ_acc\LeNet_wrapper\LeNet_wrapper\solution1\.autopilot\db\LeNet_wrapper.pp.0.cpp:10293:2: warning: Added loop label VITIS_LOOP_123_1:   [xilinx-label-all-loops]
 for(unsigned int j = 0; j < In_CH_MAX; j++){
 ^~~
 VITIS_LOOP_123_1: 
D:\Downloads\vivado2014.4\PYNQ_acc\LeNet_wrapper\LeNet_wrapper\solution1\.autopilot\db\LeNet_wrapper.pp.0.cpp:10293:2: note: FIX-IT applied suggested code changes
D:\Downloads\vivado2014.4\PYNQ_acc\LeNet_wrapper\LeNet_wrapper\solution1\.autopilot\db\LeNet_wrapper.pp.0.cpp:10294:3: warning: Added loop label VITIS_LOOP_124_2:   [xilinx-label-all-loops]
  for(unsigned int i = 0; i < IFMDim_MAX / pool_size; i++) {
  ^~~
  VITIS_LOOP_124_2: 
D:\Downloads\vivado2014.4\PYNQ_acc\LeNet_wrapper\LeNet_wrapper\solution1\.autopilot\db\LeNet_wrapper.pp.0.cpp:10294:3: note: FIX-IT applied suggested code changes
D:\Downloads\vivado2014.4\PYNQ_acc\LeNet_wrapper\LeNet_wrapper\solution1\.autopilot\db\LeNet_wrapper.pp.0.cpp:10300:2: warning: Added loop label VITIS_LOOP_130_3:   [xilinx-label-all-loops]
 for(unsigned int j = 0; j < In_CH_MAX; j++){
 ^~~
 VITIS_LOOP_130_3: 
D:\Downloads\vivado2014.4\PYNQ_acc\LeNet_wrapper\LeNet_wrapper\solution1\.autopilot\db\LeNet_wrapper.pp.0.cpp:10300:2: note: FIX-IT applied suggested code changes
D:\Downloads\vivado2014.4\PYNQ_acc\LeNet_wrapper\LeNet_wrapper\solution1\.autopilot\db\LeNet_wrapper.pp.0.cpp:10309:3: warning: Added loop label VITIS_LOOP_139_4:   [xilinx-label-all-loops]
  for (unsigned int num_img = 0; num_img < batch_size; num_img++){
  ^~~
  VITIS_LOOP_139_4: 
D:\Downloads\vivado2014.4\PYNQ_acc\LeNet_wrapper\LeNet_wrapper\solution1\.autopilot\db\LeNet_wrapper.pp.0.cpp:10309:3: note: FIX-IT applied suggested code changes
D:\Downloads\vivado2014.4\PYNQ_acc\LeNet_wrapper\LeNet_wrapper\solution1\.autopilot\db\LeNet_wrapper.pp.0.cpp:10310:4: warning: Added loop label VITIS_LOOP_140_5:   [xilinx-label-all-loops]
   for (unsigned int yp = 0; yp < pool_out_bound; yp++) {
   ^~~
   VITIS_LOOP_140_5: 
D:\Downloads\vivado2014.4\PYNQ_acc\LeNet_wrapper\LeNet_wrapper\solution1\.autopilot\db\LeNet_wrapper.pp.0.cpp:10310:4: note: FIX-IT applied suggested code changes
D:\Downloads\vivado2014.4\PYNQ_acc\LeNet_wrapper\LeNet_wrapper\solution1\.autopilot\db\LeNet_wrapper.pp.0.cpp:10311:5: warning: Added loop label VITIS_LOOP_141_6:   [xilinx-label-all-loops]
    for (unsigned int ky = 0; ky < pool_size; ky++) {
    ^~~
    VITIS_LOOP_141_6: 
D:\Downloads\vivado2014.4\PYNQ_acc\LeNet_wrapper\LeNet_wrapper\solution1\.autopilot\db\LeNet_wrapper.pp.0.cpp:10311:5: note: FIX-IT applied suggested code changes
D:\Downloads\vivado2014.4\PYNQ_acc\LeNet_wrapper\LeNet_wrapper\solution1\.autopilot\db\LeNet_wrapper.pp.0.cpp:10312:6: warning: Added loop label VITIS_LOOP_142_7:   [xilinx-label-all-loops]
     for (unsigned int xp = 0; xp < pool_out_bound; xp++) {
     ^~~
     VITIS_LOOP_142_7: 
D:\Downloads\vivado2014.4\PYNQ_acc\LeNet_wrapper\LeNet_wrapper\solution1\.autopilot\db\LeNet_wrapper.pp.0.cpp:10312:6: note: FIX-IT applied suggested code changes
D:\Downloads\vivado2014.4\PYNQ_acc\LeNet_wrapper\LeNet_wrapper\solution1\.autopilot\db\LeNet_wrapper.pp.0.cpp:10314:7: warning: Added loop label VITIS_LOOP_144_8:   [xilinx-label-all-loops]
      for (unsigned int kx = 0; kx < pool_size; kx++) {
      ^~~
      VITIS_LOOP_144_8: 
D:\Downloads\vivado2014.4\PYNQ_acc\LeNet_wrapper\LeNet_wrapper\solution1\.autopilot\db\LeNet_wrapper.pp.0.cpp:10314:7: note: FIX-IT applied suggested code changes
D:\Downloads\vivado2014.4\PYNQ_acc\LeNet_wrapper\LeNet_wrapper\solution1\.autopilot\db\LeNet_wrapper.pp.0.cpp:10315:8: warning: Added loop label VITIS_LOOP_145_9:   [xilinx-label-all-loops]
       for (unsigned int ch = 0; ch < IFMCH_curr; ch++){
       ^~~
       VITIS_LOOP_145_9: 
D:\Downloads\vivado2014.4\PYNQ_acc\LeNet_wrapper\LeNet_wrapper\solution1\.autopilot\db\LeNet_wrapper.pp.0.cpp:10315:8: note: FIX-IT applied suggested code changes
D:\Downloads\vivado2014.4\PYNQ_acc\LeNet_wrapper\LeNet_wrapper\solution1\.autopilot\db\LeNet_wrapper.pp.0.cpp:10323:7: warning: Added loop label VITIS_LOOP_153_10:   [xilinx-label-all-loops]
      for (unsigned int ch = 0; ch < In_CH_MAX; ch++){
      ^~~
      VITIS_LOOP_153_10: 
D:\Downloads\vivado2014.4\PYNQ_acc\LeNet_wrapper\LeNet_wrapper\solution1\.autopilot\db\LeNet_wrapper.pp.0.cpp:10323:7: note: FIX-IT applied suggested code changes
D:\Downloads\vivado2014.4\PYNQ_acc\LeNet_wrapper\LeNet_wrapper\solution1\.autopilot\db\LeNet_wrapper.pp.0.cpp:10337:5: warning: Added loop label VITIS_LOOP_167_11:   [xilinx-label-all-loops]
    for (unsigned int outpix = 0; outpix < pool_out_bound; outpix++) {
    ^~~
    VITIS_LOOP_167_11: 
D:\Downloads\vivado2014.4\PYNQ_acc\LeNet_wrapper\LeNet_wrapper\solution1\.autopilot\db\LeNet_wrapper.pp.0.cpp:10337:5: note: FIX-IT applied suggested code changes
D:\Downloads\vivado2014.4\PYNQ_acc\LeNet_wrapper\LeNet_wrapper\solution1\.autopilot\db\LeNet_wrapper.pp.0.cpp:10338:6: warning: Added loop label VITIS_LOOP_168_12:   [xilinx-label-all-loops]
     for (unsigned int outch = 0; outch < IFMCH_curr; outch++){
     ^~~
     VITIS_LOOP_168_12: 
D:\Downloads\vivado2014.4\PYNQ_acc\LeNet_wrapper\LeNet_wrapper\solution1\.autopilot\db\LeNet_wrapper.pp.0.cpp:10338:6: note: FIX-IT applied suggested code changes
D:\Downloads\vivado2014.4\PYNQ_acc\LeNet_wrapper\LeNet_wrapper\solution1\.autopilot\db\LeNet_wrapper.pp.0.cpp:10361:9: error: Resource with core_name: Mul_LUT pragma is ignored, because this core doesn't exist at all  [clang-diagnostic-error]
#pragma HLS RESOURCE variable=KER_size_0 core=Mul_LUT
        ^
D:\Downloads\vivado2014.4\PYNQ_acc\LeNet_wrapper\LeNet_wrapper\solution1\.autopilot\db\LeNet_wrapper.pp.0.cpp:10362:9: error: Resource with core_name: Mul_LUT pragma is ignored, because this core doesn't exist at all  [clang-diagnostic-error]
#pragma HLS RESOURCE variable=KER_size_1 core=Mul_LUT
        ^
D:\Downloads\vivado2014.4\PYNQ_acc\LeNet_wrapper\LeNet_wrapper\solution1\.autopilot\db\LeNet_wrapper.pp.0.cpp:10363:9: error: Resource with core_name: Mul_LUT pragma is ignored, because this core doesn't exist at all  [clang-diagnostic-error]
#pragma HLS RESOURCE variable=KER_bound core=Mul_LUT
        ^
D:\Downloads\vivado2014.4\PYNQ_acc\LeNet_wrapper\LeNet_wrapper\solution1\.autopilot\db\LeNet_wrapper.pp.0.cpp:10364:2: warning: Added loop label VITIS_LOOP_194_13:   [xilinx-label-all-loops]
 for(unsigned int i = 0; i < KER_bound; i++){
 ^~~
 VITIS_LOOP_194_13: 
D:\Downloads\vivado2014.4\PYNQ_acc\LeNet_wrapper\LeNet_wrapper\solution1\.autopilot\db\LeNet_wrapper.pp.0.cpp:10364:2: note: FIX-IT applied suggested code changes
D:\Downloads\vivado2014.4\PYNQ_acc\LeNet_wrapper\LeNet_wrapper\solution1\.autopilot\db\LeNet_wrapper.pp.0.cpp:10391:9: error: Resource with core_name: RAM_S2P_BRAM pragma is ignored, because this core doesn't exist at all  [clang-diagnostic-error]
#pragma HLS RESOURCE variable=A core=RAM_S2P_BRAM
        ^
D:\Downloads\vivado2014.4\PYNQ_acc\LeNet_wrapper\LeNet_wrapper\solution1\.autopilot\db\LeNet_wrapper.pp.0.cpp:10392:9: error: Resource with core_name: RAM_S2P_BRAM pragma is ignored, because this core doesn't exist at all  [clang-diagnostic-error]
#pragma HLS RESOURCE variable=B core=RAM_S2P_BRAM
        ^
D:\Downloads\vivado2014.4\PYNQ_acc\LeNet_wrapper\LeNet_wrapper\solution1\.autopilot\db\LeNet_wrapper.pp.0.cpp:10449:9: warning: Added loop label VITIS_LOOP_76_1:   [xilinx-label-all-loops]
        for (int i = 0; i < B_COL_MAX; i++) {
        ^~~
        VITIS_LOOP_76_1: 
D:\Downloads\vivado2014.4\PYNQ_acc\LeNet_wrapper\LeNet_wrapper\solution1\.autopilot\db\LeNet_wrapper.pp.0.cpp:10449:9: note: FIX-IT applied suggested code changes
D:\Downloads\vivado2014.4\PYNQ_acc\LeNet_wrapper\LeNet_wrapper\solution1\.autopilot\db\LeNet_wrapper.pp.0.cpp:10450:13: warning: Added loop label VITIS_LOOP_77_2:   [xilinx-label-all-loops]
            for (int j = 0; j < B_ROW_MAX; j++) {
            ^~~
            VITIS_LOOP_77_2: 
D:\Downloads\vivado2014.4\PYNQ_acc\LeNet_wrapper\LeNet_wrapper\solution1\.autopilot\db\LeNet_wrapper.pp.0.cpp:10450:13: note: FIX-IT applied suggested code changes
D:\Downloads\vivado2014.4\PYNQ_acc\LeNet_wrapper\LeNet_wrapper\solution1\.autopilot\db\LeNet_wrapper.pp.0.cpp:10465:9: warning: Added loop label VITIS_LOOP_92_3:   [xilinx-label-all-loops]
        for (int num_imag = 0; num_imag < batch_size; num_imag++) {
        ^~~
        VITIS_LOOP_92_3: 
D:\Downloads\vivado2014.4\PYNQ_acc\LeNet_wrapper\LeNet_wrapper\solution1\.autopilot\db\LeNet_wrapper.pp.0.cpp:10465:9: note: FIX-IT applied suggested code changes
D:\Downloads\vivado2014.4\PYNQ_acc\LeNet_wrapper\LeNet_wrapper\solution1\.autopilot\db\LeNet_wrapper.pp.0.cpp:10470:13: warning: Added loop label VITIS_LOOP_97_4:   [xilinx-label-all-loops]
            for (int iter = 0; iter < A_COL_ITER; iter++) {
            ^~~
            VITIS_LOOP_97_4: 
D:\Downloads\vivado2014.4\PYNQ_acc\LeNet_wrapper\LeNet_wrapper\solution1\.autopilot\db\LeNet_wrapper.pp.0.cpp:10470:13: note: FIX-IT applied suggested code changes
D:\Downloads\vivado2014.4\PYNQ_acc\LeNet_wrapper\LeNet_wrapper\solution1\.autopilot\db\LeNet_wrapper.pp.0.cpp:10471:17: warning: Added loop label VITIS_LOOP_98_5:   [xilinx-label-all-loops]
                for (int i = 0; i < A_COL_MAX; i++) {
                ^~~
                VITIS_LOOP_98_5: 
D:\Downloads\vivado2014.4\PYNQ_acc\LeNet_wrapper\LeNet_wrapper\solution1\.autopilot\db\LeNet_wrapper.pp.0.cpp:10471:17: note: FIX-IT applied suggested code changes
D:\Downloads\vivado2014.4\PYNQ_acc\LeNet_wrapper\LeNet_wrapper\solution1\.autopilot\db\LeNet_wrapper.pp.0.cpp:10472:21: warning: Added loop label VITIS_LOOP_99_6:   [xilinx-label-all-loops]
                    for (int j = 0; j < A_ROW_MAX; j++) {
                    ^~~
                    VITIS_LOOP_99_6: 
D:\Downloads\vivado2014.4\PYNQ_acc\LeNet_wrapper\LeNet_wrapper\solution1\.autopilot\db\LeNet_wrapper.pp.0.cpp:10472:21: note: FIX-IT applied suggested code changes
D:\Downloads\vivado2014.4\PYNQ_acc\LeNet_wrapper\LeNet_wrapper\solution1\.autopilot\db\LeNet_wrapper.pp.0.cpp:10506:9: error: Resource with core_name: Mul_LUT pragma is ignored, because this core doesn't exist at all  [clang-diagnostic-error]
#pragma HLS RESOURCE variable=KER_size_0 core=Mul_LUT
        ^
D:\Downloads\vivado2014.4\PYNQ_acc\LeNet_wrapper\LeNet_wrapper\solution1\.autopilot\db\LeNet_wrapper.pp.0.cpp:10507:9: error: Resource with core_name: Mul_LUT pragma is ignored, because this core doesn't exist at all  [clang-diagnostic-error]
#pragma HLS RESOURCE variable=KER_size_1 core=Mul_LUT
        ^
D:\Downloads\vivado2014.4\PYNQ_acc\LeNet_wrapper\LeNet_wrapper\solution1\.autopilot\db\LeNet_wrapper.pp.0.cpp:10508:9: error: Resource with core_name: Mul_LUT pragma is ignored, because this core doesn't exist at all  [clang-diagnostic-error]
#pragma HLS RESOURCE variable=KER_bound core=Mul_LUT
        ^
D:\Downloads\vivado2014.4\PYNQ_acc\LeNet_wrapper\LeNet_wrapper\solution1\.autopilot\db\LeNet_wrapper.pp.0.cpp:10509:2: warning: Added loop label VITIS_LOOP_136_7:   [xilinx-label-all-loops]
 for (unsigned int i = 0; i < KER_bound; i++) {
 ^~~
 VITIS_LOOP_136_7: 
D:\Downloads\vivado2014.4\PYNQ_acc\LeNet_wrapper\LeNet_wrapper\solution1\.autopilot\db\LeNet_wrapper.pp.0.cpp:10509:2: note: FIX-IT applied suggested code changes
