In file included from LeNet_wrapper.cpp:1:
In file included from ./LeNet_wrapper.h:3:
E:/downloads/.xinstall/Vitis_HLS/2023.2/common/technology/autopilot\ap_axi_sdata.h:135:9: warning: HLS pragma dump _XLX_SEP_ PragmaIsValid=1_XLX_SEP_ PragmaType=inline_XLX_SEP_ PragmaContext=_XLX_SEP_ PragmaFunction=get_data_XLX_SEP_ PragmaOptions=_XLX_SEP_ [-Wdump-hls-pragmas]
#pragma HLS inline
        ^
E:/downloads/.xinstall/Vitis_HLS/2023.2/common/technology/autopilot\ap_axi_sdata.h:140:9: warning: HLS pragma dump _XLX_SEP_ PragmaIsValid=1_XLX_SEP_ PragmaType=inline_XLX_SEP_ PragmaContext=_XLX_SEP_ PragmaFunction=set_data_XLX_SEP_ PragmaOptions=_XLX_SEP_ [-Wdump-hls-pragmas]
#pragma HLS inline
        ^
E:/downloads/.xinstall/Vitis_HLS/2023.2/common/technology/autopilot\ap_axi_sdata.h:205:9: warning: HLS pragma dump _XLX_SEP_ PragmaIsValid=1_XLX_SEP_ PragmaType=inline_XLX_SEP_ PragmaContext=_XLX_SEP_ PragmaFunction=keep_all_XLX_SEP_ PragmaOptions=_XLX_SEP_ [-Wdump-hls-pragmas]
#pragma HLS inline
        ^
E:/downloads/.xinstall/Vitis_HLS/2023.2/common/technology/autopilot\ap_axi_sdata.h:317:9: warning: HLS pragma dump _XLX_SEP_ PragmaIsValid=1_XLX_SEP_ PragmaType=inline_XLX_SEP_ PragmaContext=_XLX_SEP_ PragmaFunction=empty_XLX_SEP_ PragmaOptions=_XLX_SEP_ [-Wdump-hls-pragmas]
#pragma HLS inline
        ^
E:/downloads/.xinstall/Vitis_HLS/2023.2/common/technology/autopilot\ap_axi_sdata.h:325:9: warning: HLS pragma dump _XLX_SEP_ PragmaIsValid=1_XLX_SEP_ PragmaType=inline_XLX_SEP_ PragmaContext=_XLX_SEP_ PragmaFunction=full_XLX_SEP_ PragmaOptions=_XLX_SEP_ [-Wdump-hls-pragmas]
#pragma HLS inline
        ^
E:/downloads/.xinstall/Vitis_HLS/2023.2/common/technology/autopilot\ap_axi_sdata.h:334:9: warning: HLS pragma dump _XLX_SEP_ PragmaIsValid=1_XLX_SEP_ PragmaType=inline_XLX_SEP_ PragmaContext=_XLX_SEP_ PragmaFunction=read_XLX_SEP_ PragmaOptions=_XLX_SEP_ [-Wdump-hls-pragmas]
#pragma HLS inline
        ^
E:/downloads/.xinstall/Vitis_HLS/2023.2/common/technology/autopilot\ap_axi_sdata.h:345:9: warning: HLS pragma dump _XLX_SEP_ PragmaIsValid=1_XLX_SEP_ PragmaType=inline_XLX_SEP_ PragmaContext=_XLX_SEP_ PragmaFunction=read_XLX_SEP_ PragmaOptions=_XLX_SEP_ [-Wdump-hls-pragmas]
#pragma HLS inline
        ^
E:/downloads/.xinstall/Vitis_HLS/2023.2/common/technology/autopilot\ap_axi_sdata.h:357:9: warning: HLS pragma dump _XLX_SEP_ PragmaIsValid=1_XLX_SEP_ PragmaType=inline_XLX_SEP_ PragmaContext=_XLX_SEP_ PragmaFunction=write_XLX_SEP_ PragmaOptions=_XLX_SEP_ [-Wdump-hls-pragmas]
#pragma HLS inline
        ^
E:/downloads/.xinstall/Vitis_HLS/2023.2/common/technology/autopilot\ap_axi_sdata.h:368:9: warning: HLS pragma dump _XLX_SEP_ PragmaIsValid=1_XLX_SEP_ PragmaType=inline_XLX_SEP_ PragmaContext=_XLX_SEP_ PragmaFunction=read_nb_XLX_SEP_ PragmaOptions=_XLX_SEP_ [-Wdump-hls-pragmas]
#pragma HLS inline
        ^
E:/downloads/.xinstall/Vitis_HLS/2023.2/common/technology/autopilot\ap_axi_sdata.h:385:9: warning: HLS pragma dump _XLX_SEP_ PragmaIsValid=1_XLX_SEP_ PragmaType=inline_XLX_SEP_ PragmaContext=_XLX_SEP_ PragmaFunction=write_nb_XLX_SEP_ PragmaOptions=_XLX_SEP_ [-Wdump-hls-pragmas]
#pragma HLS inline
        ^
In file included from LeNet_wrapper.cpp:1:
In file included from ./LeNet_wrapper.h:7:
./../hw_library/axi_dma_slave.h:45:9: warning: 'Resource pragma' is deprecated, use 'bind_op/bind_storage pragma' instead [-Wignored-hls-pragmas]
#pragma HLS RESOURCE variable=IFM_size_0 core=Mul_LUT
        ^
./../hw_library/axi_dma_slave.h:45:9: warning: HLS pragma dump _XLX_SEP_ PragmaIsValid=1_XLX_SEP_ PragmaType=resource_XLX_SEP_ PragmaContext=_XLX_SEP_ PragmaFunction=AXI_DMA_SLAVE_XLX_SEP_ PragmaOptions=variable=IFM_size_0 core=Mul_LUT_XLX_SEP_ [-Wdump-hls-pragmas]
./../hw_library/axi_dma_slave.h:46:9: warning: 'Resource pragma' is deprecated, use 'bind_op/bind_storage pragma' instead [-Wignored-hls-pragmas]
#pragma HLS RESOURCE variable=IFM_size_1 core=Mul_LUT
        ^
./../hw_library/axi_dma_slave.h:46:9: warning: HLS pragma dump _XLX_SEP_ PragmaIsValid=1_XLX_SEP_ PragmaType=resource_XLX_SEP_ PragmaContext=_XLX_SEP_ PragmaFunction=AXI_DMA_SLAVE_XLX_SEP_ PragmaOptions=variable=IFM_size_1 core=Mul_LUT_XLX_SEP_ [-Wdump-hls-pragmas]
./../hw_library/axi_dma_slave.h:47:9: warning: 'Resource pragma' is deprecated, use 'bind_op/bind_storage pragma' instead [-Wignored-hls-pragmas]
#pragma HLS RESOURCE variable=IFM_bound core=Mul_LUT
        ^
./../hw_library/axi_dma_slave.h:47:9: warning: HLS pragma dump _XLX_SEP_ PragmaIsValid=1_XLX_SEP_ PragmaType=resource_XLX_SEP_ PragmaContext=_XLX_SEP_ PragmaFunction=AXI_DMA_SLAVE_XLX_SEP_ PragmaOptions=variable=IFM_bound core=Mul_LUT_XLX_SEP_ [-Wdump-hls-pragmas]
./../hw_library/axi_dma_slave.h:50:9: warning: HLS pragma dump _XLX_SEP_ PragmaIsValid=1_XLX_SEP_ PragmaType=pipeline_XLX_SEP_ PragmaContext=_XLX_SEP_ PragmaFunction=AXI_DMA_SLAVE_XLX_SEP_ PragmaOptions=II=1_XLX_SEP_ [-Wdump-hls-pragmas]
#pragma HLS PIPELINE II=1
        ^
./../hw_library/axi_dma_slave.h:59:9: warning: 'Resource pragma' is deprecated, use 'bind_op/bind_storage pragma' instead [-Wignored-hls-pragmas]
#pragma HLS RESOURCE variable=KER_size_0 core=Mul_LUT
        ^
./../hw_library/axi_dma_slave.h:59:9: warning: HLS pragma dump _XLX_SEP_ PragmaIsValid=1_XLX_SEP_ PragmaType=resource_XLX_SEP_ PragmaContext=_XLX_SEP_ PragmaFunction=AXI_DMA_SLAVE_XLX_SEP_ PragmaOptions=variable=KER_size_0 core=Mul_LUT_XLX_SEP_ [-Wdump-hls-pragmas]
./../hw_library/axi_dma_slave.h:60:9: warning: 'Resource pragma' is deprecated, use 'bind_op/bind_storage pragma' instead [-Wignored-hls-pragmas]
#pragma HLS RESOURCE variable=KER_size_1 core=Mul_LUT
        ^
./../hw_library/axi_dma_slave.h:60:9: warning: HLS pragma dump _XLX_SEP_ PragmaIsValid=1_XLX_SEP_ PragmaType=resource_XLX_SEP_ PragmaContext=_XLX_SEP_ PragmaFunction=AXI_DMA_SLAVE_XLX_SEP_ PragmaOptions=variable=KER_size_1 core=Mul_LUT_XLX_SEP_ [-Wdump-hls-pragmas]
./../hw_library/axi_dma_slave.h:61:9: warning: 'Resource pragma' is deprecated, use 'bind_op/bind_storage pragma' instead [-Wignored-hls-pragmas]
#pragma HLS RESOURCE variable=KER_bound core=Mul_LUT
        ^
./../hw_library/axi_dma_slave.h:61:9: warning: HLS pragma dump _XLX_SEP_ PragmaIsValid=1_XLX_SEP_ PragmaType=resource_XLX_SEP_ PragmaContext=_XLX_SEP_ PragmaFunction=AXI_DMA_SLAVE_XLX_SEP_ PragmaOptions=variable=KER_bound core=Mul_LUT_XLX_SEP_ [-Wdump-hls-pragmas]
./../hw_library/axi_dma_slave.h:64:9: warning: HLS pragma dump _XLX_SEP_ PragmaIsValid=1_XLX_SEP_ PragmaType=pipeline_XLX_SEP_ PragmaContext=_XLX_SEP_ PragmaFunction=AXI_DMA_SLAVE_XLX_SEP_ PragmaOptions=II=1_XLX_SEP_ [-Wdump-hls-pragmas]
#pragma HLS PIPELINE II=1
        ^
In file included from LeNet_wrapper.cpp:1:
In file included from ./LeNet_wrapper.h:8:
./../hw_library/axi_dma_master.h:54:9: warning: 'Resource pragma' is deprecated, use 'bind_op/bind_storage pragma' instead [-Wignored-hls-pragmas]
#pragma HLS RESOURCE variable=OFM_size_0 core=Mul_LUT
        ^
./../hw_library/axi_dma_master.h:54:9: warning: HLS pragma dump _XLX_SEP_ PragmaIsValid=1_XLX_SEP_ PragmaType=resource_XLX_SEP_ PragmaContext=_XLX_SEP_ PragmaFunction=AXI_DMA_MASTER_XLX_SEP_ PragmaOptions=variable=OFM_size_0 core=Mul_LUT_XLX_SEP_ [-Wdump-hls-pragmas]
./../hw_library/axi_dma_master.h:55:9: warning: 'Resource pragma' is deprecated, use 'bind_op/bind_storage pragma' instead [-Wignored-hls-pragmas]
#pragma HLS RESOURCE variable=OFM_size_1 core=Mul_LUT
        ^
./../hw_library/axi_dma_master.h:55:9: warning: HLS pragma dump _XLX_SEP_ PragmaIsValid=1_XLX_SEP_ PragmaType=resource_XLX_SEP_ PragmaContext=_XLX_SEP_ PragmaFunction=AXI_DMA_MASTER_XLX_SEP_ PragmaOptions=variable=OFM_size_1 core=Mul_LUT_XLX_SEP_ [-Wdump-hls-pragmas]
./../hw_library/axi_dma_master.h:56:9: warning: 'Resource pragma' is deprecated, use 'bind_op/bind_storage pragma' instead [-Wignored-hls-pragmas]
#pragma HLS RESOURCE variable=OFM_bound core=Mul_LUT
        ^
./../hw_library/axi_dma_master.h:56:9: warning: HLS pragma dump _XLX_SEP_ PragmaIsValid=1_XLX_SEP_ PragmaType=resource_XLX_SEP_ PragmaContext=_XLX_SEP_ PragmaFunction=AXI_DMA_MASTER_XLX_SEP_ PragmaOptions=variable=OFM_bound core=Mul_LUT_XLX_SEP_ [-Wdump-hls-pragmas]
./../hw_library/axi_dma_master.h:59:9: warning: HLS pragma dump _XLX_SEP_ PragmaIsValid=1_XLX_SEP_ PragmaType=pipeline_XLX_SEP_ PragmaContext=_XLX_SEP_ PragmaFunction=AXI_DMA_MASTER_XLX_SEP_ PragmaOptions=II=1_XLX_SEP_ [-Wdump-hls-pragmas]
#pragma HLS PIPELINE II=1
        ^
./../hw_library/axi_dma_master.h:70:9: warning: 'Resource pragma' is deprecated, use 'bind_op/bind_storage pragma' instead [-Wignored-hls-pragmas]
#pragma HLS RESOURCE variable=KER_size_0 core=Mul_LUT
        ^
./../hw_library/axi_dma_master.h:70:9: warning: HLS pragma dump _XLX_SEP_ PragmaIsValid=1_XLX_SEP_ PragmaType=resource_XLX_SEP_ PragmaContext=_XLX_SEP_ PragmaFunction=AXI_DMA_MASTER_XLX_SEP_ PragmaOptions=variable=KER_size_0 core=Mul_LUT_XLX_SEP_ [-Wdump-hls-pragmas]
./../hw_library/axi_dma_master.h:71:9: warning: 'Resource pragma' is deprecated, use 'bind_op/bind_storage pragma' instead [-Wignored-hls-pragmas]
#pragma HLS RESOURCE variable=KER_size_1 core=Mul_LUT
        ^
./../hw_library/axi_dma_master.h:71:9: warning: HLS pragma dump _XLX_SEP_ PragmaIsValid=1_XLX_SEP_ PragmaType=resource_XLX_SEP_ PragmaContext=_XLX_SEP_ PragmaFunction=AXI_DMA_MASTER_XLX_SEP_ PragmaOptions=variable=KER_size_1 core=Mul_LUT_XLX_SEP_ [-Wdump-hls-pragmas]
./../hw_library/axi_dma_master.h:72:9: warning: 'Resource pragma' is deprecated, use 'bind_op/bind_storage pragma' instead [-Wignored-hls-pragmas]
#pragma HLS RESOURCE variable=KER_bound core=Mul_LUT
        ^
./../hw_library/axi_dma_master.h:72:9: warning: HLS pragma dump _XLX_SEP_ PragmaIsValid=1_XLX_SEP_ PragmaType=resource_XLX_SEP_ PragmaContext=_XLX_SEP_ PragmaFunction=AXI_DMA_MASTER_XLX_SEP_ PragmaOptions=variable=KER_bound core=Mul_LUT_XLX_SEP_ [-Wdump-hls-pragmas]
./../hw_library/axi_dma_master.h:75:9: warning: HLS pragma dump _XLX_SEP_ PragmaIsValid=1_XLX_SEP_ PragmaType=pipeline_XLX_SEP_ PragmaContext=_XLX_SEP_ PragmaFunction=AXI_DMA_MASTER_XLX_SEP_ PragmaOptions=II=1_XLX_SEP_ [-Wdump-hls-pragmas]
#pragma HLS PIPELINE II=1
        ^
In file included from LeNet_wrapper.cpp:1:
In file included from ./LeNet_wrapper.h:9:
./../hw_library/stream_convolution_slideWindow.h:105:9: warning: 'Resource pragma' is deprecated, use 'bind_op/bind_storage pragma' instead [-Wignored-hls-pragmas]
#pragma HLS RESOURCE variable=IFMPadDimSqrt core=Mul_LUT
        ^
./../hw_library/stream_convolution_slideWindow.h:105:9: warning: HLS pragma dump _XLX_SEP_ PragmaIsValid=1_XLX_SEP_ PragmaType=resource_XLX_SEP_ PragmaContext=_XLX_SEP_ PragmaFunction=SCIG_XLX_SEP_ PragmaOptions=variable=IFMPadDimSqrt core=Mul_LUT_XLX_SEP_ [-Wdump-hls-pragmas]
./../hw_library/stream_convolution_slideWindow.h:108:9: warning: unknown pragma ignored [-Winvalid-hls-pragmas]
#pragma HLS_RESOURCE variable inputBuf core=RAM_S2P_BRAM
        ^
./../hw_library/stream_convolution_slideWindow.h:122:9: warning: 'Resource pragma' is deprecated, use 'bind_op/bind_storage pragma' instead [-Wignored-hls-pragmas]
#pragma HLS RESOURCE variable=baseIterBound core=Mul_LUT
        ^
./../hw_library/stream_convolution_slideWindow.h:122:9: warning: HLS pragma dump _XLX_SEP_ PragmaIsValid=1_XLX_SEP_ PragmaType=resource_XLX_SEP_ PragmaContext=_XLX_SEP_ PragmaFunction=SCIG_XLX_SEP_ PragmaOptions=variable=baseIterBound core=Mul_LUT_XLX_SEP_ [-Wdump-hls-pragmas]
./../hw_library/stream_convolution_slideWindow.h:124:9: warning: HLS pragma dump _XLX_SEP_ PragmaIsValid=1_XLX_SEP_ PragmaType=pipeline_XLX_SEP_ PragmaContext=_XLX_SEP_ PragmaFunction=SCIG_XLX_SEP_ PragmaOptions=II=1_XLX_SEP_ [-Wdump-hls-pragmas]
#pragma HLS PIPELINE II=1
        ^
./../hw_library/stream_convolution_slideWindow.h:125:9: warning: HLS pragma dump _XLX_SEP_ PragmaIsValid=1_XLX_SEP_ PragmaType=dependence_XLX_SEP_ PragmaContext=_XLX_SEP_ PragmaFunction=SCIG_XLX_SEP_ PragmaOptions=variable=inputBuf inter false_XLX_SEP_ [-Wdump-hls-pragmas]
#pragma HLS DEPENDENCE variable=inputBuf inter false
        ^
./../hw_library/stream_convolution_slideWindow.h:128:9: warning: 'Resource pragma' is deprecated, use 'bind_op/bind_storage pragma' instead [-Wignored-hls-pragmas]
#pragma HLS RESOURCE variable=inElem core=RAM_S2P_LUTRAM
        ^
./../hw_library/stream_convolution_slideWindow.h:128:9: warning: HLS pragma dump _XLX_SEP_ PragmaIsValid=1_XLX_SEP_ PragmaType=resource_XLX_SEP_ PragmaContext=_XLX_SEP_ PragmaFunction=SCIG_XLX_SEP_ PragmaOptions=variable=inElem core=RAM_S2P_LUTRAM_XLX_SEP_ [-Wdump-hls-pragmas]
./../hw_library/stream_convolution_slideWindow.h:186:9: warning: 'Resource pragma' is deprecated, use 'bind_op/bind_storage pragma' instead [-Wignored-hls-pragmas]
#pragma HLS RESOURCE variable=KER_size_0 core=Mul_LUT
        ^
./../hw_library/stream_convolution_slideWindow.h:186:9: warning: HLS pragma dump _XLX_SEP_ PragmaIsValid=1_XLX_SEP_ PragmaType=resource_XLX_SEP_ PragmaContext=_XLX_SEP_ PragmaFunction=SCIG_XLX_SEP_ PragmaOptions=variable=KER_size_0 core=Mul_LUT_XLX_SEP_ [-Wdump-hls-pragmas]
./../hw_library/stream_convolution_slideWindow.h:187:9: warning: 'Resource pragma' is deprecated, use 'bind_op/bind_storage pragma' instead [-Wignored-hls-pragmas]
#pragma HLS RESOURCE variable=KER_size_1 core=Mul_LUT
        ^
./../hw_library/stream_convolution_slideWindow.h:187:9: warning: HLS pragma dump _XLX_SEP_ PragmaIsValid=1_XLX_SEP_ PragmaType=resource_XLX_SEP_ PragmaContext=_XLX_SEP_ PragmaFunction=SCIG_XLX_SEP_ PragmaOptions=variable=KER_size_1 core=Mul_LUT_XLX_SEP_ [-Wdump-hls-pragmas]
./../hw_library/stream_convolution_slideWindow.h:188:9: warning: 'Resource pragma' is deprecated, use 'bind_op/bind_storage pragma' instead [-Wignored-hls-pragmas]
#pragma HLS RESOURCE variable=KER_bound core=Mul_LUT
        ^
./../hw_library/stream_convolution_slideWindow.h:188:9: warning: HLS pragma dump _XLX_SEP_ PragmaIsValid=1_XLX_SEP_ PragmaType=resource_XLX_SEP_ PragmaContext=_XLX_SEP_ PragmaFunction=SCIG_XLX_SEP_ PragmaOptions=variable=KER_bound core=Mul_LUT_XLX_SEP_ [-Wdump-hls-pragmas]
./../hw_library/stream_convolution_slideWindow.h:190:9: warning: HLS pragma dump _XLX_SEP_ PragmaIsValid=1_XLX_SEP_ PragmaType=pipeline_XLX_SEP_ PragmaContext=_XLX_SEP_ PragmaFunction=SCIG_XLX_SEP_ PragmaOptions=II=1_XLX_SEP_ [-Wdump-hls-pragmas]
#pragma HLS PIPELINE II=1
        ^
In file included from LeNet_wrapper.cpp:1:
In file included from ./LeNet_wrapper.h:10:
./../hw_library/fixed_point_stream_convolution.h:17:9: warning: 'Resource pragma' is deprecated, use 'bind_op/bind_storage pragma' instead [-Wignored-hls-pragmas]
#pragma HLS RESOURCE variable=A core=RAM_S2P_LUTRAM
        ^
./../hw_library/fixed_point_stream_convolution.h:17:9: warning: HLS pragma dump _XLX_SEP_ PragmaIsValid=1_XLX_SEP_ PragmaType=resource_XLX_SEP_ PragmaContext=_XLX_SEP_ PragmaFunction=SMM_XLX_SEP_ PragmaOptions=variable=A core=RAM_S2P_LUTRAM_XLX_SEP_ [-Wdump-hls-pragmas]
./../hw_library/fixed_point_stream_convolution.h:18:9: warning: 'Resource pragma' is deprecated, use 'bind_op/bind_storage pragma' instead [-Wignored-hls-pragmas]
#pragma HLS RESOURCE variable=B core=RAM_S2P_BRAM
        ^
./../hw_library/fixed_point_stream_convolution.h:18:9: warning: HLS pragma dump _XLX_SEP_ PragmaIsValid=1_XLX_SEP_ PragmaType=resource_XLX_SEP_ PragmaContext=_XLX_SEP_ PragmaFunction=SMM_XLX_SEP_ PragmaOptions=variable=B core=RAM_S2P_BRAM_XLX_SEP_ [-Wdump-hls-pragmas]
./../hw_library/fixed_point_stream_convolution.h:19:46: warning: unexpected pragma argument '(', expects identifier [-Winvalid-hls-pragmas]
#pragma HLS array_partition variable=A block (FACTOR / 4)=(FACTOR / 4) dim=2
                                             ^
./../hw_library/fixed_point_stream_convolution.h:19:9: warning: HLS pragma dump _XLX_SEP_ PragmaIsValid=0_XLX_SEP_ PragmaType=array_partition_XLX_SEP_ PragmaContext=_XLX_SEP_ PragmaFunction=SMM_XLX_SEP_ PragmaOptions=variable=A block (_XLX_SEP_ [-Wdump-hls-pragmas]
#pragma HLS array_partition variable=A block (FACTOR / 4)=(FACTOR / 4) dim=2
        ^
./../hw_library/fixed_point_stream_convolution.h:20:46: warning: unexpected pragma argument '(', expects identifier [-Winvalid-hls-pragmas]
#pragma HLS array_partition variable=B block (FACTOR / 4)=(FACTOR / 4) dim=2
                                             ^
./../hw_library/fixed_point_stream_convolution.h:20:9: warning: HLS pragma dump _XLX_SEP_ PragmaIsValid=0_XLX_SEP_ PragmaType=array_partition_XLX_SEP_ PragmaContext=_XLX_SEP_ PragmaFunction=SMM_XLX_SEP_ PragmaOptions=variable=B block (_XLX_SEP_ [-Wdump-hls-pragmas]
#pragma HLS array_partition variable=B block (FACTOR / 4)=(FACTOR / 4) dim=2
        ^
./../hw_library/fixed_point_stream_convolution.h:81:9: warning: HLS pragma dump _XLX_SEP_ PragmaIsValid=1_XLX_SEP_ PragmaType=pipeline_XLX_SEP_ PragmaContext=_XLX_SEP_ PragmaFunction=SMM_XLX_SEP_ PragmaOptions=II=1_XLX_SEP_ [-Wdump-hls-pragmas]
#pragma HLS PIPELINE II=1
        ^
./../hw_library/fixed_point_stream_convolution.h:107:9: warning: HLS pragma dump _XLX_SEP_ PragmaIsValid=1_XLX_SEP_ PragmaType=pipeline_XLX_SEP_ PragmaContext=_XLX_SEP_ PragmaFunction=SMM_XLX_SEP_ PragmaOptions=II=1_XLX_SEP_ [-Wdump-hls-pragmas]
#pragma HLS PIPELINE II=1
        ^
./../hw_library/fixed_point_stream_convolution.h:125:9: warning: HLS pragma dump _XLX_SEP_ PragmaIsValid=1_XLX_SEP_ PragmaType=pipeline_XLX_SEP_ PragmaContext=_XLX_SEP_ PragmaFunction=SMM_XLX_SEP_ PragmaOptions=II=1_XLX_SEP_ [-Wdump-hls-pragmas]
#pragma HLS PIPELINE II=1
        ^
./../hw_library/fixed_point_stream_convolution.h:146:9: warning: 'Resource pragma' is deprecated, use 'bind_op/bind_storage pragma' instead [-Wignored-hls-pragmas]
#pragma HLS RESOURCE variable=KER_size_0 core=Mul_LUT
        ^
./../hw_library/fixed_point_stream_convolution.h:146:9: warning: HLS pragma dump _XLX_SEP_ PragmaIsValid=1_XLX_SEP_ PragmaType=resource_XLX_SEP_ PragmaContext=_XLX_SEP_ PragmaFunction=SMM_XLX_SEP_ PragmaOptions=variable=KER_size_0 core=Mul_LUT_XLX_SEP_ [-Wdump-hls-pragmas]
./../hw_library/fixed_point_stream_convolution.h:147:9: warning: 'Resource pragma' is deprecated, use 'bind_op/bind_storage pragma' instead [-Wignored-hls-pragmas]
#pragma HLS RESOURCE variable=KER_size_1 core=Mul_LUT
        ^
./../hw_library/fixed_point_stream_convolution.h:147:9: warning: HLS pragma dump _XLX_SEP_ PragmaIsValid=1_XLX_SEP_ PragmaType=resource_XLX_SEP_ PragmaContext=_XLX_SEP_ PragmaFunction=SMM_XLX_SEP_ PragmaOptions=variable=KER_size_1 core=Mul_LUT_XLX_SEP_ [-Wdump-hls-pragmas]
./../hw_library/fixed_point_stream_convolution.h:148:9: warning: 'Resource pragma' is deprecated, use 'bind_op/bind_storage pragma' instead [-Wignored-hls-pragmas]
#pragma HLS RESOURCE variable=KER_bound core=Mul_LUT
        ^
./../hw_library/fixed_point_stream_convolution.h:148:9: warning: HLS pragma dump _XLX_SEP_ PragmaIsValid=1_XLX_SEP_ PragmaType=resource_XLX_SEP_ PragmaContext=_XLX_SEP_ PragmaFunction=SMM_XLX_SEP_ PragmaOptions=variable=KER_bound core=Mul_LUT_XLX_SEP_ [-Wdump-hls-pragmas]
./../hw_library/fixed_point_stream_convolution.h:150:9: warning: HLS pragma dump _XLX_SEP_ PragmaIsValid=1_XLX_SEP_ PragmaType=pipeline_XLX_SEP_ PragmaContext=_XLX_SEP_ PragmaFunction=SMM_XLX_SEP_ PragmaOptions=II=1_XLX_SEP_ [-Wdump-hls-pragmas]
#pragma HLS PIPELINE II=1
        ^
In file included from LeNet_wrapper.cpp:1:
In file included from ./LeNet_wrapper.h:11:
./../hw_library/pool.h:120:9: warning: 'Resource pragma' is deprecated, use 'bind_op/bind_storage pragma' instead [-Wignored-hls-pragmas]
#pragma HLS RESOURCE variable=buf core=RAM_2P_LUTRAM
        ^
./../hw_library/pool.h:120:9: warning: HLS pragma dump _XLX_SEP_ PragmaIsValid=1_XLX_SEP_ PragmaType=resource_XLX_SEP_ PragmaContext=_XLX_SEP_ PragmaFunction=pool_XLX_SEP_ PragmaOptions=variable=buf core=RAM_2P_LUTRAM_XLX_SEP_ [-Wdump-hls-pragmas]
./../hw_library/pool.h:122:9: warning: 'Resource pragma' is deprecated, use 'bind_op/bind_storage pragma' instead [-Wignored-hls-pragmas]
#pragma HLS RESOURCE variable=acc core=RAM_2P_LUTRAM
        ^
./../hw_library/pool.h:122:9: warning: HLS pragma dump _XLX_SEP_ PragmaIsValid=1_XLX_SEP_ PragmaType=resource_XLX_SEP_ PragmaContext=_XLX_SEP_ PragmaFunction=pool_XLX_SEP_ PragmaOptions=variable=acc core=RAM_2P_LUTRAM_XLX_SEP_ [-Wdump-hls-pragmas]
./../hw_library/pool.h:125:9: warning: HLS pragma dump _XLX_SEP_ PragmaIsValid=1_XLX_SEP_ PragmaType=unroll_XLX_SEP_ PragmaContext=_XLX_SEP_ PragmaFunction=pool_XLX_SEP_ PragmaOptions=_XLX_SEP_ [-Wdump-hls-pragmas]
#pragma HLS UNROLL
        ^
./../hw_library/pool.h:131:9: warning: HLS pragma dump _XLX_SEP_ PragmaIsValid=1_XLX_SEP_ PragmaType=unroll_XLX_SEP_ PragmaContext=_XLX_SEP_ PragmaFunction=pool_XLX_SEP_ PragmaOptions=_XLX_SEP_ [-Wdump-hls-pragmas]
#pragma HLS UNROLL
        ^
./../hw_library/pool.h:146:9: warning: HLS pragma dump _XLX_SEP_ PragmaIsValid=1_XLX_SEP_ PragmaType=pipeline_XLX_SEP_ PragmaContext=_XLX_SEP_ PragmaFunction=pool_XLX_SEP_ PragmaOptions=II=1_XLX_SEP_ [-Wdump-hls-pragmas]
#pragma HLS PIPELINE II=1
        ^
./../hw_library/pool.h:154:9: warning: HLS pragma dump _XLX_SEP_ PragmaIsValid=1_XLX_SEP_ PragmaType=pipeline_XLX_SEP_ PragmaContext=_XLX_SEP_ PragmaFunction=pool_XLX_SEP_ PragmaOptions=II=1_XLX_SEP_ [-Wdump-hls-pragmas]
#pragma HLS PIPELINE II=1
        ^
./../hw_library/pool.h:169:9: warning: HLS pragma dump _XLX_SEP_ PragmaIsValid=1_XLX_SEP_ PragmaType=pipeline_XLX_SEP_ PragmaContext=_XLX_SEP_ PragmaFunction=pool_XLX_SEP_ PragmaOptions=II=1_XLX_SEP_ [-Wdump-hls-pragmas]
#pragma HLS PIPELINE II=1
        ^
./../hw_library/pool.h:191:9: warning: 'Resource pragma' is deprecated, use 'bind_op/bind_storage pragma' instead [-Wignored-hls-pragmas]
#pragma HLS RESOURCE variable=KER_size_0 core=Mul_LUT
        ^
./../hw_library/pool.h:191:9: warning: HLS pragma dump _XLX_SEP_ PragmaIsValid=1_XLX_SEP_ PragmaType=resource_XLX_SEP_ PragmaContext=_XLX_SEP_ PragmaFunction=pool_XLX_SEP_ PragmaOptions=variable=KER_size_0 core=Mul_LUT_XLX_SEP_ [-Wdump-hls-pragmas]
./../hw_library/pool.h:192:9: warning: 'Resource pragma' is deprecated, use 'bind_op/bind_storage pragma' instead [-Wignored-hls-pragmas]
#pragma HLS RESOURCE variable=KER_size_1 core=Mul_LUT
        ^
./../hw_library/pool.h:192:9: warning: HLS pragma dump _XLX_SEP_ PragmaIsValid=1_XLX_SEP_ PragmaType=resource_XLX_SEP_ PragmaContext=_XLX_SEP_ PragmaFunction=pool_XLX_SEP_ PragmaOptions=variable=KER_size_1 core=Mul_LUT_XLX_SEP_ [-Wdump-hls-pragmas]
./../hw_library/pool.h:193:9: warning: 'Resource pragma' is deprecated, use 'bind_op/bind_storage pragma' instead [-Wignored-hls-pragmas]
#pragma HLS RESOURCE variable=KER_bound core=Mul_LUT
        ^
./../hw_library/pool.h:193:9: warning: HLS pragma dump _XLX_SEP_ PragmaIsValid=1_XLX_SEP_ PragmaType=resource_XLX_SEP_ PragmaContext=_XLX_SEP_ PragmaFunction=pool_XLX_SEP_ PragmaOptions=variable=KER_bound core=Mul_LUT_XLX_SEP_ [-Wdump-hls-pragmas]
./../hw_library/pool.h:195:9: warning: HLS pragma dump _XLX_SEP_ PragmaIsValid=1_XLX_SEP_ PragmaType=pipeline_XLX_SEP_ PragmaContext=_XLX_SEP_ PragmaFunction=pool_XLX_SEP_ PragmaOptions=II=1_XLX_SEP_ [-Wdump-hls-pragmas]
#pragma HLS PIPELINE II=1
        ^
In file included from LeNet_wrapper.cpp:1:
In file included from ./LeNet_wrapper.h:12:
./../hw_library/fully_connected.h:18:9: warning: 'Resource pragma' is deprecated, use 'bind_op/bind_storage pragma' instead [-Wignored-hls-pragmas]
#pragma HLS RESOURCE variable=A core=RAM_S2P_BRAM
        ^
./../hw_library/fully_connected.h:18:9: warning: HLS pragma dump _XLX_SEP_ PragmaIsValid=1_XLX_SEP_ PragmaType=resource_XLX_SEP_ PragmaContext=_XLX_SEP_ PragmaFunction=FC_XLX_SEP_ PragmaOptions=variable=A core=RAM_S2P_BRAM_XLX_SEP_ [-Wdump-hls-pragmas]
./../hw_library/fully_connected.h:19:9: warning: 'Resource pragma' is deprecated, use 'bind_op/bind_storage pragma' instead [-Wignored-hls-pragmas]
#pragma HLS RESOURCE variable=B core=RAM_S2P_BRAM
        ^
./../hw_library/fully_connected.h:19:9: warning: HLS pragma dump _XLX_SEP_ PragmaIsValid=1_XLX_SEP_ PragmaType=resource_XLX_SEP_ PragmaContext=_XLX_SEP_ PragmaFunction=FC_XLX_SEP_ PragmaOptions=variable=B core=RAM_S2P_BRAM_XLX_SEP_ [-Wdump-hls-pragmas]
./../hw_library/fully_connected.h:21:9: warning: HLS pragma dump _XLX_SEP_ PragmaIsValid=0_XLX_SEP_ PragmaType=array_partition_XLX_SEP_ PragmaContext=_XLX_SEP_ PragmaFunction=FC_XLX_SEP_ PragmaOptions=variable=A block factor=(FACTOR / 16) dim_XLX_SEP_ [-Wdump-hls-pragmas]
#pragma HLS array_partition variable=A block factor=(FACTOR / 16) dim=2
        ^
./../hw_library/fully_connected.h:22:9: warning: HLS pragma dump _XLX_SEP_ PragmaIsValid=0_XLX_SEP_ PragmaType=array_partition_XLX_SEP_ PragmaContext=_XLX_SEP_ PragmaFunction=FC_XLX_SEP_ PragmaOptions=variable=B block factor=(FACTOR / 16) dim_XLX_SEP_ [-Wdump-hls-pragmas]
#pragma HLS array_partition variable=B block factor=(FACTOR / 16) dim=2
        ^
./../hw_library/fully_connected.h:78:9: warning: HLS pragma dump _XLX_SEP_ PragmaIsValid=1_XLX_SEP_ PragmaType=pipeline_XLX_SEP_ PragmaContext=_XLX_SEP_ PragmaFunction=FC_XLX_SEP_ PragmaOptions=II=1_XLX_SEP_ [-Wdump-hls-pragmas]
#pragma HLS PIPELINE II=1
        ^
./../hw_library/fully_connected.h:100:9: warning: HLS pragma dump _XLX_SEP_ PragmaIsValid=1_XLX_SEP_ PragmaType=pipeline_XLX_SEP_ PragmaContext=_XLX_SEP_ PragmaFunction=FC_XLX_SEP_ PragmaOptions=II=1_XLX_SEP_ [-Wdump-hls-pragmas]
#pragma HLS PIPELINE II=1
        ^
./../hw_library/fully_connected.h:115:9: warning: HLS pragma dump _XLX_SEP_ PragmaIsValid=1_XLX_SEP_ PragmaType=pipeline_XLX_SEP_ PragmaContext=_XLX_SEP_ PragmaFunction=FC_XLX_SEP_ PragmaOptions=II=1_XLX_SEP_ [-Wdump-hls-pragmas]
#pragma HLS PIPELINE II=1
        ^
./../hw_library/fully_connected.h:133:9: warning: 'Resource pragma' is deprecated, use 'bind_op/bind_storage pragma' instead [-Wignored-hls-pragmas]
#pragma HLS RESOURCE variable=KER_size_0 core=Mul_LUT
        ^
./../hw_library/fully_connected.h:133:9: warning: HLS pragma dump _XLX_SEP_ PragmaIsValid=1_XLX_SEP_ PragmaType=resource_XLX_SEP_ PragmaContext=_XLX_SEP_ PragmaFunction=FC_XLX_SEP_ PragmaOptions=variable=KER_size_0 core=Mul_LUT_XLX_SEP_ [-Wdump-hls-pragmas]
./../hw_library/fully_connected.h:134:9: warning: 'Resource pragma' is deprecated, use 'bind_op/bind_storage pragma' instead [-Wignored-hls-pragmas]
#pragma HLS RESOURCE variable=KER_size_1 core=Mul_LUT
        ^
./../hw_library/fully_connected.h:134:9: warning: HLS pragma dump _XLX_SEP_ PragmaIsValid=1_XLX_SEP_ PragmaType=resource_XLX_SEP_ PragmaContext=_XLX_SEP_ PragmaFunction=FC_XLX_SEP_ PragmaOptions=variable=KER_size_1 core=Mul_LUT_XLX_SEP_ [-Wdump-hls-pragmas]
./../hw_library/fully_connected.h:135:9: warning: 'Resource pragma' is deprecated, use 'bind_op/bind_storage pragma' instead [-Wignored-hls-pragmas]
#pragma HLS RESOURCE variable=KER_bound core=Mul_LUT
        ^
./../hw_library/fully_connected.h:135:9: warning: HLS pragma dump _XLX_SEP_ PragmaIsValid=1_XLX_SEP_ PragmaType=resource_XLX_SEP_ PragmaContext=_XLX_SEP_ PragmaFunction=FC_XLX_SEP_ PragmaOptions=variable=KER_bound core=Mul_LUT_XLX_SEP_ [-Wdump-hls-pragmas]
./../hw_library/fully_connected.h:137:9: warning: HLS pragma dump _XLX_SEP_ PragmaIsValid=1_XLX_SEP_ PragmaType=pipeline_XLX_SEP_ PragmaContext=_XLX_SEP_ PragmaFunction=FC_XLX_SEP_ PragmaOptions=II=1_XLX_SEP_ [-Wdump-hls-pragmas]
#pragma HLS PIPELINE II=1
        ^
D:/Downloads/vivado2014.4/PYNQ_acc/LeNet_wrapper/LeNet_wrapper/solution1/csynth.tcl:23:9: warning: HLS pragma dump _XLX_SEP_ PragmaIsValid=1_XLX_SEP_ PragmaType=top_XLX_SEP_ PragmaContext=directive_XLX_SEP_ PragmaFunction=LeNet_wrapper_XLX_SEP_ PragmaOptions=name=LeNet_wrapper_XLX_SEP_ [-Wdump-hls-pragmas]
#pragma HLSDIRECTIVE TOP name=LeNet_wrapper
        ^
D:/Downloads/vivado2014.4/PYNQ_acc/LeNet_wrapper/LeNet_wrapper/solution1/directives.tcl:7:9: warning: HLS pragma dump _XLX_SEP_ PragmaIsValid=1_XLX_SEP_ PragmaType=top_XLX_SEP_ PragmaContext=directive_XLX_SEP_ PragmaFunction=LeNet_wrapper_XLX_SEP_ PragmaOptions=name=LeNet_wrapper_XLX_SEP_ [-Wdump-hls-pragmas]
#pragma HLSDIRECTIVE TOP name=LeNet_wrapper
        ^
LeNet_wrapper.cpp:7:9: warning: HLS pragma dump _XLX_SEP_ PragmaIsValid=1_XLX_SEP_ PragmaType=dataflow_XLX_SEP_ PragmaContext=_XLX_SEP_ PragmaFunction=LeNet_wrapper_XLX_SEP_ PragmaOptions=_XLX_SEP_ [-Wdump-hls-pragmas]
#pragma HLS DATAFLOW
        ^
LeNet_wrapper.cpp:8:9: warning: HLS pragma dump _XLX_SEP_ PragmaIsValid=1_XLX_SEP_ PragmaType=interface_XLX_SEP_ PragmaContext=_XLX_SEP_ PragmaFunction=LeNet_wrapper_XLX_SEP_ PragmaOptions=axis port=in_stream_XLX_SEP_ [-Wdump-hls-pragmas]
#pragma HLS INTERFACE axis port=in_stream
        ^
LeNet_wrapper.cpp:9:9: warning: HLS pragma dump _XLX_SEP_ PragmaIsValid=1_XLX_SEP_ PragmaType=interface_XLX_SEP_ PragmaContext=_XLX_SEP_ PragmaFunction=LeNet_wrapper_XLX_SEP_ PragmaOptions=axis port=out_stream_XLX_SEP_ [-Wdump-hls-pragmas]
#pragma HLS INTERFACE axis port=out_stream
        ^
LeNet_wrapper.cpp:10:9: warning: HLS pragma dump _XLX_SEP_ PragmaIsValid=1_XLX_SEP_ PragmaType=interface_XLX_SEP_ PragmaContext=_XLX_SEP_ PragmaFunction=LeNet_wrapper_XLX_SEP_ PragmaOptions=ap_ctrl_none port=return_XLX_SEP_ [-Wdump-hls-pragmas]
#pragma HLS INTERFACE ap_ctrl_none port=return
        ^
LeNet_wrapper.cpp:14:9: warning: HLS pragma dump _XLX_SEP_ PragmaIsValid=1_XLX_SEP_ PragmaType=stream_XLX_SEP_ PragmaContext=_XLX_SEP_ PragmaFunction=LeNet_wrapper_XLX_SEP_ PragmaOptions=variable=connect_8 depth=50_XLX_SEP_ [-Wdump-hls-pragmas]
#pragma HLS STREAM variable=connect_8 depth=50
        ^
LeNet_wrapper.cpp:15:9: warning: HLS pragma dump _XLX_SEP_ PragmaIsValid=1_XLX_SEP_ PragmaType=stream_XLX_SEP_ PragmaContext=_XLX_SEP_ PragmaFunction=LeNet_wrapper_XLX_SEP_ PragmaOptions=variable=connect_7 depth=50_XLX_SEP_ [-Wdump-hls-pragmas]
#pragma HLS STREAM variable=connect_7 depth=50
        ^
LeNet_wrapper.cpp:16:9: warning: HLS pragma dump _XLX_SEP_ PragmaIsValid=1_XLX_SEP_ PragmaType=stream_XLX_SEP_ PragmaContext=_XLX_SEP_ PragmaFunction=LeNet_wrapper_XLX_SEP_ PragmaOptions=variable=connect_6 depth=50_XLX_SEP_ [-Wdump-hls-pragmas]
#pragma HLS STREAM variable=connect_6 depth=50
        ^
LeNet_wrapper.cpp:18:9: warning: HLS pragma dump _XLX_SEP_ PragmaIsValid=1_XLX_SEP_ PragmaType=stream_XLX_SEP_ PragmaContext=_XLX_SEP_ PragmaFunction=LeNet_wrapper_XLX_SEP_ PragmaOptions=variable=connect_4 depth=50_XLX_SEP_ [-Wdump-hls-pragmas]
#pragma HLS STREAM variable=connect_4 depth=50
        ^
LeNet_wrapper.cpp:19:9: warning: HLS pragma dump _XLX_SEP_ PragmaIsValid=1_XLX_SEP_ PragmaType=stream_XLX_SEP_ PragmaContext=_XLX_SEP_ PragmaFunction=LeNet_wrapper_XLX_SEP_ PragmaOptions=variable=connect_3 depth=50_XLX_SEP_ [-Wdump-hls-pragmas]
#pragma HLS STREAM variable=connect_3 depth=50
        ^
LeNet_wrapper.cpp:21:9: warning: HLS pragma dump _XLX_SEP_ PragmaIsValid=1_XLX_SEP_ PragmaType=stream_XLX_SEP_ PragmaContext=_XLX_SEP_ PragmaFunction=LeNet_wrapper_XLX_SEP_ PragmaOptions=variable=connect_1 depth=50_XLX_SEP_ [-Wdump-hls-pragmas]
#pragma HLS STREAM variable=connect_1 depth=50
        ^
LeNet_wrapper.cpp:22:9: warning: HLS pragma dump _XLX_SEP_ PragmaIsValid=1_XLX_SEP_ PragmaType=stream_XLX_SEP_ PragmaContext=_XLX_SEP_ PragmaFunction=LeNet_wrapper_XLX_SEP_ PragmaOptions=variable=connect_0 depth=50_XLX_SEP_ [-Wdump-hls-pragmas]
#pragma HLS STREAM variable=connect_0 depth=50
        ^
117 warnings generated.
