

================================================================
== Vitis HLS Report for 'pool_2u_20u_24u_Pipeline_VITIS_LOOP_167_11_VITIS_LOOP_168_12'
================================================================
* Date:           Sun Nov  3 13:41:36 2024

* Version:        2023.2 (Build 4023990 on Oct 11 2023)
* Project:        LeNet_wrapper
* Solution:       solution1 (Vivado IP Flow Target)
* Product family: zynq
* Target device:  xc7z020-clg484-1


================================================================
== Performance Estimates
================================================================
+ Timing: 
    * Summary: 
    +--------+----------+----------+------------+
    |  Clock |  Target  | Estimated| Uncertainty|
    +--------+----------+----------+------------+
    |ap_clk  |  10.00 ns|  7.390 ns|     2.70 ns|
    +--------+----------+----------+------------+

+ Latency: 
    * Summary: 
    +---------+---------+----------+----------+-----+-----+---------+
    |  Latency (cycles) |  Latency (absolute) |  Interval | Pipeline|
    |   min   |   max   |    min   |    max   | min | max |   Type  |
    +---------+---------+----------+----------+-----+-----+---------+
    |        ?|        ?|         ?|         ?|    ?|    ?|       no|
    +---------+---------+----------+----------+-----+-----+---------+

    + Detail: 
        * Instance: 
        N/A

        * Loop: 
        +---------------------------------------+---------+---------+----------+-----------+-----------+------+----------+
        |                                       |  Latency (cycles) | Iteration|  Initiation Interval  | Trip |          |
        |               Loop Name               |   min   |   max   |  Latency |  achieved |   target  | Count| Pipelined|
        +---------------------------------------+---------+---------+----------+-----------+-----------+------+----------+
        |- VITIS_LOOP_167_11_VITIS_LOOP_168_12  |        ?|        ?|         3|          1|          1|     ?|       yes|
        +---------------------------------------+---------+---------+----------+-----------+-----------+------+----------+

============================================================
+ Verbose Summary: Synthesis Manager
============================================================
InlineROM: 1
ExposeGlobal: 0
============================================================
+ Verbose Summary: CDFG Model
============================================================
IsTopModel: 0
ResetActiveHigh: 1
IsCombinational: 0
IsDatapathOnly: 0
HasWiredReturn: 1
HasMFsm: 2
HasVarLatency: 1
IsPipeline: 0
IsRtlPipelined: 0
IsInstanceOverlapped: 0
IsDontTouch: 0
HasImplIP: 0
IsGatedGlobalClock: 0

+ Individual pipeline summary: 
  * Pipeline-0: initiation interval (II) = 1, depth = 4


============================================================
+ Verbose Summary: Schedule
============================================================
* Number of FSM states : 4
* Pipeline : 1
  Pipeline-0 : II = 1, D = 4, States = { 1 2 3 4 }
* Dataflow Pipeline: 0

* FSM state transitions: 
1 --> 2 
2 --> 3 
3 --> 4 
4 --> 

* FSM state operations: 

State 1 <SV = 0> <Delay = 1.58>
ST_1 : Operation 6 [1/1] (0.00ns)   --->   "%outch = alloca i32 1" [./../hw_library/pool.h:168]   --->   Operation 6 'alloca' 'outch' <Predicate = true> <Delay = 0.00>
ST_1 : Operation 7 [1/1] (0.00ns)   --->   "%outpix = alloca i32 1" [./../hw_library/pool.h:167]   --->   Operation 7 'alloca' 'outpix' <Predicate = true> <Delay = 0.00>
ST_1 : Operation 8 [1/1] (0.00ns)   --->   "%indvar_flatten13 = alloca i32 1"   --->   Operation 8 'alloca' 'indvar_flatten13' <Predicate = true> <Delay = 0.00>
ST_1 : Operation 9 [1/1] (0.00ns)   --->   "%specmemcore_ln0 = specmemcore void @_ssdm_op_SpecMemCore, i32 %acc, i64 666, i64 23, i64 18446744073709551615"   --->   Operation 9 'specmemcore' 'specmemcore_ln0' <Predicate = true> <Delay = 0.00>
ST_1 : Operation 10 [1/1] (0.00ns)   --->   "%specmemcore_ln0 = specmemcore void @_ssdm_op_SpecMemCore, i32 %buf_r, i64 666, i64 23, i64 18446744073709551615"   --->   Operation 10 'specmemcore' 'specmemcore_ln0' <Predicate = true> <Delay = 0.00>
ST_1 : Operation 11 [1/1] (0.00ns)   --->   "%specmemcore_ln0 = specmemcore void @_ssdm_op_SpecMemCore, i32 %buf_1, i64 666, i64 23, i64 18446744073709551615"   --->   Operation 11 'specmemcore' 'specmemcore_ln0' <Predicate = true> <Delay = 0.00>
ST_1 : Operation 12 [1/1] (0.00ns)   --->   "%specmemcore_ln0 = specmemcore void @_ssdm_op_SpecMemCore, i32 %buf_2, i64 666, i64 23, i64 18446744073709551615"   --->   Operation 12 'specmemcore' 'specmemcore_ln0' <Predicate = true> <Delay = 0.00>
ST_1 : Operation 13 [1/1] (0.00ns)   --->   "%specmemcore_ln0 = specmemcore void @_ssdm_op_SpecMemCore, i32 %buf_3, i64 666, i64 23, i64 18446744073709551615"   --->   Operation 13 'specmemcore' 'specmemcore_ln0' <Predicate = true> <Delay = 0.00>
ST_1 : Operation 14 [1/1] (0.00ns)   --->   "%specmemcore_ln0 = specmemcore void @_ssdm_op_SpecMemCore, i32 %buf_4, i64 666, i64 23, i64 18446744073709551615"   --->   Operation 14 'specmemcore' 'specmemcore_ln0' <Predicate = true> <Delay = 0.00>
ST_1 : Operation 15 [1/1] (0.00ns)   --->   "%specmemcore_ln0 = specmemcore void @_ssdm_op_SpecMemCore, i32 %buf_5, i64 666, i64 23, i64 18446744073709551615"   --->   Operation 15 'specmemcore' 'specmemcore_ln0' <Predicate = true> <Delay = 0.00>
ST_1 : Operation 16 [1/1] (0.00ns)   --->   "%specmemcore_ln0 = specmemcore void @_ssdm_op_SpecMemCore, i32 %buf_6, i64 666, i64 23, i64 18446744073709551615"   --->   Operation 16 'specmemcore' 'specmemcore_ln0' <Predicate = true> <Delay = 0.00>
ST_1 : Operation 17 [1/1] (0.00ns)   --->   "%specmemcore_ln0 = specmemcore void @_ssdm_op_SpecMemCore, i32 %buf_7, i64 666, i64 23, i64 18446744073709551615"   --->   Operation 17 'specmemcore' 'specmemcore_ln0' <Predicate = true> <Delay = 0.00>
ST_1 : Operation 18 [1/1] (0.00ns)   --->   "%specmemcore_ln0 = specmemcore void @_ssdm_op_SpecMemCore, i32 %buf_8, i64 666, i64 23, i64 18446744073709551615"   --->   Operation 18 'specmemcore' 'specmemcore_ln0' <Predicate = true> <Delay = 0.00>
ST_1 : Operation 19 [1/1] (0.00ns)   --->   "%specmemcore_ln0 = specmemcore void @_ssdm_op_SpecMemCore, i32 %buf_9, i64 666, i64 23, i64 18446744073709551615"   --->   Operation 19 'specmemcore' 'specmemcore_ln0' <Predicate = true> <Delay = 0.00>
ST_1 : Operation 20 [1/1] (0.00ns)   --->   "%specmemcore_ln0 = specmemcore void @_ssdm_op_SpecMemCore, i32 %buf_10, i64 666, i64 23, i64 18446744073709551615"   --->   Operation 20 'specmemcore' 'specmemcore_ln0' <Predicate = true> <Delay = 0.00>
ST_1 : Operation 21 [1/1] (0.00ns)   --->   "%specmemcore_ln0 = specmemcore void @_ssdm_op_SpecMemCore, i32 %buf_11, i64 666, i64 23, i64 18446744073709551615"   --->   Operation 21 'specmemcore' 'specmemcore_ln0' <Predicate = true> <Delay = 0.00>
ST_1 : Operation 22 [1/1] (0.00ns)   --->   "%specinterface_ln0 = specinterface void @_ssdm_op_SpecInterface, i32 %connect_3, void @empty_2, i32 0, i32 0, void @empty_3, i32 0, i32 0, void @empty_3, void @empty_3, void @empty_3, i32 0, i32 0, i32 0, i32 0, void @empty_3, void @empty_3, i32 4294967295, i32 0"   --->   Operation 22 'specinterface' 'specinterface_ln0' <Predicate = true> <Delay = 0.00>
ST_1 : Operation 23 [1/1] (0.00ns)   --->   "%IFMCH_curr_1_load_read = read i32 @_ssdm_op_Read.ap_auto.i32, i32 %IFMCH_curr_1_load"   --->   Operation 23 'read' 'IFMCH_curr_1_load_read' <Predicate = true> <Delay = 0.00>
ST_1 : Operation 24 [1/1] (0.00ns)   --->   "%mul_ln138_read = read i63 @_ssdm_op_Read.ap_auto.i63, i63 %mul_ln138"   --->   Operation 24 'read' 'mul_ln138_read' <Predicate = true> <Delay = 0.00>
ST_1 : Operation 25 [1/1] (1.58ns)   --->   "%store_ln0 = store i63 0, i63 %indvar_flatten13"   --->   Operation 25 'store' 'store_ln0' <Predicate = true> <Delay = 1.58>
ST_1 : Operation 26 [1/1] (1.58ns)   --->   "%store_ln167 = store i31 0, i31 %outpix" [./../hw_library/pool.h:167]   --->   Operation 26 'store' 'store_ln167' <Predicate = true> <Delay = 1.58>
ST_1 : Operation 27 [1/1] (1.58ns)   --->   "%store_ln168 = store i32 0, i32 %outch" [./../hw_library/pool.h:168]   --->   Operation 27 'store' 'store_ln168' <Predicate = true> <Delay = 1.58>
ST_1 : Operation 28 [1/1] (0.00ns)   --->   "%br_ln0 = br void %for.inc255"   --->   Operation 28 'br' 'br_ln0' <Predicate = true> <Delay = 0.00>

State 2 <SV = 1> <Delay = 7.39>
ST_2 : Operation 29 [1/1] (0.00ns)   --->   "%indvar_flatten13_load = load i63 %indvar_flatten13" [./../hw_library/pool.h:167]   --->   Operation 29 'load' 'indvar_flatten13_load' <Predicate = true> <Delay = 0.00>
ST_2 : Operation 30 [1/1] (3.49ns)   --->   "%icmp_ln167 = icmp_eq  i63 %indvar_flatten13_load, i63 %mul_ln138_read" [./../hw_library/pool.h:167]   --->   Operation 30 'icmp' 'icmp_ln167' <Predicate = true> <Delay = 3.49> <CoreInst = "Cmp">   --->   Core 9 'Cmp' <Latency = 0> <II = 1> <Delay = 3.49> <FuncUnit> <Opcode : 'icmp'> <InPorts = 2> <OutPorts = 1>
ST_2 : Operation 31 [1/1] (3.49ns)   --->   "%add_ln167_2 = add i63 %indvar_flatten13_load, i63 1" [./../hw_library/pool.h:167]   --->   Operation 31 'add' 'add_ln167_2' <Predicate = true> <Delay = 3.49> <CoreInst = "Adder">   --->   Core 1 'Adder' <Latency = 0> <II = 1> <Delay = 3.49> <FuncUnit> <Opcode : 'add' 'sub'> <InPorts = 2> <OutPorts = 1>
ST_2 : Operation 32 [1/1] (0.00ns)   --->   "%br_ln167 = br i1 %icmp_ln167, void %for.inc258.loopexit, void %for.inc261.exitStub" [./../hw_library/pool.h:167]   --->   Operation 32 'br' 'br_ln167' <Predicate = true> <Delay = 0.00>
ST_2 : Operation 33 [1/1] (0.00ns)   --->   "%outch_load = load i32 %outch" [./../hw_library/pool.h:168]   --->   Operation 33 'load' 'outch_load' <Predicate = (!icmp_ln167)> <Delay = 0.00>
ST_2 : Operation 34 [1/1] (0.00ns)   --->   "%outpix_load = load i31 %outpix" [./../hw_library/pool.h:167]   --->   Operation 34 'load' 'outpix_load' <Predicate = (!icmp_ln167)> <Delay = 0.00>
ST_2 : Operation 35 [1/1] (2.52ns)   --->   "%add_ln167 = add i31 %outpix_load, i31 1" [./../hw_library/pool.h:167]   --->   Operation 35 'add' 'add_ln167' <Predicate = (!icmp_ln167)> <Delay = 2.52> <CoreInst = "Adder">   --->   Core 1 'Adder' <Latency = 0> <II = 1> <Delay = 2.52> <FuncUnit> <Opcode : 'add' 'sub'> <InPorts = 2> <OutPorts = 1>
ST_2 : Operation 36 [1/1] (2.55ns)   --->   "%icmp_ln168 = icmp_eq  i32 %outch_load, i32 %IFMCH_curr_1_load_read" [./../hw_library/pool.h:168]   --->   Operation 36 'icmp' 'icmp_ln168' <Predicate = (!icmp_ln167)> <Delay = 2.55> <CoreInst = "Cmp">   --->   Core 9 'Cmp' <Latency = 0> <II = 1> <Delay = 2.55> <FuncUnit> <Opcode : 'icmp'> <InPorts = 2> <OutPorts = 1>
ST_2 : Operation 37 [1/1] (0.69ns)   --->   "%select_ln167 = select i1 %icmp_ln168, i32 0, i32 %outch_load" [./../hw_library/pool.h:167]   --->   Operation 37 'select' 'select_ln167' <Predicate = (!icmp_ln167)> <Delay = 0.69> <CoreInst = "Sel">   --->   Core 73 'Sel' <Latency = 0> <II = 1> <Delay = 0.69> <FuncUnit> <Opcode : 'select'> <InPorts = 3> <OutPorts = 1>
ST_2 : Operation 38 [1/1] (0.73ns)   --->   "%select_ln167_2 = select i1 %icmp_ln168, i31 %add_ln167, i31 %outpix_load" [./../hw_library/pool.h:167]   --->   Operation 38 'select' 'select_ln167_2' <Predicate = (!icmp_ln167)> <Delay = 0.73> <CoreInst = "Sel">   --->   Core 73 'Sel' <Latency = 0> <II = 1> <Delay = 0.73> <FuncUnit> <Opcode : 'select'> <InPorts = 3> <OutPorts = 1>
ST_2 : Operation 39 [1/1] (0.00ns)   --->   "%trunc_ln167 = trunc i31 %select_ln167_2" [./../hw_library/pool.h:167]   --->   Operation 39 'trunc' 'trunc_ln167' <Predicate = (!icmp_ln167)> <Delay = 0.00>
ST_2 : Operation 40 [1/1] (0.00ns)   --->   "%zext_ln168 = zext i32 %select_ln167" [./../hw_library/pool.h:168]   --->   Operation 40 'zext' 'zext_ln168' <Predicate = (!icmp_ln167)> <Delay = 0.00>
ST_2 : Operation 41 [1/1] (0.00ns)   --->   "%buf_addr = getelementptr i32 %buf_r, i64 0, i64 %zext_ln168" [./../hw_library/pool.h:170]   --->   Operation 41 'getelementptr' 'buf_addr' <Predicate = (!icmp_ln167)> <Delay = 0.00>
ST_2 : Operation 42 [1/1] (0.00ns)   --->   "%buf_1_addr = getelementptr i32 %buf_1, i64 0, i64 %zext_ln168" [./../hw_library/pool.h:170]   --->   Operation 42 'getelementptr' 'buf_1_addr' <Predicate = (!icmp_ln167)> <Delay = 0.00>
ST_2 : Operation 43 [1/1] (0.00ns)   --->   "%buf_2_addr = getelementptr i32 %buf_2, i64 0, i64 %zext_ln168" [./../hw_library/pool.h:170]   --->   Operation 43 'getelementptr' 'buf_2_addr' <Predicate = (!icmp_ln167)> <Delay = 0.00>
ST_2 : Operation 44 [1/1] (0.00ns)   --->   "%buf_3_addr = getelementptr i32 %buf_3, i64 0, i64 %zext_ln168" [./../hw_library/pool.h:170]   --->   Operation 44 'getelementptr' 'buf_3_addr' <Predicate = (!icmp_ln167)> <Delay = 0.00>
ST_2 : Operation 45 [1/1] (0.00ns)   --->   "%buf_4_addr = getelementptr i32 %buf_4, i64 0, i64 %zext_ln168" [./../hw_library/pool.h:170]   --->   Operation 45 'getelementptr' 'buf_4_addr' <Predicate = (!icmp_ln167)> <Delay = 0.00>
ST_2 : Operation 46 [1/1] (0.00ns)   --->   "%buf_5_addr = getelementptr i32 %buf_5, i64 0, i64 %zext_ln168" [./../hw_library/pool.h:170]   --->   Operation 46 'getelementptr' 'buf_5_addr' <Predicate = (!icmp_ln167)> <Delay = 0.00>
ST_2 : Operation 47 [1/1] (0.00ns)   --->   "%buf_6_addr = getelementptr i32 %buf_6, i64 0, i64 %zext_ln168" [./../hw_library/pool.h:170]   --->   Operation 47 'getelementptr' 'buf_6_addr' <Predicate = (!icmp_ln167)> <Delay = 0.00>
ST_2 : Operation 48 [1/1] (0.00ns)   --->   "%buf_7_addr = getelementptr i32 %buf_7, i64 0, i64 %zext_ln168" [./../hw_library/pool.h:170]   --->   Operation 48 'getelementptr' 'buf_7_addr' <Predicate = (!icmp_ln167)> <Delay = 0.00>
ST_2 : Operation 49 [1/1] (0.00ns)   --->   "%buf_8_addr = getelementptr i32 %buf_8, i64 0, i64 %zext_ln168" [./../hw_library/pool.h:170]   --->   Operation 49 'getelementptr' 'buf_8_addr' <Predicate = (!icmp_ln167)> <Delay = 0.00>
ST_2 : Operation 50 [1/1] (0.00ns)   --->   "%buf_9_addr = getelementptr i32 %buf_9, i64 0, i64 %zext_ln168" [./../hw_library/pool.h:170]   --->   Operation 50 'getelementptr' 'buf_9_addr' <Predicate = (!icmp_ln167)> <Delay = 0.00>
ST_2 : Operation 51 [1/1] (0.00ns)   --->   "%buf_10_addr = getelementptr i32 %buf_10, i64 0, i64 %zext_ln168" [./../hw_library/pool.h:170]   --->   Operation 51 'getelementptr' 'buf_10_addr' <Predicate = (!icmp_ln167)> <Delay = 0.00>
ST_2 : Operation 52 [1/1] (0.00ns)   --->   "%buf_11_addr = getelementptr i32 %buf_11, i64 0, i64 %zext_ln168" [./../hw_library/pool.h:170]   --->   Operation 52 'getelementptr' 'buf_11_addr' <Predicate = (!icmp_ln167)> <Delay = 0.00>
ST_2 : Operation 53 [2/2] (2.32ns)   --->   "%buf_load = load i5 %buf_addr" [./../hw_library/pool.h:170]   --->   Operation 53 'load' 'buf_load' <Predicate = (!icmp_ln167)> <Delay = 2.32> <CoreInst = "RAM_2P_LUTRAM">   --->   Core 90 'RAM_2P_LUTRAM' <Latency = 1> <II = 1> <Delay = 2.32> <Storage> <Opcode : 'load' 'store'> <Ports = 2> <Width = 32> <Depth = 20> <RAM>
ST_2 : Operation 54 [2/2] (2.32ns)   --->   "%buf_1_load = load i5 %buf_1_addr" [./../hw_library/pool.h:170]   --->   Operation 54 'load' 'buf_1_load' <Predicate = (!icmp_ln167)> <Delay = 2.32> <CoreInst = "RAM_2P_LUTRAM">   --->   Core 90 'RAM_2P_LUTRAM' <Latency = 1> <II = 1> <Delay = 2.32> <Storage> <Opcode : 'load' 'store'> <Ports = 2> <Width = 32> <Depth = 20> <RAM>
ST_2 : Operation 55 [2/2] (2.32ns)   --->   "%buf_2_load = load i5 %buf_2_addr" [./../hw_library/pool.h:170]   --->   Operation 55 'load' 'buf_2_load' <Predicate = (!icmp_ln167)> <Delay = 2.32> <CoreInst = "RAM_2P_LUTRAM">   --->   Core 90 'RAM_2P_LUTRAM' <Latency = 1> <II = 1> <Delay = 2.32> <Storage> <Opcode : 'load' 'store'> <Ports = 2> <Width = 32> <Depth = 20> <RAM>
ST_2 : Operation 56 [2/2] (2.32ns)   --->   "%buf_3_load = load i5 %buf_3_addr" [./../hw_library/pool.h:170]   --->   Operation 56 'load' 'buf_3_load' <Predicate = (!icmp_ln167)> <Delay = 2.32> <CoreInst = "RAM_2P_LUTRAM">   --->   Core 90 'RAM_2P_LUTRAM' <Latency = 1> <II = 1> <Delay = 2.32> <Storage> <Opcode : 'load' 'store'> <Ports = 2> <Width = 32> <Depth = 20> <RAM>
ST_2 : Operation 57 [2/2] (2.32ns)   --->   "%buf_4_load = load i5 %buf_4_addr" [./../hw_library/pool.h:170]   --->   Operation 57 'load' 'buf_4_load' <Predicate = (!icmp_ln167)> <Delay = 2.32> <CoreInst = "RAM_2P_LUTRAM">   --->   Core 90 'RAM_2P_LUTRAM' <Latency = 1> <II = 1> <Delay = 2.32> <Storage> <Opcode : 'load' 'store'> <Ports = 2> <Width = 32> <Depth = 20> <RAM>
ST_2 : Operation 58 [2/2] (2.32ns)   --->   "%buf_5_load = load i5 %buf_5_addr" [./../hw_library/pool.h:170]   --->   Operation 58 'load' 'buf_5_load' <Predicate = (!icmp_ln167)> <Delay = 2.32> <CoreInst = "RAM_2P_LUTRAM">   --->   Core 90 'RAM_2P_LUTRAM' <Latency = 1> <II = 1> <Delay = 2.32> <Storage> <Opcode : 'load' 'store'> <Ports = 2> <Width = 32> <Depth = 20> <RAM>
ST_2 : Operation 59 [2/2] (2.32ns)   --->   "%buf_6_load = load i5 %buf_6_addr" [./../hw_library/pool.h:170]   --->   Operation 59 'load' 'buf_6_load' <Predicate = (!icmp_ln167)> <Delay = 2.32> <CoreInst = "RAM_2P_LUTRAM">   --->   Core 90 'RAM_2P_LUTRAM' <Latency = 1> <II = 1> <Delay = 2.32> <Storage> <Opcode : 'load' 'store'> <Ports = 2> <Width = 32> <Depth = 20> <RAM>
ST_2 : Operation 60 [2/2] (2.32ns)   --->   "%buf_7_load = load i5 %buf_7_addr" [./../hw_library/pool.h:170]   --->   Operation 60 'load' 'buf_7_load' <Predicate = (!icmp_ln167)> <Delay = 2.32> <CoreInst = "RAM_2P_LUTRAM">   --->   Core 90 'RAM_2P_LUTRAM' <Latency = 1> <II = 1> <Delay = 2.32> <Storage> <Opcode : 'load' 'store'> <Ports = 2> <Width = 32> <Depth = 20> <RAM>
ST_2 : Operation 61 [2/2] (2.32ns)   --->   "%buf_8_load = load i5 %buf_8_addr" [./../hw_library/pool.h:170]   --->   Operation 61 'load' 'buf_8_load' <Predicate = (!icmp_ln167)> <Delay = 2.32> <CoreInst = "RAM_2P_LUTRAM">   --->   Core 90 'RAM_2P_LUTRAM' <Latency = 1> <II = 1> <Delay = 2.32> <Storage> <Opcode : 'load' 'store'> <Ports = 2> <Width = 32> <Depth = 20> <RAM>
ST_2 : Operation 62 [2/2] (2.32ns)   --->   "%buf_9_load = load i5 %buf_9_addr" [./../hw_library/pool.h:170]   --->   Operation 62 'load' 'buf_9_load' <Predicate = (!icmp_ln167)> <Delay = 2.32> <CoreInst = "RAM_2P_LUTRAM">   --->   Core 90 'RAM_2P_LUTRAM' <Latency = 1> <II = 1> <Delay = 2.32> <Storage> <Opcode : 'load' 'store'> <Ports = 2> <Width = 32> <Depth = 20> <RAM>
ST_2 : Operation 63 [2/2] (2.32ns)   --->   "%buf_10_load = load i5 %buf_10_addr" [./../hw_library/pool.h:170]   --->   Operation 63 'load' 'buf_10_load' <Predicate = (!icmp_ln167)> <Delay = 2.32> <CoreInst = "RAM_2P_LUTRAM">   --->   Core 90 'RAM_2P_LUTRAM' <Latency = 1> <II = 1> <Delay = 2.32> <Storage> <Opcode : 'load' 'store'> <Ports = 2> <Width = 32> <Depth = 20> <RAM>
ST_2 : Operation 64 [2/2] (2.32ns)   --->   "%buf_11_load = load i5 %buf_11_addr" [./../hw_library/pool.h:170]   --->   Operation 64 'load' 'buf_11_load' <Predicate = (!icmp_ln167)> <Delay = 2.32> <CoreInst = "RAM_2P_LUTRAM">   --->   Core 90 'RAM_2P_LUTRAM' <Latency = 1> <II = 1> <Delay = 2.32> <Storage> <Opcode : 'load' 'store'> <Ports = 2> <Width = 32> <Depth = 20> <RAM>
ST_2 : Operation 65 [1/1] (1.88ns)   --->   "%switch_ln175 = switch i4 %trunc_ln167, void %arrayidx2036.case.11, i4 0, void %arrayidx2036.case.0, i4 1, void %arrayidx2036.case.1, i4 2, void %arrayidx2036.case.2, i4 3, void %arrayidx2036.case.3, i4 4, void %arrayidx2036.case.4, i4 5, void %arrayidx2036.case.5, i4 6, void %arrayidx2036.case.6, i4 7, void %arrayidx2036.case.7, i4 8, void %arrayidx2036.case.8, i4 9, void %arrayidx2036.case.9, i4 10, void %arrayidx2036.case.10" [./../hw_library/pool.h:175]   --->   Operation 65 'switch' 'switch_ln175' <Predicate = (!icmp_ln167)> <Delay = 1.88>
ST_2 : Operation 66 [1/1] (0.00ns)   --->   "%acc_addr = getelementptr i32 %acc, i64 0, i64 %zext_ln168" [./../hw_library/pool.h:176]   --->   Operation 66 'getelementptr' 'acc_addr' <Predicate = (!icmp_ln167)> <Delay = 0.00>
ST_2 : Operation 67 [1/1] (2.32ns)   --->   "%store_ln176 = store i32 4293967297, i5 %acc_addr" [./../hw_library/pool.h:176]   --->   Operation 67 'store' 'store_ln176' <Predicate = (!icmp_ln167)> <Delay = 2.32> <CoreInst = "RAM_2P_LUTRAM">   --->   Core 90 'RAM_2P_LUTRAM' <Latency = 1> <II = 1> <Delay = 2.32> <Storage> <Opcode : 'load' 'store'> <Ports = 2> <Width = 32> <Depth = 20> <RAM>
ST_2 : Operation 68 [1/1] (2.55ns)   --->   "%add_ln168 = add i32 %select_ln167, i32 1" [./../hw_library/pool.h:168]   --->   Operation 68 'add' 'add_ln168' <Predicate = (!icmp_ln167)> <Delay = 2.55> <CoreInst = "Adder">   --->   Core 1 'Adder' <Latency = 0> <II = 1> <Delay = 2.55> <FuncUnit> <Opcode : 'add' 'sub'> <InPorts = 2> <OutPorts = 1>
ST_2 : Operation 69 [1/1] (1.58ns)   --->   "%store_ln167 = store i63 %add_ln167_2, i63 %indvar_flatten13" [./../hw_library/pool.h:167]   --->   Operation 69 'store' 'store_ln167' <Predicate = (!icmp_ln167)> <Delay = 1.58>
ST_2 : Operation 70 [1/1] (1.58ns)   --->   "%store_ln167 = store i31 %select_ln167_2, i31 %outpix" [./../hw_library/pool.h:167]   --->   Operation 70 'store' 'store_ln167' <Predicate = (!icmp_ln167)> <Delay = 1.58>
ST_2 : Operation 71 [1/1] (1.58ns)   --->   "%store_ln168 = store i32 %add_ln168, i32 %outch" [./../hw_library/pool.h:168]   --->   Operation 71 'store' 'store_ln168' <Predicate = (!icmp_ln167)> <Delay = 1.58>
ST_2 : Operation 72 [1/1] (0.00ns)   --->   "%br_ln168 = br void %for.inc255" [./../hw_library/pool.h:168]   --->   Operation 72 'br' 'br_ln168' <Predicate = (!icmp_ln167)> <Delay = 0.00>

State 3 <SV = 2> <Delay = 5.10>
ST_3 : Operation 73 [1/2] (2.32ns)   --->   "%buf_load = load i5 %buf_addr" [./../hw_library/pool.h:170]   --->   Operation 73 'load' 'buf_load' <Predicate = true> <Delay = 2.32> <CoreInst = "RAM_2P_LUTRAM">   --->   Core 90 'RAM_2P_LUTRAM' <Latency = 1> <II = 1> <Delay = 2.32> <Storage> <Opcode : 'load' 'store'> <Ports = 2> <Width = 32> <Depth = 20> <RAM>
ST_3 : Operation 74 [1/2] (2.32ns)   --->   "%buf_1_load = load i5 %buf_1_addr" [./../hw_library/pool.h:170]   --->   Operation 74 'load' 'buf_1_load' <Predicate = true> <Delay = 2.32> <CoreInst = "RAM_2P_LUTRAM">   --->   Core 90 'RAM_2P_LUTRAM' <Latency = 1> <II = 1> <Delay = 2.32> <Storage> <Opcode : 'load' 'store'> <Ports = 2> <Width = 32> <Depth = 20> <RAM>
ST_3 : Operation 75 [1/2] (2.32ns)   --->   "%buf_2_load = load i5 %buf_2_addr" [./../hw_library/pool.h:170]   --->   Operation 75 'load' 'buf_2_load' <Predicate = true> <Delay = 2.32> <CoreInst = "RAM_2P_LUTRAM">   --->   Core 90 'RAM_2P_LUTRAM' <Latency = 1> <II = 1> <Delay = 2.32> <Storage> <Opcode : 'load' 'store'> <Ports = 2> <Width = 32> <Depth = 20> <RAM>
ST_3 : Operation 76 [1/2] (2.32ns)   --->   "%buf_3_load = load i5 %buf_3_addr" [./../hw_library/pool.h:170]   --->   Operation 76 'load' 'buf_3_load' <Predicate = true> <Delay = 2.32> <CoreInst = "RAM_2P_LUTRAM">   --->   Core 90 'RAM_2P_LUTRAM' <Latency = 1> <II = 1> <Delay = 2.32> <Storage> <Opcode : 'load' 'store'> <Ports = 2> <Width = 32> <Depth = 20> <RAM>
ST_3 : Operation 77 [1/2] (2.32ns)   --->   "%buf_4_load = load i5 %buf_4_addr" [./../hw_library/pool.h:170]   --->   Operation 77 'load' 'buf_4_load' <Predicate = true> <Delay = 2.32> <CoreInst = "RAM_2P_LUTRAM">   --->   Core 90 'RAM_2P_LUTRAM' <Latency = 1> <II = 1> <Delay = 2.32> <Storage> <Opcode : 'load' 'store'> <Ports = 2> <Width = 32> <Depth = 20> <RAM>
ST_3 : Operation 78 [1/2] (2.32ns)   --->   "%buf_5_load = load i5 %buf_5_addr" [./../hw_library/pool.h:170]   --->   Operation 78 'load' 'buf_5_load' <Predicate = true> <Delay = 2.32> <CoreInst = "RAM_2P_LUTRAM">   --->   Core 90 'RAM_2P_LUTRAM' <Latency = 1> <II = 1> <Delay = 2.32> <Storage> <Opcode : 'load' 'store'> <Ports = 2> <Width = 32> <Depth = 20> <RAM>
ST_3 : Operation 79 [1/2] (2.32ns)   --->   "%buf_6_load = load i5 %buf_6_addr" [./../hw_library/pool.h:170]   --->   Operation 79 'load' 'buf_6_load' <Predicate = true> <Delay = 2.32> <CoreInst = "RAM_2P_LUTRAM">   --->   Core 90 'RAM_2P_LUTRAM' <Latency = 1> <II = 1> <Delay = 2.32> <Storage> <Opcode : 'load' 'store'> <Ports = 2> <Width = 32> <Depth = 20> <RAM>
ST_3 : Operation 80 [1/2] (2.32ns)   --->   "%buf_7_load = load i5 %buf_7_addr" [./../hw_library/pool.h:170]   --->   Operation 80 'load' 'buf_7_load' <Predicate = true> <Delay = 2.32> <CoreInst = "RAM_2P_LUTRAM">   --->   Core 90 'RAM_2P_LUTRAM' <Latency = 1> <II = 1> <Delay = 2.32> <Storage> <Opcode : 'load' 'store'> <Ports = 2> <Width = 32> <Depth = 20> <RAM>
ST_3 : Operation 81 [1/2] (2.32ns)   --->   "%buf_8_load = load i5 %buf_8_addr" [./../hw_library/pool.h:170]   --->   Operation 81 'load' 'buf_8_load' <Predicate = true> <Delay = 2.32> <CoreInst = "RAM_2P_LUTRAM">   --->   Core 90 'RAM_2P_LUTRAM' <Latency = 1> <II = 1> <Delay = 2.32> <Storage> <Opcode : 'load' 'store'> <Ports = 2> <Width = 32> <Depth = 20> <RAM>
ST_3 : Operation 82 [1/2] (2.32ns)   --->   "%buf_9_load = load i5 %buf_9_addr" [./../hw_library/pool.h:170]   --->   Operation 82 'load' 'buf_9_load' <Predicate = true> <Delay = 2.32> <CoreInst = "RAM_2P_LUTRAM">   --->   Core 90 'RAM_2P_LUTRAM' <Latency = 1> <II = 1> <Delay = 2.32> <Storage> <Opcode : 'load' 'store'> <Ports = 2> <Width = 32> <Depth = 20> <RAM>
ST_3 : Operation 83 [1/2] (2.32ns)   --->   "%buf_10_load = load i5 %buf_10_addr" [./../hw_library/pool.h:170]   --->   Operation 83 'load' 'buf_10_load' <Predicate = true> <Delay = 2.32> <CoreInst = "RAM_2P_LUTRAM">   --->   Core 90 'RAM_2P_LUTRAM' <Latency = 1> <II = 1> <Delay = 2.32> <Storage> <Opcode : 'load' 'store'> <Ports = 2> <Width = 32> <Depth = 20> <RAM>
ST_3 : Operation 84 [1/2] (2.32ns)   --->   "%buf_11_load = load i5 %buf_11_addr" [./../hw_library/pool.h:170]   --->   Operation 84 'load' 'buf_11_load' <Predicate = true> <Delay = 2.32> <CoreInst = "RAM_2P_LUTRAM">   --->   Core 90 'RAM_2P_LUTRAM' <Latency = 1> <II = 1> <Delay = 2.32> <Storage> <Opcode : 'load' 'store'> <Ports = 2> <Width = 32> <Depth = 20> <RAM>
ST_3 : Operation 85 [1/1] (2.78ns)   --->   "%p_0 = sparsemux i32 @_ssdm_op_SparseMux.ap_auto.12i32.i32.i4, i4 0, i32 %buf_load, i4 1, i32 %buf_1_load, i4 2, i32 %buf_2_load, i4 3, i32 %buf_3_load, i4 4, i32 %buf_4_load, i4 5, i32 %buf_5_load, i4 6, i32 %buf_6_load, i4 7, i32 %buf_7_load, i4 8, i32 %buf_8_load, i4 9, i32 %buf_9_load, i4 10, i32 %buf_10_load, i4 11, i32 %buf_11_load, i32 0, i4 %trunc_ln167" [./../hw_library/pool.h:170]   --->   Operation 85 'sparsemux' 'p_0' <Predicate = true> <Delay = 2.78> <CoreInst = "SparseMux">   --->   Core 135 'SparseMux' <Latency = 0> <II = 1> <Delay = 2.78> <FuncUnit> <Opcode : 'sparsemux'> <InPorts = 2> <OutPorts = 1>
ST_3 : Operation 86 [1/1] (2.32ns)   --->   "%store_ln175 = store i32 4293967297, i5 %buf_10_addr" [./../hw_library/pool.h:175]   --->   Operation 86 'store' 'store_ln175' <Predicate = (trunc_ln167 == 10)> <Delay = 2.32> <CoreInst = "RAM_2P_LUTRAM">   --->   Core 90 'RAM_2P_LUTRAM' <Latency = 1> <II = 1> <Delay = 2.32> <Storage> <Opcode : 'load' 'store'> <Ports = 2> <Width = 32> <Depth = 20> <RAM>
ST_3 : Operation 87 [1/1] (0.00ns)   --->   "%br_ln175 = br void %arrayidx2036.exit" [./../hw_library/pool.h:175]   --->   Operation 87 'br' 'br_ln175' <Predicate = (trunc_ln167 == 10)> <Delay = 0.00>
ST_3 : Operation 88 [1/1] (2.32ns)   --->   "%store_ln175 = store i32 4293967297, i5 %buf_9_addr" [./../hw_library/pool.h:175]   --->   Operation 88 'store' 'store_ln175' <Predicate = (trunc_ln167 == 9)> <Delay = 2.32> <CoreInst = "RAM_2P_LUTRAM">   --->   Core 90 'RAM_2P_LUTRAM' <Latency = 1> <II = 1> <Delay = 2.32> <Storage> <Opcode : 'load' 'store'> <Ports = 2> <Width = 32> <Depth = 20> <RAM>
ST_3 : Operation 89 [1/1] (0.00ns)   --->   "%br_ln175 = br void %arrayidx2036.exit" [./../hw_library/pool.h:175]   --->   Operation 89 'br' 'br_ln175' <Predicate = (trunc_ln167 == 9)> <Delay = 0.00>
ST_3 : Operation 90 [1/1] (2.32ns)   --->   "%store_ln175 = store i32 4293967297, i5 %buf_8_addr" [./../hw_library/pool.h:175]   --->   Operation 90 'store' 'store_ln175' <Predicate = (trunc_ln167 == 8)> <Delay = 2.32> <CoreInst = "RAM_2P_LUTRAM">   --->   Core 90 'RAM_2P_LUTRAM' <Latency = 1> <II = 1> <Delay = 2.32> <Storage> <Opcode : 'load' 'store'> <Ports = 2> <Width = 32> <Depth = 20> <RAM>
ST_3 : Operation 91 [1/1] (0.00ns)   --->   "%br_ln175 = br void %arrayidx2036.exit" [./../hw_library/pool.h:175]   --->   Operation 91 'br' 'br_ln175' <Predicate = (trunc_ln167 == 8)> <Delay = 0.00>
ST_3 : Operation 92 [1/1] (2.32ns)   --->   "%store_ln175 = store i32 4293967297, i5 %buf_7_addr" [./../hw_library/pool.h:175]   --->   Operation 92 'store' 'store_ln175' <Predicate = (trunc_ln167 == 7)> <Delay = 2.32> <CoreInst = "RAM_2P_LUTRAM">   --->   Core 90 'RAM_2P_LUTRAM' <Latency = 1> <II = 1> <Delay = 2.32> <Storage> <Opcode : 'load' 'store'> <Ports = 2> <Width = 32> <Depth = 20> <RAM>
ST_3 : Operation 93 [1/1] (0.00ns)   --->   "%br_ln175 = br void %arrayidx2036.exit" [./../hw_library/pool.h:175]   --->   Operation 93 'br' 'br_ln175' <Predicate = (trunc_ln167 == 7)> <Delay = 0.00>
ST_3 : Operation 94 [1/1] (2.32ns)   --->   "%store_ln175 = store i32 4293967297, i5 %buf_6_addr" [./../hw_library/pool.h:175]   --->   Operation 94 'store' 'store_ln175' <Predicate = (trunc_ln167 == 6)> <Delay = 2.32> <CoreInst = "RAM_2P_LUTRAM">   --->   Core 90 'RAM_2P_LUTRAM' <Latency = 1> <II = 1> <Delay = 2.32> <Storage> <Opcode : 'load' 'store'> <Ports = 2> <Width = 32> <Depth = 20> <RAM>
ST_3 : Operation 95 [1/1] (0.00ns)   --->   "%br_ln175 = br void %arrayidx2036.exit" [./../hw_library/pool.h:175]   --->   Operation 95 'br' 'br_ln175' <Predicate = (trunc_ln167 == 6)> <Delay = 0.00>
ST_3 : Operation 96 [1/1] (2.32ns)   --->   "%store_ln175 = store i32 4293967297, i5 %buf_5_addr" [./../hw_library/pool.h:175]   --->   Operation 96 'store' 'store_ln175' <Predicate = (trunc_ln167 == 5)> <Delay = 2.32> <CoreInst = "RAM_2P_LUTRAM">   --->   Core 90 'RAM_2P_LUTRAM' <Latency = 1> <II = 1> <Delay = 2.32> <Storage> <Opcode : 'load' 'store'> <Ports = 2> <Width = 32> <Depth = 20> <RAM>
ST_3 : Operation 97 [1/1] (0.00ns)   --->   "%br_ln175 = br void %arrayidx2036.exit" [./../hw_library/pool.h:175]   --->   Operation 97 'br' 'br_ln175' <Predicate = (trunc_ln167 == 5)> <Delay = 0.00>
ST_3 : Operation 98 [1/1] (2.32ns)   --->   "%store_ln175 = store i32 4293967297, i5 %buf_4_addr" [./../hw_library/pool.h:175]   --->   Operation 98 'store' 'store_ln175' <Predicate = (trunc_ln167 == 4)> <Delay = 2.32> <CoreInst = "RAM_2P_LUTRAM">   --->   Core 90 'RAM_2P_LUTRAM' <Latency = 1> <II = 1> <Delay = 2.32> <Storage> <Opcode : 'load' 'store'> <Ports = 2> <Width = 32> <Depth = 20> <RAM>
ST_3 : Operation 99 [1/1] (0.00ns)   --->   "%br_ln175 = br void %arrayidx2036.exit" [./../hw_library/pool.h:175]   --->   Operation 99 'br' 'br_ln175' <Predicate = (trunc_ln167 == 4)> <Delay = 0.00>
ST_3 : Operation 100 [1/1] (2.32ns)   --->   "%store_ln175 = store i32 4293967297, i5 %buf_3_addr" [./../hw_library/pool.h:175]   --->   Operation 100 'store' 'store_ln175' <Predicate = (trunc_ln167 == 3)> <Delay = 2.32> <CoreInst = "RAM_2P_LUTRAM">   --->   Core 90 'RAM_2P_LUTRAM' <Latency = 1> <II = 1> <Delay = 2.32> <Storage> <Opcode : 'load' 'store'> <Ports = 2> <Width = 32> <Depth = 20> <RAM>
ST_3 : Operation 101 [1/1] (0.00ns)   --->   "%br_ln175 = br void %arrayidx2036.exit" [./../hw_library/pool.h:175]   --->   Operation 101 'br' 'br_ln175' <Predicate = (trunc_ln167 == 3)> <Delay = 0.00>
ST_3 : Operation 102 [1/1] (2.32ns)   --->   "%store_ln175 = store i32 4293967297, i5 %buf_2_addr" [./../hw_library/pool.h:175]   --->   Operation 102 'store' 'store_ln175' <Predicate = (trunc_ln167 == 2)> <Delay = 2.32> <CoreInst = "RAM_2P_LUTRAM">   --->   Core 90 'RAM_2P_LUTRAM' <Latency = 1> <II = 1> <Delay = 2.32> <Storage> <Opcode : 'load' 'store'> <Ports = 2> <Width = 32> <Depth = 20> <RAM>
ST_3 : Operation 103 [1/1] (0.00ns)   --->   "%br_ln175 = br void %arrayidx2036.exit" [./../hw_library/pool.h:175]   --->   Operation 103 'br' 'br_ln175' <Predicate = (trunc_ln167 == 2)> <Delay = 0.00>
ST_3 : Operation 104 [1/1] (2.32ns)   --->   "%store_ln175 = store i32 4293967297, i5 %buf_1_addr" [./../hw_library/pool.h:175]   --->   Operation 104 'store' 'store_ln175' <Predicate = (trunc_ln167 == 1)> <Delay = 2.32> <CoreInst = "RAM_2P_LUTRAM">   --->   Core 90 'RAM_2P_LUTRAM' <Latency = 1> <II = 1> <Delay = 2.32> <Storage> <Opcode : 'load' 'store'> <Ports = 2> <Width = 32> <Depth = 20> <RAM>
ST_3 : Operation 105 [1/1] (0.00ns)   --->   "%br_ln175 = br void %arrayidx2036.exit" [./../hw_library/pool.h:175]   --->   Operation 105 'br' 'br_ln175' <Predicate = (trunc_ln167 == 1)> <Delay = 0.00>
ST_3 : Operation 106 [1/1] (2.32ns)   --->   "%store_ln175 = store i32 4293967297, i5 %buf_addr" [./../hw_library/pool.h:175]   --->   Operation 106 'store' 'store_ln175' <Predicate = (trunc_ln167 == 0)> <Delay = 2.32> <CoreInst = "RAM_2P_LUTRAM">   --->   Core 90 'RAM_2P_LUTRAM' <Latency = 1> <II = 1> <Delay = 2.32> <Storage> <Opcode : 'load' 'store'> <Ports = 2> <Width = 32> <Depth = 20> <RAM>
ST_3 : Operation 107 [1/1] (0.00ns)   --->   "%br_ln175 = br void %arrayidx2036.exit" [./../hw_library/pool.h:175]   --->   Operation 107 'br' 'br_ln175' <Predicate = (trunc_ln167 == 0)> <Delay = 0.00>
ST_3 : Operation 108 [1/1] (2.32ns)   --->   "%store_ln175 = store i32 4293967297, i5 %buf_11_addr" [./../hw_library/pool.h:175]   --->   Operation 108 'store' 'store_ln175' <Predicate = (trunc_ln167 != 0 & trunc_ln167 != 1 & trunc_ln167 != 2 & trunc_ln167 != 3 & trunc_ln167 != 4 & trunc_ln167 != 5 & trunc_ln167 != 6 & trunc_ln167 != 7 & trunc_ln167 != 8 & trunc_ln167 != 9 & trunc_ln167 != 10)> <Delay = 2.32> <CoreInst = "RAM_2P_LUTRAM">   --->   Core 90 'RAM_2P_LUTRAM' <Latency = 1> <II = 1> <Delay = 2.32> <Storage> <Opcode : 'load' 'store'> <Ports = 2> <Width = 32> <Depth = 20> <RAM>
ST_3 : Operation 109 [1/1] (0.00ns)   --->   "%br_ln175 = br void %arrayidx2036.exit" [./../hw_library/pool.h:175]   --->   Operation 109 'br' 'br_ln175' <Predicate = (trunc_ln167 != 0 & trunc_ln167 != 1 & trunc_ln167 != 2 & trunc_ln167 != 3 & trunc_ln167 != 4 & trunc_ln167 != 5 & trunc_ln167 != 6 & trunc_ln167 != 7 & trunc_ln167 != 8 & trunc_ln167 != 9 & trunc_ln167 != 10)> <Delay = 0.00>
ST_3 : Operation 113 [1/1] (0.00ns)   --->   "%ret_ln0 = ret"   --->   Operation 113 'ret' 'ret_ln0' <Predicate = (icmp_ln167)> <Delay = 0.00>

State 4 <SV = 3> <Delay = 3.58>
ST_4 : Operation 110 [1/1] (0.00ns)   --->   "%specloopname_ln0 = specloopname void @_ssdm_op_SpecLoopName, void @VITIS_LOOP_167_11_VITIS_LOOP_168_12_str"   --->   Operation 110 'specloopname' 'specloopname_ln0' <Predicate = true> <Delay = 0.00>
ST_4 : Operation 111 [1/1] (0.00ns)   --->   "%specpipeline_ln169 = specpipeline void @_ssdm_op_SpecPipeline, i32 1, i32 0, i32 0, i32 0, void @empty_3" [./../hw_library/pool.h:169]   --->   Operation 111 'specpipeline' 'specpipeline_ln169' <Predicate = true> <Delay = 0.00>
ST_4 : Operation 112 [1/1] (3.58ns)   --->   "%write_ln172 = write void @_ssdm_op_Write.ap_fifo.volatile.i32P0A, i32 %connect_3, i32 %p_0" [./../hw_library/pool.h:172]   --->   Operation 112 'write' 'write_ln172' <Predicate = true> <Delay = 3.58> <CoreInst = "FIFO">   --->   Core 78 'FIFO' <Latency = 0> <II = 1> <Delay = 3.58> <Storage> <Opcode : 'read' 'write' 'nbread' 'nbwrite'> <Ports = 0> <Width = 32> <Depth = 50> <FIFO>


============================================================
+ Verbose Summary: Timing violations
============================================================
Target clock period: 10.000ns, clock uncertainty: 2.700ns.

 <State 1>: 1.588ns
The critical path consists of the following:
	'alloca' operation 63 bit ('indvar_flatten13') [19]  (0.000 ns)
	'store' operation 0 bit ('store_ln0') of constant 0 on local variable 'indvar_flatten13' [36]  (1.588 ns)

 <State 2>: 7.390ns
The critical path consists of the following:
	'load' operation 32 bit ('outch_load', ./../hw_library/pool.h:168) on local variable 'outch', ./../hw_library/pool.h:168 [46]  (0.000 ns)
	'icmp' operation 1 bit ('icmp_ln168', ./../hw_library/pool.h:168) [50]  (2.552 ns)
	'select' operation 32 bit ('select_ln167', ./../hw_library/pool.h:167) [51]  (0.698 ns)
	'add' operation 32 bit ('add_ln168', ./../hw_library/pool.h:168) [122]  (2.552 ns)
	'store' operation 0 bit ('store_ln168', ./../hw_library/pool.h:168) of variable 'add_ln168', ./../hw_library/pool.h:168 on local variable 'outch', ./../hw_library/pool.h:168 [125]  (1.588 ns)

 <State 3>: 5.103ns
The critical path consists of the following:
	'load' operation 32 bit ('buf_load', ./../hw_library/pool.h:170) on array 'buf_r' [68]  (2.322 ns)
	'sparsemux' operation 32 bit ('p_0', ./../hw_library/pool.h:170) [80]  (2.781 ns)

 <State 4>: 3.581ns
The critical path consists of the following:
	fifo write operation ('write_ln172', ./../hw_library/pool.h:172) on port 'connect_3' (./../hw_library/pool.h:172) [81]  (3.581 ns)


============================================================
+ Verbose Summary: Binding
============================================================
N/A
* FSMD analyzer results:
  - Output states:
 - Input state : 
  - Chain level:
	State 1
	State 2
	State 3
	State 4


============================================================
+ Verbose Summary: Datapath Resource usage 
============================================================
N/A
