

================================================================
== Vitis HLS Report for 'SMM_1u_25u_20u_s'
================================================================
* Date:           Sun Nov  3 13:41:32 2024

* Version:        2023.2 (Build 4023990 on Oct 11 2023)
* Project:        LeNet_wrapper
* Solution:       solution1 (Vivado IP Flow Target)
* Product family: zynq
* Target device:  xc7z020-clg484-1


================================================================
== Performance Estimates
================================================================
+ Timing: 
    * Summary: 
    +--------+----------+-----------+------------+
    |  Clock |  Target  | Estimated | Uncertainty|
    +--------+----------+-----------+------------+
    |ap_clk  |  10.00 ns|  12.592 ns|     2.70 ns|
    +--------+----------+-----------+------------+

+ Latency: 
    * Summary: 
    +---------+---------+----------+----------+-----+-----+---------+
    |  Latency (cycles) |  Latency (absolute) |  Interval | Pipeline|
    |   min   |   max   |    min   |    max   | min | max |   Type  |
    +---------+---------+----------+----------+-----+-----+---------+
    |        ?|        ?|         ?|         ?|    ?|    ?|       no|
    +---------+---------+----------+----------+-----+-----+---------+

    + Detail: 
        * Instance: 
        N/A

        * Loop: 
        +------------------------------------+---------+---------+----------+-----------+-----------+------+----------+
        |                                    |  Latency (cycles) | Iteration|  Initiation Interval  | Trip |          |
        |              Loop Name             |   min   |   max   |  Latency |  achieved |   target  | Count| Pipelined|
        +------------------------------------+---------+---------+----------+-----------+-----------+------+----------+
        |- VITIS_LOOP_96_3_VITIS_LOOP_102_4  |        ?|        ?|         ?|          -|          -|     ?|        no|
        +------------------------------------+---------+---------+----------+-----------+-----------+------+----------+

============================================================
+ Verbose Summary: Synthesis Manager
============================================================
InlineROM: 1
ExposeGlobal: 0
============================================================
+ Verbose Summary: CDFG Model
============================================================
IsTopModel: 0
ResetActiveHigh: 1
IsCombinational: 2
IsDatapathOnly: 0
HasWiredReturn: 1
HasMFsm: 0
HasVarLatency: 1
IsPipeline: 0
IsRtlPipelined: 0
IsInstanceOverlapped: 0
IsDontTouch: 0
HasImplIP: 0
IsGatedGlobalClock: 0


============================================================
+ Verbose Summary: Schedule
============================================================
* Number of FSM states : 24
* Pipeline : 0
* Dataflow Pipeline: 0

* FSM state transitions: 
1 --> 2 
2 --> 3 
3 --> 4 
4 --> 5 
5 --> 6 
6 --> 7 
7 --> 8 
8 --> 9 17 22 
9 --> 10 
10 --> 11 
11 --> 12 
12 --> 13 21 
13 --> 14 
14 --> 15 
15 --> 16 
16 --> 12 
17 --> 18 
18 --> 19 
19 --> 20 
20 --> 21 
21 --> 
22 --> 23 
23 --> 24 
24 --> 12 

* FSM state operations: 

State 1 <SV = 0> <Delay = 7.21>
ST_1 : Operation 25 [1/1] (3.58ns)   --->   "%valIn_a_13 = read i32 @_ssdm_op_Read.ap_fifo.volatile.i32P0A, i32 %connect_1" [./../hw_library/fixed_point_stream_convolution.h:26]   --->   Operation 25 'read' 'valIn_a_13' <Predicate = true> <Delay = 3.58> <CoreInst = "FIFO">   --->   Core 78 'FIFO' <Latency = 0> <II = 1> <Delay = 3.58> <Storage> <Opcode : 'read' 'write' 'nbread' 'nbwrite'> <Ports = 0> <Width = 32> <Depth = 50> <FIFO>
ST_1 : Operation 26 [1/1] (3.63ns)   --->   "%write_ln28 = write void @_ssdm_op_Write.ap_fifo.volatile.i32P0A, i32 %connect_2, i32 %valIn_a_13" [./../hw_library/fixed_point_stream_convolution.h:28]   --->   Operation 26 'write' 'write_ln28' <Predicate = true> <Delay = 3.63> <CoreInst = "FIFO_SRL">   --->   Core 81 'FIFO_SRL' <Latency = 0> <II = 1> <Delay = 3.63> <Storage> <Opcode : 'read' 'write' 'nbread' 'nbwrite'> <Ports = 0> <Width = 32> <Depth = 2> <FIFO>

State 2 <SV = 1> <Delay = 7.21>
ST_2 : Operation 27 [1/1] (3.58ns)   --->   "%valIn_a_14 = read i32 @_ssdm_op_Read.ap_fifo.volatile.i32P0A, i32 %connect_1" [./../hw_library/fixed_point_stream_convolution.h:30]   --->   Operation 27 'read' 'valIn_a_14' <Predicate = true> <Delay = 3.58> <CoreInst = "FIFO">   --->   Core 78 'FIFO' <Latency = 0> <II = 1> <Delay = 3.58> <Storage> <Opcode : 'read' 'write' 'nbread' 'nbwrite'> <Ports = 0> <Width = 32> <Depth = 50> <FIFO>
ST_2 : Operation 28 [1/1] (3.63ns)   --->   "%write_ln32 = write void @_ssdm_op_Write.ap_fifo.volatile.i32P0A, i32 %connect_2, i32 %valIn_a_14" [./../hw_library/fixed_point_stream_convolution.h:32]   --->   Operation 28 'write' 'write_ln32' <Predicate = true> <Delay = 3.63> <CoreInst = "FIFO_SRL">   --->   Core 81 'FIFO_SRL' <Latency = 0> <II = 1> <Delay = 3.63> <Storage> <Opcode : 'read' 'write' 'nbread' 'nbwrite'> <Ports = 0> <Width = 32> <Depth = 2> <FIFO>

State 3 <SV = 2> <Delay = 7.21>
ST_3 : Operation 29 [1/1] (3.58ns)   --->   "%valIn_a_15 = read i32 @_ssdm_op_Read.ap_fifo.volatile.i32P0A, i32 %connect_1" [./../hw_library/fixed_point_stream_convolution.h:34]   --->   Operation 29 'read' 'valIn_a_15' <Predicate = true> <Delay = 3.58> <CoreInst = "FIFO">   --->   Core 78 'FIFO' <Latency = 0> <II = 1> <Delay = 3.58> <Storage> <Opcode : 'read' 'write' 'nbread' 'nbwrite'> <Ports = 0> <Width = 32> <Depth = 50> <FIFO>
ST_3 : Operation 30 [1/1] (3.63ns)   --->   "%write_ln36 = write void @_ssdm_op_Write.ap_fifo.volatile.i32P0A, i32 %connect_2, i32 %valIn_a_15" [./../hw_library/fixed_point_stream_convolution.h:36]   --->   Operation 30 'write' 'write_ln36' <Predicate = true> <Delay = 3.63> <CoreInst = "FIFO_SRL">   --->   Core 81 'FIFO_SRL' <Latency = 0> <II = 1> <Delay = 3.63> <Storage> <Opcode : 'read' 'write' 'nbread' 'nbwrite'> <Ports = 0> <Width = 32> <Depth = 2> <FIFO>

State 4 <SV = 3> <Delay = 7.21>
ST_4 : Operation 31 [1/1] (3.58ns)   --->   "%valIn_a_16 = read i32 @_ssdm_op_Read.ap_fifo.volatile.i32P0A, i32 %connect_1" [./../hw_library/fixed_point_stream_convolution.h:38]   --->   Operation 31 'read' 'valIn_a_16' <Predicate = true> <Delay = 3.58> <CoreInst = "FIFO">   --->   Core 78 'FIFO' <Latency = 0> <II = 1> <Delay = 3.58> <Storage> <Opcode : 'read' 'write' 'nbread' 'nbwrite'> <Ports = 0> <Width = 32> <Depth = 50> <FIFO>
ST_4 : Operation 32 [1/1] (3.63ns)   --->   "%write_ln40 = write void @_ssdm_op_Write.ap_fifo.volatile.i32P0A, i32 %connect_2, i32 %valIn_a_16" [./../hw_library/fixed_point_stream_convolution.h:40]   --->   Operation 32 'write' 'write_ln40' <Predicate = true> <Delay = 3.63> <CoreInst = "FIFO_SRL">   --->   Core 81 'FIFO_SRL' <Latency = 0> <II = 1> <Delay = 3.63> <Storage> <Opcode : 'read' 'write' 'nbread' 'nbwrite'> <Ports = 0> <Width = 32> <Depth = 2> <FIFO>

State 5 <SV = 4> <Delay = 7.21>
ST_5 : Operation 33 [1/1] (3.58ns)   --->   "%valIn_a = read i32 @_ssdm_op_Read.ap_fifo.volatile.i32P0A, i32 %connect_1" [./../hw_library/fixed_point_stream_convolution.h:42]   --->   Operation 33 'read' 'valIn_a' <Predicate = true> <Delay = 3.58> <CoreInst = "FIFO">   --->   Core 78 'FIFO' <Latency = 0> <II = 1> <Delay = 3.58> <Storage> <Opcode : 'read' 'write' 'nbread' 'nbwrite'> <Ports = 0> <Width = 32> <Depth = 50> <FIFO>
ST_5 : Operation 34 [1/1] (3.63ns)   --->   "%write_ln44 = write void @_ssdm_op_Write.ap_fifo.volatile.i32P0A, i32 %connect_2, i32 %valIn_a" [./../hw_library/fixed_point_stream_convolution.h:44]   --->   Operation 34 'write' 'write_ln44' <Predicate = true> <Delay = 3.63> <CoreInst = "FIFO_SRL">   --->   Core 81 'FIFO_SRL' <Latency = 0> <II = 1> <Delay = 3.63> <Storage> <Opcode : 'read' 'write' 'nbread' 'nbwrite'> <Ports = 0> <Width = 32> <Depth = 2> <FIFO>

State 6 <SV = 5> <Delay = 7.21>
ST_6 : Operation 35 [1/1] (3.58ns)   --->   "%valIn_a_17 = read i32 @_ssdm_op_Read.ap_fifo.volatile.i32P0A, i32 %connect_1" [./../hw_library/fixed_point_stream_convolution.h:46]   --->   Operation 35 'read' 'valIn_a_17' <Predicate = true> <Delay = 3.58> <CoreInst = "FIFO">   --->   Core 78 'FIFO' <Latency = 0> <II = 1> <Delay = 3.58> <Storage> <Opcode : 'read' 'write' 'nbread' 'nbwrite'> <Ports = 0> <Width = 32> <Depth = 50> <FIFO>
ST_6 : Operation 36 [1/1] (3.63ns)   --->   "%write_ln48 = write void @_ssdm_op_Write.ap_fifo.volatile.i32P0A, i32 %connect_2, i32 %valIn_a_17" [./../hw_library/fixed_point_stream_convolution.h:48]   --->   Operation 36 'write' 'write_ln48' <Predicate = true> <Delay = 3.63> <CoreInst = "FIFO_SRL">   --->   Core 81 'FIFO_SRL' <Latency = 0> <II = 1> <Delay = 3.63> <Storage> <Opcode : 'read' 'write' 'nbread' 'nbwrite'> <Ports = 0> <Width = 32> <Depth = 2> <FIFO>

State 7 <SV = 6> <Delay = 7.21>
ST_7 : Operation 37 [1/1] (3.58ns)   --->   "%valIn_a_18 = read i32 @_ssdm_op_Read.ap_fifo.volatile.i32P0A, i32 %connect_1" [./../hw_library/fixed_point_stream_convolution.h:50]   --->   Operation 37 'read' 'valIn_a_18' <Predicate = true> <Delay = 3.58> <CoreInst = "FIFO">   --->   Core 78 'FIFO' <Latency = 0> <II = 1> <Delay = 3.58> <Storage> <Opcode : 'read' 'write' 'nbread' 'nbwrite'> <Ports = 0> <Width = 32> <Depth = 50> <FIFO>
ST_7 : Operation 38 [1/1] (3.63ns)   --->   "%write_ln52 = write void @_ssdm_op_Write.ap_fifo.volatile.i32P0A, i32 %connect_2, i32 %valIn_a_18" [./../hw_library/fixed_point_stream_convolution.h:52]   --->   Operation 38 'write' 'write_ln52' <Predicate = true> <Delay = 3.63> <CoreInst = "FIFO_SRL">   --->   Core 81 'FIFO_SRL' <Latency = 0> <II = 1> <Delay = 3.63> <Storage> <Opcode : 'read' 'write' 'nbread' 'nbwrite'> <Ports = 0> <Width = 32> <Depth = 2> <FIFO>

State 8 <SV = 7> <Delay = 12.5>
ST_8 : Operation 39 [1/1] (0.00ns)   --->   "%specinterface_ln0 = specinterface void @_ssdm_op_SpecInterface, i32 %connect_2, void @empty_2, i32 0, i32 0, void @empty_3, i32 0, i32 0, void @empty_3, void @empty_3, void @empty_3, i32 0, i32 0, i32 0, i32 0, void @empty_3, void @empty_3, i32 4294967295, i32 0"   --->   Operation 39 'specinterface' 'specinterface_ln0' <Predicate = true> <Delay = 0.00>
ST_8 : Operation 40 [1/1] (0.00ns)   --->   "%specinterface_ln0 = specinterface void @_ssdm_op_SpecInterface, i32 %connect_1, void @empty_2, i32 0, i32 0, void @empty_3, i32 0, i32 0, void @empty_3, void @empty_3, void @empty_3, i32 0, i32 0, i32 0, i32 0, void @empty_3, void @empty_3, i32 4294967295, i32 0"   --->   Operation 40 'specinterface' 'specinterface_ln0' <Predicate = true> <Delay = 0.00>
ST_8 : Operation 41 [1/1] (0.00ns)   --->   "%specmemcore_ln17 = specmemcore void @_ssdm_op_SpecMemCore, i8 %void_SMM_stream_stream_ap_int_32_0_unsigned_int_unsigned_int_int_A_10, i64 666, i64 27, i64 18446744073709551615" [./../hw_library/fixed_point_stream_convolution.h:17]   --->   Operation 41 'specmemcore' 'specmemcore_ln17' <Predicate = true> <Delay = 0.00>
ST_8 : Operation 42 [1/1] (0.00ns)   --->   "%specmemcore_ln17 = specmemcore void @_ssdm_op_SpecMemCore, i8 %void_SMM_stream_stream_ap_int_32_0_unsigned_int_unsigned_int_int_A_11, i64 666, i64 27, i64 18446744073709551615" [./../hw_library/fixed_point_stream_convolution.h:17]   --->   Operation 42 'specmemcore' 'specmemcore_ln17' <Predicate = true> <Delay = 0.00>
ST_8 : Operation 43 [1/1] (0.00ns)   --->   "%specmemcore_ln17 = specmemcore void @_ssdm_op_SpecMemCore, i8 %void_SMM_stream_stream_ap_int_32_0_unsigned_int_unsigned_int_int_A_12, i64 666, i64 27, i64 18446744073709551615" [./../hw_library/fixed_point_stream_convolution.h:17]   --->   Operation 43 'specmemcore' 'specmemcore_ln17' <Predicate = true> <Delay = 0.00>
ST_8 : Operation 44 [1/1] (0.00ns)   --->   "%specmemcore_ln17 = specmemcore void @_ssdm_op_SpecMemCore, i8 %void_SMM_stream_stream_ap_int_32_0_unsigned_int_unsigned_int_int_A_13, i64 666, i64 27, i64 18446744073709551615" [./../hw_library/fixed_point_stream_convolution.h:17]   --->   Operation 44 'specmemcore' 'specmemcore_ln17' <Predicate = true> <Delay = 0.00>
ST_8 : Operation 45 [1/1] (0.00ns)   --->   "%specmemcore_ln17 = specmemcore void @_ssdm_op_SpecMemCore, i8 %void_SMM_stream_stream_ap_int_32_0_unsigned_int_unsigned_int_int_A_14, i64 666, i64 27, i64 18446744073709551615" [./../hw_library/fixed_point_stream_convolution.h:17]   --->   Operation 45 'specmemcore' 'specmemcore_ln17' <Predicate = true> <Delay = 0.00>
ST_8 : Operation 46 [1/1] (0.00ns)   --->   "%specmemcore_ln17 = specmemcore void @_ssdm_op_SpecMemCore, i8 %void_SMM_stream_stream_ap_int_32_0_unsigned_int_unsigned_int_int_A_15, i64 666, i64 27, i64 18446744073709551615" [./../hw_library/fixed_point_stream_convolution.h:17]   --->   Operation 46 'specmemcore' 'specmemcore_ln17' <Predicate = true> <Delay = 0.00>
ST_8 : Operation 47 [1/1] (0.00ns)   --->   "%specmemcore_ln17 = specmemcore void @_ssdm_op_SpecMemCore, i8 %void_SMM_stream_stream_ap_int_32_0_unsigned_int_unsigned_int_int_A_16, i64 666, i64 27, i64 18446744073709551615" [./../hw_library/fixed_point_stream_convolution.h:17]   --->   Operation 47 'specmemcore' 'specmemcore_ln17' <Predicate = true> <Delay = 0.00>
ST_8 : Operation 48 [1/1] (0.00ns)   --->   "%specmemcore_ln18 = specmemcore void @_ssdm_op_SpecMemCore, i8 %void_SMM_stream_stream_ap_int_32_0_unsigned_int_unsigned_int_int_B_10, i64 666, i64 25, i64 18446744073709551615" [./../hw_library/fixed_point_stream_convolution.h:18]   --->   Operation 48 'specmemcore' 'specmemcore_ln18' <Predicate = true> <Delay = 0.00>
ST_8 : Operation 49 [1/1] (0.00ns)   --->   "%specmemcore_ln18 = specmemcore void @_ssdm_op_SpecMemCore, i8 %void_SMM_stream_stream_ap_int_32_0_unsigned_int_unsigned_int_int_B_11, i64 666, i64 25, i64 18446744073709551615" [./../hw_library/fixed_point_stream_convolution.h:18]   --->   Operation 49 'specmemcore' 'specmemcore_ln18' <Predicate = true> <Delay = 0.00>
ST_8 : Operation 50 [1/1] (0.00ns)   --->   "%specmemcore_ln18 = specmemcore void @_ssdm_op_SpecMemCore, i8 %void_SMM_stream_stream_ap_int_32_0_unsigned_int_unsigned_int_int_B_12, i64 666, i64 25, i64 18446744073709551615" [./../hw_library/fixed_point_stream_convolution.h:18]   --->   Operation 50 'specmemcore' 'specmemcore_ln18' <Predicate = true> <Delay = 0.00>
ST_8 : Operation 51 [1/1] (0.00ns)   --->   "%specmemcore_ln18 = specmemcore void @_ssdm_op_SpecMemCore, i8 %void_SMM_stream_stream_ap_int_32_0_unsigned_int_unsigned_int_int_B_13, i64 666, i64 25, i64 18446744073709551615" [./../hw_library/fixed_point_stream_convolution.h:18]   --->   Operation 51 'specmemcore' 'specmemcore_ln18' <Predicate = true> <Delay = 0.00>
ST_8 : Operation 52 [1/1] (0.00ns)   --->   "%specmemcore_ln18 = specmemcore void @_ssdm_op_SpecMemCore, i8 %void_SMM_stream_stream_ap_int_32_0_unsigned_int_unsigned_int_int_B_14, i64 666, i64 25, i64 18446744073709551615" [./../hw_library/fixed_point_stream_convolution.h:18]   --->   Operation 52 'specmemcore' 'specmemcore_ln18' <Predicate = true> <Delay = 0.00>
ST_8 : Operation 53 [1/1] (0.00ns)   --->   "%specmemcore_ln18 = specmemcore void @_ssdm_op_SpecMemCore, i8 %void_SMM_stream_stream_ap_int_32_0_unsigned_int_unsigned_int_int_B_15, i64 666, i64 25, i64 18446744073709551615" [./../hw_library/fixed_point_stream_convolution.h:18]   --->   Operation 53 'specmemcore' 'specmemcore_ln18' <Predicate = true> <Delay = 0.00>
ST_8 : Operation 54 [1/1] (0.00ns)   --->   "%specmemcore_ln18 = specmemcore void @_ssdm_op_SpecMemCore, i8 %void_SMM_stream_stream_ap_int_32_0_unsigned_int_unsigned_int_int_B_16, i64 666, i64 25, i64 18446744073709551615" [./../hw_library/fixed_point_stream_convolution.h:18]   --->   Operation 54 'specmemcore' 'specmemcore_ln18' <Predicate = true> <Delay = 0.00>
ST_8 : Operation 55 [1/1] (3.58ns)   --->   "%valIn_a_12 = read i32 @_ssdm_op_Read.ap_fifo.volatile.i32P0A, i32 %connect_1" [./../hw_library/fixed_point_stream_convolution.h:54]   --->   Operation 55 'read' 'valIn_a_12' <Predicate = true> <Delay = 3.58> <CoreInst = "FIFO">   --->   Core 78 'FIFO' <Latency = 0> <II = 1> <Delay = 3.58> <Storage> <Opcode : 'read' 'write' 'nbread' 'nbwrite'> <Ports = 0> <Width = 32> <Depth = 50> <FIFO>
ST_8 : Operation 56 [1/1] (3.63ns)   --->   "%write_ln56 = write void @_ssdm_op_Write.ap_fifo.volatile.i32P0A, i32 %connect_2, i32 %valIn_a_12" [./../hw_library/fixed_point_stream_convolution.h:56]   --->   Operation 56 'write' 'write_ln56' <Predicate = true> <Delay = 3.63> <CoreInst = "FIFO_SRL">   --->   Core 81 'FIFO_SRL' <Latency = 0> <II = 1> <Delay = 3.63> <Storage> <Opcode : 'read' 'write' 'nbread' 'nbwrite'> <Ports = 0> <Width = 32> <Depth = 2> <FIFO>
ST_8 : Operation 57 [1/1] (2.23ns)   --->   "%switch_ln72 = switch i32 %valIn_a_13, void %fpga_resource_hint.if.else147.19, i32 1, void %if.then, i32 0, void %VITIS_LOOP_96_3" [./../hw_library/fixed_point_stream_convolution.h:72]   --->   Operation 57 'switch' 'switch_ln72' <Predicate = true> <Delay = 2.23>
ST_8 : Operation 58 [1/1] (0.00ns)   --->   "%indvar_flatten13 = alloca i32 1"   --->   Operation 58 'alloca' 'indvar_flatten13' <Predicate = (valIn_a_13 == 0)> <Delay = 0.00>
ST_8 : Operation 59 [1/1] (0.00ns)   --->   "%OFMDim_current_1_load = load i32 %OFMDim_current_1"   --->   Operation 59 'load' 'OFMDim_current_1_load' <Predicate = (valIn_a_13 == 0)> <Delay = 0.00>
ST_8 : Operation 60 [2/2] (6.91ns)   --->   "%A_COL_ITER = mul i32 %OFMDim_current_1_load, i32 %OFMDim_current_1_load"   --->   Operation 60 'mul' 'A_COL_ITER' <Predicate = (valIn_a_13 == 0)> <Delay = 6.91> <CoreInst = "Multiplier">   --->   Core 3 'Multiplier' <Latency = 1> <II = 1> <Delay = 6.91> <FuncUnit> <Opcode : 'mul'> <InPorts = 2> <OutPorts = 1>
ST_8 : Operation 61 [1/1] (1.58ns)   --->   "%store_ln0 = store i64 0, i64 %indvar_flatten13"   --->   Operation 61 'store' 'store_ln0' <Predicate = (valIn_a_13 == 0)> <Delay = 1.58>
ST_8 : Operation 62 [1/1] (0.00ns)   --->   "%store_ln74 = store i32 %valIn_a_17, i32 %B_COL_1" [./../hw_library/fixed_point_stream_convolution.h:74]   --->   Operation 62 'store' 'store_ln74' <Predicate = (valIn_a_13 == 1)> <Delay = 0.00>
ST_8 : Operation 63 [2/2] (6.91ns)   --->   "%mul_ln75 = mul i32 %valIn_a_15, i32 %valIn_a_16" [./../hw_library/fixed_point_stream_convolution.h:75]   --->   Operation 63 'mul' 'mul_ln75' <Predicate = (valIn_a_13 == 1)> <Delay = 6.91> <CoreInst = "Multiplier">   --->   Core 3 'Multiplier' <Latency = 1> <II = 1> <Delay = 6.91> <FuncUnit> <Opcode : 'mul'> <InPorts = 2> <OutPorts = 1>
ST_8 : Operation 64 [1/1] (0.00ns)   --->   "%store_ln76 = store i32 %valIn_a_18, i32 %OFMDim_current_1" [./../hw_library/fixed_point_stream_convolution.h:76]   --->   Operation 64 'store' 'store_ln76' <Predicate = (valIn_a_13 == 1)> <Delay = 0.00>
ST_8 : Operation 65 [1/1] (0.00ns)   --->   "%empty = wait i32 @_ssdm_op_Wait"   --->   Operation 65 'wait' 'empty' <Predicate = (valIn_a_13 == 1)> <Delay = 0.00>
ST_8 : Operation 66 [1/1] (12.5ns)   --->   "%KER_size_0 = mul i32 %valIn_a_17, i32 %valIn_a_15" [./../hw_library/fixed_point_stream_convolution.h:143]   --->   Operation 66 'mul' 'KER_size_0' <Predicate = (valIn_a_13 != 1 & valIn_a_13 != 0)> <Delay = 12.5> <CoreInst = "Mul_LUT">   --->   Core 4 'Mul_LUT' <Latency = 0> <II = 1> <Delay = 12.5> <FuncUnit> <Opcode : 'mul'> <InPorts = 2> <OutPorts = 1>
ST_8 : Operation 67 [1/1] (0.00ns)   --->   "%specfucore_ln146 = specfucore void @_ssdm_op_SpecFUCore, i32 %KER_size_0, i64 12, i64 4, i64 18446744073709551615" [./../hw_library/fixed_point_stream_convolution.h:146]   --->   Operation 67 'specfucore' 'specfucore_ln146' <Predicate = (valIn_a_13 != 1 & valIn_a_13 != 0)> <Delay = 0.00>
ST_8 : Operation 68 [1/1] (0.00ns)   --->   "%empty_185 = wait i32 @_ssdm_op_Wait"   --->   Operation 68 'wait' 'empty_185' <Predicate = (valIn_a_13 != 1 & valIn_a_13 != 0)> <Delay = 0.00>

State 9 <SV = 8> <Delay = 6.91>
ST_9 : Operation 69 [1/2] (6.91ns)   --->   "%A_COL_ITER = mul i32 %OFMDim_current_1_load, i32 %OFMDim_current_1_load"   --->   Operation 69 'mul' 'A_COL_ITER' <Predicate = true> <Delay = 6.91> <CoreInst = "Multiplier">   --->   Core 3 'Multiplier' <Latency = 1> <II = 1> <Delay = 6.91> <FuncUnit> <Opcode : 'mul'> <InPorts = 2> <OutPorts = 1>

State 10 <SV = 9> <Delay = 6.91>
ST_10 : Operation 70 [1/1] (0.00ns)   --->   "%cast9 = zext i32 %valIn_a_14" [./../hw_library/fixed_point_stream_convolution.h:30]   --->   Operation 70 'zext' 'cast9' <Predicate = true> <Delay = 0.00>
ST_10 : Operation 71 [1/1] (0.00ns)   --->   "%cast10 = zext i32 %A_COL_ITER"   --->   Operation 71 'zext' 'cast10' <Predicate = true> <Delay = 0.00>
ST_10 : Operation 72 [2/2] (6.91ns)   --->   "%bound11 = mul i64 %cast9, i64 %cast10" [./../hw_library/fixed_point_stream_convolution.h:30]   --->   Operation 72 'mul' 'bound11' <Predicate = true> <Delay = 6.91> <CoreInst = "Multiplier">   --->   Core 3 'Multiplier' <Latency = 1> <II = 1> <Delay = 6.91> <FuncUnit> <Opcode : 'mul'> <InPorts = 2> <OutPorts = 1>

State 11 <SV = 10> <Delay = 6.91>
ST_11 : Operation 73 [1/1] (0.00ns)   --->   "%B_ROW_1_load = load i32 %B_ROW_1"   --->   Operation 73 'load' 'B_ROW_1_load' <Predicate = true> <Delay = 0.00>
ST_11 : Operation 74 [1/1] (0.00ns)   --->   "%B_COL_1_load = load i32 %B_COL_1"   --->   Operation 74 'load' 'B_COL_1_load' <Predicate = true> <Delay = 0.00>
ST_11 : Operation 75 [1/1] (0.00ns)   --->   "%tmp_8 = bitconcatenate i34 @_ssdm_op_BitConcatenate.i34.i32.i2, i32 %B_COL_1_load, i2 0"   --->   Operation 75 'bitconcatenate' 'tmp_8' <Predicate = true> <Delay = 0.00>
ST_11 : Operation 76 [1/2] (6.91ns)   --->   "%bound11 = mul i64 %cast9, i64 %cast10" [./../hw_library/fixed_point_stream_convolution.h:30]   --->   Operation 76 'mul' 'bound11' <Predicate = true> <Delay = 6.91> <CoreInst = "Multiplier">   --->   Core 3 'Multiplier' <Latency = 1> <II = 1> <Delay = 6.91> <FuncUnit> <Opcode : 'mul'> <InPorts = 2> <OutPorts = 1>
ST_11 : Operation 77 [1/1] (0.00ns)   --->   "%br_ln96 = br void %VITIS_LOOP_104_5" [./../hw_library/fixed_point_stream_convolution.h:96]   --->   Operation 77 'br' 'br_ln96' <Predicate = true> <Delay = 0.00>

State 12 <SV = 11> <Delay = 6.07>
ST_12 : Operation 78 [1/1] (0.00ns)   --->   "%indvar_flatten13_load = load i64 %indvar_flatten13" [./../hw_library/fixed_point_stream_convolution.h:96]   --->   Operation 78 'load' 'indvar_flatten13_load' <Predicate = (valIn_a_13 == 0)> <Delay = 0.00>
ST_12 : Operation 79 [1/1] (3.52ns)   --->   "%icmp_ln96 = icmp_eq  i64 %indvar_flatten13_load, i64 %bound11" [./../hw_library/fixed_point_stream_convolution.h:96]   --->   Operation 79 'icmp' 'icmp_ln96' <Predicate = (valIn_a_13 == 0)> <Delay = 3.52> <CoreInst = "Cmp">   --->   Core 9 'Cmp' <Latency = 0> <II = 1> <Delay = 3.52> <FuncUnit> <Opcode : 'icmp'> <InPorts = 2> <OutPorts = 1>
ST_12 : Operation 80 [1/1] (3.52ns)   --->   "%add_ln96 = add i64 %indvar_flatten13_load, i64 1" [./../hw_library/fixed_point_stream_convolution.h:96]   --->   Operation 80 'add' 'add_ln96' <Predicate = (valIn_a_13 == 0)> <Delay = 3.52> <CoreInst = "Adder">   --->   Core 1 'Adder' <Latency = 0> <II = 1> <Delay = 3.52> <FuncUnit> <Opcode : 'add' 'sub'> <InPorts = 2> <OutPorts = 1>
ST_12 : Operation 81 [1/1] (0.00ns)   --->   "%br_ln96 = br i1 %icmp_ln96, void %for.inc144.loopexit, void %if.end160.loopexit" [./../hw_library/fixed_point_stream_convolution.h:96]   --->   Operation 81 'br' 'br_ln96' <Predicate = (valIn_a_13 == 0)> <Delay = 0.00>
ST_12 : Operation 82 [1/1] (0.00ns)   --->   "%empty_182 = wait i32 @_ssdm_op_Wait"   --->   Operation 82 'wait' 'empty_182' <Predicate = (valIn_a_13 == 0 & !icmp_ln96)> <Delay = 0.00>
ST_12 : Operation 83 [2/2] (2.55ns)   --->   "%call_ln0 = call void @SMM<1u, 25u, 20u>_Pipeline_VITIS_LOOP_105_6, i32 %connect_1, i32 %B_ROW_1_load, i8 %void_SMM_stream_stream_ap_int_32_0_unsigned_int_unsigned_int_int_A_16, i8 %void_SMM_stream_stream_ap_int_32_0_unsigned_int_unsigned_int_int_A_15, i8 %void_SMM_stream_stream_ap_int_32_0_unsigned_int_unsigned_int_int_A_14, i8 %void_SMM_stream_stream_ap_int_32_0_unsigned_int_unsigned_int_int_A_13, i8 %void_SMM_stream_stream_ap_int_32_0_unsigned_int_unsigned_int_int_A_12, i8 %void_SMM_stream_stream_ap_int_32_0_unsigned_int_unsigned_int_int_A_11, i8 %void_SMM_stream_stream_ap_int_32_0_unsigned_int_unsigned_int_int_A_10"   --->   Operation 83 'call' 'call_ln0' <Predicate = (valIn_a_13 == 0 & !icmp_ln96)> <Delay = 2.55> <CoreType = "Generic">   --->   Core 0 '' <Latency = 0> <II = 1> <Delay = 1.00> <Generic> <Opcode : >
ST_12 : Operation 84 [1/1] (1.58ns)   --->   "%store_ln96 = store i64 %add_ln96, i64 %indvar_flatten13" [./../hw_library/fixed_point_stream_convolution.h:96]   --->   Operation 84 'store' 'store_ln96' <Predicate = (valIn_a_13 == 0 & !icmp_ln96)> <Delay = 1.58>
ST_12 : Operation 85 [1/1] (0.00ns)   --->   "%br_ln0 = br void %if.end160"   --->   Operation 85 'br' 'br_ln0' <Predicate = (valIn_a_13 == 0 & icmp_ln96)> <Delay = 0.00>
ST_12 : Operation 86 [1/1] (0.00ns)   --->   "%rbegin8 = specregionbegin i32 @_ssdm_op_SpecRegionBegin, void @empty_42" [./../hw_library/fixed_point_stream_convolution.h:143]   --->   Operation 86 'specregionbegin' 'rbegin8' <Predicate = (valIn_a_13 != 1 & valIn_a_13 != 0)> <Delay = 0.00>
ST_12 : Operation 87 [1/1] (0.00ns)   --->   "%rend9 = specregionend i32 @_ssdm_op_SpecRegionEnd, void @empty_42, i32 %rbegin8" [./../hw_library/fixed_point_stream_convolution.h:143]   --->   Operation 87 'specregionend' 'rend9' <Predicate = (valIn_a_13 != 1 & valIn_a_13 != 0)> <Delay = 0.00>
ST_12 : Operation 88 [1/1] (0.00ns)   --->   "%rbegin6 = specregionbegin i32 @_ssdm_op_SpecRegionBegin, void @empty_41" [./../hw_library/fixed_point_stream_convolution.h:144]   --->   Operation 88 'specregionbegin' 'rbegin6' <Predicate = (valIn_a_13 != 1 & valIn_a_13 != 0)> <Delay = 0.00>
ST_12 : Operation 89 [1/1] (0.00ns)   --->   "%rend7 = specregionend i32 @_ssdm_op_SpecRegionEnd, void @empty_41, i32 %rbegin6" [./../hw_library/fixed_point_stream_convolution.h:144]   --->   Operation 89 'specregionend' 'rend7' <Predicate = (valIn_a_13 != 1 & valIn_a_13 != 0)> <Delay = 0.00>
ST_12 : Operation 90 [1/1] (0.00ns)   --->   "%rbegin = specregionbegin i32 @_ssdm_op_SpecRegionBegin, void @empty_10" [./../hw_library/fixed_point_stream_convolution.h:145]   --->   Operation 90 'specregionbegin' 'rbegin' <Predicate = (valIn_a_13 != 1 & valIn_a_13 != 0)> <Delay = 0.00>
ST_12 : Operation 91 [1/1] (0.00ns)   --->   "%rend = specregionend i32 @_ssdm_op_SpecRegionEnd, void @empty_10, i32 %rbegin" [./../hw_library/fixed_point_stream_convolution.h:145]   --->   Operation 91 'specregionend' 'rend' <Predicate = (valIn_a_13 != 1 & valIn_a_13 != 0)> <Delay = 0.00>
ST_12 : Operation 92 [1/2] (0.00ns)   --->   "%call_ln145 = call void @SMM<1u, 25u, 20u>_Pipeline_VITIS_LOOP_149_7, i32 %KER_bound, i32 %connect_1, i32 %connect_2" [./../hw_library/fixed_point_stream_convolution.h:145]   --->   Operation 92 'call' 'call_ln145' <Predicate = (valIn_a_13 != 1 & valIn_a_13 != 0)> <Delay = 0.00> <CoreType = "Generic">   --->   Core 0 '' <Latency = 0> <II = 1> <Delay = 1.00> <Generic> <Opcode : >
ST_12 : Operation 93 [1/1] (0.00ns)   --->   "%br_ln0 = br void %if.end160"   --->   Operation 93 'br' 'br_ln0' <Predicate = (valIn_a_13 != 1 & valIn_a_13 != 0)> <Delay = 0.00>
ST_12 : Operation 94 [1/1] (0.00ns)   --->   "%br_ln0 = br void %if.end161"   --->   Operation 94 'br' 'br_ln0' <Predicate = (valIn_a_13 != 1 & icmp_ln96) | (valIn_a_13 != 1 & valIn_a_13 != 0)> <Delay = 0.00>

State 13 <SV = 12> <Delay = 0.00>
ST_13 : Operation 95 [1/2] (0.00ns)   --->   "%call_ln0 = call void @SMM<1u, 25u, 20u>_Pipeline_VITIS_LOOP_105_6, i32 %connect_1, i32 %B_ROW_1_load, i8 %void_SMM_stream_stream_ap_int_32_0_unsigned_int_unsigned_int_int_A_16, i8 %void_SMM_stream_stream_ap_int_32_0_unsigned_int_unsigned_int_int_A_15, i8 %void_SMM_stream_stream_ap_int_32_0_unsigned_int_unsigned_int_int_A_14, i8 %void_SMM_stream_stream_ap_int_32_0_unsigned_int_unsigned_int_int_A_13, i8 %void_SMM_stream_stream_ap_int_32_0_unsigned_int_unsigned_int_int_A_12, i8 %void_SMM_stream_stream_ap_int_32_0_unsigned_int_unsigned_int_int_A_11, i8 %void_SMM_stream_stream_ap_int_32_0_unsigned_int_unsigned_int_int_A_10"   --->   Operation 95 'call' 'call_ln0' <Predicate = true> <Delay = 0.00> <CoreType = "Generic">   --->   Core 0 '' <Latency = 0> <II = 1> <Delay = 1.00> <Generic> <Opcode : >

State 14 <SV = 13> <Delay = 0.00>
ST_14 : Operation 96 [1/1] (0.00ns)   --->   "%empty_183 = wait i32 @_ssdm_op_Wait"   --->   Operation 96 'wait' 'empty_183' <Predicate = true> <Delay = 0.00>

State 15 <SV = 14> <Delay = 0.00>
ST_15 : Operation 97 [1/1] (0.00ns)   --->   "%empty_184 = wait i32 @_ssdm_op_Wait"   --->   Operation 97 'wait' 'empty_184' <Predicate = true> <Delay = 0.00>
ST_15 : Operation 98 [2/2] (0.00ns)   --->   "%call_ln0 = call void @SMM<1u, 25u, 20u>_Pipeline_L2_L3, i34 %tmp_8, i32 %connect_2, i8 %void_SMM_stream_stream_ap_int_32_0_unsigned_int_unsigned_int_int_B_16, i8 %void_SMM_stream_stream_ap_int_32_0_unsigned_int_unsigned_int_int_B_15, i8 %void_SMM_stream_stream_ap_int_32_0_unsigned_int_unsigned_int_int_B_14, i8 %void_SMM_stream_stream_ap_int_32_0_unsigned_int_unsigned_int_int_B_13, i8 %void_SMM_stream_stream_ap_int_32_0_unsigned_int_unsigned_int_int_A_16, i8 %void_SMM_stream_stream_ap_int_32_0_unsigned_int_unsigned_int_int_A_12, i8 %void_SMM_stream_stream_ap_int_32_0_unsigned_int_unsigned_int_int_A_11, i8 %void_SMM_stream_stream_ap_int_32_0_unsigned_int_unsigned_int_int_A_10, i8 %void_SMM_stream_stream_ap_int_32_0_unsigned_int_unsigned_int_int_B_12, i8 %void_SMM_stream_stream_ap_int_32_0_unsigned_int_unsigned_int_int_B_11, i8 %void_SMM_stream_stream_ap_int_32_0_unsigned_int_unsigned_int_int_B_10, i8 %void_SMM_stream_stream_ap_int_32_0_unsigned_int_unsigned_int_int_A_15, i8 %void_SMM_stream_stream_ap_int_32_0_unsigned_int_unsigned_int_int_A_14, i8 %void_SMM_stream_stream_ap_int_32_0_unsigned_int_unsigned_int_int_A_13"   --->   Operation 98 'call' 'call_ln0' <Predicate = true> <Delay = 0.00> <CoreType = "Generic">   --->   Core 0 '' <Latency = 0> <II = 1> <Delay = 1.00> <Generic> <Opcode : >

State 16 <SV = 15> <Delay = 0.00>
ST_16 : Operation 99 [1/1] (0.00ns)   --->   "%specloopname_ln0 = specloopname void @_ssdm_op_SpecLoopName, void @VITIS_LOOP_96_3_VITIS_LOOP_102_4_str"   --->   Operation 99 'specloopname' 'specloopname_ln0' <Predicate = true> <Delay = 0.00>
ST_16 : Operation 100 [1/2] (0.00ns)   --->   "%call_ln0 = call void @SMM<1u, 25u, 20u>_Pipeline_L2_L3, i34 %tmp_8, i32 %connect_2, i8 %void_SMM_stream_stream_ap_int_32_0_unsigned_int_unsigned_int_int_B_16, i8 %void_SMM_stream_stream_ap_int_32_0_unsigned_int_unsigned_int_int_B_15, i8 %void_SMM_stream_stream_ap_int_32_0_unsigned_int_unsigned_int_int_B_14, i8 %void_SMM_stream_stream_ap_int_32_0_unsigned_int_unsigned_int_int_B_13, i8 %void_SMM_stream_stream_ap_int_32_0_unsigned_int_unsigned_int_int_A_16, i8 %void_SMM_stream_stream_ap_int_32_0_unsigned_int_unsigned_int_int_A_12, i8 %void_SMM_stream_stream_ap_int_32_0_unsigned_int_unsigned_int_int_A_11, i8 %void_SMM_stream_stream_ap_int_32_0_unsigned_int_unsigned_int_int_A_10, i8 %void_SMM_stream_stream_ap_int_32_0_unsigned_int_unsigned_int_int_B_12, i8 %void_SMM_stream_stream_ap_int_32_0_unsigned_int_unsigned_int_int_B_11, i8 %void_SMM_stream_stream_ap_int_32_0_unsigned_int_unsigned_int_int_B_10, i8 %void_SMM_stream_stream_ap_int_32_0_unsigned_int_unsigned_int_int_A_15, i8 %void_SMM_stream_stream_ap_int_32_0_unsigned_int_unsigned_int_int_A_14, i8 %void_SMM_stream_stream_ap_int_32_0_unsigned_int_unsigned_int_int_A_13"   --->   Operation 100 'call' 'call_ln0' <Predicate = true> <Delay = 0.00> <CoreType = "Generic">   --->   Core 0 '' <Latency = 0> <II = 1> <Delay = 1.00> <Generic> <Opcode : >
ST_16 : Operation 101 [1/1] (0.00ns)   --->   "%br_ln102 = br void %VITIS_LOOP_104_5" [./../hw_library/fixed_point_stream_convolution.h:102]   --->   Operation 101 'br' 'br_ln102' <Predicate = true> <Delay = 0.00>

State 17 <SV = 8> <Delay = 6.91>
ST_17 : Operation 102 [1/2] (6.91ns)   --->   "%mul_ln75 = mul i32 %valIn_a_15, i32 %valIn_a_16" [./../hw_library/fixed_point_stream_convolution.h:75]   --->   Operation 102 'mul' 'mul_ln75' <Predicate = true> <Delay = 6.91> <CoreInst = "Multiplier">   --->   Core 3 'Multiplier' <Latency = 1> <II = 1> <Delay = 6.91> <FuncUnit> <Opcode : 'mul'> <InPorts = 2> <OutPorts = 1>

State 18 <SV = 9> <Delay = 6.91>
ST_18 : Operation 103 [2/2] (6.91ns)   --->   "%mul_ln75_2 = mul i32 %mul_ln75, i32 %valIn_a_15" [./../hw_library/fixed_point_stream_convolution.h:75]   --->   Operation 103 'mul' 'mul_ln75_2' <Predicate = true> <Delay = 6.91> <CoreInst = "Multiplier">   --->   Core 3 'Multiplier' <Latency = 1> <II = 1> <Delay = 6.91> <FuncUnit> <Opcode : 'mul'> <InPorts = 2> <OutPorts = 1>

State 19 <SV = 10> <Delay = 6.91>
ST_19 : Operation 104 [1/2] (6.91ns)   --->   "%mul_ln75_2 = mul i32 %mul_ln75, i32 %valIn_a_15" [./../hw_library/fixed_point_stream_convolution.h:75]   --->   Operation 104 'mul' 'mul_ln75_2' <Predicate = true> <Delay = 6.91> <CoreInst = "Multiplier">   --->   Core 3 'Multiplier' <Latency = 1> <II = 1> <Delay = 6.91> <FuncUnit> <Opcode : 'mul'> <InPorts = 2> <OutPorts = 1>
ST_19 : Operation 105 [1/1] (0.00ns)   --->   "%store_ln75 = store i32 %mul_ln75_2, i32 %B_ROW_1" [./../hw_library/fixed_point_stream_convolution.h:75]   --->   Operation 105 'store' 'store_ln75' <Predicate = true> <Delay = 0.00>

State 20 <SV = 11> <Delay = 2.55>
ST_20 : Operation 106 [2/2] (2.55ns)   --->   "%call_ln46 = call void @SMM<1u, 25u, 20u>_Pipeline_VITIS_LOOP_78_1_VITIS_LOOP_79_2, i32 %connect_2, i32 %connect_1, i32 %valIn_a_17, i32 %mul_ln75_2, i8 %void_SMM_stream_stream_ap_int_32_0_unsigned_int_unsigned_int_int_B_16, i8 %void_SMM_stream_stream_ap_int_32_0_unsigned_int_unsigned_int_int_B_15, i8 %void_SMM_stream_stream_ap_int_32_0_unsigned_int_unsigned_int_int_B_14, i8 %void_SMM_stream_stream_ap_int_32_0_unsigned_int_unsigned_int_int_B_13, i8 %void_SMM_stream_stream_ap_int_32_0_unsigned_int_unsigned_int_int_B_12, i8 %void_SMM_stream_stream_ap_int_32_0_unsigned_int_unsigned_int_int_B_11, i8 %void_SMM_stream_stream_ap_int_32_0_unsigned_int_unsigned_int_int_B_10" [./../hw_library/fixed_point_stream_convolution.h:46]   --->   Operation 106 'call' 'call_ln46' <Predicate = true> <Delay = 2.55> <CoreType = "Generic">   --->   Core 0 '' <Latency = 0> <II = 1> <Delay = 1.00> <Generic> <Opcode : >

State 21 <SV = 12> <Delay = 0.00>
ST_21 : Operation 107 [1/2] (0.00ns)   --->   "%call_ln46 = call void @SMM<1u, 25u, 20u>_Pipeline_VITIS_LOOP_78_1_VITIS_LOOP_79_2, i32 %connect_2, i32 %connect_1, i32 %valIn_a_17, i32 %mul_ln75_2, i8 %void_SMM_stream_stream_ap_int_32_0_unsigned_int_unsigned_int_int_B_16, i8 %void_SMM_stream_stream_ap_int_32_0_unsigned_int_unsigned_int_int_B_15, i8 %void_SMM_stream_stream_ap_int_32_0_unsigned_int_unsigned_int_int_B_14, i8 %void_SMM_stream_stream_ap_int_32_0_unsigned_int_unsigned_int_int_B_13, i8 %void_SMM_stream_stream_ap_int_32_0_unsigned_int_unsigned_int_int_B_12, i8 %void_SMM_stream_stream_ap_int_32_0_unsigned_int_unsigned_int_int_B_11, i8 %void_SMM_stream_stream_ap_int_32_0_unsigned_int_unsigned_int_int_B_10" [./../hw_library/fixed_point_stream_convolution.h:46]   --->   Operation 107 'call' 'call_ln46' <Predicate = (valIn_a_13 == 1)> <Delay = 0.00> <CoreType = "Generic">   --->   Core 0 '' <Latency = 0> <II = 1> <Delay = 1.00> <Generic> <Opcode : >
ST_21 : Operation 108 [1/1] (0.00ns)   --->   "%br_ln0 = br void %if.end161"   --->   Operation 108 'br' 'br_ln0' <Predicate = (valIn_a_13 == 1)> <Delay = 0.00>
ST_21 : Operation 109 [1/1] (0.00ns)   --->   "%ret_ln155 = ret" [./../hw_library/fixed_point_stream_convolution.h:155]   --->   Operation 109 'ret' 'ret_ln155' <Predicate = true> <Delay = 0.00>

State 22 <SV = 8> <Delay = 12.5>
ST_22 : Operation 110 [1/1] (12.5ns)   --->   "%KER_size_1 = mul i32 %valIn_a_15, i32 %KER_size_0" [./../hw_library/fixed_point_stream_convolution.h:144]   --->   Operation 110 'mul' 'KER_size_1' <Predicate = true> <Delay = 12.5> <CoreInst = "Mul_LUT">   --->   Core 4 'Mul_LUT' <Latency = 0> <II = 1> <Delay = 12.5> <FuncUnit> <Opcode : 'mul'> <InPorts = 2> <OutPorts = 1>
ST_22 : Operation 111 [1/1] (0.00ns)   --->   "%specfucore_ln147 = specfucore void @_ssdm_op_SpecFUCore, i32 %KER_size_1, i64 12, i64 4, i64 18446744073709551615" [./../hw_library/fixed_point_stream_convolution.h:147]   --->   Operation 111 'specfucore' 'specfucore_ln147' <Predicate = true> <Delay = 0.00>

State 23 <SV = 9> <Delay = 12.5>
ST_23 : Operation 112 [1/1] (12.5ns)   --->   "%KER_bound = mul i32 %valIn_a_16, i32 %KER_size_1" [./../hw_library/fixed_point_stream_convolution.h:145]   --->   Operation 112 'mul' 'KER_bound' <Predicate = true> <Delay = 12.5> <CoreInst = "Mul_LUT">   --->   Core 4 'Mul_LUT' <Latency = 0> <II = 1> <Delay = 12.5> <FuncUnit> <Opcode : 'mul'> <InPorts = 2> <OutPorts = 1>
ST_23 : Operation 113 [1/1] (0.00ns)   --->   "%specfucore_ln148 = specfucore void @_ssdm_op_SpecFUCore, i32 %KER_bound, i64 12, i64 4, i64 18446744073709551615" [./../hw_library/fixed_point_stream_convolution.h:148]   --->   Operation 113 'specfucore' 'specfucore_ln148' <Predicate = true> <Delay = 0.00>

State 24 <SV = 10> <Delay = 4.14>
ST_24 : Operation 114 [2/2] (4.14ns)   --->   "%call_ln145 = call void @SMM<1u, 25u, 20u>_Pipeline_VITIS_LOOP_149_7, i32 %KER_bound, i32 %connect_1, i32 %connect_2" [./../hw_library/fixed_point_stream_convolution.h:145]   --->   Operation 114 'call' 'call_ln145' <Predicate = true> <Delay = 4.14> <CoreType = "Generic">   --->   Core 0 '' <Latency = 0> <II = 1> <Delay = 1.00> <Generic> <Opcode : >


============================================================
+ Verbose Summary: Timing violations
============================================================
Target clock period: 10.000ns, clock uncertainty: 2.700ns.

 <State 1>: 7.215ns
The critical path consists of the following:
	fifo read operation ('valIn_a', ./../hw_library/fixed_point_stream_convolution.h:26) on port 'connect_1' (./../hw_library/fixed_point_stream_convolution.h:26) [36]  (3.581 ns)
	fifo write operation ('write_ln28', ./../hw_library/fixed_point_stream_convolution.h:28) on port 'connect_2' (./../hw_library/fixed_point_stream_convolution.h:28) [37]  (3.634 ns)

 <State 2>: 7.215ns
The critical path consists of the following:
	fifo read operation ('valIn_a', ./../hw_library/fixed_point_stream_convolution.h:30) on port 'connect_1' (./../hw_library/fixed_point_stream_convolution.h:30) [38]  (3.581 ns)
	fifo write operation ('write_ln32', ./../hw_library/fixed_point_stream_convolution.h:32) on port 'connect_2' (./../hw_library/fixed_point_stream_convolution.h:32) [39]  (3.634 ns)

 <State 3>: 7.215ns
The critical path consists of the following:
	fifo read operation ('valIn_a', ./../hw_library/fixed_point_stream_convolution.h:34) on port 'connect_1' (./../hw_library/fixed_point_stream_convolution.h:34) [40]  (3.581 ns)
	fifo write operation ('write_ln36', ./../hw_library/fixed_point_stream_convolution.h:36) on port 'connect_2' (./../hw_library/fixed_point_stream_convolution.h:36) [41]  (3.634 ns)

 <State 4>: 7.215ns
The critical path consists of the following:
	fifo read operation ('valIn_a', ./../hw_library/fixed_point_stream_convolution.h:38) on port 'connect_1' (./../hw_library/fixed_point_stream_convolution.h:38) [42]  (3.581 ns)
	fifo write operation ('write_ln40', ./../hw_library/fixed_point_stream_convolution.h:40) on port 'connect_2' (./../hw_library/fixed_point_stream_convolution.h:40) [43]  (3.634 ns)

 <State 5>: 7.215ns
The critical path consists of the following:
	fifo read operation ('valIn_a', ./../hw_library/fixed_point_stream_convolution.h:42) on port 'connect_1' (./../hw_library/fixed_point_stream_convolution.h:42) [44]  (3.581 ns)
	fifo write operation ('write_ln44', ./../hw_library/fixed_point_stream_convolution.h:44) on port 'connect_2' (./../hw_library/fixed_point_stream_convolution.h:44) [45]  (3.634 ns)

 <State 6>: 7.215ns
The critical path consists of the following:
	fifo read operation ('valIn_a', ./../hw_library/fixed_point_stream_convolution.h:46) on port 'connect_1' (./../hw_library/fixed_point_stream_convolution.h:46) [46]  (3.581 ns)
	fifo write operation ('write_ln48', ./../hw_library/fixed_point_stream_convolution.h:48) on port 'connect_2' (./../hw_library/fixed_point_stream_convolution.h:48) [47]  (3.634 ns)

 <State 7>: 7.215ns
The critical path consists of the following:
	fifo read operation ('valIn_a', ./../hw_library/fixed_point_stream_convolution.h:50) on port 'connect_1' (./../hw_library/fixed_point_stream_convolution.h:50) [48]  (3.581 ns)
	fifo write operation ('write_ln52', ./../hw_library/fixed_point_stream_convolution.h:52) on port 'connect_2' (./../hw_library/fixed_point_stream_convolution.h:52) [49]  (3.634 ns)

 <State 8>: 12.592ns
The critical path consists of the following:
	'mul' operation 32 bit ('KER_size_0', ./../hw_library/fixed_point_stream_convolution.h:143) [92]  (12.592 ns)

 <State 9>: 6.912ns
The critical path consists of the following:
	'mul' operation 32 bit ('A_COL_ITER') [56]  (6.912 ns)

 <State 10>: 6.912ns
The critical path consists of the following:
	'mul' operation 64 bit ('bound11', ./../hw_library/fixed_point_stream_convolution.h:30) [62]  (6.912 ns)

 <State 11>: 6.912ns
The critical path consists of the following:
	'mul' operation 64 bit ('bound11', ./../hw_library/fixed_point_stream_convolution.h:30) [62]  (6.912 ns)

 <State 12>: 6.072ns
The critical path consists of the following:
	'load' operation 64 bit ('indvar_flatten13_load', ./../hw_library/fixed_point_stream_convolution.h:96) on local variable 'indvar_flatten13' [66]  (0.000 ns)
	'add' operation 64 bit ('add_ln96', ./../hw_library/fixed_point_stream_convolution.h:96) [68]  (3.520 ns)
	'store' operation 0 bit ('store_ln96', ./../hw_library/fixed_point_stream_convolution.h:96) of variable 'add_ln96', ./../hw_library/fixed_point_stream_convolution.h:96 on local variable 'indvar_flatten13' [77]  (1.588 ns)
	blocking operation 0.964 ns on control path)

 <State 13>: 0.000ns
The critical path consists of the following:

 <State 14>: 0.000ns
The critical path consists of the following:

 <State 15>: 0.000ns
The critical path consists of the following:

 <State 16>: 0.000ns
The critical path consists of the following:

 <State 17>: 6.912ns
The critical path consists of the following:
	'mul' operation 32 bit ('mul_ln75', ./../hw_library/fixed_point_stream_convolution.h:75) [83]  (6.912 ns)

 <State 18>: 6.912ns
The critical path consists of the following:
	'mul' operation 32 bit ('mul_ln75_2', ./../hw_library/fixed_point_stream_convolution.h:75) [84]  (6.912 ns)

 <State 19>: 6.912ns
The critical path consists of the following:
	'mul' operation 32 bit ('mul_ln75_2', ./../hw_library/fixed_point_stream_convolution.h:75) [84]  (6.912 ns)

 <State 20>: 2.552ns
The critical path consists of the following:
	'call' operation 0 bit ('call_ln46', ./../hw_library/fixed_point_stream_convolution.h:46) to 'SMM<1u, 25u, 20u>_Pipeline_VITIS_LOOP_78_1_VITIS_LOOP_79_2' [88]  (2.552 ns)

 <State 21>: 0.000ns
The critical path consists of the following:

 <State 22>: 12.592ns
The critical path consists of the following:
	'mul' operation 32 bit ('KER_size_1', ./../hw_library/fixed_point_stream_convolution.h:144) [96]  (12.592 ns)

 <State 23>: 12.592ns
The critical path consists of the following:
	'mul' operation 32 bit ('KER_bound', ./../hw_library/fixed_point_stream_convolution.h:145) [100]  (12.592 ns)

 <State 24>: 4.140ns
The critical path consists of the following:
	'call' operation 0 bit ('call_ln145', ./../hw_library/fixed_point_stream_convolution.h:145) to 'SMM<1u, 25u, 20u>_Pipeline_VITIS_LOOP_149_7' [104]  (4.140 ns)


============================================================
+ Verbose Summary: Binding
============================================================
N/A
* FSMD analyzer results:
  - Output states:
 - Input state : 
  - Chain level:
	State 1
	State 2
	State 3
	State 4
	State 5
	State 6
	State 7
	State 8
	State 9
	State 10
	State 11
	State 12
	State 13
	State 14
	State 15
	State 16
	State 17
	State 18
	State 19
	State 20
	State 21
	State 22
	State 23
	State 24


============================================================
+ Verbose Summary: Datapath Resource usage 
============================================================
N/A
