

================================================================
== Vitis HLS Report for 'SMM_1u_500u_50u_s'
================================================================
* Date:           Sun Nov  3 13:41:49 2024

* Version:        2023.2 (Build 4023990 on Oct 11 2023)
* Project:        LeNet_wrapper
* Solution:       solution1 (Vivado IP Flow Target)
* Product family: zynq
* Target device:  xc7z020-clg484-1


================================================================
== Performance Estimates
================================================================
+ Timing: 
    * Summary: 
    +--------+----------+-----------+------------+
    |  Clock |  Target  | Estimated | Uncertainty|
    +--------+----------+-----------+------------+
    |ap_clk  |  10.00 ns|  12.592 ns|     2.70 ns|
    +--------+----------+-----------+------------+

+ Latency: 
    * Summary: 
    +---------+---------+----------+----------+-----+-----+---------+
    |  Latency (cycles) |  Latency (absolute) |  Interval | Pipeline|
    |   min   |   max   |    min   |    max   | min | max |   Type  |
    +---------+---------+----------+----------+-----+-----+---------+
    |        ?|        ?|         ?|         ?|    ?|    ?|       no|
    +---------+---------+----------+----------+-----+-----+---------+

    + Detail: 
        * Instance: 
        N/A

        * Loop: 
        +------------------------------------+---------+---------+----------+-----------+-----------+------+----------+
        |                                    |  Latency (cycles) | Iteration|  Initiation Interval  | Trip |          |
        |              Loop Name             |   min   |   max   |  Latency |  achieved |   target  | Count| Pipelined|
        +------------------------------------+---------+---------+----------+-----------+-----------+------+----------+
        |- VITIS_LOOP_96_3_VITIS_LOOP_102_4  |        ?|        ?|         ?|          -|          -|     ?|        no|
        +------------------------------------+---------+---------+----------+-----------+-----------+------+----------+

============================================================
+ Verbose Summary: Synthesis Manager
============================================================
InlineROM: 1
ExposeGlobal: 0
============================================================
+ Verbose Summary: CDFG Model
============================================================
IsTopModel: 0
ResetActiveHigh: 1
IsCombinational: 2
IsDatapathOnly: 0
HasWiredReturn: 1
HasMFsm: 0
HasVarLatency: 1
IsPipeline: 0
IsRtlPipelined: 0
IsInstanceOverlapped: 0
IsDontTouch: 0
HasImplIP: 0
IsGatedGlobalClock: 0


============================================================
+ Verbose Summary: Schedule
============================================================
* Number of FSM states : 24
* Pipeline : 0
* Dataflow Pipeline: 0

* FSM state transitions: 
1 --> 2 
2 --> 3 
3 --> 4 
4 --> 5 
5 --> 6 
6 --> 7 
7 --> 8 
8 --> 9 17 22 
9 --> 10 
10 --> 11 
11 --> 12 
12 --> 13 21 
13 --> 14 
14 --> 15 
15 --> 16 
16 --> 12 
17 --> 18 
18 --> 19 
19 --> 20 
20 --> 21 
21 --> 
22 --> 23 
23 --> 24 
24 --> 12 

* FSM state operations: 

State 1 <SV = 0> <Delay = 7.21>
ST_1 : Operation 25 [1/1] (3.58ns)   --->   "%valIn_a_4 = read i32 @_ssdm_op_Read.ap_fifo.volatile.i32P0A, i32 %connect_4" [./../hw_library/fixed_point_stream_convolution.h:26]   --->   Operation 25 'read' 'valIn_a_4' <Predicate = true> <Delay = 3.58> <CoreInst = "FIFO">   --->   Core 78 'FIFO' <Latency = 0> <II = 1> <Delay = 3.58> <Storage> <Opcode : 'read' 'write' 'nbread' 'nbwrite'> <Ports = 0> <Width = 32> <Depth = 50> <FIFO>
ST_1 : Operation 26 [1/1] (3.63ns)   --->   "%write_ln28 = write void @_ssdm_op_Write.ap_fifo.volatile.i32P0A, i32 %connect_5, i32 %valIn_a_4" [./../hw_library/fixed_point_stream_convolution.h:28]   --->   Operation 26 'write' 'write_ln28' <Predicate = true> <Delay = 3.63> <CoreInst = "FIFO_SRL">   --->   Core 81 'FIFO_SRL' <Latency = 0> <II = 1> <Delay = 3.63> <Storage> <Opcode : 'read' 'write' 'nbread' 'nbwrite'> <Ports = 0> <Width = 32> <Depth = 2> <FIFO>

State 2 <SV = 1> <Delay = 7.21>
ST_2 : Operation 27 [1/1] (3.58ns)   --->   "%valIn_a_5 = read i32 @_ssdm_op_Read.ap_fifo.volatile.i32P0A, i32 %connect_4" [./../hw_library/fixed_point_stream_convolution.h:30]   --->   Operation 27 'read' 'valIn_a_5' <Predicate = true> <Delay = 3.58> <CoreInst = "FIFO">   --->   Core 78 'FIFO' <Latency = 0> <II = 1> <Delay = 3.58> <Storage> <Opcode : 'read' 'write' 'nbread' 'nbwrite'> <Ports = 0> <Width = 32> <Depth = 50> <FIFO>
ST_2 : Operation 28 [1/1] (3.63ns)   --->   "%write_ln32 = write void @_ssdm_op_Write.ap_fifo.volatile.i32P0A, i32 %connect_5, i32 %valIn_a_5" [./../hw_library/fixed_point_stream_convolution.h:32]   --->   Operation 28 'write' 'write_ln32' <Predicate = true> <Delay = 3.63> <CoreInst = "FIFO_SRL">   --->   Core 81 'FIFO_SRL' <Latency = 0> <II = 1> <Delay = 3.63> <Storage> <Opcode : 'read' 'write' 'nbread' 'nbwrite'> <Ports = 0> <Width = 32> <Depth = 2> <FIFO>

State 3 <SV = 2> <Delay = 7.21>
ST_3 : Operation 29 [1/1] (3.58ns)   --->   "%valIn_a_6 = read i32 @_ssdm_op_Read.ap_fifo.volatile.i32P0A, i32 %connect_4" [./../hw_library/fixed_point_stream_convolution.h:34]   --->   Operation 29 'read' 'valIn_a_6' <Predicate = true> <Delay = 3.58> <CoreInst = "FIFO">   --->   Core 78 'FIFO' <Latency = 0> <II = 1> <Delay = 3.58> <Storage> <Opcode : 'read' 'write' 'nbread' 'nbwrite'> <Ports = 0> <Width = 32> <Depth = 50> <FIFO>
ST_3 : Operation 30 [1/1] (3.63ns)   --->   "%write_ln36 = write void @_ssdm_op_Write.ap_fifo.volatile.i32P0A, i32 %connect_5, i32 %valIn_a_6" [./../hw_library/fixed_point_stream_convolution.h:36]   --->   Operation 30 'write' 'write_ln36' <Predicate = true> <Delay = 3.63> <CoreInst = "FIFO_SRL">   --->   Core 81 'FIFO_SRL' <Latency = 0> <II = 1> <Delay = 3.63> <Storage> <Opcode : 'read' 'write' 'nbread' 'nbwrite'> <Ports = 0> <Width = 32> <Depth = 2> <FIFO>

State 4 <SV = 3> <Delay = 7.21>
ST_4 : Operation 31 [1/1] (3.58ns)   --->   "%valIn_a_7 = read i32 @_ssdm_op_Read.ap_fifo.volatile.i32P0A, i32 %connect_4" [./../hw_library/fixed_point_stream_convolution.h:38]   --->   Operation 31 'read' 'valIn_a_7' <Predicate = true> <Delay = 3.58> <CoreInst = "FIFO">   --->   Core 78 'FIFO' <Latency = 0> <II = 1> <Delay = 3.58> <Storage> <Opcode : 'read' 'write' 'nbread' 'nbwrite'> <Ports = 0> <Width = 32> <Depth = 50> <FIFO>
ST_4 : Operation 32 [1/1] (3.63ns)   --->   "%write_ln40 = write void @_ssdm_op_Write.ap_fifo.volatile.i32P0A, i32 %connect_5, i32 %valIn_a_7" [./../hw_library/fixed_point_stream_convolution.h:40]   --->   Operation 32 'write' 'write_ln40' <Predicate = true> <Delay = 3.63> <CoreInst = "FIFO_SRL">   --->   Core 81 'FIFO_SRL' <Latency = 0> <II = 1> <Delay = 3.63> <Storage> <Opcode : 'read' 'write' 'nbread' 'nbwrite'> <Ports = 0> <Width = 32> <Depth = 2> <FIFO>

State 5 <SV = 4> <Delay = 7.21>
ST_5 : Operation 33 [1/1] (3.58ns)   --->   "%valIn_a = read i32 @_ssdm_op_Read.ap_fifo.volatile.i32P0A, i32 %connect_4" [./../hw_library/fixed_point_stream_convolution.h:42]   --->   Operation 33 'read' 'valIn_a' <Predicate = true> <Delay = 3.58> <CoreInst = "FIFO">   --->   Core 78 'FIFO' <Latency = 0> <II = 1> <Delay = 3.58> <Storage> <Opcode : 'read' 'write' 'nbread' 'nbwrite'> <Ports = 0> <Width = 32> <Depth = 50> <FIFO>
ST_5 : Operation 34 [1/1] (3.63ns)   --->   "%write_ln44 = write void @_ssdm_op_Write.ap_fifo.volatile.i32P0A, i32 %connect_5, i32 %valIn_a" [./../hw_library/fixed_point_stream_convolution.h:44]   --->   Operation 34 'write' 'write_ln44' <Predicate = true> <Delay = 3.63> <CoreInst = "FIFO_SRL">   --->   Core 81 'FIFO_SRL' <Latency = 0> <II = 1> <Delay = 3.63> <Storage> <Opcode : 'read' 'write' 'nbread' 'nbwrite'> <Ports = 0> <Width = 32> <Depth = 2> <FIFO>

State 6 <SV = 5> <Delay = 7.21>
ST_6 : Operation 35 [1/1] (3.58ns)   --->   "%valIn_a_8 = read i32 @_ssdm_op_Read.ap_fifo.volatile.i32P0A, i32 %connect_4" [./../hw_library/fixed_point_stream_convolution.h:46]   --->   Operation 35 'read' 'valIn_a_8' <Predicate = true> <Delay = 3.58> <CoreInst = "FIFO">   --->   Core 78 'FIFO' <Latency = 0> <II = 1> <Delay = 3.58> <Storage> <Opcode : 'read' 'write' 'nbread' 'nbwrite'> <Ports = 0> <Width = 32> <Depth = 50> <FIFO>
ST_6 : Operation 36 [1/1] (3.63ns)   --->   "%write_ln48 = write void @_ssdm_op_Write.ap_fifo.volatile.i32P0A, i32 %connect_5, i32 %valIn_a_8" [./../hw_library/fixed_point_stream_convolution.h:48]   --->   Operation 36 'write' 'write_ln48' <Predicate = true> <Delay = 3.63> <CoreInst = "FIFO_SRL">   --->   Core 81 'FIFO_SRL' <Latency = 0> <II = 1> <Delay = 3.63> <Storage> <Opcode : 'read' 'write' 'nbread' 'nbwrite'> <Ports = 0> <Width = 32> <Depth = 2> <FIFO>

State 7 <SV = 6> <Delay = 7.21>
ST_7 : Operation 37 [1/1] (3.58ns)   --->   "%valIn_a_9 = read i32 @_ssdm_op_Read.ap_fifo.volatile.i32P0A, i32 %connect_4" [./../hw_library/fixed_point_stream_convolution.h:50]   --->   Operation 37 'read' 'valIn_a_9' <Predicate = true> <Delay = 3.58> <CoreInst = "FIFO">   --->   Core 78 'FIFO' <Latency = 0> <II = 1> <Delay = 3.58> <Storage> <Opcode : 'read' 'write' 'nbread' 'nbwrite'> <Ports = 0> <Width = 32> <Depth = 50> <FIFO>
ST_7 : Operation 38 [1/1] (3.63ns)   --->   "%write_ln52 = write void @_ssdm_op_Write.ap_fifo.volatile.i32P0A, i32 %connect_5, i32 %valIn_a_9" [./../hw_library/fixed_point_stream_convolution.h:52]   --->   Operation 38 'write' 'write_ln52' <Predicate = true> <Delay = 3.63> <CoreInst = "FIFO_SRL">   --->   Core 81 'FIFO_SRL' <Latency = 0> <II = 1> <Delay = 3.63> <Storage> <Opcode : 'read' 'write' 'nbread' 'nbwrite'> <Ports = 0> <Width = 32> <Depth = 2> <FIFO>

State 8 <SV = 7> <Delay = 12.5>
ST_8 : Operation 39 [1/1] (0.00ns)   --->   "%specinterface_ln0 = specinterface void @_ssdm_op_SpecInterface, i32 %connect_5, void @empty_2, i32 0, i32 0, void @empty_3, i32 0, i32 0, void @empty_3, void @empty_3, void @empty_3, i32 0, i32 0, i32 0, i32 0, void @empty_3, void @empty_3, i32 4294967295, i32 0"   --->   Operation 39 'specinterface' 'specinterface_ln0' <Predicate = true> <Delay = 0.00>
ST_8 : Operation 40 [1/1] (0.00ns)   --->   "%specinterface_ln0 = specinterface void @_ssdm_op_SpecInterface, i32 %connect_4, void @empty_2, i32 0, i32 0, void @empty_3, i32 0, i32 0, void @empty_3, void @empty_3, void @empty_3, i32 0, i32 0, i32 0, i32 0, void @empty_3, void @empty_3, i32 4294967295, i32 0"   --->   Operation 40 'specinterface' 'specinterface_ln0' <Predicate = true> <Delay = 0.00>
ST_8 : Operation 41 [1/1] (0.00ns)   --->   "%specmemcore_ln17 = specmemcore void @_ssdm_op_SpecMemCore, i8 %p_ZZ3SMMILj1ELj500ELj50EEvRN3hls6streamI6ap_intILi32EELi0EEES5_jjiE1A_10, i64 666, i64 27, i64 18446744073709551615" [./../hw_library/fixed_point_stream_convolution.h:17]   --->   Operation 41 'specmemcore' 'specmemcore_ln17' <Predicate = true> <Delay = 0.00>
ST_8 : Operation 42 [1/1] (0.00ns)   --->   "%specmemcore_ln17 = specmemcore void @_ssdm_op_SpecMemCore, i8 %void_SMM_stream_stream_ap_int_32_0_unsigned_int_unsigned_int_int_A, i64 666, i64 27, i64 18446744073709551615" [./../hw_library/fixed_point_stream_convolution.h:17]   --->   Operation 42 'specmemcore' 'specmemcore_ln17' <Predicate = true> <Delay = 0.00>
ST_8 : Operation 43 [1/1] (0.00ns)   --->   "%specmemcore_ln17 = specmemcore void @_ssdm_op_SpecMemCore, i8 %void_SMM_stream_stream_ap_int_32_0_unsigned_int_unsigned_int_int_A_1, i64 666, i64 27, i64 18446744073709551615" [./../hw_library/fixed_point_stream_convolution.h:17]   --->   Operation 43 'specmemcore' 'specmemcore_ln17' <Predicate = true> <Delay = 0.00>
ST_8 : Operation 44 [1/1] (0.00ns)   --->   "%specmemcore_ln17 = specmemcore void @_ssdm_op_SpecMemCore, i8 %void_SMM_stream_stream_ap_int_32_0_unsigned_int_unsigned_int_int_A_2, i64 666, i64 27, i64 18446744073709551615" [./../hw_library/fixed_point_stream_convolution.h:17]   --->   Operation 44 'specmemcore' 'specmemcore_ln17' <Predicate = true> <Delay = 0.00>
ST_8 : Operation 45 [1/1] (0.00ns)   --->   "%specmemcore_ln17 = specmemcore void @_ssdm_op_SpecMemCore, i8 %void_SMM_stream_stream_ap_int_32_0_unsigned_int_unsigned_int_int_A_3, i64 666, i64 27, i64 18446744073709551615" [./../hw_library/fixed_point_stream_convolution.h:17]   --->   Operation 45 'specmemcore' 'specmemcore_ln17' <Predicate = true> <Delay = 0.00>
ST_8 : Operation 46 [1/1] (0.00ns)   --->   "%specmemcore_ln17 = specmemcore void @_ssdm_op_SpecMemCore, i8 %void_SMM_stream_stream_ap_int_32_0_unsigned_int_unsigned_int_int_A_4, i64 666, i64 27, i64 18446744073709551615" [./../hw_library/fixed_point_stream_convolution.h:17]   --->   Operation 46 'specmemcore' 'specmemcore_ln17' <Predicate = true> <Delay = 0.00>
ST_8 : Operation 47 [1/1] (0.00ns)   --->   "%specmemcore_ln17 = specmemcore void @_ssdm_op_SpecMemCore, i8 %void_SMM_stream_stream_ap_int_32_0_unsigned_int_unsigned_int_int_A_5, i64 666, i64 27, i64 18446744073709551615" [./../hw_library/fixed_point_stream_convolution.h:17]   --->   Operation 47 'specmemcore' 'specmemcore_ln17' <Predicate = true> <Delay = 0.00>
ST_8 : Operation 48 [1/1] (0.00ns)   --->   "%specmemcore_ln17 = specmemcore void @_ssdm_op_SpecMemCore, i8 %void_SMM_stream_stream_ap_int_32_0_unsigned_int_unsigned_int_int_A_6, i64 666, i64 27, i64 18446744073709551615" [./../hw_library/fixed_point_stream_convolution.h:17]   --->   Operation 48 'specmemcore' 'specmemcore_ln17' <Predicate = true> <Delay = 0.00>
ST_8 : Operation 49 [1/1] (0.00ns)   --->   "%specmemcore_ln17 = specmemcore void @_ssdm_op_SpecMemCore, i8 %void_SMM_stream_stream_ap_int_32_0_unsigned_int_unsigned_int_int_A_7, i64 666, i64 27, i64 18446744073709551615" [./../hw_library/fixed_point_stream_convolution.h:17]   --->   Operation 49 'specmemcore' 'specmemcore_ln17' <Predicate = true> <Delay = 0.00>
ST_8 : Operation 50 [1/1] (0.00ns)   --->   "%specmemcore_ln17 = specmemcore void @_ssdm_op_SpecMemCore, i8 %void_SMM_stream_stream_ap_int_32_0_unsigned_int_unsigned_int_int_A_8, i64 666, i64 27, i64 18446744073709551615" [./../hw_library/fixed_point_stream_convolution.h:17]   --->   Operation 50 'specmemcore' 'specmemcore_ln17' <Predicate = true> <Delay = 0.00>
ST_8 : Operation 51 [1/1] (0.00ns)   --->   "%specmemcore_ln17 = specmemcore void @_ssdm_op_SpecMemCore, i8 %void_SMM_stream_stream_ap_int_32_0_unsigned_int_unsigned_int_int_A_9, i64 666, i64 27, i64 18446744073709551615" [./../hw_library/fixed_point_stream_convolution.h:17]   --->   Operation 51 'specmemcore' 'specmemcore_ln17' <Predicate = true> <Delay = 0.00>
ST_8 : Operation 52 [1/1] (0.00ns)   --->   "%specmemcore_ln18 = specmemcore void @_ssdm_op_SpecMemCore, i8 %p_ZZ3SMMILj1ELj500ELj50EEvRN3hls6streamI6ap_intILi32EELi0EEES5_jjiE1B_10, i64 666, i64 25, i64 18446744073709551615" [./../hw_library/fixed_point_stream_convolution.h:18]   --->   Operation 52 'specmemcore' 'specmemcore_ln18' <Predicate = true> <Delay = 0.00>
ST_8 : Operation 53 [1/1] (0.00ns)   --->   "%specmemcore_ln18 = specmemcore void @_ssdm_op_SpecMemCore, i8 %void_SMM_stream_stream_ap_int_32_0_unsigned_int_unsigned_int_int_B, i64 666, i64 25, i64 18446744073709551615" [./../hw_library/fixed_point_stream_convolution.h:18]   --->   Operation 53 'specmemcore' 'specmemcore_ln18' <Predicate = true> <Delay = 0.00>
ST_8 : Operation 54 [1/1] (0.00ns)   --->   "%specmemcore_ln18 = specmemcore void @_ssdm_op_SpecMemCore, i8 %void_SMM_stream_stream_ap_int_32_0_unsigned_int_unsigned_int_int_B_1, i64 666, i64 25, i64 18446744073709551615" [./../hw_library/fixed_point_stream_convolution.h:18]   --->   Operation 54 'specmemcore' 'specmemcore_ln18' <Predicate = true> <Delay = 0.00>
ST_8 : Operation 55 [1/1] (0.00ns)   --->   "%specmemcore_ln18 = specmemcore void @_ssdm_op_SpecMemCore, i8 %void_SMM_stream_stream_ap_int_32_0_unsigned_int_unsigned_int_int_B_2, i64 666, i64 25, i64 18446744073709551615" [./../hw_library/fixed_point_stream_convolution.h:18]   --->   Operation 55 'specmemcore' 'specmemcore_ln18' <Predicate = true> <Delay = 0.00>
ST_8 : Operation 56 [1/1] (0.00ns)   --->   "%specmemcore_ln18 = specmemcore void @_ssdm_op_SpecMemCore, i8 %void_SMM_stream_stream_ap_int_32_0_unsigned_int_unsigned_int_int_B_3, i64 666, i64 25, i64 18446744073709551615" [./../hw_library/fixed_point_stream_convolution.h:18]   --->   Operation 56 'specmemcore' 'specmemcore_ln18' <Predicate = true> <Delay = 0.00>
ST_8 : Operation 57 [1/1] (0.00ns)   --->   "%specmemcore_ln18 = specmemcore void @_ssdm_op_SpecMemCore, i8 %void_SMM_stream_stream_ap_int_32_0_unsigned_int_unsigned_int_int_B_4, i64 666, i64 25, i64 18446744073709551615" [./../hw_library/fixed_point_stream_convolution.h:18]   --->   Operation 57 'specmemcore' 'specmemcore_ln18' <Predicate = true> <Delay = 0.00>
ST_8 : Operation 58 [1/1] (0.00ns)   --->   "%specmemcore_ln18 = specmemcore void @_ssdm_op_SpecMemCore, i8 %void_SMM_stream_stream_ap_int_32_0_unsigned_int_unsigned_int_int_B_5, i64 666, i64 25, i64 18446744073709551615" [./../hw_library/fixed_point_stream_convolution.h:18]   --->   Operation 58 'specmemcore' 'specmemcore_ln18' <Predicate = true> <Delay = 0.00>
ST_8 : Operation 59 [1/1] (0.00ns)   --->   "%specmemcore_ln18 = specmemcore void @_ssdm_op_SpecMemCore, i8 %void_SMM_stream_stream_ap_int_32_0_unsigned_int_unsigned_int_int_B_6, i64 666, i64 25, i64 18446744073709551615" [./../hw_library/fixed_point_stream_convolution.h:18]   --->   Operation 59 'specmemcore' 'specmemcore_ln18' <Predicate = true> <Delay = 0.00>
ST_8 : Operation 60 [1/1] (0.00ns)   --->   "%specmemcore_ln18 = specmemcore void @_ssdm_op_SpecMemCore, i8 %void_SMM_stream_stream_ap_int_32_0_unsigned_int_unsigned_int_int_B_7, i64 666, i64 25, i64 18446744073709551615" [./../hw_library/fixed_point_stream_convolution.h:18]   --->   Operation 60 'specmemcore' 'specmemcore_ln18' <Predicate = true> <Delay = 0.00>
ST_8 : Operation 61 [1/1] (0.00ns)   --->   "%specmemcore_ln18 = specmemcore void @_ssdm_op_SpecMemCore, i8 %void_SMM_stream_stream_ap_int_32_0_unsigned_int_unsigned_int_int_B_8, i64 666, i64 25, i64 18446744073709551615" [./../hw_library/fixed_point_stream_convolution.h:18]   --->   Operation 61 'specmemcore' 'specmemcore_ln18' <Predicate = true> <Delay = 0.00>
ST_8 : Operation 62 [1/1] (0.00ns)   --->   "%specmemcore_ln18 = specmemcore void @_ssdm_op_SpecMemCore, i8 %void_SMM_stream_stream_ap_int_32_0_unsigned_int_unsigned_int_int_B_9, i64 666, i64 25, i64 18446744073709551615" [./../hw_library/fixed_point_stream_convolution.h:18]   --->   Operation 62 'specmemcore' 'specmemcore_ln18' <Predicate = true> <Delay = 0.00>
ST_8 : Operation 63 [1/1] (3.58ns)   --->   "%valIn_a_3 = read i32 @_ssdm_op_Read.ap_fifo.volatile.i32P0A, i32 %connect_4" [./../hw_library/fixed_point_stream_convolution.h:54]   --->   Operation 63 'read' 'valIn_a_3' <Predicate = true> <Delay = 3.58> <CoreInst = "FIFO">   --->   Core 78 'FIFO' <Latency = 0> <II = 1> <Delay = 3.58> <Storage> <Opcode : 'read' 'write' 'nbread' 'nbwrite'> <Ports = 0> <Width = 32> <Depth = 50> <FIFO>
ST_8 : Operation 64 [1/1] (3.63ns)   --->   "%write_ln56 = write void @_ssdm_op_Write.ap_fifo.volatile.i32P0A, i32 %connect_5, i32 %valIn_a_3" [./../hw_library/fixed_point_stream_convolution.h:56]   --->   Operation 64 'write' 'write_ln56' <Predicate = true> <Delay = 3.63> <CoreInst = "FIFO_SRL">   --->   Core 81 'FIFO_SRL' <Latency = 0> <II = 1> <Delay = 3.63> <Storage> <Opcode : 'read' 'write' 'nbread' 'nbwrite'> <Ports = 0> <Width = 32> <Depth = 2> <FIFO>
ST_8 : Operation 65 [1/1] (2.23ns)   --->   "%switch_ln72 = switch i32 %valIn_a_4, void %fpga_resource_hint.if.else147.30, i32 2, void %if.then, i32 0, void %VITIS_LOOP_96_3" [./../hw_library/fixed_point_stream_convolution.h:72]   --->   Operation 65 'switch' 'switch_ln72' <Predicate = true> <Delay = 2.23>
ST_8 : Operation 66 [1/1] (0.00ns)   --->   "%indvar_flatten13 = alloca i32 1"   --->   Operation 66 'alloca' 'indvar_flatten13' <Predicate = (valIn_a_4 == 0)> <Delay = 0.00>
ST_8 : Operation 67 [1/1] (0.00ns)   --->   "%OFMDim_current_load = load i32 %OFMDim_current"   --->   Operation 67 'load' 'OFMDim_current_load' <Predicate = (valIn_a_4 == 0)> <Delay = 0.00>
ST_8 : Operation 68 [2/2] (6.91ns)   --->   "%A_COL_ITER = mul i32 %OFMDim_current_load, i32 %OFMDim_current_load"   --->   Operation 68 'mul' 'A_COL_ITER' <Predicate = (valIn_a_4 == 0)> <Delay = 6.91> <CoreInst = "Multiplier">   --->   Core 3 'Multiplier' <Latency = 1> <II = 1> <Delay = 6.91> <FuncUnit> <Opcode : 'mul'> <InPorts = 2> <OutPorts = 1>
ST_8 : Operation 69 [1/1] (1.58ns)   --->   "%store_ln0 = store i64 0, i64 %indvar_flatten13"   --->   Operation 69 'store' 'store_ln0' <Predicate = (valIn_a_4 == 0)> <Delay = 1.58>
ST_8 : Operation 70 [1/1] (0.00ns)   --->   "%store_ln74 = store i32 %valIn_a_8, i32 %B_COL" [./../hw_library/fixed_point_stream_convolution.h:74]   --->   Operation 70 'store' 'store_ln74' <Predicate = (valIn_a_4 == 2)> <Delay = 0.00>
ST_8 : Operation 71 [2/2] (6.91ns)   --->   "%mul_ln75 = mul i32 %valIn_a_6, i32 %valIn_a_7" [./../hw_library/fixed_point_stream_convolution.h:75]   --->   Operation 71 'mul' 'mul_ln75' <Predicate = (valIn_a_4 == 2)> <Delay = 6.91> <CoreInst = "Multiplier">   --->   Core 3 'Multiplier' <Latency = 1> <II = 1> <Delay = 6.91> <FuncUnit> <Opcode : 'mul'> <InPorts = 2> <OutPorts = 1>
ST_8 : Operation 72 [1/1] (0.00ns)   --->   "%store_ln76 = store i32 %valIn_a_9, i32 %OFMDim_current" [./../hw_library/fixed_point_stream_convolution.h:76]   --->   Operation 72 'store' 'store_ln76' <Predicate = (valIn_a_4 == 2)> <Delay = 0.00>
ST_8 : Operation 73 [1/1] (0.00ns)   --->   "%empty = wait i32 @_ssdm_op_Wait"   --->   Operation 73 'wait' 'empty' <Predicate = (valIn_a_4 == 2)> <Delay = 0.00>
ST_8 : Operation 74 [1/1] (12.5ns)   --->   "%KER_size_0 = mul i32 %valIn_a_8, i32 %valIn_a_6" [./../hw_library/fixed_point_stream_convolution.h:143]   --->   Operation 74 'mul' 'KER_size_0' <Predicate = (valIn_a_4 != 2 & valIn_a_4 != 0)> <Delay = 12.5> <CoreInst = "Mul_LUT">   --->   Core 4 'Mul_LUT' <Latency = 0> <II = 1> <Delay = 12.5> <FuncUnit> <Opcode : 'mul'> <InPorts = 2> <OutPorts = 1>
ST_8 : Operation 75 [1/1] (0.00ns)   --->   "%specfucore_ln146 = specfucore void @_ssdm_op_SpecFUCore, i32 %KER_size_0, i64 12, i64 4, i64 18446744073709551615" [./../hw_library/fixed_point_stream_convolution.h:146]   --->   Operation 75 'specfucore' 'specfucore_ln146' <Predicate = (valIn_a_4 != 2 & valIn_a_4 != 0)> <Delay = 0.00>
ST_8 : Operation 76 [1/1] (0.00ns)   --->   "%empty_181 = wait i32 @_ssdm_op_Wait"   --->   Operation 76 'wait' 'empty_181' <Predicate = (valIn_a_4 != 2 & valIn_a_4 != 0)> <Delay = 0.00>

State 9 <SV = 8> <Delay = 6.91>
ST_9 : Operation 77 [1/2] (6.91ns)   --->   "%A_COL_ITER = mul i32 %OFMDim_current_load, i32 %OFMDim_current_load"   --->   Operation 77 'mul' 'A_COL_ITER' <Predicate = true> <Delay = 6.91> <CoreInst = "Multiplier">   --->   Core 3 'Multiplier' <Latency = 1> <II = 1> <Delay = 6.91> <FuncUnit> <Opcode : 'mul'> <InPorts = 2> <OutPorts = 1>

State 10 <SV = 9> <Delay = 6.91>
ST_10 : Operation 78 [1/1] (0.00ns)   --->   "%B_COL_load = load i32 %B_COL"   --->   Operation 78 'load' 'B_COL_load' <Predicate = true> <Delay = 0.00>
ST_10 : Operation 79 [1/1] (0.00ns)   --->   "%cast2 = zext i32 %B_COL_load"   --->   Operation 79 'zext' 'cast2' <Predicate = true> <Delay = 0.00>
ST_10 : Operation 80 [2/2] (6.91ns)   --->   "%bound4 = mul i39 %cast2, i39 83"   --->   Operation 80 'mul' 'bound4' <Predicate = true> <Delay = 6.91> <CoreInst = "Multiplier">   --->   Core 3 'Multiplier' <Latency = 1> <II = 1> <Delay = 6.91> <FuncUnit> <Opcode : 'mul'> <InPorts = 2> <OutPorts = 1>
ST_10 : Operation 81 [1/1] (0.00ns)   --->   "%cast9 = zext i32 %valIn_a_5" [./../hw_library/fixed_point_stream_convolution.h:30]   --->   Operation 81 'zext' 'cast9' <Predicate = true> <Delay = 0.00>
ST_10 : Operation 82 [1/1] (0.00ns)   --->   "%cast10 = zext i32 %A_COL_ITER"   --->   Operation 82 'zext' 'cast10' <Predicate = true> <Delay = 0.00>
ST_10 : Operation 83 [2/2] (6.91ns)   --->   "%bound11 = mul i64 %cast9, i64 %cast10" [./../hw_library/fixed_point_stream_convolution.h:30]   --->   Operation 83 'mul' 'bound11' <Predicate = true> <Delay = 6.91> <CoreInst = "Multiplier">   --->   Core 3 'Multiplier' <Latency = 1> <II = 1> <Delay = 6.91> <FuncUnit> <Opcode : 'mul'> <InPorts = 2> <OutPorts = 1>

State 11 <SV = 10> <Delay = 6.91>
ST_11 : Operation 84 [1/1] (0.00ns)   --->   "%B_ROW_load = load i32 %B_ROW"   --->   Operation 84 'load' 'B_ROW_load' <Predicate = true> <Delay = 0.00>
ST_11 : Operation 85 [1/2] (6.91ns)   --->   "%bound4 = mul i39 %cast2, i39 83"   --->   Operation 85 'mul' 'bound4' <Predicate = true> <Delay = 6.91> <CoreInst = "Multiplier">   --->   Core 3 'Multiplier' <Latency = 1> <II = 1> <Delay = 6.91> <FuncUnit> <Opcode : 'mul'> <InPorts = 2> <OutPorts = 1>
ST_11 : Operation 86 [1/2] (6.91ns)   --->   "%bound11 = mul i64 %cast9, i64 %cast10" [./../hw_library/fixed_point_stream_convolution.h:30]   --->   Operation 86 'mul' 'bound11' <Predicate = true> <Delay = 6.91> <CoreInst = "Multiplier">   --->   Core 3 'Multiplier' <Latency = 1> <II = 1> <Delay = 6.91> <FuncUnit> <Opcode : 'mul'> <InPorts = 2> <OutPorts = 1>
ST_11 : Operation 87 [1/1] (0.00ns)   --->   "%br_ln96 = br void %VITIS_LOOP_104_5" [./../hw_library/fixed_point_stream_convolution.h:96]   --->   Operation 87 'br' 'br_ln96' <Predicate = true> <Delay = 0.00>

State 12 <SV = 11> <Delay = 6.07>
ST_12 : Operation 88 [1/1] (0.00ns)   --->   "%indvar_flatten13_load = load i64 %indvar_flatten13" [./../hw_library/fixed_point_stream_convolution.h:96]   --->   Operation 88 'load' 'indvar_flatten13_load' <Predicate = (valIn_a_4 == 0)> <Delay = 0.00>
ST_12 : Operation 89 [1/1] (3.52ns)   --->   "%icmp_ln96 = icmp_eq  i64 %indvar_flatten13_load, i64 %bound11" [./../hw_library/fixed_point_stream_convolution.h:96]   --->   Operation 89 'icmp' 'icmp_ln96' <Predicate = (valIn_a_4 == 0)> <Delay = 3.52> <CoreInst = "Cmp">   --->   Core 9 'Cmp' <Latency = 0> <II = 1> <Delay = 3.52> <FuncUnit> <Opcode : 'icmp'> <InPorts = 2> <OutPorts = 1>
ST_12 : Operation 90 [1/1] (3.52ns)   --->   "%add_ln96 = add i64 %indvar_flatten13_load, i64 1" [./../hw_library/fixed_point_stream_convolution.h:96]   --->   Operation 90 'add' 'add_ln96' <Predicate = (valIn_a_4 == 0)> <Delay = 3.52> <CoreInst = "Adder">   --->   Core 1 'Adder' <Latency = 0> <II = 1> <Delay = 3.52> <FuncUnit> <Opcode : 'add' 'sub'> <InPorts = 2> <OutPorts = 1>
ST_12 : Operation 91 [1/1] (0.00ns)   --->   "%br_ln96 = br i1 %icmp_ln96, void %for.inc144.loopexit, void %if.end160.loopexit" [./../hw_library/fixed_point_stream_convolution.h:96]   --->   Operation 91 'br' 'br_ln96' <Predicate = (valIn_a_4 == 0)> <Delay = 0.00>
ST_12 : Operation 92 [1/1] (0.00ns)   --->   "%empty_178 = wait i32 @_ssdm_op_Wait"   --->   Operation 92 'wait' 'empty_178' <Predicate = (valIn_a_4 == 0 & !icmp_ln96)> <Delay = 0.00>
ST_12 : Operation 93 [2/2] (2.55ns)   --->   "%call_ln0 = call void @SMM<1u, 500u, 50u>_Pipeline_VITIS_LOOP_105_6, i32 %connect_4, i32 %B_ROW_load, i8 %void_SMM_stream_stream_ap_int_32_0_unsigned_int_unsigned_int_int_A_9, i8 %void_SMM_stream_stream_ap_int_32_0_unsigned_int_unsigned_int_int_A_8, i8 %void_SMM_stream_stream_ap_int_32_0_unsigned_int_unsigned_int_int_A_7, i8 %void_SMM_stream_stream_ap_int_32_0_unsigned_int_unsigned_int_int_A_6, i8 %void_SMM_stream_stream_ap_int_32_0_unsigned_int_unsigned_int_int_A_5, i8 %void_SMM_stream_stream_ap_int_32_0_unsigned_int_unsigned_int_int_A_4, i8 %void_SMM_stream_stream_ap_int_32_0_unsigned_int_unsigned_int_int_A_3, i8 %void_SMM_stream_stream_ap_int_32_0_unsigned_int_unsigned_int_int_A_2, i8 %void_SMM_stream_stream_ap_int_32_0_unsigned_int_unsigned_int_int_A_1, i8 %void_SMM_stream_stream_ap_int_32_0_unsigned_int_unsigned_int_int_A, i8 %p_ZZ3SMMILj1ELj500ELj50EEvRN3hls6streamI6ap_intILi32EELi0EEES5_jjiE1A_10"   --->   Operation 93 'call' 'call_ln0' <Predicate = (valIn_a_4 == 0 & !icmp_ln96)> <Delay = 2.55> <CoreType = "Generic">   --->   Core 0 '' <Latency = 0> <II = 1> <Delay = 1.00> <Generic> <Opcode : >
ST_12 : Operation 94 [1/1] (1.58ns)   --->   "%store_ln96 = store i64 %add_ln96, i64 %indvar_flatten13" [./../hw_library/fixed_point_stream_convolution.h:96]   --->   Operation 94 'store' 'store_ln96' <Predicate = (valIn_a_4 == 0 & !icmp_ln96)> <Delay = 1.58>
ST_12 : Operation 95 [1/1] (0.00ns)   --->   "%br_ln0 = br void %if.end160"   --->   Operation 95 'br' 'br_ln0' <Predicate = (valIn_a_4 == 0 & icmp_ln96)> <Delay = 0.00>
ST_12 : Operation 96 [1/1] (0.00ns)   --->   "%rbegin8 = specregionbegin i32 @_ssdm_op_SpecRegionBegin, void @empty_14" [./../hw_library/fixed_point_stream_convolution.h:143]   --->   Operation 96 'specregionbegin' 'rbegin8' <Predicate = (valIn_a_4 != 2 & valIn_a_4 != 0)> <Delay = 0.00>
ST_12 : Operation 97 [1/1] (0.00ns)   --->   "%rend9 = specregionend i32 @_ssdm_op_SpecRegionEnd, void @empty_14, i32 %rbegin8" [./../hw_library/fixed_point_stream_convolution.h:143]   --->   Operation 97 'specregionend' 'rend9' <Predicate = (valIn_a_4 != 2 & valIn_a_4 != 0)> <Delay = 0.00>
ST_12 : Operation 98 [1/1] (0.00ns)   --->   "%rbegin6 = specregionbegin i32 @_ssdm_op_SpecRegionBegin, void @empty_15" [./../hw_library/fixed_point_stream_convolution.h:144]   --->   Operation 98 'specregionbegin' 'rbegin6' <Predicate = (valIn_a_4 != 2 & valIn_a_4 != 0)> <Delay = 0.00>
ST_12 : Operation 99 [1/1] (0.00ns)   --->   "%rend7 = specregionend i32 @_ssdm_op_SpecRegionEnd, void @empty_15, i32 %rbegin6" [./../hw_library/fixed_point_stream_convolution.h:144]   --->   Operation 99 'specregionend' 'rend7' <Predicate = (valIn_a_4 != 2 & valIn_a_4 != 0)> <Delay = 0.00>
ST_12 : Operation 100 [1/1] (0.00ns)   --->   "%rbegin = specregionbegin i32 @_ssdm_op_SpecRegionBegin, void @empty_16" [./../hw_library/fixed_point_stream_convolution.h:145]   --->   Operation 100 'specregionbegin' 'rbegin' <Predicate = (valIn_a_4 != 2 & valIn_a_4 != 0)> <Delay = 0.00>
ST_12 : Operation 101 [1/1] (0.00ns)   --->   "%rend = specregionend i32 @_ssdm_op_SpecRegionEnd, void @empty_16, i32 %rbegin" [./../hw_library/fixed_point_stream_convolution.h:145]   --->   Operation 101 'specregionend' 'rend' <Predicate = (valIn_a_4 != 2 & valIn_a_4 != 0)> <Delay = 0.00>
ST_12 : Operation 102 [1/2] (0.00ns)   --->   "%call_ln145 = call void @SMM<1u, 500u, 50u>_Pipeline_VITIS_LOOP_149_7, i32 %KER_bound, i32 %connect_4, i32 %connect_5" [./../hw_library/fixed_point_stream_convolution.h:145]   --->   Operation 102 'call' 'call_ln145' <Predicate = (valIn_a_4 != 2 & valIn_a_4 != 0)> <Delay = 0.00> <CoreType = "Generic">   --->   Core 0 '' <Latency = 0> <II = 1> <Delay = 1.00> <Generic> <Opcode : >
ST_12 : Operation 103 [1/1] (0.00ns)   --->   "%br_ln0 = br void %if.end160"   --->   Operation 103 'br' 'br_ln0' <Predicate = (valIn_a_4 != 2 & valIn_a_4 != 0)> <Delay = 0.00>
ST_12 : Operation 104 [1/1] (0.00ns)   --->   "%br_ln0 = br void %if.end161"   --->   Operation 104 'br' 'br_ln0' <Predicate = (valIn_a_4 != 2 & icmp_ln96) | (valIn_a_4 != 2 & valIn_a_4 != 0)> <Delay = 0.00>

State 13 <SV = 12> <Delay = 0.00>
ST_13 : Operation 105 [1/2] (0.00ns)   --->   "%call_ln0 = call void @SMM<1u, 500u, 50u>_Pipeline_VITIS_LOOP_105_6, i32 %connect_4, i32 %B_ROW_load, i8 %void_SMM_stream_stream_ap_int_32_0_unsigned_int_unsigned_int_int_A_9, i8 %void_SMM_stream_stream_ap_int_32_0_unsigned_int_unsigned_int_int_A_8, i8 %void_SMM_stream_stream_ap_int_32_0_unsigned_int_unsigned_int_int_A_7, i8 %void_SMM_stream_stream_ap_int_32_0_unsigned_int_unsigned_int_int_A_6, i8 %void_SMM_stream_stream_ap_int_32_0_unsigned_int_unsigned_int_int_A_5, i8 %void_SMM_stream_stream_ap_int_32_0_unsigned_int_unsigned_int_int_A_4, i8 %void_SMM_stream_stream_ap_int_32_0_unsigned_int_unsigned_int_int_A_3, i8 %void_SMM_stream_stream_ap_int_32_0_unsigned_int_unsigned_int_int_A_2, i8 %void_SMM_stream_stream_ap_int_32_0_unsigned_int_unsigned_int_int_A_1, i8 %void_SMM_stream_stream_ap_int_32_0_unsigned_int_unsigned_int_int_A, i8 %p_ZZ3SMMILj1ELj500ELj50EEvRN3hls6streamI6ap_intILi32EELi0EEES5_jjiE1A_10"   --->   Operation 105 'call' 'call_ln0' <Predicate = true> <Delay = 0.00> <CoreType = "Generic">   --->   Core 0 '' <Latency = 0> <II = 1> <Delay = 1.00> <Generic> <Opcode : >

State 14 <SV = 13> <Delay = 0.00>
ST_14 : Operation 106 [1/1] (0.00ns)   --->   "%empty_179 = wait i32 @_ssdm_op_Wait"   --->   Operation 106 'wait' 'empty_179' <Predicate = true> <Delay = 0.00>

State 15 <SV = 14> <Delay = 0.00>
ST_15 : Operation 107 [1/1] (0.00ns)   --->   "%empty_180 = wait i32 @_ssdm_op_Wait"   --->   Operation 107 'wait' 'empty_180' <Predicate = true> <Delay = 0.00>
ST_15 : Operation 108 [2/2] (0.00ns)   --->   "%call_ln0 = call void @SMM<1u, 500u, 50u>_Pipeline_L2_L3, i39 %bound4, i32 %connect_5, i8 %void_SMM_stream_stream_ap_int_32_0_unsigned_int_unsigned_int_int_A_9, i8 %void_SMM_stream_stream_ap_int_32_0_unsigned_int_unsigned_int_int_A_8, i8 %void_SMM_stream_stream_ap_int_32_0_unsigned_int_unsigned_int_int_A_7, i8 %void_SMM_stream_stream_ap_int_32_0_unsigned_int_unsigned_int_int_A_6, i8 %void_SMM_stream_stream_ap_int_32_0_unsigned_int_unsigned_int_int_A_5, i8 %void_SMM_stream_stream_ap_int_32_0_unsigned_int_unsigned_int_int_A_4, i8 %void_SMM_stream_stream_ap_int_32_0_unsigned_int_unsigned_int_int_A_3, i8 %void_SMM_stream_stream_ap_int_32_0_unsigned_int_unsigned_int_int_A_2, i8 %void_SMM_stream_stream_ap_int_32_0_unsigned_int_unsigned_int_int_A_1, i8 %void_SMM_stream_stream_ap_int_32_0_unsigned_int_unsigned_int_int_A, i8 %p_ZZ3SMMILj1ELj500ELj50EEvRN3hls6streamI6ap_intILi32EELi0EEES5_jjiE1A_10, i8 %void_SMM_stream_stream_ap_int_32_0_unsigned_int_unsigned_int_int_B_9, i8 %void_SMM_stream_stream_ap_int_32_0_unsigned_int_unsigned_int_int_B_8, i8 %void_SMM_stream_stream_ap_int_32_0_unsigned_int_unsigned_int_int_B_7, i8 %void_SMM_stream_stream_ap_int_32_0_unsigned_int_unsigned_int_int_B_6, i8 %void_SMM_stream_stream_ap_int_32_0_unsigned_int_unsigned_int_int_B_5, i8 %void_SMM_stream_stream_ap_int_32_0_unsigned_int_unsigned_int_int_B_4, i8 %void_SMM_stream_stream_ap_int_32_0_unsigned_int_unsigned_int_int_B_3, i8 %void_SMM_stream_stream_ap_int_32_0_unsigned_int_unsigned_int_int_B_2, i8 %void_SMM_stream_stream_ap_int_32_0_unsigned_int_unsigned_int_int_B_1, i8 %void_SMM_stream_stream_ap_int_32_0_unsigned_int_unsigned_int_int_B, i8 %p_ZZ3SMMILj1ELj500ELj50EEvRN3hls6streamI6ap_intILi32EELi0EEES5_jjiE1B_10"   --->   Operation 108 'call' 'call_ln0' <Predicate = true> <Delay = 0.00> <CoreType = "Generic">   --->   Core 0 '' <Latency = 0> <II = 1> <Delay = 1.00> <Generic> <Opcode : >

State 16 <SV = 15> <Delay = 0.00>
ST_16 : Operation 109 [1/1] (0.00ns)   --->   "%specloopname_ln0 = specloopname void @_ssdm_op_SpecLoopName, void @VITIS_LOOP_96_3_VITIS_LOOP_102_4_str"   --->   Operation 109 'specloopname' 'specloopname_ln0' <Predicate = true> <Delay = 0.00>
ST_16 : Operation 110 [1/2] (0.00ns)   --->   "%call_ln0 = call void @SMM<1u, 500u, 50u>_Pipeline_L2_L3, i39 %bound4, i32 %connect_5, i8 %void_SMM_stream_stream_ap_int_32_0_unsigned_int_unsigned_int_int_A_9, i8 %void_SMM_stream_stream_ap_int_32_0_unsigned_int_unsigned_int_int_A_8, i8 %void_SMM_stream_stream_ap_int_32_0_unsigned_int_unsigned_int_int_A_7, i8 %void_SMM_stream_stream_ap_int_32_0_unsigned_int_unsigned_int_int_A_6, i8 %void_SMM_stream_stream_ap_int_32_0_unsigned_int_unsigned_int_int_A_5, i8 %void_SMM_stream_stream_ap_int_32_0_unsigned_int_unsigned_int_int_A_4, i8 %void_SMM_stream_stream_ap_int_32_0_unsigned_int_unsigned_int_int_A_3, i8 %void_SMM_stream_stream_ap_int_32_0_unsigned_int_unsigned_int_int_A_2, i8 %void_SMM_stream_stream_ap_int_32_0_unsigned_int_unsigned_int_int_A_1, i8 %void_SMM_stream_stream_ap_int_32_0_unsigned_int_unsigned_int_int_A, i8 %p_ZZ3SMMILj1ELj500ELj50EEvRN3hls6streamI6ap_intILi32EELi0EEES5_jjiE1A_10, i8 %void_SMM_stream_stream_ap_int_32_0_unsigned_int_unsigned_int_int_B_9, i8 %void_SMM_stream_stream_ap_int_32_0_unsigned_int_unsigned_int_int_B_8, i8 %void_SMM_stream_stream_ap_int_32_0_unsigned_int_unsigned_int_int_B_7, i8 %void_SMM_stream_stream_ap_int_32_0_unsigned_int_unsigned_int_int_B_6, i8 %void_SMM_stream_stream_ap_int_32_0_unsigned_int_unsigned_int_int_B_5, i8 %void_SMM_stream_stream_ap_int_32_0_unsigned_int_unsigned_int_int_B_4, i8 %void_SMM_stream_stream_ap_int_32_0_unsigned_int_unsigned_int_int_B_3, i8 %void_SMM_stream_stream_ap_int_32_0_unsigned_int_unsigned_int_int_B_2, i8 %void_SMM_stream_stream_ap_int_32_0_unsigned_int_unsigned_int_int_B_1, i8 %void_SMM_stream_stream_ap_int_32_0_unsigned_int_unsigned_int_int_B, i8 %p_ZZ3SMMILj1ELj500ELj50EEvRN3hls6streamI6ap_intILi32EELi0EEES5_jjiE1B_10"   --->   Operation 110 'call' 'call_ln0' <Predicate = true> <Delay = 0.00> <CoreType = "Generic">   --->   Core 0 '' <Latency = 0> <II = 1> <Delay = 1.00> <Generic> <Opcode : >
ST_16 : Operation 111 [1/1] (0.00ns)   --->   "%br_ln102 = br void %VITIS_LOOP_104_5" [./../hw_library/fixed_point_stream_convolution.h:102]   --->   Operation 111 'br' 'br_ln102' <Predicate = true> <Delay = 0.00>

State 17 <SV = 8> <Delay = 6.91>
ST_17 : Operation 112 [1/2] (6.91ns)   --->   "%mul_ln75 = mul i32 %valIn_a_6, i32 %valIn_a_7" [./../hw_library/fixed_point_stream_convolution.h:75]   --->   Operation 112 'mul' 'mul_ln75' <Predicate = true> <Delay = 6.91> <CoreInst = "Multiplier">   --->   Core 3 'Multiplier' <Latency = 1> <II = 1> <Delay = 6.91> <FuncUnit> <Opcode : 'mul'> <InPorts = 2> <OutPorts = 1>

State 18 <SV = 9> <Delay = 6.91>
ST_18 : Operation 113 [2/2] (6.91ns)   --->   "%mul_ln75_1 = mul i32 %mul_ln75, i32 %valIn_a_6" [./../hw_library/fixed_point_stream_convolution.h:75]   --->   Operation 113 'mul' 'mul_ln75_1' <Predicate = true> <Delay = 6.91> <CoreInst = "Multiplier">   --->   Core 3 'Multiplier' <Latency = 1> <II = 1> <Delay = 6.91> <FuncUnit> <Opcode : 'mul'> <InPorts = 2> <OutPorts = 1>

State 19 <SV = 10> <Delay = 6.91>
ST_19 : Operation 114 [1/2] (6.91ns)   --->   "%mul_ln75_1 = mul i32 %mul_ln75, i32 %valIn_a_6" [./../hw_library/fixed_point_stream_convolution.h:75]   --->   Operation 114 'mul' 'mul_ln75_1' <Predicate = true> <Delay = 6.91> <CoreInst = "Multiplier">   --->   Core 3 'Multiplier' <Latency = 1> <II = 1> <Delay = 6.91> <FuncUnit> <Opcode : 'mul'> <InPorts = 2> <OutPorts = 1>
ST_19 : Operation 115 [1/1] (0.00ns)   --->   "%store_ln75 = store i32 %mul_ln75_1, i32 %B_ROW" [./../hw_library/fixed_point_stream_convolution.h:75]   --->   Operation 115 'store' 'store_ln75' <Predicate = true> <Delay = 0.00>

State 20 <SV = 11> <Delay = 2.55>
ST_20 : Operation 116 [2/2] (2.55ns)   --->   "%call_ln46 = call void @SMM<1u, 500u, 50u>_Pipeline_VITIS_LOOP_78_1_VITIS_LOOP_79_2, i32 %connect_5, i32 %connect_4, i32 %valIn_a_8, i32 %mul_ln75_1, i8 %void_SMM_stream_stream_ap_int_32_0_unsigned_int_unsigned_int_int_B_9, i8 %void_SMM_stream_stream_ap_int_32_0_unsigned_int_unsigned_int_int_B_8, i8 %void_SMM_stream_stream_ap_int_32_0_unsigned_int_unsigned_int_int_B_7, i8 %void_SMM_stream_stream_ap_int_32_0_unsigned_int_unsigned_int_int_B_6, i8 %void_SMM_stream_stream_ap_int_32_0_unsigned_int_unsigned_int_int_B_5, i8 %void_SMM_stream_stream_ap_int_32_0_unsigned_int_unsigned_int_int_B_4, i8 %void_SMM_stream_stream_ap_int_32_0_unsigned_int_unsigned_int_int_B_3, i8 %void_SMM_stream_stream_ap_int_32_0_unsigned_int_unsigned_int_int_B_2, i8 %void_SMM_stream_stream_ap_int_32_0_unsigned_int_unsigned_int_int_B_1, i8 %void_SMM_stream_stream_ap_int_32_0_unsigned_int_unsigned_int_int_B, i8 %p_ZZ3SMMILj1ELj500ELj50EEvRN3hls6streamI6ap_intILi32EELi0EEES5_jjiE1B_10" [./../hw_library/fixed_point_stream_convolution.h:46]   --->   Operation 116 'call' 'call_ln46' <Predicate = true> <Delay = 2.55> <CoreType = "Generic">   --->   Core 0 '' <Latency = 0> <II = 1> <Delay = 1.00> <Generic> <Opcode : >

State 21 <SV = 12> <Delay = 0.00>
ST_21 : Operation 117 [1/2] (0.00ns)   --->   "%call_ln46 = call void @SMM<1u, 500u, 50u>_Pipeline_VITIS_LOOP_78_1_VITIS_LOOP_79_2, i32 %connect_5, i32 %connect_4, i32 %valIn_a_8, i32 %mul_ln75_1, i8 %void_SMM_stream_stream_ap_int_32_0_unsigned_int_unsigned_int_int_B_9, i8 %void_SMM_stream_stream_ap_int_32_0_unsigned_int_unsigned_int_int_B_8, i8 %void_SMM_stream_stream_ap_int_32_0_unsigned_int_unsigned_int_int_B_7, i8 %void_SMM_stream_stream_ap_int_32_0_unsigned_int_unsigned_int_int_B_6, i8 %void_SMM_stream_stream_ap_int_32_0_unsigned_int_unsigned_int_int_B_5, i8 %void_SMM_stream_stream_ap_int_32_0_unsigned_int_unsigned_int_int_B_4, i8 %void_SMM_stream_stream_ap_int_32_0_unsigned_int_unsigned_int_int_B_3, i8 %void_SMM_stream_stream_ap_int_32_0_unsigned_int_unsigned_int_int_B_2, i8 %void_SMM_stream_stream_ap_int_32_0_unsigned_int_unsigned_int_int_B_1, i8 %void_SMM_stream_stream_ap_int_32_0_unsigned_int_unsigned_int_int_B, i8 %p_ZZ3SMMILj1ELj500ELj50EEvRN3hls6streamI6ap_intILi32EELi0EEES5_jjiE1B_10" [./../hw_library/fixed_point_stream_convolution.h:46]   --->   Operation 117 'call' 'call_ln46' <Predicate = (valIn_a_4 == 2)> <Delay = 0.00> <CoreType = "Generic">   --->   Core 0 '' <Latency = 0> <II = 1> <Delay = 1.00> <Generic> <Opcode : >
ST_21 : Operation 118 [1/1] (0.00ns)   --->   "%br_ln0 = br void %if.end161"   --->   Operation 118 'br' 'br_ln0' <Predicate = (valIn_a_4 == 2)> <Delay = 0.00>
ST_21 : Operation 119 [1/1] (0.00ns)   --->   "%ret_ln155 = ret" [./../hw_library/fixed_point_stream_convolution.h:155]   --->   Operation 119 'ret' 'ret_ln155' <Predicate = true> <Delay = 0.00>

State 22 <SV = 8> <Delay = 12.5>
ST_22 : Operation 120 [1/1] (12.5ns)   --->   "%KER_size_1 = mul i32 %valIn_a_6, i32 %KER_size_0" [./../hw_library/fixed_point_stream_convolution.h:144]   --->   Operation 120 'mul' 'KER_size_1' <Predicate = true> <Delay = 12.5> <CoreInst = "Mul_LUT">   --->   Core 4 'Mul_LUT' <Latency = 0> <II = 1> <Delay = 12.5> <FuncUnit> <Opcode : 'mul'> <InPorts = 2> <OutPorts = 1>
ST_22 : Operation 121 [1/1] (0.00ns)   --->   "%specfucore_ln147 = specfucore void @_ssdm_op_SpecFUCore, i32 %KER_size_1, i64 12, i64 4, i64 18446744073709551615" [./../hw_library/fixed_point_stream_convolution.h:147]   --->   Operation 121 'specfucore' 'specfucore_ln147' <Predicate = true> <Delay = 0.00>

State 23 <SV = 9> <Delay = 12.5>
ST_23 : Operation 122 [1/1] (12.5ns)   --->   "%KER_bound = mul i32 %valIn_a_7, i32 %KER_size_1" [./../hw_library/fixed_point_stream_convolution.h:145]   --->   Operation 122 'mul' 'KER_bound' <Predicate = true> <Delay = 12.5> <CoreInst = "Mul_LUT">   --->   Core 4 'Mul_LUT' <Latency = 0> <II = 1> <Delay = 12.5> <FuncUnit> <Opcode : 'mul'> <InPorts = 2> <OutPorts = 1>
ST_23 : Operation 123 [1/1] (0.00ns)   --->   "%specfucore_ln148 = specfucore void @_ssdm_op_SpecFUCore, i32 %KER_bound, i64 12, i64 4, i64 18446744073709551615" [./../hw_library/fixed_point_stream_convolution.h:148]   --->   Operation 123 'specfucore' 'specfucore_ln148' <Predicate = true> <Delay = 0.00>

State 24 <SV = 10> <Delay = 4.14>
ST_24 : Operation 124 [2/2] (4.14ns)   --->   "%call_ln145 = call void @SMM<1u, 500u, 50u>_Pipeline_VITIS_LOOP_149_7, i32 %KER_bound, i32 %connect_4, i32 %connect_5" [./../hw_library/fixed_point_stream_convolution.h:145]   --->   Operation 124 'call' 'call_ln145' <Predicate = true> <Delay = 4.14> <CoreType = "Generic">   --->   Core 0 '' <Latency = 0> <II = 1> <Delay = 1.00> <Generic> <Opcode : >


============================================================
+ Verbose Summary: Timing violations
============================================================
Target clock period: 10.000ns, clock uncertainty: 2.700ns.

 <State 1>: 7.215ns
The critical path consists of the following:
	fifo read operation ('valIn_a', ./../hw_library/fixed_point_stream_convolution.h:26) on port 'connect_4' (./../hw_library/fixed_point_stream_convolution.h:26) [52]  (3.581 ns)
	fifo write operation ('write_ln28', ./../hw_library/fixed_point_stream_convolution.h:28) on port 'connect_5' (./../hw_library/fixed_point_stream_convolution.h:28) [53]  (3.634 ns)

 <State 2>: 7.215ns
The critical path consists of the following:
	fifo read operation ('valIn_a', ./../hw_library/fixed_point_stream_convolution.h:30) on port 'connect_4' (./../hw_library/fixed_point_stream_convolution.h:30) [54]  (3.581 ns)
	fifo write operation ('write_ln32', ./../hw_library/fixed_point_stream_convolution.h:32) on port 'connect_5' (./../hw_library/fixed_point_stream_convolution.h:32) [55]  (3.634 ns)

 <State 3>: 7.215ns
The critical path consists of the following:
	fifo read operation ('valIn_a', ./../hw_library/fixed_point_stream_convolution.h:34) on port 'connect_4' (./../hw_library/fixed_point_stream_convolution.h:34) [56]  (3.581 ns)
	fifo write operation ('write_ln36', ./../hw_library/fixed_point_stream_convolution.h:36) on port 'connect_5' (./../hw_library/fixed_point_stream_convolution.h:36) [57]  (3.634 ns)

 <State 4>: 7.215ns
The critical path consists of the following:
	fifo read operation ('valIn_a', ./../hw_library/fixed_point_stream_convolution.h:38) on port 'connect_4' (./../hw_library/fixed_point_stream_convolution.h:38) [58]  (3.581 ns)
	fifo write operation ('write_ln40', ./../hw_library/fixed_point_stream_convolution.h:40) on port 'connect_5' (./../hw_library/fixed_point_stream_convolution.h:40) [59]  (3.634 ns)

 <State 5>: 7.215ns
The critical path consists of the following:
	fifo read operation ('valIn_a', ./../hw_library/fixed_point_stream_convolution.h:42) on port 'connect_4' (./../hw_library/fixed_point_stream_convolution.h:42) [60]  (3.581 ns)
	fifo write operation ('write_ln44', ./../hw_library/fixed_point_stream_convolution.h:44) on port 'connect_5' (./../hw_library/fixed_point_stream_convolution.h:44) [61]  (3.634 ns)

 <State 6>: 7.215ns
The critical path consists of the following:
	fifo read operation ('valIn_a', ./../hw_library/fixed_point_stream_convolution.h:46) on port 'connect_4' (./../hw_library/fixed_point_stream_convolution.h:46) [62]  (3.581 ns)
	fifo write operation ('write_ln48', ./../hw_library/fixed_point_stream_convolution.h:48) on port 'connect_5' (./../hw_library/fixed_point_stream_convolution.h:48) [63]  (3.634 ns)

 <State 7>: 7.215ns
The critical path consists of the following:
	fifo read operation ('valIn_a', ./../hw_library/fixed_point_stream_convolution.h:50) on port 'connect_4' (./../hw_library/fixed_point_stream_convolution.h:50) [64]  (3.581 ns)
	fifo write operation ('write_ln52', ./../hw_library/fixed_point_stream_convolution.h:52) on port 'connect_5' (./../hw_library/fixed_point_stream_convolution.h:52) [65]  (3.634 ns)

 <State 8>: 12.592ns
The critical path consists of the following:
	'mul' operation 32 bit ('KER_size_0', ./../hw_library/fixed_point_stream_convolution.h:143) [109]  (12.592 ns)

 <State 9>: 6.912ns
The critical path consists of the following:
	'mul' operation 32 bit ('A_COL_ITER') [72]  (6.912 ns)

 <State 10>: 6.912ns
The critical path consists of the following:
	'load' operation 32 bit ('B_COL_load') on static variable 'B_COL' [74]  (0.000 ns)
	'mul' operation 39 bit ('bound4') [76]  (6.912 ns)

 <State 11>: 6.912ns
The critical path consists of the following:
	'mul' operation 39 bit ('bound4') [76]  (6.912 ns)

 <State 12>: 6.072ns
The critical path consists of the following:
	'load' operation 64 bit ('indvar_flatten13_load', ./../hw_library/fixed_point_stream_convolution.h:96) on local variable 'indvar_flatten13' [83]  (0.000 ns)
	'icmp' operation 1 bit ('icmp_ln96', ./../hw_library/fixed_point_stream_convolution.h:96) [84]  (3.520 ns)
	'store' operation 0 bit ('store_ln96', ./../hw_library/fixed_point_stream_convolution.h:96) of variable 'add_ln96', ./../hw_library/fixed_point_stream_convolution.h:96 on local variable 'indvar_flatten13' [94]  (1.588 ns)
	blocking operation 0.964 ns on control path)

 <State 13>: 0.000ns
The critical path consists of the following:

 <State 14>: 0.000ns
The critical path consists of the following:

 <State 15>: 0.000ns
The critical path consists of the following:

 <State 16>: 0.000ns
The critical path consists of the following:

 <State 17>: 6.912ns
The critical path consists of the following:
	'mul' operation 32 bit ('mul_ln75', ./../hw_library/fixed_point_stream_convolution.h:75) [100]  (6.912 ns)

 <State 18>: 6.912ns
The critical path consists of the following:
	'mul' operation 32 bit ('mul_ln75_1', ./../hw_library/fixed_point_stream_convolution.h:75) [101]  (6.912 ns)

 <State 19>: 6.912ns
The critical path consists of the following:
	'mul' operation 32 bit ('mul_ln75_1', ./../hw_library/fixed_point_stream_convolution.h:75) [101]  (6.912 ns)

 <State 20>: 2.552ns
The critical path consists of the following:
	'call' operation 0 bit ('call_ln46', ./../hw_library/fixed_point_stream_convolution.h:46) to 'SMM<1u, 500u, 50u>_Pipeline_VITIS_LOOP_78_1_VITIS_LOOP_79_2' [105]  (2.552 ns)

 <State 21>: 0.000ns
The critical path consists of the following:

 <State 22>: 12.592ns
The critical path consists of the following:
	'mul' operation 32 bit ('KER_size_1', ./../hw_library/fixed_point_stream_convolution.h:144) [113]  (12.592 ns)

 <State 23>: 12.592ns
The critical path consists of the following:
	'mul' operation 32 bit ('KER_bound', ./../hw_library/fixed_point_stream_convolution.h:145) [117]  (12.592 ns)

 <State 24>: 4.140ns
The critical path consists of the following:
	'call' operation 0 bit ('call_ln145', ./../hw_library/fixed_point_stream_convolution.h:145) to 'SMM<1u, 500u, 50u>_Pipeline_VITIS_LOOP_149_7' [121]  (4.140 ns)


============================================================
+ Verbose Summary: Binding
============================================================
N/A
* FSMD analyzer results:
  - Output states:
 - Input state : 
  - Chain level:
	State 1
	State 2
	State 3
	State 4
	State 5
	State 6
	State 7
	State 8
	State 9
	State 10
	State 11
	State 12
	State 13
	State 14
	State 15
	State 16
	State 17
	State 18
	State 19
	State 20
	State 21
	State 22
	State 23
	State 24


============================================================
+ Verbose Summary: Datapath Resource usage 
============================================================
N/A
