================================================================
== Design Size Report
================================================================

* Total Instructions per Compilation Phase
+---------------+-----------------------------+--------------+----------------------------------------------------------------------------------------+
| Phase         | Step                        | Instructions | Description                                                                            |
+---------------+-----------------------------+--------------+----------------------------------------------------------------------------------------+
| Compile/Link  |                             |   859        | After all functions are compiled and linked into a single design                       |
|               |                             |              |                                                                                        |
| Unroll/Inline |                             |              | After user unroll and inline pragmas are applied                                       |
|               | (1) unroll                  |   642        | user unroll pragmas are applied                                                        |
|               | (2) simplification          |   486        | simplification of applied user unroll pragmas                                          |
|               | (3) inline                  |   457        | user inline pragmas are applied                                                        |
|               | (4) simplification          |   457        | simplification of applied user inline pragmas                                          |
|               |                             |              |                                                                                        |
| Array/Struct  |                             |              | After user array partition and struct aggregate/disaggregate pragmas are applied       |
|               | (1) array partition         | 3,438        | user array partition pragmas are applied                                               |
|               | (2) simplification          | 1,100        | simplification of applied user array partition & struct aggregate/disaggregate pragmas |
|               | (3) aggregate/disaggregate  | 1,100        | user struct aggregate/disaggregate pragmas are applied                                 |
|               | (4) array reshape           | 1,096        | apply array reshape pragmas                                                            |
|               | (5) access patterns         | 1,035        | array access pattern optmizations                                                      |
|               |                             |              |                                                                                        |
| Performance   |                             |              | After transformations are applied to meet performance pragma targets                   |
|               | (1) loop simplification     | 1,034        | loop and instruction simplification                                                    |
|               | (2) parallelization         | 1,029        | loops are unrolled or pipelined to meet performance targets                            |
|               | (3) array partition         | 1,029        | arrays are partitioned to meet performance targets                                     |
|               | (4) simplification          | 1,029        | simplification of design after performance transformations                             |
|               |                             |              |                                                                                        |
| HW Transforms |                             |              | After hardware transfomations                                                          |
|               | (1) lowering                | 1,030        | initial conversion to HW specific instructions                                         |
|               | (2) optimizations           | 1,094        | high level synthesis optimizations                                                     |
+---------------+-----------------------------+--------------+----------------------------------------------------------------------------------------+

* Instructions per Function for each Compilation Phase
+--------------+--------------------------+--------------+---------------+--------------+-------------+---------------+
| Function     | Location                 | Compile/Link | Unroll/Inline | Array/Struct | Performance | HW Transforms |
+--------------+--------------------------+--------------+---------------+--------------+-------------+---------------+
|   FC_CIF_0_1 | fully_connected_1.cpp:35 | 859          | 457           | 1,035        | 1,029       | 1,094         |
+--------------+--------------------------+--------------+---------------+--------------+-------------+---------------+

* Design Size Message Settings
+---------------------------------------------+--------+------------------------------------------------------------------+
| Message Setting                             | Value  | Description                                                      |
+---------------------------------------------+--------+------------------------------------------------------------------+
| config_compile -design_size_maximum_warning | 100000 | Show a warning when total design instructions exceeds this value |
+---------------------------------------------+--------+------------------------------------------------------------------+


