

================================================================
== Vitis HLS Report for 'FC_CIF_0_1_Pipeline_VITIS_LOOP_104_1_VITIS_LOOP_105_2'
================================================================
* Date:           Mon Oct 28 10:02:21 2024

* Version:        2023.2 (Build 4023990 on Oct 11 2023)
* Project:        FC_CIF_0_1
* Solution:       solution1 (Vivado IP Flow Target)
* Product family: zynq
* Target device:  xc7z020-clg484-1


================================================================
== Performance Estimates
================================================================
+ Timing: 
    * Summary: 
    +--------+----------+----------+------------+
    |  Clock |  Target  | Estimated| Uncertainty|
    +--------+----------+----------+------------+
    |ap_clk  |  10.00 ns|  8.371 ns|     2.70 ns|
    +--------+----------+----------+------------+

+ Latency: 
    * Summary: 
    +---------+---------+----------+----------+-------+-------+---------+
    |  Latency (cycles) |  Latency (absolute) |    Interval   | Pipeline|
    |   min   |   max   |    min   |    max   |  min  |  max  |   Type  |
    +---------+---------+----------+----------+-------+-------+---------+
    |    65538|    65538|  0.655 ms|  0.655 ms|  65538|  65538|       no|
    +---------+---------+----------+----------+-------+-------+---------+

    + Detail: 
        * Instance: 
        N/A

        * Loop: 
        +-------------------------------------+---------+---------+----------+-----------+-----------+-------+----------+
        |                                     |  Latency (cycles) | Iteration|  Initiation Interval  |  Trip |          |
        |              Loop Name              |   min   |   max   |  Latency |  achieved |   target  | Count | Pipelined|
        +-------------------------------------+---------+---------+----------+-----------+-----------+-------+----------+
        |- VITIS_LOOP_104_1_VITIS_LOOP_105_2  |    65536|    65536|         2|          1|          1|  65536|       yes|
        +-------------------------------------+---------+---------+----------+-----------+-----------+-------+----------+



================================================================
== Utilization Estimates
================================================================
* Summary: 
+-----------------+---------+-----+--------+-------+-----+
|       Name      | BRAM_18K| DSP |   FF   |  LUT  | URAM|
+-----------------+---------+-----+--------+-------+-----+
|DSP              |        -|    -|       -|      -|    -|
|Expression       |        -|    -|       0|    345|    -|
|FIFO             |        -|    -|       -|      -|    -|
|Instance         |        -|    -|       -|      -|    -|
|Memory           |        -|    -|       -|      -|    -|
|Multiplexer      |        -|    -|       -|    520|    -|
|Register         |        -|    -|     148|      -|    -|
+-----------------+---------+-----+--------+-------+-----+
|Total            |        0|    0|     148|    865|    0|
+-----------------+---------+-----+--------+-------+-----+
|Available        |      280|  220|  106400|  53200|    0|
+-----------------+---------+-----+--------+-------+-----+
|Utilization (%)  |        0|    0|      ~0|      1|    0|
+-----------------+---------+-----+--------+-------+-----+

+ Detail: 
    * Instance: 
    N/A

    * DSP: 
    N/A

    * Memory: 
    N/A

    * FIFO: 
    N/A

    * Expression: 
    +----------------------------------+----------+----+---+----+------------+------------+
    |           Variable Name          | Operation| DSP| FF| LUT| Bitwidth P0| Bitwidth P1|
    +----------------------------------+----------+----+---+----+------------+------------+
    |add_ln104_1_fu_723_p2             |         +|   0|  0|  24|          17|           1|
    |add_ln104_fu_735_p2               |         +|   0|  0|  14|           7|           1|
    |add_ln105_fu_826_p2               |         +|   0|  0|  12|          11|           1|
    |ap_block_state2_pp0_stage0_iter1  |       and|   0|  0|   2|           1|           1|
    |ap_block_state3_io                |       and|   0|  0|   2|           1|           1|
    |ap_condition_862                  |       and|   0|  0|   2|           1|           1|
    |ap_condition_865                  |       and|   0|  0|   2|           1|           1|
    |ap_condition_868                  |       and|   0|  0|   2|           1|           1|
    |ap_condition_871                  |       and|   0|  0|   2|           1|           1|
    |ap_condition_874                  |       and|   0|  0|   2|           1|           1|
    |ap_condition_877                  |       and|   0|  0|   2|           1|           1|
    |ap_condition_880                  |       and|   0|  0|   2|           1|           1|
    |ap_condition_883                  |       and|   0|  0|   2|           1|           1|
    |ap_condition_886                  |       and|   0|  0|   2|           1|           1|
    |ap_condition_889                  |       and|   0|  0|   2|           1|           1|
    |ap_condition_893                  |       and|   0|  0|   2|           1|           1|
    |ap_condition_896                  |       and|   0|  0|   2|           1|           1|
    |ap_condition_899                  |       and|   0|  0|   2|           1|           1|
    |ap_condition_902                  |       and|   0|  0|   2|           1|           1|
    |ap_condition_905                  |       and|   0|  0|   2|           1|           1|
    |ap_condition_908                  |       and|   0|  0|   2|           1|           1|
    |ap_condition_911                  |       and|   0|  0|   2|           1|           1|
    |ap_condition_914                  |       and|   0|  0|   2|           1|           1|
    |ap_condition_917                  |       and|   0|  0|   2|           1|           1|
    |ap_condition_920                  |       and|   0|  0|   2|           1|           1|
    |ap_condition_923                  |       and|   0|  0|   2|           1|           1|
    |ap_condition_926                  |       and|   0|  0|   2|           1|           1|
    |ap_condition_929                  |       and|   0|  0|   2|           1|           1|
    |ap_condition_932                  |       and|   0|  0|   2|           1|           1|
    |ap_condition_935                  |       and|   0|  0|   2|           1|           1|
    |ap_condition_938                  |       and|   0|  0|   2|           1|           1|
    |ap_condition_941                  |       and|   0|  0|   2|           1|           1|
    |ap_condition_944                  |       and|   0|  0|   2|           1|           1|
    |ap_condition_947                  |       and|   0|  0|   2|           1|           1|
    |ap_condition_950                  |       and|   0|  0|   2|           1|           1|
    |ap_condition_953                  |       and|   0|  0|   2|           1|           1|
    |ap_condition_956                  |       and|   0|  0|   2|           1|           1|
    |ap_predicate_op40_read_state2     |       and|   0|  0|   2|           1|           1|
    |valOut_last_fu_893_p2             |       and|   0|  0|   2|           1|           1|
    |cmp45_fu_771_p2                   |      icmp|   0|  0|  39|          32|          32|
    |icmp_ln104_fu_717_p2              |      icmp|   0|  0|  25|          17|          18|
    |icmp_ln105_fu_741_p2              |      icmp|   0|  0|  12|          11|          12|
    |icmp_ln108_fu_805_p2              |      icmp|   0|  0|  39|          32|          32|
    |icmp_ln112_fu_889_p2              |      icmp|   0|  0|  39|          32|          32|
    |ult_fu_776_p2                     |      icmp|   0|  0|  39|          32|          32|
    |ap_block_pp0_stage0_01001         |        or|   0|  0|   2|           1|           1|
    |ap_block_pp0_stage0_11001         |        or|   0|  0|   2|           1|           1|
    |or_ln108_fu_816_p2                |        or|   0|  0|   2|           1|           1|
    |select_ln104_1_fu_755_p3          |    select|   0|  0|   7|           1|           7|
    |select_ln104_fu_747_p3            |    select|   0|  0|  11|           1|           1|
    |ap_enable_pp0                     |       xor|   0|  0|   2|           1|           2|
    |rev_fu_781_p2                     |       xor|   0|  0|   2|           1|           2|
    |xor_ln108_fu_810_p2               |       xor|   0|  0|   2|           1|           2|
    +----------------------------------+----------+----+---+----+------------+------------+
    |Total                             |          |   0|  0| 345|         235|         214|
    +----------------------------------+----------+----+---+----+------------+------------+

    * Multiplexer: 
    +----------------------------------------------------------+----+-----------+-----+-----------+
    |                           Name                           | LUT| Input Size| Bits| Total Bits|
    +----------------------------------------------------------+----+-----------+-----+-----------+
    |FC_CIF_0_1_stream_AXI_VAL_0_stream_AXI_VAL_0_B_10_d0      |  14|          3|   16|         48|
    |FC_CIF_0_1_stream_AXI_VAL_0_stream_AXI_VAL_0_B_11_d0      |  14|          3|   16|         48|
    |FC_CIF_0_1_stream_AXI_VAL_0_stream_AXI_VAL_0_B_12_d0      |  14|          3|   16|         48|
    |FC_CIF_0_1_stream_AXI_VAL_0_stream_AXI_VAL_0_B_13_d0      |  14|          3|   16|         48|
    |FC_CIF_0_1_stream_AXI_VAL_0_stream_AXI_VAL_0_B_14_d0      |  14|          3|   16|         48|
    |FC_CIF_0_1_stream_AXI_VAL_0_stream_AXI_VAL_0_B_15_d0      |  14|          3|   16|         48|
    |FC_CIF_0_1_stream_AXI_VAL_0_stream_AXI_VAL_0_B_16_d0      |  14|          3|   16|         48|
    |FC_CIF_0_1_stream_AXI_VAL_0_stream_AXI_VAL_0_B_17_d0      |  14|          3|   16|         48|
    |FC_CIF_0_1_stream_AXI_VAL_0_stream_AXI_VAL_0_B_18_d0      |  14|          3|   16|         48|
    |FC_CIF_0_1_stream_AXI_VAL_0_stream_AXI_VAL_0_B_d0         |  14|          3|   16|         48|
    |ap_done_int                                               |   9|          2|    1|          2|
    |ap_enable_reg_pp0_iter1                                   |   9|          2|    1|          2|
    |ap_enable_reg_pp0_iter2                                   |   9|          2|    1|          2|
    |i_2_fu_206                                                |   9|          2|    7|         14|
    |in_stream_a_TDATA_blk_n                                   |   9|          2|    1|          2|
    |indvar_flatten_fu_210                                     |   9|          2|   17|         34|
    |j_fu_202                                                  |   9|          2|   11|         22|
    |out_stream_TDATA_blk_n                                    |   9|          2|    1|          2|
    |p_ZZ10FC_CIF_0_1RN3hls6streamI7AXI_VALLi0EEES3_E1B_10_d0  |  14|          3|   16|         48|
    |p_ZZ10FC_CIF_0_1RN3hls6streamI7AXI_VALLi0EEES3_E1B_11_d0  |  14|          3|   16|         48|
    |p_ZZ10FC_CIF_0_1RN3hls6streamI7AXI_VALLi0EEES3_E1B_12_d0  |  14|          3|   16|         48|
    |p_ZZ10FC_CIF_0_1RN3hls6streamI7AXI_VALLi0EEES3_E1B_13_d0  |  14|          3|   16|         48|
    |p_ZZ10FC_CIF_0_1RN3hls6streamI7AXI_VALLi0EEES3_E1B_14_d0  |  14|          3|   16|         48|
    |p_ZZ10FC_CIF_0_1RN3hls6streamI7AXI_VALLi0EEES3_E1B_15_d0  |  14|          3|   16|         48|
    |p_ZZ10FC_CIF_0_1RN3hls6streamI7AXI_VALLi0EEES3_E1B_16_d0  |  14|          3|   16|         48|
    |p_ZZ10FC_CIF_0_1RN3hls6streamI7AXI_VALLi0EEES3_E1B_17_d0  |  14|          3|   16|         48|
    |p_ZZ10FC_CIF_0_1RN3hls6streamI7AXI_VALLi0EEES3_E1B_18_d0  |  14|          3|   16|         48|
    |p_ZZ10FC_CIF_0_1RN3hls6streamI7AXI_VALLi0EEES3_E1B_19_d0  |  14|          3|   16|         48|
    |p_ZZ10FC_CIF_0_1RN3hls6streamI7AXI_VALLi0EEES3_E1B_20_d0  |  14|          3|   16|         48|
    |p_ZZ10FC_CIF_0_1RN3hls6streamI7AXI_VALLi0EEES3_E1B_21_d0  |  14|          3|   16|         48|
    |p_ZZ10FC_CIF_0_1RN3hls6streamI7AXI_VALLi0EEES3_E1B_22_d0  |  14|          3|   16|         48|
    |p_ZZ10FC_CIF_0_1RN3hls6streamI7AXI_VALLi0EEES3_E1B_23_d0  |  14|          3|   16|         48|
    |p_ZZ10FC_CIF_0_1RN3hls6streamI7AXI_VALLi0EEES3_E1B_24_d0  |  14|          3|   16|         48|
    |p_ZZ10FC_CIF_0_1RN3hls6streamI7AXI_VALLi0EEES3_E1B_25_d0  |  14|          3|   16|         48|
    |p_ZZ10FC_CIF_0_1RN3hls6streamI7AXI_VALLi0EEES3_E1B_26_d0  |  14|          3|   16|         48|
    |p_ZZ10FC_CIF_0_1RN3hls6streamI7AXI_VALLi0EEES3_E1B_27_d0  |  14|          3|   16|         48|
    |p_ZZ10FC_CIF_0_1RN3hls6streamI7AXI_VALLi0EEES3_E1B_28_d0  |  14|          3|   16|         48|
    |p_ZZ10FC_CIF_0_1RN3hls6streamI7AXI_VALLi0EEES3_E1B_29_d0  |  14|          3|   16|         48|
    |p_ZZ10FC_CIF_0_1RN3hls6streamI7AXI_VALLi0EEES3_E1B_30_d0  |  14|          3|   16|         48|
    |p_ZZ10FC_CIF_0_1RN3hls6streamI7AXI_VALLi0EEES3_E1B_31_d0  |  14|          3|   16|         48|
    +----------------------------------------------------------+----+-----------+-----+-----------+
    |Total                                                     | 520|        112|  552|       1616|
    +----------------------------------------------------------+----+-----------+-----+-----------+

    * Register: 
    +--------------------------+----+----+-----+-----------+
    |           Name           | FF | LUT| Bits| Const Bits|
    +--------------------------+----+----+-----+-----------+
    |ap_CS_fsm                 |   1|   0|    1|          0|
    |ap_done_reg               |   1|   0|    1|          0|
    |ap_enable_reg_pp0_iter1   |   1|   0|    1|          0|
    |ap_enable_reg_pp0_iter2   |   1|   0|    1|          0|
    |cmp45_reg_957             |   1|   0|    1|          0|
    |i_2_fu_206                |   7|   0|    7|          0|
    |in_stream_a_read_reg_980  |  64|   0|   64|          0|
    |indvar_flatten_fu_210     |  17|   0|   17|          0|
    |j_fu_202                  |  11|   0|   11|          0|
    |or_ln108_reg_976          |   1|   0|    1|          0|
    |trunc_ln104_reg_952       |   6|   0|    6|          0|
    |trunc_ln105_reg_967       |   5|   0|    5|          0|
    |trunc_ln110_reg_985       |  16|   0|   16|          0|
    |trunc_ln_reg_972          |   5|   0|    5|          0|
    |zext_ln105_reg_962        |  11|   0|   32|         21|
    +--------------------------+----+----+-----+-----------+
    |Total                     | 148|   0|  169|         21|
    +--------------------------+----+----+-----+-----------+



================================================================
== Interface
================================================================
* Summary: 
+----------------------------------------------------------------+-----+-----+------------+-------------------------------------------------------+--------------+
|                            RTL Ports                           | Dir | Bits|  Protocol  |                     Source Object                     |    C Type    |
+----------------------------------------------------------------+-----+-----+------------+-------------------------------------------------------+--------------+
|ap_clk                                                          |   in|    1|  ap_ctrl_hs|  FC_CIF_0_1_Pipeline_VITIS_LOOP_104_1_VITIS_LOOP_105_2|  return value|
|ap_rst                                                          |   in|    1|  ap_ctrl_hs|  FC_CIF_0_1_Pipeline_VITIS_LOOP_104_1_VITIS_LOOP_105_2|  return value|
|ap_start                                                        |   in|    1|  ap_ctrl_hs|  FC_CIF_0_1_Pipeline_VITIS_LOOP_104_1_VITIS_LOOP_105_2|  return value|
|ap_done                                                         |  out|    1|  ap_ctrl_hs|  FC_CIF_0_1_Pipeline_VITIS_LOOP_104_1_VITIS_LOOP_105_2|  return value|
|ap_idle                                                         |  out|    1|  ap_ctrl_hs|  FC_CIF_0_1_Pipeline_VITIS_LOOP_104_1_VITIS_LOOP_105_2|  return value|
|ap_ready                                                        |  out|    1|  ap_ctrl_hs|  FC_CIF_0_1_Pipeline_VITIS_LOOP_104_1_VITIS_LOOP_105_2|  return value|
|in_stream_a_TVALID                                              |   in|    1|        axis|                                            in_stream_a|       pointer|
|in_stream_a_TDATA                                               |   in|   64|        axis|                                            in_stream_a|       pointer|
|in_stream_a_TREADY                                              |  out|    1|        axis|                                            in_stream_a|       pointer|
|out_stream_TREADY                                               |   in|    1|        axis|                                             out_stream|       pointer|
|out_stream_TDATA                                                |  out|   64|        axis|                                             out_stream|       pointer|
|out_stream_TVALID                                               |  out|    1|        axis|                                             out_stream|       pointer|
|sub47                                                           |   in|   32|     ap_none|                                                  sub47|        scalar|
|sub                                                             |   in|   32|     ap_none|                                                    sub|        scalar|
|empty                                                           |   in|   32|     ap_none|                                                  empty|        scalar|
|mul_ln101_1                                                     |   in|   32|     ap_none|                                            mul_ln101_1|        scalar|
|FC_CIF_0_1_stream_AXI_VAL_0_stream_AXI_VAL_0_B_address0         |  out|   11|   ap_memory|         FC_CIF_0_1_stream_AXI_VAL_0_stream_AXI_VAL_0_B|         array|
|FC_CIF_0_1_stream_AXI_VAL_0_stream_AXI_VAL_0_B_ce0              |  out|    1|   ap_memory|         FC_CIF_0_1_stream_AXI_VAL_0_stream_AXI_VAL_0_B|         array|
|FC_CIF_0_1_stream_AXI_VAL_0_stream_AXI_VAL_0_B_we0              |  out|    1|   ap_memory|         FC_CIF_0_1_stream_AXI_VAL_0_stream_AXI_VAL_0_B|         array|
|FC_CIF_0_1_stream_AXI_VAL_0_stream_AXI_VAL_0_B_d0               |  out|   16|   ap_memory|         FC_CIF_0_1_stream_AXI_VAL_0_stream_AXI_VAL_0_B|         array|
|FC_CIF_0_1_stream_AXI_VAL_0_stream_AXI_VAL_0_B_10_address0      |  out|   11|   ap_memory|      FC_CIF_0_1_stream_AXI_VAL_0_stream_AXI_VAL_0_B_10|         array|
|FC_CIF_0_1_stream_AXI_VAL_0_stream_AXI_VAL_0_B_10_ce0           |  out|    1|   ap_memory|      FC_CIF_0_1_stream_AXI_VAL_0_stream_AXI_VAL_0_B_10|         array|
|FC_CIF_0_1_stream_AXI_VAL_0_stream_AXI_VAL_0_B_10_we0           |  out|    1|   ap_memory|      FC_CIF_0_1_stream_AXI_VAL_0_stream_AXI_VAL_0_B_10|         array|
|FC_CIF_0_1_stream_AXI_VAL_0_stream_AXI_VAL_0_B_10_d0            |  out|   16|   ap_memory|      FC_CIF_0_1_stream_AXI_VAL_0_stream_AXI_VAL_0_B_10|         array|
|FC_CIF_0_1_stream_AXI_VAL_0_stream_AXI_VAL_0_B_11_address0      |  out|   11|   ap_memory|      FC_CIF_0_1_stream_AXI_VAL_0_stream_AXI_VAL_0_B_11|         array|
|FC_CIF_0_1_stream_AXI_VAL_0_stream_AXI_VAL_0_B_11_ce0           |  out|    1|   ap_memory|      FC_CIF_0_1_stream_AXI_VAL_0_stream_AXI_VAL_0_B_11|         array|
|FC_CIF_0_1_stream_AXI_VAL_0_stream_AXI_VAL_0_B_11_we0           |  out|    1|   ap_memory|      FC_CIF_0_1_stream_AXI_VAL_0_stream_AXI_VAL_0_B_11|         array|
|FC_CIF_0_1_stream_AXI_VAL_0_stream_AXI_VAL_0_B_11_d0            |  out|   16|   ap_memory|      FC_CIF_0_1_stream_AXI_VAL_0_stream_AXI_VAL_0_B_11|         array|
|FC_CIF_0_1_stream_AXI_VAL_0_stream_AXI_VAL_0_B_12_address0      |  out|   11|   ap_memory|      FC_CIF_0_1_stream_AXI_VAL_0_stream_AXI_VAL_0_B_12|         array|
|FC_CIF_0_1_stream_AXI_VAL_0_stream_AXI_VAL_0_B_12_ce0           |  out|    1|   ap_memory|      FC_CIF_0_1_stream_AXI_VAL_0_stream_AXI_VAL_0_B_12|         array|
|FC_CIF_0_1_stream_AXI_VAL_0_stream_AXI_VAL_0_B_12_we0           |  out|    1|   ap_memory|      FC_CIF_0_1_stream_AXI_VAL_0_stream_AXI_VAL_0_B_12|         array|
|FC_CIF_0_1_stream_AXI_VAL_0_stream_AXI_VAL_0_B_12_d0            |  out|   16|   ap_memory|      FC_CIF_0_1_stream_AXI_VAL_0_stream_AXI_VAL_0_B_12|         array|
|FC_CIF_0_1_stream_AXI_VAL_0_stream_AXI_VAL_0_B_13_address0      |  out|   11|   ap_memory|      FC_CIF_0_1_stream_AXI_VAL_0_stream_AXI_VAL_0_B_13|         array|
|FC_CIF_0_1_stream_AXI_VAL_0_stream_AXI_VAL_0_B_13_ce0           |  out|    1|   ap_memory|      FC_CIF_0_1_stream_AXI_VAL_0_stream_AXI_VAL_0_B_13|         array|
|FC_CIF_0_1_stream_AXI_VAL_0_stream_AXI_VAL_0_B_13_we0           |  out|    1|   ap_memory|      FC_CIF_0_1_stream_AXI_VAL_0_stream_AXI_VAL_0_B_13|         array|
|FC_CIF_0_1_stream_AXI_VAL_0_stream_AXI_VAL_0_B_13_d0            |  out|   16|   ap_memory|      FC_CIF_0_1_stream_AXI_VAL_0_stream_AXI_VAL_0_B_13|         array|
|FC_CIF_0_1_stream_AXI_VAL_0_stream_AXI_VAL_0_B_14_address0      |  out|   11|   ap_memory|      FC_CIF_0_1_stream_AXI_VAL_0_stream_AXI_VAL_0_B_14|         array|
|FC_CIF_0_1_stream_AXI_VAL_0_stream_AXI_VAL_0_B_14_ce0           |  out|    1|   ap_memory|      FC_CIF_0_1_stream_AXI_VAL_0_stream_AXI_VAL_0_B_14|         array|
|FC_CIF_0_1_stream_AXI_VAL_0_stream_AXI_VAL_0_B_14_we0           |  out|    1|   ap_memory|      FC_CIF_0_1_stream_AXI_VAL_0_stream_AXI_VAL_0_B_14|         array|
|FC_CIF_0_1_stream_AXI_VAL_0_stream_AXI_VAL_0_B_14_d0            |  out|   16|   ap_memory|      FC_CIF_0_1_stream_AXI_VAL_0_stream_AXI_VAL_0_B_14|         array|
|FC_CIF_0_1_stream_AXI_VAL_0_stream_AXI_VAL_0_B_15_address0      |  out|   11|   ap_memory|      FC_CIF_0_1_stream_AXI_VAL_0_stream_AXI_VAL_0_B_15|         array|
|FC_CIF_0_1_stream_AXI_VAL_0_stream_AXI_VAL_0_B_15_ce0           |  out|    1|   ap_memory|      FC_CIF_0_1_stream_AXI_VAL_0_stream_AXI_VAL_0_B_15|         array|
|FC_CIF_0_1_stream_AXI_VAL_0_stream_AXI_VAL_0_B_15_we0           |  out|    1|   ap_memory|      FC_CIF_0_1_stream_AXI_VAL_0_stream_AXI_VAL_0_B_15|         array|
|FC_CIF_0_1_stream_AXI_VAL_0_stream_AXI_VAL_0_B_15_d0            |  out|   16|   ap_memory|      FC_CIF_0_1_stream_AXI_VAL_0_stream_AXI_VAL_0_B_15|         array|
|FC_CIF_0_1_stream_AXI_VAL_0_stream_AXI_VAL_0_B_16_address0      |  out|   11|   ap_memory|      FC_CIF_0_1_stream_AXI_VAL_0_stream_AXI_VAL_0_B_16|         array|
|FC_CIF_0_1_stream_AXI_VAL_0_stream_AXI_VAL_0_B_16_ce0           |  out|    1|   ap_memory|      FC_CIF_0_1_stream_AXI_VAL_0_stream_AXI_VAL_0_B_16|         array|
|FC_CIF_0_1_stream_AXI_VAL_0_stream_AXI_VAL_0_B_16_we0           |  out|    1|   ap_memory|      FC_CIF_0_1_stream_AXI_VAL_0_stream_AXI_VAL_0_B_16|         array|
|FC_CIF_0_1_stream_AXI_VAL_0_stream_AXI_VAL_0_B_16_d0            |  out|   16|   ap_memory|      FC_CIF_0_1_stream_AXI_VAL_0_stream_AXI_VAL_0_B_16|         array|
|FC_CIF_0_1_stream_AXI_VAL_0_stream_AXI_VAL_0_B_17_address0      |  out|   11|   ap_memory|      FC_CIF_0_1_stream_AXI_VAL_0_stream_AXI_VAL_0_B_17|         array|
|FC_CIF_0_1_stream_AXI_VAL_0_stream_AXI_VAL_0_B_17_ce0           |  out|    1|   ap_memory|      FC_CIF_0_1_stream_AXI_VAL_0_stream_AXI_VAL_0_B_17|         array|
|FC_CIF_0_1_stream_AXI_VAL_0_stream_AXI_VAL_0_B_17_we0           |  out|    1|   ap_memory|      FC_CIF_0_1_stream_AXI_VAL_0_stream_AXI_VAL_0_B_17|         array|
|FC_CIF_0_1_stream_AXI_VAL_0_stream_AXI_VAL_0_B_17_d0            |  out|   16|   ap_memory|      FC_CIF_0_1_stream_AXI_VAL_0_stream_AXI_VAL_0_B_17|         array|
|FC_CIF_0_1_stream_AXI_VAL_0_stream_AXI_VAL_0_B_18_address0      |  out|   11|   ap_memory|      FC_CIF_0_1_stream_AXI_VAL_0_stream_AXI_VAL_0_B_18|         array|
|FC_CIF_0_1_stream_AXI_VAL_0_stream_AXI_VAL_0_B_18_ce0           |  out|    1|   ap_memory|      FC_CIF_0_1_stream_AXI_VAL_0_stream_AXI_VAL_0_B_18|         array|
|FC_CIF_0_1_stream_AXI_VAL_0_stream_AXI_VAL_0_B_18_we0           |  out|    1|   ap_memory|      FC_CIF_0_1_stream_AXI_VAL_0_stream_AXI_VAL_0_B_18|         array|
|FC_CIF_0_1_stream_AXI_VAL_0_stream_AXI_VAL_0_B_18_d0            |  out|   16|   ap_memory|      FC_CIF_0_1_stream_AXI_VAL_0_stream_AXI_VAL_0_B_18|         array|
|p_ZZ10FC_CIF_0_1RN3hls6streamI7AXI_VALLi0EEES3_E1B_10_address0  |  out|   11|   ap_memory|  p_ZZ10FC_CIF_0_1RN3hls6streamI7AXI_VALLi0EEES3_E1B_10|         array|
|p_ZZ10FC_CIF_0_1RN3hls6streamI7AXI_VALLi0EEES3_E1B_10_ce0       |  out|    1|   ap_memory|  p_ZZ10FC_CIF_0_1RN3hls6streamI7AXI_VALLi0EEES3_E1B_10|         array|
|p_ZZ10FC_CIF_0_1RN3hls6streamI7AXI_VALLi0EEES3_E1B_10_we0       |  out|    1|   ap_memory|  p_ZZ10FC_CIF_0_1RN3hls6streamI7AXI_VALLi0EEES3_E1B_10|         array|
|p_ZZ10FC_CIF_0_1RN3hls6streamI7AXI_VALLi0EEES3_E1B_10_d0        |  out|   16|   ap_memory|  p_ZZ10FC_CIF_0_1RN3hls6streamI7AXI_VALLi0EEES3_E1B_10|         array|
|p_ZZ10FC_CIF_0_1RN3hls6streamI7AXI_VALLi0EEES3_E1B_11_address0  |  out|   11|   ap_memory|  p_ZZ10FC_CIF_0_1RN3hls6streamI7AXI_VALLi0EEES3_E1B_11|         array|
|p_ZZ10FC_CIF_0_1RN3hls6streamI7AXI_VALLi0EEES3_E1B_11_ce0       |  out|    1|   ap_memory|  p_ZZ10FC_CIF_0_1RN3hls6streamI7AXI_VALLi0EEES3_E1B_11|         array|
|p_ZZ10FC_CIF_0_1RN3hls6streamI7AXI_VALLi0EEES3_E1B_11_we0       |  out|    1|   ap_memory|  p_ZZ10FC_CIF_0_1RN3hls6streamI7AXI_VALLi0EEES3_E1B_11|         array|
|p_ZZ10FC_CIF_0_1RN3hls6streamI7AXI_VALLi0EEES3_E1B_11_d0        |  out|   16|   ap_memory|  p_ZZ10FC_CIF_0_1RN3hls6streamI7AXI_VALLi0EEES3_E1B_11|         array|
|p_ZZ10FC_CIF_0_1RN3hls6streamI7AXI_VALLi0EEES3_E1B_12_address0  |  out|   11|   ap_memory|  p_ZZ10FC_CIF_0_1RN3hls6streamI7AXI_VALLi0EEES3_E1B_12|         array|
|p_ZZ10FC_CIF_0_1RN3hls6streamI7AXI_VALLi0EEES3_E1B_12_ce0       |  out|    1|   ap_memory|  p_ZZ10FC_CIF_0_1RN3hls6streamI7AXI_VALLi0EEES3_E1B_12|         array|
|p_ZZ10FC_CIF_0_1RN3hls6streamI7AXI_VALLi0EEES3_E1B_12_we0       |  out|    1|   ap_memory|  p_ZZ10FC_CIF_0_1RN3hls6streamI7AXI_VALLi0EEES3_E1B_12|         array|
|p_ZZ10FC_CIF_0_1RN3hls6streamI7AXI_VALLi0EEES3_E1B_12_d0        |  out|   16|   ap_memory|  p_ZZ10FC_CIF_0_1RN3hls6streamI7AXI_VALLi0EEES3_E1B_12|         array|
|p_ZZ10FC_CIF_0_1RN3hls6streamI7AXI_VALLi0EEES3_E1B_13_address0  |  out|   11|   ap_memory|  p_ZZ10FC_CIF_0_1RN3hls6streamI7AXI_VALLi0EEES3_E1B_13|         array|
|p_ZZ10FC_CIF_0_1RN3hls6streamI7AXI_VALLi0EEES3_E1B_13_ce0       |  out|    1|   ap_memory|  p_ZZ10FC_CIF_0_1RN3hls6streamI7AXI_VALLi0EEES3_E1B_13|         array|
|p_ZZ10FC_CIF_0_1RN3hls6streamI7AXI_VALLi0EEES3_E1B_13_we0       |  out|    1|   ap_memory|  p_ZZ10FC_CIF_0_1RN3hls6streamI7AXI_VALLi0EEES3_E1B_13|         array|
|p_ZZ10FC_CIF_0_1RN3hls6streamI7AXI_VALLi0EEES3_E1B_13_d0        |  out|   16|   ap_memory|  p_ZZ10FC_CIF_0_1RN3hls6streamI7AXI_VALLi0EEES3_E1B_13|         array|
|p_ZZ10FC_CIF_0_1RN3hls6streamI7AXI_VALLi0EEES3_E1B_14_address0  |  out|   11|   ap_memory|  p_ZZ10FC_CIF_0_1RN3hls6streamI7AXI_VALLi0EEES3_E1B_14|         array|
|p_ZZ10FC_CIF_0_1RN3hls6streamI7AXI_VALLi0EEES3_E1B_14_ce0       |  out|    1|   ap_memory|  p_ZZ10FC_CIF_0_1RN3hls6streamI7AXI_VALLi0EEES3_E1B_14|         array|
|p_ZZ10FC_CIF_0_1RN3hls6streamI7AXI_VALLi0EEES3_E1B_14_we0       |  out|    1|   ap_memory|  p_ZZ10FC_CIF_0_1RN3hls6streamI7AXI_VALLi0EEES3_E1B_14|         array|
|p_ZZ10FC_CIF_0_1RN3hls6streamI7AXI_VALLi0EEES3_E1B_14_d0        |  out|   16|   ap_memory|  p_ZZ10FC_CIF_0_1RN3hls6streamI7AXI_VALLi0EEES3_E1B_14|         array|
|p_ZZ10FC_CIF_0_1RN3hls6streamI7AXI_VALLi0EEES3_E1B_15_address0  |  out|   11|   ap_memory|  p_ZZ10FC_CIF_0_1RN3hls6streamI7AXI_VALLi0EEES3_E1B_15|         array|
|p_ZZ10FC_CIF_0_1RN3hls6streamI7AXI_VALLi0EEES3_E1B_15_ce0       |  out|    1|   ap_memory|  p_ZZ10FC_CIF_0_1RN3hls6streamI7AXI_VALLi0EEES3_E1B_15|         array|
|p_ZZ10FC_CIF_0_1RN3hls6streamI7AXI_VALLi0EEES3_E1B_15_we0       |  out|    1|   ap_memory|  p_ZZ10FC_CIF_0_1RN3hls6streamI7AXI_VALLi0EEES3_E1B_15|         array|
|p_ZZ10FC_CIF_0_1RN3hls6streamI7AXI_VALLi0EEES3_E1B_15_d0        |  out|   16|   ap_memory|  p_ZZ10FC_CIF_0_1RN3hls6streamI7AXI_VALLi0EEES3_E1B_15|         array|
|p_ZZ10FC_CIF_0_1RN3hls6streamI7AXI_VALLi0EEES3_E1B_16_address0  |  out|   11|   ap_memory|  p_ZZ10FC_CIF_0_1RN3hls6streamI7AXI_VALLi0EEES3_E1B_16|         array|
|p_ZZ10FC_CIF_0_1RN3hls6streamI7AXI_VALLi0EEES3_E1B_16_ce0       |  out|    1|   ap_memory|  p_ZZ10FC_CIF_0_1RN3hls6streamI7AXI_VALLi0EEES3_E1B_16|         array|
|p_ZZ10FC_CIF_0_1RN3hls6streamI7AXI_VALLi0EEES3_E1B_16_we0       |  out|    1|   ap_memory|  p_ZZ10FC_CIF_0_1RN3hls6streamI7AXI_VALLi0EEES3_E1B_16|         array|
|p_ZZ10FC_CIF_0_1RN3hls6streamI7AXI_VALLi0EEES3_E1B_16_d0        |  out|   16|   ap_memory|  p_ZZ10FC_CIF_0_1RN3hls6streamI7AXI_VALLi0EEES3_E1B_16|         array|
|p_ZZ10FC_CIF_0_1RN3hls6streamI7AXI_VALLi0EEES3_E1B_17_address0  |  out|   11|   ap_memory|  p_ZZ10FC_CIF_0_1RN3hls6streamI7AXI_VALLi0EEES3_E1B_17|         array|
|p_ZZ10FC_CIF_0_1RN3hls6streamI7AXI_VALLi0EEES3_E1B_17_ce0       |  out|    1|   ap_memory|  p_ZZ10FC_CIF_0_1RN3hls6streamI7AXI_VALLi0EEES3_E1B_17|         array|
|p_ZZ10FC_CIF_0_1RN3hls6streamI7AXI_VALLi0EEES3_E1B_17_we0       |  out|    1|   ap_memory|  p_ZZ10FC_CIF_0_1RN3hls6streamI7AXI_VALLi0EEES3_E1B_17|         array|
|p_ZZ10FC_CIF_0_1RN3hls6streamI7AXI_VALLi0EEES3_E1B_17_d0        |  out|   16|   ap_memory|  p_ZZ10FC_CIF_0_1RN3hls6streamI7AXI_VALLi0EEES3_E1B_17|         array|
|p_ZZ10FC_CIF_0_1RN3hls6streamI7AXI_VALLi0EEES3_E1B_18_address0  |  out|   11|   ap_memory|  p_ZZ10FC_CIF_0_1RN3hls6streamI7AXI_VALLi0EEES3_E1B_18|         array|
|p_ZZ10FC_CIF_0_1RN3hls6streamI7AXI_VALLi0EEES3_E1B_18_ce0       |  out|    1|   ap_memory|  p_ZZ10FC_CIF_0_1RN3hls6streamI7AXI_VALLi0EEES3_E1B_18|         array|
|p_ZZ10FC_CIF_0_1RN3hls6streamI7AXI_VALLi0EEES3_E1B_18_we0       |  out|    1|   ap_memory|  p_ZZ10FC_CIF_0_1RN3hls6streamI7AXI_VALLi0EEES3_E1B_18|         array|
|p_ZZ10FC_CIF_0_1RN3hls6streamI7AXI_VALLi0EEES3_E1B_18_d0        |  out|   16|   ap_memory|  p_ZZ10FC_CIF_0_1RN3hls6streamI7AXI_VALLi0EEES3_E1B_18|         array|
|p_ZZ10FC_CIF_0_1RN3hls6streamI7AXI_VALLi0EEES3_E1B_19_address0  |  out|   11|   ap_memory|  p_ZZ10FC_CIF_0_1RN3hls6streamI7AXI_VALLi0EEES3_E1B_19|         array|
|p_ZZ10FC_CIF_0_1RN3hls6streamI7AXI_VALLi0EEES3_E1B_19_ce0       |  out|    1|   ap_memory|  p_ZZ10FC_CIF_0_1RN3hls6streamI7AXI_VALLi0EEES3_E1B_19|         array|
|p_ZZ10FC_CIF_0_1RN3hls6streamI7AXI_VALLi0EEES3_E1B_19_we0       |  out|    1|   ap_memory|  p_ZZ10FC_CIF_0_1RN3hls6streamI7AXI_VALLi0EEES3_E1B_19|         array|
|p_ZZ10FC_CIF_0_1RN3hls6streamI7AXI_VALLi0EEES3_E1B_19_d0        |  out|   16|   ap_memory|  p_ZZ10FC_CIF_0_1RN3hls6streamI7AXI_VALLi0EEES3_E1B_19|         array|
|p_ZZ10FC_CIF_0_1RN3hls6streamI7AXI_VALLi0EEES3_E1B_20_address0  |  out|   11|   ap_memory|  p_ZZ10FC_CIF_0_1RN3hls6streamI7AXI_VALLi0EEES3_E1B_20|         array|
|p_ZZ10FC_CIF_0_1RN3hls6streamI7AXI_VALLi0EEES3_E1B_20_ce0       |  out|    1|   ap_memory|  p_ZZ10FC_CIF_0_1RN3hls6streamI7AXI_VALLi0EEES3_E1B_20|         array|
|p_ZZ10FC_CIF_0_1RN3hls6streamI7AXI_VALLi0EEES3_E1B_20_we0       |  out|    1|   ap_memory|  p_ZZ10FC_CIF_0_1RN3hls6streamI7AXI_VALLi0EEES3_E1B_20|         array|
|p_ZZ10FC_CIF_0_1RN3hls6streamI7AXI_VALLi0EEES3_E1B_20_d0        |  out|   16|   ap_memory|  p_ZZ10FC_CIF_0_1RN3hls6streamI7AXI_VALLi0EEES3_E1B_20|         array|
|p_ZZ10FC_CIF_0_1RN3hls6streamI7AXI_VALLi0EEES3_E1B_21_address0  |  out|   11|   ap_memory|  p_ZZ10FC_CIF_0_1RN3hls6streamI7AXI_VALLi0EEES3_E1B_21|         array|
|p_ZZ10FC_CIF_0_1RN3hls6streamI7AXI_VALLi0EEES3_E1B_21_ce0       |  out|    1|   ap_memory|  p_ZZ10FC_CIF_0_1RN3hls6streamI7AXI_VALLi0EEES3_E1B_21|         array|
|p_ZZ10FC_CIF_0_1RN3hls6streamI7AXI_VALLi0EEES3_E1B_21_we0       |  out|    1|   ap_memory|  p_ZZ10FC_CIF_0_1RN3hls6streamI7AXI_VALLi0EEES3_E1B_21|         array|
|p_ZZ10FC_CIF_0_1RN3hls6streamI7AXI_VALLi0EEES3_E1B_21_d0        |  out|   16|   ap_memory|  p_ZZ10FC_CIF_0_1RN3hls6streamI7AXI_VALLi0EEES3_E1B_21|         array|
|p_ZZ10FC_CIF_0_1RN3hls6streamI7AXI_VALLi0EEES3_E1B_22_address0  |  out|   11|   ap_memory|  p_ZZ10FC_CIF_0_1RN3hls6streamI7AXI_VALLi0EEES3_E1B_22|         array|
|p_ZZ10FC_CIF_0_1RN3hls6streamI7AXI_VALLi0EEES3_E1B_22_ce0       |  out|    1|   ap_memory|  p_ZZ10FC_CIF_0_1RN3hls6streamI7AXI_VALLi0EEES3_E1B_22|         array|
|p_ZZ10FC_CIF_0_1RN3hls6streamI7AXI_VALLi0EEES3_E1B_22_we0       |  out|    1|   ap_memory|  p_ZZ10FC_CIF_0_1RN3hls6streamI7AXI_VALLi0EEES3_E1B_22|         array|
|p_ZZ10FC_CIF_0_1RN3hls6streamI7AXI_VALLi0EEES3_E1B_22_d0        |  out|   16|   ap_memory|  p_ZZ10FC_CIF_0_1RN3hls6streamI7AXI_VALLi0EEES3_E1B_22|         array|
|p_ZZ10FC_CIF_0_1RN3hls6streamI7AXI_VALLi0EEES3_E1B_23_address0  |  out|   11|   ap_memory|  p_ZZ10FC_CIF_0_1RN3hls6streamI7AXI_VALLi0EEES3_E1B_23|         array|
|p_ZZ10FC_CIF_0_1RN3hls6streamI7AXI_VALLi0EEES3_E1B_23_ce0       |  out|    1|   ap_memory|  p_ZZ10FC_CIF_0_1RN3hls6streamI7AXI_VALLi0EEES3_E1B_23|         array|
|p_ZZ10FC_CIF_0_1RN3hls6streamI7AXI_VALLi0EEES3_E1B_23_we0       |  out|    1|   ap_memory|  p_ZZ10FC_CIF_0_1RN3hls6streamI7AXI_VALLi0EEES3_E1B_23|         array|
|p_ZZ10FC_CIF_0_1RN3hls6streamI7AXI_VALLi0EEES3_E1B_23_d0        |  out|   16|   ap_memory|  p_ZZ10FC_CIF_0_1RN3hls6streamI7AXI_VALLi0EEES3_E1B_23|         array|
|p_ZZ10FC_CIF_0_1RN3hls6streamI7AXI_VALLi0EEES3_E1B_24_address0  |  out|   11|   ap_memory|  p_ZZ10FC_CIF_0_1RN3hls6streamI7AXI_VALLi0EEES3_E1B_24|         array|
|p_ZZ10FC_CIF_0_1RN3hls6streamI7AXI_VALLi0EEES3_E1B_24_ce0       |  out|    1|   ap_memory|  p_ZZ10FC_CIF_0_1RN3hls6streamI7AXI_VALLi0EEES3_E1B_24|         array|
|p_ZZ10FC_CIF_0_1RN3hls6streamI7AXI_VALLi0EEES3_E1B_24_we0       |  out|    1|   ap_memory|  p_ZZ10FC_CIF_0_1RN3hls6streamI7AXI_VALLi0EEES3_E1B_24|         array|
|p_ZZ10FC_CIF_0_1RN3hls6streamI7AXI_VALLi0EEES3_E1B_24_d0        |  out|   16|   ap_memory|  p_ZZ10FC_CIF_0_1RN3hls6streamI7AXI_VALLi0EEES3_E1B_24|         array|
|p_ZZ10FC_CIF_0_1RN3hls6streamI7AXI_VALLi0EEES3_E1B_25_address0  |  out|   11|   ap_memory|  p_ZZ10FC_CIF_0_1RN3hls6streamI7AXI_VALLi0EEES3_E1B_25|         array|
|p_ZZ10FC_CIF_0_1RN3hls6streamI7AXI_VALLi0EEES3_E1B_25_ce0       |  out|    1|   ap_memory|  p_ZZ10FC_CIF_0_1RN3hls6streamI7AXI_VALLi0EEES3_E1B_25|         array|
|p_ZZ10FC_CIF_0_1RN3hls6streamI7AXI_VALLi0EEES3_E1B_25_we0       |  out|    1|   ap_memory|  p_ZZ10FC_CIF_0_1RN3hls6streamI7AXI_VALLi0EEES3_E1B_25|         array|
|p_ZZ10FC_CIF_0_1RN3hls6streamI7AXI_VALLi0EEES3_E1B_25_d0        |  out|   16|   ap_memory|  p_ZZ10FC_CIF_0_1RN3hls6streamI7AXI_VALLi0EEES3_E1B_25|         array|
|p_ZZ10FC_CIF_0_1RN3hls6streamI7AXI_VALLi0EEES3_E1B_26_address0  |  out|   11|   ap_memory|  p_ZZ10FC_CIF_0_1RN3hls6streamI7AXI_VALLi0EEES3_E1B_26|         array|
|p_ZZ10FC_CIF_0_1RN3hls6streamI7AXI_VALLi0EEES3_E1B_26_ce0       |  out|    1|   ap_memory|  p_ZZ10FC_CIF_0_1RN3hls6streamI7AXI_VALLi0EEES3_E1B_26|         array|
|p_ZZ10FC_CIF_0_1RN3hls6streamI7AXI_VALLi0EEES3_E1B_26_we0       |  out|    1|   ap_memory|  p_ZZ10FC_CIF_0_1RN3hls6streamI7AXI_VALLi0EEES3_E1B_26|         array|
|p_ZZ10FC_CIF_0_1RN3hls6streamI7AXI_VALLi0EEES3_E1B_26_d0        |  out|   16|   ap_memory|  p_ZZ10FC_CIF_0_1RN3hls6streamI7AXI_VALLi0EEES3_E1B_26|         array|
|p_ZZ10FC_CIF_0_1RN3hls6streamI7AXI_VALLi0EEES3_E1B_27_address0  |  out|   11|   ap_memory|  p_ZZ10FC_CIF_0_1RN3hls6streamI7AXI_VALLi0EEES3_E1B_27|         array|
|p_ZZ10FC_CIF_0_1RN3hls6streamI7AXI_VALLi0EEES3_E1B_27_ce0       |  out|    1|   ap_memory|  p_ZZ10FC_CIF_0_1RN3hls6streamI7AXI_VALLi0EEES3_E1B_27|         array|
|p_ZZ10FC_CIF_0_1RN3hls6streamI7AXI_VALLi0EEES3_E1B_27_we0       |  out|    1|   ap_memory|  p_ZZ10FC_CIF_0_1RN3hls6streamI7AXI_VALLi0EEES3_E1B_27|         array|
|p_ZZ10FC_CIF_0_1RN3hls6streamI7AXI_VALLi0EEES3_E1B_27_d0        |  out|   16|   ap_memory|  p_ZZ10FC_CIF_0_1RN3hls6streamI7AXI_VALLi0EEES3_E1B_27|         array|
|p_ZZ10FC_CIF_0_1RN3hls6streamI7AXI_VALLi0EEES3_E1B_28_address0  |  out|   11|   ap_memory|  p_ZZ10FC_CIF_0_1RN3hls6streamI7AXI_VALLi0EEES3_E1B_28|         array|
|p_ZZ10FC_CIF_0_1RN3hls6streamI7AXI_VALLi0EEES3_E1B_28_ce0       |  out|    1|   ap_memory|  p_ZZ10FC_CIF_0_1RN3hls6streamI7AXI_VALLi0EEES3_E1B_28|         array|
|p_ZZ10FC_CIF_0_1RN3hls6streamI7AXI_VALLi0EEES3_E1B_28_we0       |  out|    1|   ap_memory|  p_ZZ10FC_CIF_0_1RN3hls6streamI7AXI_VALLi0EEES3_E1B_28|         array|
|p_ZZ10FC_CIF_0_1RN3hls6streamI7AXI_VALLi0EEES3_E1B_28_d0        |  out|   16|   ap_memory|  p_ZZ10FC_CIF_0_1RN3hls6streamI7AXI_VALLi0EEES3_E1B_28|         array|
|p_ZZ10FC_CIF_0_1RN3hls6streamI7AXI_VALLi0EEES3_E1B_29_address0  |  out|   11|   ap_memory|  p_ZZ10FC_CIF_0_1RN3hls6streamI7AXI_VALLi0EEES3_E1B_29|         array|
|p_ZZ10FC_CIF_0_1RN3hls6streamI7AXI_VALLi0EEES3_E1B_29_ce0       |  out|    1|   ap_memory|  p_ZZ10FC_CIF_0_1RN3hls6streamI7AXI_VALLi0EEES3_E1B_29|         array|
|p_ZZ10FC_CIF_0_1RN3hls6streamI7AXI_VALLi0EEES3_E1B_29_we0       |  out|    1|   ap_memory|  p_ZZ10FC_CIF_0_1RN3hls6streamI7AXI_VALLi0EEES3_E1B_29|         array|
|p_ZZ10FC_CIF_0_1RN3hls6streamI7AXI_VALLi0EEES3_E1B_29_d0        |  out|   16|   ap_memory|  p_ZZ10FC_CIF_0_1RN3hls6streamI7AXI_VALLi0EEES3_E1B_29|         array|
|p_ZZ10FC_CIF_0_1RN3hls6streamI7AXI_VALLi0EEES3_E1B_30_address0  |  out|   11|   ap_memory|  p_ZZ10FC_CIF_0_1RN3hls6streamI7AXI_VALLi0EEES3_E1B_30|         array|
|p_ZZ10FC_CIF_0_1RN3hls6streamI7AXI_VALLi0EEES3_E1B_30_ce0       |  out|    1|   ap_memory|  p_ZZ10FC_CIF_0_1RN3hls6streamI7AXI_VALLi0EEES3_E1B_30|         array|
|p_ZZ10FC_CIF_0_1RN3hls6streamI7AXI_VALLi0EEES3_E1B_30_we0       |  out|    1|   ap_memory|  p_ZZ10FC_CIF_0_1RN3hls6streamI7AXI_VALLi0EEES3_E1B_30|         array|
|p_ZZ10FC_CIF_0_1RN3hls6streamI7AXI_VALLi0EEES3_E1B_30_d0        |  out|   16|   ap_memory|  p_ZZ10FC_CIF_0_1RN3hls6streamI7AXI_VALLi0EEES3_E1B_30|         array|
|p_ZZ10FC_CIF_0_1RN3hls6streamI7AXI_VALLi0EEES3_E1B_31_address0  |  out|   11|   ap_memory|  p_ZZ10FC_CIF_0_1RN3hls6streamI7AXI_VALLi0EEES3_E1B_31|         array|
|p_ZZ10FC_CIF_0_1RN3hls6streamI7AXI_VALLi0EEES3_E1B_31_ce0       |  out|    1|   ap_memory|  p_ZZ10FC_CIF_0_1RN3hls6streamI7AXI_VALLi0EEES3_E1B_31|         array|
|p_ZZ10FC_CIF_0_1RN3hls6streamI7AXI_VALLi0EEES3_E1B_31_we0       |  out|    1|   ap_memory|  p_ZZ10FC_CIF_0_1RN3hls6streamI7AXI_VALLi0EEES3_E1B_31|         array|
|p_ZZ10FC_CIF_0_1RN3hls6streamI7AXI_VALLi0EEES3_E1B_31_d0        |  out|   16|   ap_memory|  p_ZZ10FC_CIF_0_1RN3hls6streamI7AXI_VALLi0EEES3_E1B_31|         array|
+----------------------------------------------------------------+-----+-----+------------+-------------------------------------------------------+--------------+

